[ 2017-07-26T15:04:14+08:00 ] 127.0.0.1 /index.php/welfare/index/index
INFO: [ app_init ] --START--
INFO: Run Behavior\BuildLiteBehavior [ RunTime:0.000062s ]
INFO: [ app_init ] --END-- [ RunTime:0.013726s ]
INFO: [ app_begin ] --START--
INFO: Run Behavior\ReadHtmlCacheBehavior [ RunTime:0.012772s ]
INFO: [ app_begin ] --END-- [ RunTime:0.013103s ]
INFO: [ view_parse ] --START--
INFO: [ template_filter ] --START--
INFO: Run Behavior\ContentReplaceBehavior [ RunTime:0.000296s ]
INFO: [ template_filter ] --END-- [ RunTime:0.000588s ]
NOTIC: [8] Use of undefined constant HUI_LIB_URL - assumed 'HUI_LIB_URL' E:\wamp64\www\volunteer\VolunteerMS\Runtime\Cache\Welfare\8b5023f985f0d982e3a55756c4ad0a54.php 第 12 行.
NOTIC: [8] Use of undefined constant HUI_LIB_URL - assumed 'HUI_LIB_URL' E:\wamp64\www\volunteer\VolunteerMS\Runtime\Cache\Welfare\8b5023f985f0d982e3a55756c4ad0a54.php 第 13 行.
NOTIC: [8] Use of undefined constant HUI_STATIC_URL - assumed 'HUI_STATIC_URL' E:\wamp64\www\volunteer\VolunteerMS\Runtime\Cache\Welfare\8b5023f985f0d982e3a55756c4ad0a54.php 第 15 行.
NOTIC: [8] Use of undefined constant HUI_STATIC_URL - assumed 'HUI_STATIC_URL' E:\wamp64\www\volunteer\VolunteerMS\Runtime\Cache\Welfare\8b5023f985f0d982e3a55756c4ad0a54.php 第 16 行.
NOTIC: [8] Use of undefined constant HUI_LIB_URL - assumed 'HUI_LIB_URL' E:\wamp64\www\volunteer\VolunteerMS\Runtime\Cache\Welfare\8b5023f985f0d982e3a55756c4ad0a54.php 第 17 行.
NOTIC: [8] Use of undefined constant HUI_STATIC_URL - assumed 'HUI_STATIC_URL' E:\wamp64\www\volunteer\VolunteerMS\Runtime\Cache\Welfare\8b5023f985f0d982e3a55756c4ad0a54.php 第 18 行.
NOTIC: [8] Use of undefined constant HUI_STATIC_URL - assumed 'HUI_STATIC_URL' E:\wamp64\www\volunteer\VolunteerMS\Runtime\Cache\Welfare\8b5023f985f0d982e3a55756c4ad0a54.php 第 19 行.
NOTIC: [8] Use of undefined constant HUI_LIB_URL - assumed 'HUI_LIB_URL' E:\wamp64\www\volunteer\VolunteerMS\Runtime\Cache\Welfare\8b5023f985f0d982e3a55756c4ad0a54.php 第 21 行.
NOTIC: [8] Use of undefined constant HUI_LIB_URL - assumed 'HUI_LIB_URL' E:\wamp64\www\volunteer\VolunteerMS\Runtime\Cache\Welfare\8b5023f985f0d982e3a55756c4ad0a54.php 第 112 行.
NOTIC: [8] Use of undefined constant HUI_LIB_URL - assumed 'HUI_LIB_URL' E:\wamp64\www\volunteer\VolunteerMS\Runtime\Cache\Welfare\8b5023f985f0d982e3a55756c4ad0a54.php 第 113 行.
NOTIC: [8] Use of undefined constant HUI_STATIC_URL - assumed 'HUI_STATIC_URL' E:\wamp64\www\volunteer\VolunteerMS\Runtime\Cache\Welfare\8b5023f985f0d982e3a55756c4ad0a54.php 第 114 行.
NOTIC: [8] Use of undefined constant HUI_STATIC_URL - assumed 'HUI_STATIC_URL' E:\wamp64\www\volunteer\VolunteerMS\Runtime\Cache\Welfare\8b5023f985f0d982e3a55756c4ad0a54.php 第 115 行.
NOTIC: [8] Use of undefined constant HUI_LIB_URL - assumed 'HUI_LIB_URL' E:\wamp64\www\volunteer\VolunteerMS\Runtime\Cache\Welfare\8b5023f985f0d982e3a55756c4ad0a54.php 第 116 行.
NOTIC: [8] Use of undefined constant HUI_LIB_URL - assumed 'HUI_LIB_URL' E:\wamp64\www\volunteer\VolunteerMS\Runtime\Cache\Welfare\8b5023f985f0d982e3a55756c4ad0a54.php 第 119 行.
NOTIC: [8] Use of undefined constant HUI_LIB_URL - assumed 'HUI_LIB_URL' E:\wamp64\www\volunteer\VolunteerMS\Runtime\Cache\Welfare\8b5023f985f0d982e3a55756c4ad0a54.php 第 120 行.
NOTIC: [8] Use of undefined constant HUI_LIB_URL - assumed 'HUI_LIB_URL' E:\wamp64\www\volunteer\VolunteerMS\Runtime\Cache\Welfare\8b5023f985f0d982e3a55756c4ad0a54.php 第 121 行.
NOTIC: [8] Use of undefined constant HUI_LIB_URL - assumed 'HUI_LIB_URL' E:\wamp64\www\volunteer\VolunteerMS\Runtime\Cache\Welfare\8b5023f985f0d982e3a55756c4ad0a54.php 第 122 行.
NOTIC: [8] Use of undefined constant HUI_LIB_URL - assumed 'HUI_LIB_URL' E:\wamp64\www\volunteer\VolunteerMS\Runtime\Cache\Welfare\8b5023f985f0d982e3a55756c4ad0a54.php 第 123 行.
NOTIC: [8] Use of undefined constant HUI_LIB_URL - assumed 'HUI_LIB_URL' E:\wamp64\www\volunteer\VolunteerMS\Runtime\Cache\Welfare\8b5023f985f0d982e3a55756c4ad0a54.php 第 124 行.
NOTIC: [8] Use of undefined constant HUI_LIB_URL - assumed 'HUI_LIB_URL' E:\wamp64\www\volunteer\VolunteerMS\Runtime\Cache\Welfare\8b5023f985f0d982e3a55756c4ad0a54.php 第 125 行.
NOTIC: [8] Use of undefined constant HUI_LIB_URL - assumed 'HUI_LIB_URL' E:\wamp64\www\volunteer\VolunteerMS\Runtime\Cache\Welfare\8b5023f985f0d982e3a55756c4ad0a54.php 第 126 行.
INFO: Run Behavior\ParseTemplateBehavior [ RunTime:0.374668s ]
INFO: [ view_parse ] --END-- [ RunTime:0.374970s ]
INFO: [ view_filter ] --START--
INFO: Run Behavior\WriteHtmlCacheBehavior [ RunTime:0.014221s ]
INFO: [ view_filter ] --END-- [ RunTime:0.014503s ]
INFO: [ app_end ] --START--
INFO: Run Behavior\ShowPageTraceBehavior [ RunTime:0.140531s ]
INFO: [ app_end ] --END-- [ RunTime:0.141591s ]

[ 2017-07-26T15:04:14+08:00 ] 127.0.0.1 /index.php/welfare/index/HUI_STATIC_URL/h-ui/css/H-ui.min.css
INFO: [ app_init ] --START--
INFO: Run Behavior\BuildLiteBehavior [ RunTime:0.000059s ]
INFO: [ app_init ] --END-- [ RunTime:0.000986s ]
INFO: [ app_begin ] --START--
INFO: Run Behavior\ReadHtmlCacheBehavior [ RunTime:0.001184s ]
INFO: [ app_begin ] --END-- [ RunTime:0.001486s ]
ERR: 非法操作:HUI_STATIC_URL

[ 2017-07-26T15:04:14+08:00 ] 127.0.0.1 /index.php/welfare/index/HUI_STATIC_URL/h-ui.admin/css/H-ui.admin.css
INFO: [ app_init ] --START--
INFO: Run Behavior\BuildLiteBehavior [ RunTime:0.000060s ]
INFO: [ app_init ] --END-- [ RunTime:0.001045s ]
INFO: [ app_begin ] --START--
INFO: Run Behavior\ReadHtmlCacheBehavior [ RunTime:0.001812s ]
INFO: [ app_begin ] --END-- [ RunTime:0.003127s ]
ERR: 非法操作:HUI_STATIC_URL

[ 2017-07-26T15:04:14+08:00 ] 127.0.0.1 /index.php/welfare/index/HUI_LIB_URL/Hui-iconfont/1.0.8/iconfont.css
INFO: [ app_init ] --START--
INFO: Run Behavior\BuildLiteBehavior [ RunTime:0.000058s ]
INFO: [ app_init ] --END-- [ RunTime:0.001031s ]
INFO: [ app_begin ] --START--
INFO: Run Behavior\ReadHtmlCacheBehavior [ RunTime:0.001443s ]
INFO: [ app_begin ] --END-- [ RunTime:0.001777s ]
ERR: 非法操作:HUI_LIB_URL

[ 2017-07-26T15:04:14+08:00 ] 127.0.0.1 /index.php/welfare/index/HUI_STATIC_URL/h-ui.admin/css/style.css
INFO: [ app_init ] --START--
INFO: Run Behavior\BuildLiteBehavior [ RunTime:0.000060s ]
INFO: [ app_init ] --END-- [ RunTime:0.001161s ]
INFO: [ app_begin ] --START--
INFO: Run Behavior\ReadHtmlCacheBehavior [ RunTime:0.001195s ]
INFO: [ app_begin ] --END-- [ RunTime:0.001517s ]
ERR: 非法操作:HUI_STATIC_URL

[ 2017-07-26T15:04:14+08:00 ] 127.0.0.1 /index.php/welfare/index/HUI_STATIC_URL/h-ui.admin/skin/default/skin.css
INFO: [ app_init ] --START--
INFO: Run Behavior\BuildLiteBehavior [ RunTime:0.000066s ]
INFO: [ app_init ] --END-- [ RunTime:0.010992s ]
INFO: [ app_begin ] --START--
INFO: Run Behavior\ReadHtmlCacheBehavior [ RunTime:0.001208s ]
INFO: [ app_begin ] --END-- [ RunTime:0.001506s ]
ERR: 非法操作:HUI_STATIC_URL

[ 2017-07-26T15:04:14+08:00 ] 127.0.0.1 /index.php/welfare/index/welcome.html
INFO: [ app_init ] --START--
INFO: Run Behavior\BuildLiteBehavior [ RunTime:0.000105s ]
INFO: [ app_init ] --END-- [ RunTime:0.001164s ]
INFO: [ app_begin ] --START--
INFO: Run Behavior\ReadHtmlCacheBehavior [ RunTime:0.001161s ]
INFO: [ app_begin ] --END-- [ RunTime:0.001537s ]
INFO: [ app_end ] --START--
INFO: Run Behavior\ShowPageTraceBehavior [ RunTime:0.001638s ]
INFO: [ app_end ] --END-- [ RunTime:0.002004s ]

[ 2017-07-26T15:04:14+08:00 ] 127.0.0.1 /index.php/welfare/index/HUI_LIB_URL/layer/2.4/layer.js
INFO: [ app_init ] --START--
INFO: Run Behavior\BuildLiteBehavior [ RunTime:0.000058s ]
INFO: [ app_init ] --END-- [ RunTime:0.000906s ]
INFO: [ app_begin ] --START--
INFO: Run Behavior\ReadHtmlCacheBehavior [ RunTime:0.000946s ]
INFO: [ app_begin ] --END-- [ RunTime:0.001241s ]
ERR: 非法操作:HUI_LIB_URL

[ 2017-07-26T15:04:14+08:00 ] 127.0.0.1 /index.php/welfare/index/HUI_STATIC_URL/h-ui/js/H-ui.min.js
INFO: [ app_init ] --START--
INFO: Run Behavior\BuildLiteBehavior [ RunTime:0.000069s ]
INFO: [ app_init ] --END-- [ RunTime:0.000909s ]
INFO: [ app_begin ] --START--
INFO: Run Behavior\ReadHtmlCacheBehavior [ RunTime:0.001001s ]
INFO: [ app_begin ] --END-- [ RunTime:0.001298s ]
ERR: 非法操作:HUI_STATIC_URL

[ 2017-07-26T15:04:14+08:00 ] 127.0.0.1 /index.php/welfare/index/HUI_LIB_URL/jquery/1.9.1/jquery.min.js
INFO: [ app_init ] --START--
INFO: Run Behavior\BuildLiteBehavior [ RunTime:0.000062s ]
INFO: [ app_init ] --END-- [ RunTime:0.002028s ]
INFO: [ app_begin ] --START--
INFO: Run Behavior\ReadHtmlCacheBehavior [ RunTime:0.000973s ]
INFO: [ app_begin ] --END-- [ RunTime:0.001281s ]
ERR: 非法操作:HUI_LIB_URL

[ 2017-07-26T15:04:14+08:00 ] 127.0.0.1 /index.php/welfare/index/HUI_STATIC_URL/h-ui.admin/js/H-ui.admin.js
INFO: [ app_init ] --START--
INFO: Run Behavior\BuildLiteBehavior [ RunTime:0.000059s ]
INFO: [ app_init ] --END-- [ RunTime:0.000891s ]
INFO: [ app_begin ] --START--
INFO: Run Behavior\ReadHtmlCacheBehavior [ RunTime:0.000898s ]
INFO: [ app_begin ] --END-- [ RunTime:0.001191s ]
ERR: 非法操作:HUI_STATIC_URL

[ 2017-07-26T15:04:15+08:00 ] 127.0.0.1 /index.php/welfare/index/HUI_LIB_URL/jquery.contextmenu/jquery.contextmenu.r2.js
INFO: [ app_init ] --START--
INFO: Run Behavior\BuildLiteBehavior [ RunTime:0.000058s ]
INFO: [ app_init ] --END-- [ RunTime:0.001134s ]
INFO: [ app_begin ] --START--
INFO: Run Behavior\ReadHtmlCacheBehavior [ RunTime:0.001017s ]
INFO: [ app_begin ] --END-- [ RunTime:0.002527s ]
ERR: 非法操作:HUI_LIB_URL

[ 2017-07-26T15:04:15+08:00 ] 127.0.0.1 /index.php/welfare/index/HUI_LIB_URL/My97DatePicker/4.8/WdatePicker.js
INFO: [ app_init ] --START--
INFO: Run Behavior\BuildLiteBehavior [ RunTime:0.000057s ]
INFO: [ app_init ] --END-- [ RunTime:0.000896s ]
INFO: [ app_begin ] --START--
INFO: Run Behavior\ReadHtmlCacheBehavior [ RunTime:0.005613s ]
INFO: [ app_begin ] --END-- [ RunTime:0.005932s ]
ERR: 非法操作:HUI_LIB_URL

[ 2017-07-26T15:04:15+08:00 ] 127.0.0.1 /index.php/welfare/index/HUI_LIB_URL/jquery.validation/1.14.0/jquery.validate.js%22
INFO: [ app_init ] --START--
INFO: Run Behavior\BuildLiteBehavior [ RunTime:0.000058s ]
INFO: [ app_init ] --END-- [ RunTime:0.000935s ]
INFO: [ app_begin ] --START--
INFO: Run Behavior\ReadHtmlCacheBehavior [ RunTime:0.002090s ]
INFO: [ app_begin ] --END-- [ RunTime:0.002405s ]
ERR: 非法操作:HUI_LIB_URL

[ 2017-07-26T15:04:15+08:00 ] 127.0.0.1 /index.php/welfare/index/HUI_LIB_URL/jquery.validation/1.14.0/validate-methods.js
INFO: [ app_init ] --START--
INFO: Run Behavior\BuildLiteBehavior [ RunTime:0.000056s ]
INFO: [ app_init ] --END-- [ RunTime:0.000893s ]
INFO: [ app_begin ] --START--
INFO: Run Behavior\ReadHtmlCacheBehavior [ RunTime:0.000926s ]
INFO: [ app_begin ] --END-- [ RunTime:0.001217s ]
ERR: 非法操作:HUI_LIB_URL

[ 2017-07-26T15:04:15+08:00 ] 127.0.0.1 /index.php/welfare/index/HUI_LIB_URL/jquery.validation/1.14.0/messages_zh.js
INFO: [ app_init ] --START--
INFO: Run Behavior\BuildLiteBehavior [ RunTime:0.000063s ]
INFO: [ app_init ] --END-- [ RunTime:0.000933s ]
INFO: [ app_begin ] --START--
INFO: Run Behavior\ReadHtmlCacheBehavior [ RunTime:0.003776s ]
INFO: [ app_begin ] --END-- [ RunTime:0.004103s ]
ERR: 非法操作:HUI_LIB_URL

[ 2017-07-26T15:04:15+08:00 ] 127.0.0.1 /index.php/welfare/index/HUI_LIB_URL/webuploader/0.1.5/webuploader.min.js
INFO: [ app_init ] --START--
INFO: Run Behavior\BuildLiteBehavior [ RunTime:0.000058s ]
INFO: [ app_init ] --END-- [ RunTime:0.000880s ]
INFO: [ app_begin ] --START--
INFO: Run Behavior\ReadHtmlCacheBehavior [ RunTime:0.000942s ]
INFO: [ app_begin ] --END-- [ RunTime:0.001237s ]
ERR: 非法操作:HUI_LIB_URL

[ 2017-07-26T15:04:15+08:00 ] 127.0.0.1 /index.php/welfare/index/HUI_LIB_URL/ueditor/1.4.3/ueditor.config.js
INFO: [ app_init ] --START--
INFO: Run Behavior\BuildLiteBehavior [ RunTime:0.000059s ]
INFO: [ app_init ] --END-- [ RunTime:0.000920s ]
INFO: [ app_begin ] --START--
INFO: Run Behavior\ReadHtmlCacheBehavior [ RunTime:0.000982s ]
INFO: [ app_begin ] --END-- [ RunTime:0.001291s ]
ERR: 非法操作:HUI_LIB_URL

[ 2017-07-26T15:04:15+08:00 ] 127.0.0.1 /index.php/welfare/index/HUI_LIB_URL/ueditor/1.4.3/ueditor.all.min.js
INFO: [ app_init ] --START--
INFO: Run Behavior\BuildLiteBehavior [ RunTime:0.000056s ]
INFO: [ app_init ] --END-- [ RunTime:0.000893s ]
INFO: [ app_begin ] --START--
INFO: Run Behavior\ReadHtmlCacheBehavior [ RunTime:0.006755s ]
INFO: [ app_begin ] --END-- [ RunTime:0.007057s ]
ERR: 非法操作:HUI_LIB_URL

[ 2017-07-26T15:04:15+08:00 ] 127.0.0.1 /index.php/welfare/index/HUI_LIB_URL/ueditor/1.4.3/lang/zh-cn/zh-cn.js
INFO: [ app_init ] --START--
INFO: Run Behavior\BuildLiteBehavior [ RunTime:0.000200s ]
INFO: [ app_init ] --END-- [ RunTime:0.001298s ]
INFO: [ app_begin ] --START--
INFO: Run Behavior\ReadHtmlCacheBehavior [ RunTime:0.001008s ]
INFO: [ app_begin ] --END-- [ RunTime:0.001320s ]
ERR: 非法操作:HUI_LIB_URL

[ 2017-07-26T15:04:15+08:00 ] 127.0.0.1 /index.php/welfare/index/HUI_LIB_URL/layer/2.4/layer.js
INFO: [ app_init ] --START--
INFO: Run Behavior\BuildLiteBehavior [ RunTime:0.000059s ]
INFO: [ app_init ] --END-- [ RunTime:0.000971s ]
INFO: [ app_begin ] --START--
INFO: Run Behavior\ReadHtmlCacheBehavior [ RunTime:0.000993s ]
INFO: [ app_begin ] --END-- [ RunTime:0.001304s ]
ERR: 非法操作:HUI_LIB_URL

[ 2017-07-26T15:04:15+08:00 ] 127.0.0.1 /index.php/welfare/index/HUI_STATIC_URL/h-ui/js/H-ui.min.js
INFO: [ app_init ] --START--
INFO: Run Behavior\BuildLiteBehavior [ RunTime:0.000059s ]
INFO: [ app_init ] --END-- [ RunTime:0.000929s ]
INFO: [ app_begin ] --START--
INFO: Run Behavior\ReadHtmlCacheBehavior [ RunTime:0.001272s ]
INFO: [ app_begin ] --END-- [ RunTime:0.001585s ]
ERR: 非法操作:HUI_STATIC_URL

[ 2017-07-26T15:04:15+08:00 ] 127.0.0.1 /index.php/welfare/index/HUI_STATIC_URL/h-ui.admin/js/H-ui.admin.js
INFO: [ app_init ] --START--
INFO: Run Behavior\BuildLiteBehavior [ RunTime:0.000062s ]
INFO: [ app_init ] --END-- [ RunTime:0.001045s ]
INFO: [ app_begin ] --START--
INFO: Run Behavior\ReadHtmlCacheBehavior [ RunTime:0.001679s ]
INFO: [ app_begin ] --END-- [ RunTime:0.002008s ]
ERR: 非法操作:HUI_STATIC_URL

[ 2017-07-26T15:04:15+08:00 ] 127.0.0.1 /index.php/welfare/index/HUI_LIB_URL/jquery.contextmenu/jquery.contextmenu.r2.js
INFO: [ app_init ] --START--
INFO: Run Behavior\BuildLiteBehavior [ RunTime:0.000061s ]
INFO: [ app_init ] --END-- [ RunTime:0.001084s ]
INFO: [ app_begin ] --START--
INFO: Run Behavior\ReadHtmlCacheBehavior [ RunTime:0.001241s ]
INFO: [ app_begin ] --END-- [ RunTime:0.001573s ]
ERR: 非法操作:HUI_LIB_URL

[ 2017-07-26T15:04:15+08:00 ] 127.0.0.1 /index.php/welfare/index/HUI_LIB_URL/My97DatePicker/4.8/WdatePicker.js
INFO: [ app_init ] --START--
INFO: Run Behavior\BuildLiteBehavior [ RunTime:0.000059s ]
INFO: [ app_init ] --END-- [ RunTime:0.001069s ]
INFO: [ app_begin ] --START--
INFO: Run Behavior\ReadHtmlCacheBehavior [ RunTime:0.001108s ]
INFO: [ app_begin ] --END-- [ RunTime:0.001484s ]
ERR: 非法操作:HUI_LIB_URL

[ 2017-07-26T15:04:15+08:00 ] 127.0.0.1 /index.php/welfare/index/HUI_LIB_URL/jquery.validation/1.14.0/jquery.validate.js%22
INFO: [ app_init ] --START--
INFO: Run Behavior\BuildLiteBehavior [ RunTime:0.000060s ]
INFO: [ app_init ] --END-- [ RunTime:0.000967s ]
INFO: [ app_begin ] --START--
INFO: Run Behavior\ReadHtmlCacheBehavior [ RunTime:0.001077s ]
INFO: [ app_begin ] --END-- [ RunTime:0.001388s ]
ERR: 非法操作:HUI_LIB_URL

[ 2017-07-26T15:04:15+08:00 ] 127.0.0.1 /index.php/welfare/index/HUI_LIB_URL/jquery.validation/1.14.0/validate-methods.js
INFO: [ app_init ] --START--
INFO: Run Behavior\BuildLiteBehavior [ RunTime:0.000058s ]
INFO: [ app_init ] --END-- [ RunTime:0.001001s ]
INFO: [ app_begin ] --START--
INFO: Run Behavior\ReadHtmlCacheBehavior [ RunTime:0.001001s ]
INFO: [ app_begin ] --END-- [ RunTime:0.001303s ]
ERR: 非法操作:HUI_LIB_URL

[ 2017-07-26T15:04:15+08:00 ] 127.0.0.1 /index.php/welfare/index/HUI_LIB_URL/jquery.validation/1.14.0/messages_zh.js
INFO: [ app_init ] --START--
INFO: Run Behavior\BuildLiteBehavior [ RunTime:0.000056s ]
INFO: [ app_init ] --END-- [ RunTime:0.000862s ]
INFO: [ app_begin ] --START--
INFO: Run Behavior\ReadHtmlCacheBehavior [ RunTime:0.000909s ]
INFO: [ app_begin ] --END-- [ RunTime:0.001190s ]
ERR: 非法操作:HUI_LIB_URL

[ 2017-07-26T15:04:15+08:00 ] 127.0.0.1 /index.php/welfare/index/HUI_LIB_URL/webuploader/0.1.5/webuploader.min.js
INFO: [ app_init ] --START--
INFO: Run Behavior\BuildLiteBehavior [ RunTime:0.000056s ]
INFO: [ app_init ] --END-- [ RunTime:0.000864s ]
INFO: [ app_begin ] --START--
INFO: Run Behavior\ReadHtmlCacheBehavior [ RunTime:0.000886s ]
INFO: [ app_begin ] --END-- [ RunTime:0.001163s ]
ERR: 非法操作:HUI_LIB_URL

[ 2017-07-26T15:04:15+08:00 ] 127.0.0.1 /index.php/welfare/index/HUI_LIB_URL/ueditor/1.4.3/ueditor.config.js
INFO: [ app_init ] --START--
INFO: Run Behavior\BuildLiteBehavior [ RunTime:0.000058s ]
INFO: [ app_init ] --END-- [ RunTime:0.000889s ]
INFO: [ app_begin ] --START--
INFO: Run Behavior\ReadHtmlCacheBehavior [ RunTime:0.000884s ]
INFO: [ app_begin ] --END-- [ RunTime:0.001162s ]
ERR: 非法操作:HUI_LIB_URL

[ 2017-07-26T15:04:15+08:00 ] 127.0.0.1 /index.php/welfare/index/HUI_LIB_URL/ueditor/1.4.3/ueditor.all.min.js
INFO: [ app_init ] --START--
INFO: Run Behavior\BuildLiteBehavior [ RunTime:0.000090s ]
INFO: [ app_init ] --END-- [ RunTime:0.001035s ]
INFO: [ app_begin ] --START--
INFO: Run Behavior\ReadHtmlCacheBehavior [ RunTime:0.000940s ]
INFO: [ app_begin ] --END-- [ RunTime:0.001221s ]
ERR: 非法操作:HUI_LIB_URL

[ 2017-07-26T15:04:15+08:00 ] 127.0.0.1 /index.php/welfare/index/HUI_LIB_URL/ueditor/1.4.3/lang/zh-cn/zh-cn.js
INFO: [ app_init ] --START--
INFO: Run Behavior\BuildLiteBehavior [ RunTime:0.000058s ]
INFO: [ app_init ] --END-- [ RunTime:0.000889s ]
INFO: [ app_begin ] --START--
INFO: Run Behavior\ReadHtmlCacheBehavior [ RunTime:0.001071s ]
INFO: [ app_begin ] --END-- [ RunTime:0.001389s ]
ERR: 非法操作:HUI_LIB_URL

[ 2017-07-26T15:07:27+08:00 ] 127.0.0.1 /index.php/welfare/index/index
INFO: [ app_init ] --START--
INFO: Run Behavior\BuildLiteBehavior [ RunTime:0.000073s ]
INFO: [ app_init ] --END-- [ RunTime:0.001030s ]
INFO: [ app_begin ] --START--
INFO: Run Behavior\ReadHtmlCacheBehavior [ RunTime:0.002397s ]
INFO: [ app_begin ] --END-- [ RunTime:0.002824s ]
INFO: [ view_parse ] --START--
INFO: [ template_filter ] --START--
INFO: Run Behavior\ContentReplaceBehavior [ RunTime:0.000322s ]
INFO: [ template_filter ] --END-- [ RunTime:0.000622s ]
NOTIC: [8] Use of undefined constant HUI_LIB_URL - assumed 'HUI_LIB_URL' E:\wamp64\www\volunteer\VolunteerMS\Runtime\Cache\Welfare\8b5023f985f0d982e3a55756c4ad0a54.php 第 12 行.
NOTIC: [8] Use of undefined constant HUI_LIB_URL - assumed 'HUI_LIB_URL' E:\wamp64\www\volunteer\VolunteerMS\Runtime\Cache\Welfare\8b5023f985f0d982e3a55756c4ad0a54.php 第 13 行.
NOTIC: [8] Use of undefined constant HUI_STATIC_URL - assumed 'HUI_STATIC_URL' E:\wamp64\www\volunteer\VolunteerMS\Runtime\Cache\Welfare\8b5023f985f0d982e3a55756c4ad0a54.php 第 15 行.
NOTIC: [8] Use of undefined constant HUI_STATIC_URL - assumed 'HUI_STATIC_URL' E:\wamp64\www\volunteer\VolunteerMS\Runtime\Cache\Welfare\8b5023f985f0d982e3a55756c4ad0a54.php 第 16 行.
NOTIC: [8] Use of undefined constant HUI_LIB_URL - assumed 'HUI_LIB_URL' E:\wamp64\www\volunteer\VolunteerMS\Runtime\Cache\Welfare\8b5023f985f0d982e3a55756c4ad0a54.php 第 17 行.
NOTIC: [8] Use of undefined constant HUI_STATIC_URL - assumed 'HUI_STATIC_URL' E:\wamp64\www\volunteer\VolunteerMS\Runtime\Cache\Welfare\8b5023f985f0d982e3a55756c4ad0a54.php 第 18 行.
NOTIC: [8] Use of undefined constant HUI_STATIC_URL - assumed 'HUI_STATIC_URL' E:\wamp64\www\volunteer\VolunteerMS\Runtime\Cache\Welfare\8b5023f985f0d982e3a55756c4ad0a54.php 第 19 行.
NOTIC: [8] Use of undefined constant HUI_LIB_URL - assumed 'HUI_LIB_URL' E:\wamp64\www\volunteer\VolunteerMS\Runtime\Cache\Welfare\8b5023f985f0d982e3a55756c4ad0a54.php 第 21 行.
NOTIC: [8] Use of undefined constant HUI_LIB_URL - assumed 'HUI_LIB_URL' E:\wamp64\www\volunteer\VolunteerMS\Runtime\Cache\Welfare\8b5023f985f0d982e3a55756c4ad0a54.php 第 112 行.
NOTIC: [8] Use of undefined constant HUI_LIB_URL - assumed 'HUI_LIB_URL' E:\wamp64\www\volunteer\VolunteerMS\Runtime\Cache\Welfare\8b5023f985f0d982e3a55756c4ad0a54.php 第 113 行.
NOTIC: [8] Use of undefined constant HUI_STATIC_URL - assumed 'HUI_STATIC_URL' E:\wamp64\www\volunteer\VolunteerMS\Runtime\Cache\Welfare\8b5023f985f0d982e3a55756c4ad0a54.php 第 114 行.
NOTIC: [8] Use of undefined constant HUI_STATIC_URL - assumed 'HUI_STATIC_URL' E:\wamp64\www\volunteer\VolunteerMS\Runtime\Cache\Welfare\8b5023f985f0d982e3a55756c4ad0a54.php 第 115 行.
NOTIC: [8] Use of undefined constant HUI_LIB_URL - assumed 'HUI_LIB_URL' E:\wamp64\www\volunteer\VolunteerMS\Runtime\Cache\Welfare\8b5023f985f0d982e3a55756c4ad0a54.php 第 116 行.
NOTIC: [8] Use of undefined constant HUI_LIB_URL - assumed 'HUI_LIB_URL' E:\wamp64\www\volunteer\VolunteerMS\Runtime\Cache\Welfare\8b5023f985f0d982e3a55756c4ad0a54.php 第 119 行.
NOTIC: [8] Use of undefined constant HUI_LIB_URL - assumed 'HUI_LIB_URL' E:\wamp64\www\volunteer\VolunteerMS\Runtime\Cache\Welfare\8b5023f985f0d982e3a55756c4ad0a54.php 第 120 行.
NOTIC: [8] Use of undefined constant HUI_LIB_URL - assumed 'HUI_LIB_URL' E:\wamp64\www\volunteer\VolunteerMS\Runtime\Cache\Welfare\8b5023f985f0d982e3a55756c4ad0a54.php 第 121 行.
NOTIC: [8] Use of undefined constant HUI_LIB_URL - assumed 'HUI_LIB_URL' E:\wamp64\www\volunteer\VolunteerMS\Runtime\Cache\Welfare\8b5023f985f0d982e3a55756c4ad0a54.php 第 122 行.
NOTIC: [8] Use of undefined constant HUI_LIB_URL - assumed 'HUI_LIB_URL' E:\wamp64\www\volunteer\VolunteerMS\Runtime\Cache\Welfare\8b5023f985f0d982e3a55756c4ad0a54.php 第 123 行.
NOTIC: [8] Use of undefined constant HUI_LIB_URL - assumed 'HUI_LIB_URL' E:\wamp64\www\volunteer\VolunteerMS\Runtime\Cache\Welfare\8b5023f985f0d982e3a55756c4ad0a54.php 第 124 行.
NOTIC: [8] Use of undefined constant HUI_LIB_URL - assumed 'HUI_LIB_URL' E:\wamp64\www\volunteer\VolunteerMS\Runtime\Cache\Welfare\8b5023f985f0d982e3a55756c4ad0a54.php 第 125 行.
NOTIC: [8] Use of undefined constant HUI_LIB_URL - assumed 'HUI_LIB_URL' E:\wamp64\www\volunteer\VolunteerMS\Runtime\Cache\Welfare\8b5023f985f0d982e3a55756c4ad0a54.php 第 126 行.
INFO: Run Behavior\ParseTemplateBehavior [ RunTime:0.139967s ]
INFO: [ view_parse ] --END-- [ RunTime:0.140291s ]
INFO: [ view_filter ] --START--
INFO: Run Behavior\WriteHtmlCacheBehavior [ RunTime:0.000791s ]
INFO: [ view_filter ] --END-- [ RunTime:0.004957s ]
INFO: [ app_end ] --START--
INFO: Run Behavior\ShowPageTraceBehavior [ RunTime:0.001357s ]
INFO: [ app_end ] --END-- [ RunTime:0.001675s ]

[ 2017-07-26T15:07:27+08:00 ] 127.0.0.1 /index.php/welfare/index/HUI_STATIC_URL/h-ui.admin/css/H-ui.admin.css
INFO: [ app_init ] --START--
INFO: Run Behavior\BuildLiteBehavior [ RunTime:0.000059s ]
INFO: [ app_init ] --END-- [ RunTime:0.001014s ]
INFO: [ app_begin ] --START--
INFO: Run Behavior\ReadHtmlCacheBehavior [ RunTime:0.001168s ]
INFO: [ app_begin ] --END-- [ RunTime:0.001471s ]
ERR: 非法操作:HUI_STATIC_URL

[ 2017-07-26T15:07:27+08:00 ] 127.0.0.1 /index.php/welfare/index/HUI_STATIC_URL/h-ui.admin/css/style.css
INFO: [ app_init ] --START--
INFO: Run Behavior\BuildLiteBehavior [ RunTime:0.000059s ]
INFO: [ app_init ] --END-- [ RunTime:0.001176s ]
INFO: [ app_begin ] --START--
INFO: Run Behavior\ReadHtmlCacheBehavior [ RunTime:0.001271s ]
INFO: [ app_begin ] --END-- [ RunTime:0.001600s ]
ERR: 非法操作:HUI_STATIC_URL

[ 2017-07-26T15:07:27+08:00 ] 127.0.0.1 /index.php/welfare/index/HUI_STATIC_URL/h-ui/css/H-ui.min.css
INFO: [ app_init ] --START--
INFO: Run Behavior\BuildLiteBehavior [ RunTime:0.000059s ]
INFO: [ app_init ] --END-- [ RunTime:0.001196s ]
INFO: [ app_begin ] --START--
INFO: Run Behavior\ReadHtmlCacheBehavior [ RunTime:0.001141s ]
INFO: [ app_begin ] --END-- [ RunTime:0.001451s ]
ERR: 非法操作:HUI_STATIC_URL

[ 2017-07-26T15:07:27+08:00 ] 127.0.0.1 /index.php/welfare/index/HUI_STATIC_URL/h-ui.admin/skin/default/skin.css
INFO: [ app_init ] --START--
INFO: Run Behavior\BuildLiteBehavior [ RunTime:0.000059s ]
INFO: [ app_init ] --END-- [ RunTime:0.025763s ]
INFO: [ app_begin ] --START--
INFO: Run Behavior\ReadHtmlCacheBehavior [ RunTime:0.001134s ]
INFO: [ app_begin ] --END-- [ RunTime:0.001431s ]
ERR: 非法操作:HUI_STATIC_URL

[ 2017-07-26T15:07:27+08:00 ] 127.0.0.1 /index.php/welfare/index/HUI_LIB_URL/Hui-iconfont/1.0.8/iconfont.css
INFO: [ app_init ] --START--
INFO: Run Behavior\BuildLiteBehavior [ RunTime:0.000058s ]
INFO: [ app_init ] --END-- [ RunTime:0.000962s ]
INFO: [ app_begin ] --START--
INFO: Run Behavior\ReadHtmlCacheBehavior [ RunTime:0.001471s ]
INFO: [ app_begin ] --END-- [ RunTime:0.001840s ]
ERR: 非法操作:HUI_LIB_URL

[ 2017-07-26T15:07:27+08:00 ] 127.0.0.1 /index.php/welfare/index/welcome.html
INFO: [ app_init ] --START--
INFO: Run Behavior\BuildLiteBehavior [ RunTime:0.000059s ]
INFO: [ app_init ] --END-- [ RunTime:0.000926s ]
INFO: [ app_begin ] --START--
INFO: Run Behavior\ReadHtmlCacheBehavior [ RunTime:0.000975s ]
INFO: [ app_begin ] --END-- [ RunTime:0.001272s ]
INFO: [ app_end ] --START--
INFO: Run Behavior\ShowPageTraceBehavior [ RunTime:0.001019s ]
INFO: [ app_end ] --END-- [ RunTime:0.001335s ]

[ 2017-07-26T15:07:27+08:00 ] 127.0.0.1 /index.php/welfare/index/HUI_LIB_URL/jquery/1.9.1/jquery.min.js
INFO: [ app_init ] --START--
INFO: Run Behavior\BuildLiteBehavior [ RunTime:0.000057s ]
INFO: [ app_init ] --END-- [ RunTime:0.000879s ]
INFO: [ app_begin ] --START--
INFO: Run Behavior\ReadHtmlCacheBehavior [ RunTime:0.014398s ]
INFO: [ app_begin ] --END-- [ RunTime:0.014742s ]
ERR: 非法操作:HUI_LIB_URL

[ 2017-07-26T15:07:27+08:00 ] 127.0.0.1 /index.php/welfare/index/HUI_STATIC_URL/h-ui/js/H-ui.min.js
INFO: [ app_init ] --START--
INFO: Run Behavior\BuildLiteBehavior [ RunTime:0.000059s ]
INFO: [ app_init ] --END-- [ RunTime:0.000893s ]
INFO: [ app_begin ] --START--
INFO: Run Behavior\ReadHtmlCacheBehavior [ RunTime:0.000899s ]
INFO: [ app_begin ] --END-- [ RunTime:0.001198s ]
ERR: 非法操作:HUI_STATIC_URL

[ 2017-07-26T15:07:27+08:00 ] 127.0.0.1 /index.php/welfare/index/HUI_LIB_URL/layer/2.4/layer.js
INFO: [ app_init ] --START--
INFO: Run Behavior\BuildLiteBehavior [ RunTime:0.000065s ]
INFO: [ app_init ] --END-- [ RunTime:0.001370s ]
INFO: [ app_begin ] --START--
INFO: Run Behavior\ReadHtmlCacheBehavior [ RunTime:0.000972s ]
INFO: [ app_begin ] --END-- [ RunTime:0.001266s ]
ERR: 非法操作:HUI_LIB_URL

[ 2017-07-26T15:07:28+08:00 ] 127.0.0.1 /index.php/welfare/index/HUI_LIB_URL/jquery.contextmenu/jquery.contextmenu.r2.js
INFO: [ app_init ] --START--
INFO: Run Behavior\BuildLiteBehavior [ RunTime:0.000061s ]
INFO: [ app_init ] --END-- [ RunTime:0.024243s ]
INFO: [ app_begin ] --START--
INFO: Run Behavior\ReadHtmlCacheBehavior [ RunTime:0.002992s ]
INFO: [ app_begin ] --END-- [ RunTime:0.003322s ]
ERR: 非法操作:HUI_LIB_URL

[ 2017-07-26T15:07:28+08:00 ] 127.0.0.1 /index.php/welfare/index/HUI_STATIC_URL/h-ui.admin/js/H-ui.admin.js
INFO: [ app_init ] --START--
INFO: Run Behavior\BuildLiteBehavior [ RunTime:0.000059s ]
INFO: [ app_init ] --END-- [ RunTime:0.001009s ]
INFO: [ app_begin ] --START--
INFO: Run Behavior\ReadHtmlCacheBehavior [ RunTime:0.001064s ]
INFO: [ app_begin ] --END-- [ RunTime:0.001395s ]
ERR: 非法操作:HUI_STATIC_URL

[ 2017-07-26T15:07:28+08:00 ] 127.0.0.1 /index.php/welfare/index/HUI_LIB_URL/My97DatePicker/4.8/WdatePicker.js
INFO: [ app_init ] --START--
INFO: Run Behavior\BuildLiteBehavior [ RunTime:0.000061s ]
INFO: [ app_init ] --END-- [ RunTime:0.001225s ]
INFO: [ app_begin ] --START--
INFO: Run Behavior\ReadHtmlCacheBehavior [ RunTime:0.001148s ]
INFO: [ app_begin ] --END-- [ RunTime:0.001623s ]
ERR: 非法操作:HUI_LIB_URL

[ 2017-07-26T15:07:28+08:00 ] 127.0.0.1 /index.php/welfare/index/HUI_LIB_URL/jquery.validation/1.14.0/validate-methods.js
INFO: [ app_init ] --START--
INFO: Run Behavior\BuildLiteBehavior [ RunTime:0.000058s ]
INFO: [ app_init ] --END-- [ RunTime:0.000935s ]
INFO: [ app_begin ] --START--
INFO: Run Behavior\ReadHtmlCacheBehavior [ RunTime:0.000966s ]
INFO: [ app_begin ] --END-- [ RunTime:0.001261s ]
ERR: 非法操作:HUI_LIB_URL

[ 2017-07-26T15:07:28+08:00 ] 127.0.0.1 /index.php/welfare/index/HUI_LIB_URL/jquery.validation/1.14.0/jquery.validate.js%22
INFO: [ app_init ] --START--
INFO: Run Behavior\BuildLiteBehavior [ RunTime:0.000061s ]
INFO: [ app_init ] --END-- [ RunTime:0.001762s ]
INFO: [ app_begin ] --START--
INFO: Run Behavior\ReadHtmlCacheBehavior [ RunTime:0.000931s ]
INFO: [ app_begin ] --END-- [ RunTime:0.001832s ]
ERR: 非法操作:HUI_LIB_URL

[ 2017-07-26T15:07:28+08:00 ] 127.0.0.1 /index.php/welfare/index/HUI_LIB_URL/jquery.validation/1.14.0/messages_zh.js
INFO: [ app_init ] --START--
INFO: Run Behavior\BuildLiteBehavior [ RunTime:0.000062s ]
INFO: [ app_init ] --END-- [ RunTime:0.001160s ]
INFO: [ app_begin ] --START--
INFO: Run Behavior\ReadHtmlCacheBehavior [ RunTime:0.000970s ]
INFO: [ app_begin ] --END-- [ RunTime:0.001320s ]
ERR: 非法操作:HUI_LIB_URL

[ 2017-07-26T15:07:28+08:00 ] 127.0.0.1 /index.php/welfare/index/HUI_LIB_URL/webuploader/0.1.5/webuploader.min.js
INFO: [ app_init ] --START--
INFO: Run Behavior\BuildLiteBehavior [ RunTime:0.000058s ]
INFO: [ app_init ] --END-- [ RunTime:0.000899s ]
INFO: [ app_begin ] --START--
INFO: Run Behavior\ReadHtmlCacheBehavior [ RunTime:0.000955s ]
INFO: [ app_begin ] --END-- [ RunTime:0.001250s ]
ERR: 非法操作:HUI_LIB_URL

[ 2017-07-26T15:07:28+08:00 ] 127.0.0.1 /index.php/welfare/index/HUI_LIB_URL/ueditor/1.4.3/ueditor.config.js
INFO: [ app_init ] --START--
INFO: Run Behavior\BuildLiteBehavior [ RunTime:0.000057s ]
INFO: [ app_init ] --END-- [ RunTime:0.001127s ]
INFO: [ app_begin ] --START--
INFO: Run Behavior\ReadHtmlCacheBehavior [ RunTime:0.000992s ]
INFO: [ app_begin ] --END-- [ RunTime:0.001303s ]
ERR: 非法操作:HUI_LIB_URL

[ 2017-07-26T15:07:28+08:00 ] 127.0.0.1 /index.php/welfare/index/HUI_LIB_URL/ueditor/1.4.3/lang/zh-cn/zh-cn.js
INFO: [ app_init ] --START--
INFO: Run Behavior\BuildLiteBehavior [ RunTime:0.000111s ]
INFO: [ app_init ] --END-- [ RunTime:0.001109s ]
INFO: [ app_begin ] --START--
INFO: Run Behavior\ReadHtmlCacheBehavior [ RunTime:0.000942s ]
INFO: [ app_begin ] --END-- [ RunTime:0.001253s ]
ERR: 非法操作:HUI_LIB_URL

[ 2017-07-26T15:07:28+08:00 ] 127.0.0.1 /index.php/welfare/index/HUI_LIB_URL/ueditor/1.4.3/ueditor.all.min.js
INFO: [ app_init ] --START--
INFO: Run Behavior\BuildLiteBehavior [ RunTime:0.000057s ]
INFO: [ app_init ] --END-- [ RunTime:0.000976s ]
INFO: [ app_begin ] --START--
INFO: Run Behavior\ReadHtmlCacheBehavior [ RunTime:0.001079s ]
INFO: [ app_begin ] --END-- [ RunTime:0.001383s ]
ERR: 非法操作:HUI_LIB_URL

[ 2017-07-26T15:07:28+08:00 ] 127.0.0.1 /index.php/welfare/index/HUI_STATIC_URL/h-ui/js/H-ui.min.js
INFO: [ app_init ] --START--
INFO: Run Behavior\BuildLiteBehavior [ RunTime:0.000066s ]
INFO: [ app_init ] --END-- [ RunTime:0.001208s ]
INFO: [ app_begin ] --START--
INFO: Run Behavior\ReadHtmlCacheBehavior [ RunTime:0.000991s ]
INFO: [ app_begin ] --END-- [ RunTime:0.001290s ]
ERR: 非法操作:HUI_STATIC_URL

[ 2017-07-26T15:07:28+08:00 ] 127.0.0.1 /index.php/welfare/index/HUI_STATIC_URL/h-ui.admin/js/H-ui.admin.js
INFO: [ app_init ] --START--
INFO: Run Behavior\BuildLiteBehavior [ RunTime:0.000060s ]
INFO: [ app_init ] --END-- [ RunTime:0.000978s ]
INFO: [ app_begin ] --START--
INFO: Run Behavior\ReadHtmlCacheBehavior [ RunTime:0.001022s ]
INFO: [ app_begin ] --END-- [ RunTime:0.001337s ]
ERR: 非法操作:HUI_STATIC_URL

[ 2017-07-26T15:07:28+08:00 ] 127.0.0.1 /index.php/welfare/index/HUI_LIB_URL/jquery.contextmenu/jquery.contextmenu.r2.js
INFO: [ app_init ] --START--
INFO: Run Behavior\BuildLiteBehavior [ RunTime:0.000058s ]
INFO: [ app_init ] --END-- [ RunTime:0.000888s ]
INFO: [ app_begin ] --START--
INFO: Run Behavior\ReadHtmlCacheBehavior [ RunTime:0.000926s ]
INFO: [ app_begin ] --END-- [ RunTime:0.001213s ]
ERR: 非法操作:HUI_LIB_URL

[ 2017-07-26T15:07:28+08:00 ] 127.0.0.1 /index.php/welfare/index/HUI_LIB_URL/My97DatePicker/4.8/WdatePicker.js
INFO: [ app_init ] --START--
INFO: Run Behavior\BuildLiteBehavior [ RunTime:0.000059s ]
INFO: [ app_init ] --END-- [ RunTime:0.000912s ]
INFO: [ app_begin ] --START--
INFO: Run Behavior\ReadHtmlCacheBehavior [ RunTime:0.000984s ]
INFO: [ app_begin ] --END-- [ RunTime:0.001288s ]
ERR: 非法操作:HUI_LIB_URL

[ 2017-07-26T15:07:28+08:00 ] 127.0.0.1 /index.php/welfare/index/HUI_LIB_URL/jquery.validation/1.14.0/jquery.validate.js%22
INFO: [ app_init ] --START--
INFO: Run Behavior\BuildLiteBehavior [ RunTime:0.000059s ]
INFO: [ app_init ] --END-- [ RunTime:0.000900s ]
INFO: [ app_begin ] --START--
INFO: Run Behavior\ReadHtmlCacheBehavior [ RunTime:0.001031s ]
INFO: [ app_begin ] --END-- [ RunTime:0.001339s ]
ERR: 非法操作:HUI_LIB_URL

[ 2017-07-26T15:07:28+08:00 ] 127.0.0.1 /index.php/welfare/index/HUI_LIB_URL/jquery.validation/1.14.0/validate-methods.js
INFO: [ app_init ] --START--
INFO: Run Behavior\BuildLiteBehavior [ RunTime:0.000062s ]
INFO: [ app_init ] --END-- [ RunTime:0.001079s ]
INFO: [ app_begin ] --START--
INFO: Run Behavior\ReadHtmlCacheBehavior [ RunTime:0.001003s ]
INFO: [ app_begin ] --END-- [ RunTime:0.001312s ]
ERR: 非法操作:HUI_LIB_URL

[ 2017-07-26T15:07:28+08:00 ] 127.0.0.1 /index.php/welfare/index/HUI_LIB_URL/jquery.validation/1.14.0/messages_zh.js
INFO: [ app_init ] --START--
INFO: Run Behavior\BuildLiteBehavior [ RunTime:0.000059s ]
INFO: [ app_init ] --END-- [ RunTime:0.000945s ]
INFO: [ app_begin ] --START--
INFO: Run Behavior\ReadHtmlCacheBehavior [ RunTime:0.000937s ]
INFO: [ app_begin ] --END-- [ RunTime:0.001230s ]
ERR: 非法操作:HUI_LIB_URL

[ 2017-07-26T15:07:28+08:00 ] 127.0.0.1 /index.php/welfare/index/HUI_LIB_URL/webuploader/0.1.5/webuploader.min.js
INFO: [ app_init ] --START--
INFO: Run Behavior\BuildLiteBehavior [ RunTime:0.000059s ]
INFO: [ app_init ] --END-- [ RunTime:0.000913s ]
INFO: [ app_begin ] --START--
INFO: Run Behavior\ReadHtmlCacheBehavior [ RunTime:0.001102s ]
INFO: [ app_begin ] --END-- [ RunTime:0.001407s ]
ERR: 非法操作:HUI_LIB_URL

[ 2017-07-26T15:07:28+08:00 ] 127.0.0.1 /index.php/welfare/index/HUI_LIB_URL/ueditor/1.4.3/ueditor.config.js
INFO: [ app_init ] --START--
INFO: Run Behavior\BuildLiteBehavior [ RunTime:0.000057s ]
INFO: [ app_init ] --END-- [ RunTime:0.000895s ]
INFO: [ app_begin ] --START--
INFO: Run Behavior\ReadHtmlCacheBehavior [ RunTime:0.000986s ]
INFO: [ app_begin ] --END-- [ RunTime:0.001319s ]
ERR: 非法操作:HUI_LIB_URL

[ 2017-07-26T15:07:28+08:00 ] 127.0.0.1 /index.php/welfare/index/HUI_LIB_URL/ueditor/1.4.3/ueditor.all.min.js
INFO: [ app_init ] --START--
INFO: Run Behavior\BuildLiteBehavior [ RunTime:0.000059s ]
INFO: [ app_init ] --END-- [ RunTime:0.001388s ]
INFO: [ app_begin ] --START--
INFO: Run Behavior\ReadHtmlCacheBehavior [ RunTime:0.000981s ]
INFO: [ app_begin ] --END-- [ RunTime:0.001276s ]
ERR: 非法操作:HUI_LIB_URL

[ 2017-07-26T15:07:28+08:00 ] 127.0.0.1 /index.php/welfare/index/HUI_LIB_URL/ueditor/1.4.3/lang/zh-cn/zh-cn.js
INFO: [ app_init ] --START--
INFO: Run Behavior\BuildLiteBehavior [ RunTime:0.000057s ]
INFO: [ app_init ] --END-- [ RunTime:0.000931s ]
INFO: [ app_begin ] --START--
INFO: Run Behavior\ReadHtmlCacheBehavior [ RunTime:0.001073s ]
INFO: [ app_begin ] --END-- [ RunTime:0.001393s ]
ERR: 非法操作:HUI_LIB_URL

[ 2017-07-26T15:08:23+08:00 ] 127.0.0.1 /index.php/welfare/index/index
INFO: [ app_init ] --START--
INFO: Run Behavior\BuildLiteBehavior [ RunTime:0.000059s ]
INFO: [ app_init ] --END-- [ RunTime:0.001024s ]
INFO: [ app_begin ] --START--
INFO: Run Behavior\ReadHtmlCacheBehavior [ RunTime:0.001011s ]
INFO: [ app_begin ] --END-- [ RunTime:0.001317s ]
INFO: [ view_parse ] --START--
INFO: [ template_filter ] --START--
INFO: Run Behavior\ContentReplaceBehavior [ RunTime:0.000288s ]
INFO: [ template_filter ] --END-- [ RunTime:0.000594s ]
NOTIC: [8] Use of undefined constant HUI_LIB_URL - assumed 'HUI_LIB_URL' E:\wamp64\www\volunteer\VolunteerMS\Runtime\Cache\Welfare\8b5023f985f0d982e3a55756c4ad0a54.php 第 12 行.
NOTIC: [8] Use of undefined constant HUI_LIB_URL - assumed 'HUI_LIB_URL' E:\wamp64\www\volunteer\VolunteerMS\Runtime\Cache\Welfare\8b5023f985f0d982e3a55756c4ad0a54.php 第 13 行.
NOTIC: [8] Use of undefined constant HUI_STATIC_URL - assumed 'HUI_STATIC_URL' E:\wamp64\www\volunteer\VolunteerMS\Runtime\Cache\Welfare\8b5023f985f0d982e3a55756c4ad0a54.php 第 15 行.
NOTIC: [8] Use of undefined constant HUI_STATIC_URL - assumed 'HUI_STATIC_URL' E:\wamp64\www\volunteer\VolunteerMS\Runtime\Cache\Welfare\8b5023f985f0d982e3a55756c4ad0a54.php 第 16 行.
NOTIC: [8] Use of undefined constant HUI_LIB_URL - assumed 'HUI_LIB_URL' E:\wamp64\www\volunteer\VolunteerMS\Runtime\Cache\Welfare\8b5023f985f0d982e3a55756c4ad0a54.php 第 17 行.
NOTIC: [8] Use of undefined constant HUI_STATIC_URL - assumed 'HUI_STATIC_URL' E:\wamp64\www\volunteer\VolunteerMS\Runtime\Cache\Welfare\8b5023f985f0d982e3a55756c4ad0a54.php 第 18 行.
NOTIC: [8] Use of undefined constant HUI_STATIC_URL - assumed 'HUI_STATIC_URL' E:\wamp64\www\volunteer\VolunteerMS\Runtime\Cache\Welfare\8b5023f985f0d982e3a55756c4ad0a54.php 第 19 行.
NOTIC: [8] Use of undefined constant HUI_LIB_URL - assumed 'HUI_LIB_URL' E:\wamp64\www\volunteer\VolunteerMS\Runtime\Cache\Welfare\8b5023f985f0d982e3a55756c4ad0a54.php 第 21 行.
NOTIC: [8] Use of undefined constant HUI_LIB_URL - assumed 'HUI_LIB_URL' E:\wamp64\www\volunteer\VolunteerMS\Runtime\Cache\Welfare\8b5023f985f0d982e3a55756c4ad0a54.php 第 112 行.
NOTIC: [8] Use of undefined constant HUI_LIB_URL - assumed 'HUI_LIB_URL' E:\wamp64\www\volunteer\VolunteerMS\Runtime\Cache\Welfare\8b5023f985f0d982e3a55756c4ad0a54.php 第 113 行.
NOTIC: [8] Use of undefined constant HUI_STATIC_URL - assumed 'HUI_STATIC_URL' E:\wamp64\www\volunteer\VolunteerMS\Runtime\Cache\Welfare\8b5023f985f0d982e3a55756c4ad0a54.php 第 114 行.
NOTIC: [8] Use of undefined constant HUI_STATIC_URL - assumed 'HUI_STATIC_URL' E:\wamp64\www\volunteer\VolunteerMS\Runtime\Cache\Welfare\8b5023f985f0d982e3a55756c4ad0a54.php 第 115 行.
NOTIC: [8] Use of undefined constant HUI_LIB_URL - assumed 'HUI_LIB_URL' E:\wamp64\www\volunteer\VolunteerMS\Runtime\Cache\Welfare\8b5023f985f0d982e3a55756c4ad0a54.php 第 116 行.
NOTIC: [8] Use of undefined constant HUI_LIB_URL - assumed 'HUI_LIB_URL' E:\wamp64\www\volunteer\VolunteerMS\Runtime\Cache\Welfare\8b5023f985f0d982e3a55756c4ad0a54.php 第 119 行.
NOTIC: [8] Use of undefined constant HUI_LIB_URL - assumed 'HUI_LIB_URL' E:\wamp64\www\volunteer\VolunteerMS\Runtime\Cache\Welfare\8b5023f985f0d982e3a55756c4ad0a54.php 第 120 行.
NOTIC: [8] Use of undefined constant HUI_LIB_URL - assumed 'HUI_LIB_URL' E:\wamp64\www\volunteer\VolunteerMS\Runtime\Cache\Welfare\8b5023f985f0d982e3a55756c4ad0a54.php 第 121 行.
NOTIC: [8] Use of undefined constant HUI_LIB_URL - assumed 'HUI_LIB_URL' E:\wamp64\www\volunteer\VolunteerMS\Runtime\Cache\Welfare\8b5023f985f0d982e3a55756c4ad0a54.php 第 122 行.
NOTIC: [8] Use of undefined constant HUI_LIB_URL - assumed 'HUI_LIB_URL' E:\wamp64\www\volunteer\VolunteerMS\Runtime\Cache\Welfare\8b5023f985f0d982e3a55756c4ad0a54.php 第 123 行.
NOTIC: [8] Use of undefined constant HUI_LIB_URL - assumed 'HUI_LIB_URL' E:\wamp64\www\volunteer\VolunteerMS\Runtime\Cache\Welfare\8b5023f985f0d982e3a55756c4ad0a54.php 第 124 行.
NOTIC: [8] Use of undefined constant HUI_LIB_URL - assumed 'HUI_LIB_URL' E:\wamp64\www\volunteer\VolunteerMS\Runtime\Cache\Welfare\8b5023f985f0d982e3a55756c4ad0a54.php 第 125 行.
NOTIC: [8] Use of undefined constant HUI_LIB_URL - assumed 'HUI_LIB_URL' E:\wamp64\www\volunteer\VolunteerMS\Runtime\Cache\Welfare\8b5023f985f0d982e3a55756c4ad0a54.php 第 126 行.
INFO: Run Behavior\ParseTemplateBehavior [ RunTime:0.148298s ]
INFO: [ view_parse ] --END-- [ RunTime:0.148765s ]
INFO: [ view_filter ] --START--
INFO: Run Behavior\WriteHtmlCacheBehavior [ RunTime:0.000743s ]
INFO: [ view_filter ] --END-- [ RunTime:0.001009s ]
INFO: [ app_end ] --START--
INFO: Run Behavior\ShowPageTraceBehavior [ RunTime:0.085712s ]
INFO: [ app_end ] --END-- [ RunTime:0.086039s ]

[ 2017-07-26T15:08:23+08:00 ] 127.0.0.1 /index.php/welfare/index/HUI_STATIC_URL/h-ui/css/H-ui.min.css
INFO: [ app_init ] --START--
INFO: Run Behavior\BuildLiteBehavior [ RunTime:0.000058s ]
INFO: [ app_init ] --END-- [ RunTime:0.001038s ]
INFO: [ app_begin ] --START--
INFO: Run Behavior\ReadHtmlCacheBehavior [ RunTime:0.000895s ]
INFO: [ app_begin ] --END-- [ RunTime:0.001184s ]
ERR: 非法操作:HUI_STATIC_URL

[ 2017-07-26T15:08:23+08:00 ] 127.0.0.1 /index.php/welfare/index/HUI_STATIC_URL/h-ui.admin/css/H-ui.admin.css
INFO: [ app_init ] --START--
INFO: Run Behavior\BuildLiteBehavior [ RunTime:0.000058s ]
INFO: [ app_init ] --END-- [ RunTime:0.000971s ]
INFO: [ app_begin ] --START--
INFO: Run Behavior\ReadHtmlCacheBehavior [ RunTime:0.000933s ]
INFO: [ app_begin ] --END-- [ RunTime:0.001222s ]
ERR: 非法操作:HUI_STATIC_URL

[ 2017-07-26T15:08:23+08:00 ] 127.0.0.1 /index.php/welfare/index/HUI_LIB_URL/Hui-iconfont/1.0.8/iconfont.css
INFO: [ app_init ] --START--
INFO: Run Behavior\BuildLiteBehavior [ RunTime:0.000057s ]
INFO: [ app_init ] --END-- [ RunTime:0.000882s ]
INFO: [ app_begin ] --START--
INFO: Run Behavior\ReadHtmlCacheBehavior [ RunTime:0.000887s ]
INFO: [ app_begin ] --END-- [ RunTime:0.001190s ]
ERR: 非法操作:HUI_LIB_URL

[ 2017-07-26T15:08:23+08:00 ] 127.0.0.1 /index.php/welfare/index/HUI_STATIC_URL/h-ui.admin/skin/default/skin.css
INFO: [ app_init ] --START--
INFO: Run Behavior\BuildLiteBehavior [ RunTime:0.000063s ]
INFO: [ app_init ] --END-- [ RunTime:0.000975s ]
INFO: [ app_begin ] --START--
INFO: Run Behavior\ReadHtmlCacheBehavior [ RunTime:0.000938s ]
INFO: [ app_begin ] --END-- [ RunTime:0.001236s ]
ERR: 非法操作:HUI_STATIC_URL

[ 2017-07-26T15:08:23+08:00 ] 127.0.0.1 /index.php/welfare/index/HUI_STATIC_URL/h-ui.admin/css/style.css
INFO: [ app_init ] --START--
INFO: Run Behavior\BuildLiteBehavior [ RunTime:0.000060s ]
INFO: [ app_init ] --END-- [ RunTime:0.000941s ]
INFO: [ app_begin ] --START--
INFO: Run Behavior\ReadHtmlCacheBehavior [ RunTime:0.001182s ]
INFO: [ app_begin ] --END-- [ RunTime:0.001503s ]
ERR: 非法操作:HUI_STATIC_URL

[ 2017-07-26T15:08:23+08:00 ] 127.0.0.1 /index.php/welfare/index/welcome.html
INFO: [ app_init ] --START--
INFO: Run Behavior\BuildLiteBehavior [ RunTime:0.000093s ]
INFO: [ app_init ] --END-- [ RunTime:0.001362s ]
INFO: [ app_begin ] --START--
INFO: Run Behavior\ReadHtmlCacheBehavior [ RunTime:0.006011s ]
INFO: [ app_begin ] --END-- [ RunTime:0.006325s ]
INFO: [ app_end ] --START--
INFO: Run Behavior\ShowPageTraceBehavior [ RunTime:0.001007s ]
INFO: [ app_end ] --END-- [ RunTime:0.001311s ]

[ 2017-07-26T15:08:23+08:00 ] 127.0.0.1 /index.php/welfare/index/HUI_LIB_URL/jquery/1.9.1/jquery.min.js
INFO: [ app_init ] --START--
INFO: Run Behavior\BuildLiteBehavior [ RunTime:0.000060s ]
INFO: [ app_init ] --END-- [ RunTime:0.000978s ]
INFO: [ app_begin ] --START--
INFO: Run Behavior\ReadHtmlCacheBehavior [ RunTime:0.001052s ]
INFO: [ app_begin ] --END-- [ RunTime:0.001367s ]
ERR: 非法操作:HUI_LIB_URL

[ 2017-07-26T15:08:23+08:00 ] 127.0.0.1 /index.php/welfare/index/HUI_LIB_URL/layer/2.4/layer.js
INFO: [ app_init ] --START--
INFO: Run Behavior\BuildLiteBehavior [ RunTime:0.000060s ]
INFO: [ app_init ] --END-- [ RunTime:0.000892s ]
INFO: [ app_begin ] --START--
INFO: Run Behavior\ReadHtmlCacheBehavior [ RunTime:0.002151s ]
INFO: [ app_begin ] --END-- [ RunTime:0.003071s ]
ERR: 非法操作:HUI_LIB_URL

[ 2017-07-26T15:08:23+08:00 ] 127.0.0.1 /index.php/welfare/index/HUI_STATIC_URL/h-ui/js/H-ui.min.js
INFO: [ app_init ] --START--
INFO: Run Behavior\BuildLiteBehavior [ RunTime:0.000062s ]
INFO: [ app_init ] --END-- [ RunTime:0.001092s ]
INFO: [ app_begin ] --START--
INFO: Run Behavior\ReadHtmlCacheBehavior [ RunTime:0.001019s ]
INFO: [ app_begin ] --END-- [ RunTime:0.001319s ]
ERR: 非法操作:HUI_STATIC_URL

[ 2017-07-26T15:08:23+08:00 ] 127.0.0.1 /index.php/welfare/index/HUI_STATIC_URL/h-ui.admin/js/H-ui.admin.js
INFO: [ app_init ] --START--
INFO: Run Behavior\BuildLiteBehavior [ RunTime:0.000058s ]
INFO: [ app_init ] --END-- [ RunTime:0.000926s ]
INFO: [ app_begin ] --START--
INFO: Run Behavior\ReadHtmlCacheBehavior [ RunTime:0.000928s ]
INFO: [ app_begin ] --END-- [ RunTime:0.001224s ]
ERR: 非法操作:HUI_STATIC_URL

[ 2017-07-26T15:08:23+08:00 ] 127.0.0.1 /index.php/welfare/index/HUI_LIB_URL/jquery.contextmenu/jquery.contextmenu.r2.js
INFO: [ app_init ] --START--
INFO: Run Behavior\BuildLiteBehavior [ RunTime:0.000253s ]
INFO: [ app_init ] --END-- [ RunTime:0.002414s ]
INFO: [ app_begin ] --START--
INFO: Run Behavior\ReadHtmlCacheBehavior [ RunTime:0.001960s ]
INFO: [ app_begin ] --END-- [ RunTime:0.002271s ]
ERR: 非法操作:HUI_LIB_URL

[ 2017-07-26T15:08:23+08:00 ] 127.0.0.1 /index.php/welfare/index/HUI_LIB_URL/My97DatePicker/4.8/WdatePicker.js
INFO: [ app_init ] --START--
INFO: Run Behavior\BuildLiteBehavior [ RunTime:0.000060s ]
INFO: [ app_init ] --END-- [ RunTime:0.001079s ]
INFO: [ app_begin ] --START--
INFO: Run Behavior\ReadHtmlCacheBehavior [ RunTime:0.001238s ]
INFO: [ app_begin ] --END-- [ RunTime:0.001581s ]
ERR: 非法操作:HUI_LIB_URL

[ 2017-07-26T15:08:23+08:00 ] 127.0.0.1 /index.php/welfare/index/HUI_LIB_URL/jquery.validation/1.14.0/jquery.validate.js%22
INFO: [ app_init ] --START--
INFO: Run Behavior\BuildLiteBehavior [ RunTime:0.000060s ]
INFO: [ app_init ] --END-- [ RunTime:0.000984s ]
INFO: [ app_begin ] --START--
INFO: Run Behavior\ReadHtmlCacheBehavior [ RunTime:0.000974s ]
INFO: [ app_begin ] --END-- [ RunTime:0.001279s ]
ERR: 非法操作:HUI_LIB_URL

[ 2017-07-26T15:08:23+08:00 ] 127.0.0.1 /index.php/welfare/index/HUI_LIB_URL/jquery.validation/1.14.0/validate-methods.js
INFO: [ app_init ] --START--
INFO: Run Behavior\BuildLiteBehavior [ RunTime:0.000057s ]
INFO: [ app_init ] --END-- [ RunTime:0.000959s ]
INFO: [ app_begin ] --START--
INFO: Run Behavior\ReadHtmlCacheBehavior [ RunTime:0.023925s ]
INFO: [ app_begin ] --END-- [ RunTime:0.024233s ]
ERR: 非法操作:HUI_LIB_URL

[ 2017-07-26T15:08:23+08:00 ] 127.0.0.1 /index.php/welfare/index/HUI_LIB_URL/jquery.validation/1.14.0/messages_zh.js
INFO: [ app_init ] --START--
INFO: Run Behavior\BuildLiteBehavior [ RunTime:0.000058s ]
INFO: [ app_init ] --END-- [ RunTime:0.000899s ]
INFO: [ app_begin ] --START--
INFO: Run Behavior\ReadHtmlCacheBehavior [ RunTime:0.000975s ]
INFO: [ app_begin ] --END-- [ RunTime:0.001470s ]
ERR: 非法操作:HUI_LIB_URL

[ 2017-07-26T15:08:23+08:00 ] 127.0.0.1 /index.php/welfare/index/HUI_LIB_URL/webuploader/0.1.5/webuploader.min.js
INFO: [ app_init ] --START--
INFO: Run Behavior\BuildLiteBehavior [ RunTime:0.000058s ]
INFO: [ app_init ] --END-- [ RunTime:0.000898s ]
INFO: [ app_begin ] --START--
INFO: Run Behavior\ReadHtmlCacheBehavior [ RunTime:0.000916s ]
INFO: [ app_begin ] --END-- [ RunTime:0.001207s ]
ERR: 非法操作:HUI_LIB_URL

[ 2017-07-26T15:08:23+08:00 ] 127.0.0.1 /index.php/welfare/index/HUI_LIB_URL/ueditor/1.4.3/ueditor.config.js
INFO: [ app_init ] --START--
INFO: Run Behavior\BuildLiteBehavior [ RunTime:0.000658s ]
INFO: [ app_init ] --END-- [ RunTime:0.001849s ]
INFO: [ app_begin ] --START--
INFO: Run Behavior\ReadHtmlCacheBehavior [ RunTime:0.000979s ]
INFO: [ app_begin ] --END-- [ RunTime:0.001292s ]
ERR: 非法操作:HUI_LIB_URL

[ 2017-07-26T15:08:23+08:00 ] 127.0.0.1 /index.php/welfare/index/HUI_LIB_URL/ueditor/1.4.3/ueditor.all.min.js
INFO: [ app_init ] --START--
INFO: Run Behavior\BuildLiteBehavior [ RunTime:0.000058s ]
INFO: [ app_init ] --END-- [ RunTime:0.000904s ]
INFO: [ app_begin ] --START--
INFO: Run Behavior\ReadHtmlCacheBehavior [ RunTime:0.000887s ]
INFO: [ app_begin ] --END-- [ RunTime:0.001183s ]
ERR: 非法操作:HUI_LIB_URL

[ 2017-07-26T15:08:24+08:00 ] 127.0.0.1 /index.php/welfare/index/HUI_LIB_URL/ueditor/1.4.3/lang/zh-cn/zh-cn.js
INFO: [ app_init ] --START--
INFO: Run Behavior\BuildLiteBehavior [ RunTime:0.000059s ]
INFO: [ app_init ] --END-- [ RunTime:0.000935s ]
INFO: [ app_begin ] --START--
INFO: Run Behavior\ReadHtmlCacheBehavior [ RunTime:0.002964s ]
INFO: [ app_begin ] --END-- [ RunTime:0.003288s ]
ERR: 非法操作:HUI_LIB_URL

[ 2017-07-26T15:08:28+08:00 ] 127.0.0.1 /index.php/welfare/index/HUI_STATIC_URL/h-ui/css/H-ui.min.css
INFO: [ app_init ] --START--
INFO: Run Behavior\BuildLiteBehavior [ RunTime:0.000057s ]
INFO: [ app_init ] --END-- [ RunTime:0.000891s ]
INFO: [ app_begin ] --START--
INFO: Run Behavior\ReadHtmlCacheBehavior [ RunTime:0.000929s ]
INFO: [ app_begin ] --END-- [ RunTime:0.001217s ]
ERR: 非法操作:HUI_STATIC_URL

[ 2017-07-26T15:08:28+08:00 ] 127.0.0.1 /index.php/welfare/index/HUI_STATIC_URL/h-ui.admin/css/H-ui.admin.css
INFO: [ app_init ] --START--
INFO: Run Behavior\BuildLiteBehavior [ RunTime:0.000069s ]
INFO: [ app_init ] --END-- [ RunTime:0.000929s ]
INFO: [ app_begin ] --START--
INFO: Run Behavior\ReadHtmlCacheBehavior [ RunTime:0.000909s ]
INFO: [ app_begin ] --END-- [ RunTime:0.001197s ]
ERR: 非法操作:HUI_STATIC_URL

[ 2017-07-26T15:08:28+08:00 ] 127.0.0.1 /index.php/welfare/index/HUI_LIB_URL/Hui-iconfont/1.0.8/iconfont.css
INFO: [ app_init ] --START--
INFO: Run Behavior\BuildLiteBehavior [ RunTime:0.000057s ]
INFO: [ app_init ] --END-- [ RunTime:0.000875s ]
INFO: [ app_begin ] --START--
INFO: Run Behavior\ReadHtmlCacheBehavior [ RunTime:0.000907s ]
INFO: [ app_begin ] --END-- [ RunTime:0.001196s ]
ERR: 非法操作:HUI_LIB_URL

[ 2017-07-26T15:08:28+08:00 ] 127.0.0.1 /index.php/welfare/index/HUI_STATIC_URL/h-ui.admin/skin/default/skin.css
INFO: [ app_init ] --START--
INFO: Run Behavior\BuildLiteBehavior [ RunTime:0.000057s ]
INFO: [ app_init ] --END-- [ RunTime:0.000992s ]
INFO: [ app_begin ] --START--
INFO: Run Behavior\ReadHtmlCacheBehavior [ RunTime:0.000965s ]
INFO: [ app_begin ] --END-- [ RunTime:0.001255s ]
ERR: 非法操作:HUI_STATIC_URL

[ 2017-07-26T15:08:28+08:00 ] 127.0.0.1 /index.php/welfare/index/HUI_STATIC_URL/h-ui.admin/css/style.css
INFO: [ app_init ] --START--
INFO: Run Behavior\BuildLiteBehavior [ RunTime:0.000058s ]
INFO: [ app_init ] --END-- [ RunTime:0.000901s ]
INFO: [ app_begin ] --START--
INFO: Run Behavior\ReadHtmlCacheBehavior [ RunTime:0.000972s ]
INFO: [ app_begin ] --END-- [ RunTime:0.001269s ]
ERR: 非法操作:HUI_STATIC_URL

[ 2017-07-26T15:11:57+08:00 ] 127.0.0.1 /index.php/welfare/index/index
INFO: [ app_init ] --START--
INFO: Run Behavior\BuildLiteBehavior [ RunTime:0.000061s ]
INFO: [ app_init ] --END-- [ RunTime:0.001297s ]
INFO: [ app_begin ] --START--
INFO: Run Behavior\ReadHtmlCacheBehavior [ RunTime:0.001506s ]
INFO: [ app_begin ] --END-- [ RunTime:0.001843s ]
INFO: [ view_parse ] --START--
INFO: [ template_filter ] --START--
INFO: Run Behavior\ContentReplaceBehavior [ RunTime:0.000301s ]
INFO: [ template_filter ] --END-- [ RunTime:0.000593s ]
INFO: Run Behavior\ParseTemplateBehavior [ RunTime:0.106625s ]
INFO: [ view_parse ] --END-- [ RunTime:0.106928s ]
INFO: [ view_filter ] --START--
INFO: Run Behavior\WriteHtmlCacheBehavior [ RunTime:0.001037s ]
INFO: [ view_filter ] --END-- [ RunTime:0.001321s ]
INFO: [ app_end ] --START--
INFO: Run Behavior\ShowPageTraceBehavior [ RunTime:0.013484s ]
INFO: [ app_end ] --END-- [ RunTime:0.014054s ]

[ 2017-07-26T15:11:57+08:00 ] 127.0.0.1 /index.php/welfare/index/welcome.html
INFO: [ app_init ] --START--
INFO: Run Behavior\BuildLiteBehavior [ RunTime:0.000061s ]
INFO: [ app_init ] --END-- [ RunTime:0.001050s ]
INFO: [ app_begin ] --START--
INFO: Run Behavior\ReadHtmlCacheBehavior [ RunTime:0.001172s ]
INFO: [ app_begin ] --END-- [ RunTime:0.001491s ]
INFO: [ app_end ] --START--
INFO: Run Behavior\ShowPageTraceBehavior [ RunTime:0.001927s ]
INFO: [ app_end ] --END-- [ RunTime:0.002392s ]

[ 2017-07-26T16:01:37+08:00 ] 127.0.0.1 /VolunteerMS/index.php/Welfare/Index/index
INFO: [ app_init ] --START--
INFO: Run Behavior\BuildLiteBehavior [ RunTime:0.000000s ]
INFO: [ app_init ] --END-- [ RunTime:0.000000s ]
INFO: [ app_begin ] --START--
INFO: Run Behavior\ReadHtmlCacheBehavior [ RunTime:0.001000s ]
INFO: [ app_begin ] --END-- [ RunTime:0.001000s ]
INFO: [ view_parse ] --START--
INFO: [ template_filter ] --START--
INFO: Run Behavior\ContentReplaceBehavior [ RunTime:0.000000s ]
INFO: [ template_filter ] --END-- [ RunTime:0.000000s ]
INFO: Run Behavior\ParseTemplateBehavior [ RunTime:0.065004s ]
INFO: [ view_parse ] --END-- [ RunTime:0.065004s ]
INFO: [ view_filter ] --START--
INFO: Run Behavior\WriteHtmlCacheBehavior [ RunTime:0.000000s ]
INFO: [ view_filter ] --END-- [ RunTime:0.000000s ]
INFO: [ app_end ] --START--
INFO: Run Behavior\ShowPageTraceBehavior [ RunTime:0.001000s ]
INFO: [ app_end ] --END-- [ RunTime:0.001000s ]

[ 2017-07-26T16:01:38+08:00 ] 127.0.0.1 /VolunteerMS/index.php/Welfare/Index/welcome.html
INFO: [ app_init ] --START--
INFO: Run Behavior\BuildLiteBehavior [ RunTime:0.000000s ]
INFO: [ app_init ] --END-- [ RunTime:0.000000s ]
INFO: [ app_begin ] --START--
INFO: Run Behavior\ReadHtmlCacheBehavior [ RunTime:0.000000s ]
INFO: [ app_begin ] --END-- [ RunTime:0.000000s ]
INFO: [ app_end ] --START--
INFO: Run Behavior\ShowPageTraceBehavior [ RunTime:0.001000s ]
INFO: [ app_end ] --END-- [ RunTime:0.001000s ]

[ 2017-07-26T16:02:11+08:00 ] 127.0.0.1 /VolunteerMS/index.php/Welfare/welfare/showlist.html
INFO: [ app_init ] --START--
INFO: Run Behavior\BuildLiteBehavior [ RunTime:0.000000s ]
INFO: [ app_init ] --END-- [ RunTime:0.000000s ]
INFO: [ app_begin ] --START--
INFO: Run Behavior\ReadHtmlCacheBehavior [ RunTime:0.000000s ]
INFO: [ app_begin ] --END-- [ RunTime:0.000000s ]
INFO: [ view_parse ] --START--
INFO: [ template_filter ] --START--
INFO: Run Behavior\ContentReplaceBehavior [ RunTime:0.000000s ]
INFO: [ template_filter ] --END-- [ RunTime:0.000000s ]
NOTIC: [8] Undefined variable: vo D:\mxh\volunteerms\VolunteerMS\Runtime\Cache\Welfare\5b286fa44e6c80b927c46afcf2c183a1.php 第 50 行.
INFO: Run Behavior\ParseTemplateBehavior [ RunTime:0.020001s ]
INFO: [ view_parse ] --END-- [ RunTime:0.020001s ]
INFO: [ view_filter ] --START--
INFO: Run Behavior\WriteHtmlCacheBehavior [ RunTime:0.000000s ]
INFO: [ view_filter ] --END-- [ RunTime:0.000000s ]
INFO: [ app_end ] --START--
INFO: Run Behavior\ShowPageTraceBehavior [ RunTime:0.000000s ]
INFO: [ app_end ] --END-- [ RunTime:0.000000s ]

[ 2017-07-26T16:02:11+08:00 ] 127.0.0.1 /VolunteerMS/index.php/Welfare/welfare/add.html
INFO: [ app_init ] --START--
INFO: Run Behavior\BuildLiteBehavior [ RunTime:0.000000s ]
INFO: [ app_init ] --END-- [ RunTime:0.000000s ]
INFO: [ app_begin ] --START--
INFO: Run Behavior\ReadHtmlCacheBehavior [ RunTime:0.000000s ]
INFO: [ app_begin ] --END-- [ RunTime:0.000000s ]
INFO: [ view_parse ] --START--
INFO: [ template_filter ] --START--
INFO: Run Behavior\ContentReplaceBehavior [ RunTime:0.000000s ]
INFO: [ template_filter ] --END-- [ RunTime:0.000000s ]
INFO: Run Behavior\ParseTemplateBehavior [ RunTime:0.004000s ]
INFO: [ view_parse ] --END-- [ RunTime:0.004000s ]
INFO: [ view_filter ] --START--
INFO: Run Behavior\WriteHtmlCacheBehavior [ RunTime:0.000000s ]
INFO: [ view_filter ] --END-- [ RunTime:0.000000s ]
INFO: [ app_end ] --START--
INFO: Run Behavior\ShowPageTraceBehavior [ RunTime:0.001000s ]
INFO: [ app_end ] --END-- [ RunTime:0.001000s ]

[ 2017-07-26T16:13:15+08:00 ] 127.0.0.1 /VolunteerMS/index.php/Welfare/Index/index_houtai
INFO: [ app_init ] --START--
INFO: Run Behavior\BuildLiteBehavior [ RunTime:0.000000s ]
INFO: [ app_init ] --END-- [ RunTime:0.000000s ]
INFO: [ app_begin ] --START--
INFO: Run Behavior\ReadHtmlCacheBehavior [ RunTime:0.000000s ]
INFO: [ app_begin ] --END-- [ RunTime:0.000000s ]
ERR: 无法加载控制器:Index

[ 2017-07-26T16:13:43+08:00 ] 127.0.0.1 /VolunteerMS/index.php/Welfare/Index/index
INFO: [ app_init ] --START--
INFO: Run Behavior\BuildLiteBehavior [ RunTime:0.000000s ]
INFO: [ app_init ] --END-- [ RunTime:0.000000s ]
INFO: [ app_begin ] --START--
INFO: Run Behavior\ReadHtmlCacheBehavior [ RunTime:0.001000s ]
INFO: [ app_begin ] --END-- [ RunTime:0.001000s ]
ERR: 无法加载控制器:Index

[ 2017-07-26T16:13:46+08:00 ] 127.0.0.1 /VolunteerMS/index.php/Welfare/Index/index
INFO: [ app_init ] --START--
INFO: Run Behavior\BuildLiteBehavior [ RunTime:0.000000s ]
INFO: [ app_init ] --END-- [ RunTime:0.001000s ]
INFO: [ app_begin ] --START--
INFO: Run Behavior\ReadHtmlCacheBehavior [ RunTime:0.000000s ]
INFO: [ app_begin ] --END-- [ RunTime:0.000000s ]
ERR: 无法加载控制器:Index

[ 2017-07-26T16:25:22+08:00 ] 127.0.0.1 /VolunteerMS/index.php/Welfare/welfare/showlist.html
INFO: [ app_init ] --START--
INFO: Run Behavior\BuildLiteBehavior [ RunTime:0.000000s ]
INFO: [ app_init ] --END-- [ RunTime:0.000000s ]
INFO: [ app_begin ] --START--
INFO: Run Behavior\ReadHtmlCacheBehavior [ RunTime:0.001000s ]
INFO: [ app_begin ] --END-- [ RunTime:0.001000s ]
INFO: [ view_parse ] --START--
INFO: [ template_filter ] --START--
INFO: Run Behavior\ContentReplaceBehavior [ RunTime:0.001000s ]
INFO: [ template_filter ] --END-- [ RunTime:0.001000s ]
NOTIC: [8] Undefined variable: vo D:\mxh\volunteerms\VolunteerMS\Runtime\Cache\Welfare\5b286fa44e6c80b927c46afcf2c183a1.php 第 50 行.
INFO: Run Behavior\ParseTemplateBehavior [ RunTime:0.007001s ]
INFO: [ view_parse ] --END-- [ RunTime:0.007001s ]
INFO: [ view_filter ] --START--
INFO: Run Behavior\WriteHtmlCacheBehavior [ RunTime:0.000000s ]
INFO: [ view_filter ] --END-- [ RunTime:0.000000s ]
INFO: [ app_end ] --START--
INFO: Run Behavior\ShowPageTraceBehavior [ RunTime:0.000000s ]
INFO: [ app_end ] --END-- [ RunTime:0.000000s ]

