[ 2017-07-29T07:06:08+08:00 ] 127.0.0.1 /VolunteerMS/index.php/Enterprise/enterprise/welinfo.html?id=2
INFO: [ app_init ] --START--
INFO: Run Behavior\BuildLiteBehavior [ RunTime:0.000000s ]
INFO: [ app_init ] --END-- [ RunTime:0.000000s ]
INFO: [ app_begin ] --START--
INFO: Run Behavior\ReadHtmlCacheBehavior [ RunTime:0.000000s ]
INFO: [ app_begin ] --END-- [ RunTime:0.000000s ]
SQL: SHOW COLUMNS FROM `mxh_message` [ RunTime:0.0000s ]
SQL: SHOW COLUMNS FROM `mxh_message` [ RunTime:0.0156s ]
SQL: SELECT * FROM `mxh_message` WHERE `id` = 2 LIMIT 1   [ RunTime:0.0156s ]

[ 2017-07-29T07:07:34+08:00 ] 127.0.0.1 /VolunteerMS/index.php/Enterprise/enterprise/welinfo.html?id=2
INFO: [ app_init ] --START--
INFO: Run Behavior\BuildLiteBehavior [ RunTime:0.000000s ]
INFO: [ app_init ] --END-- [ RunTime:0.000000s ]
INFO: [ app_begin ] --START--
INFO: Run Behavior\ReadHtmlCacheBehavior [ RunTime:0.000000s ]
INFO: [ app_begin ] --END-- [ RunTime:0.000000s ]
SQL: SHOW COLUMNS FROM `mxh_message` [ RunTime:0.0156s ]
SQL: SHOW COLUMNS FROM `mxh_message` [ RunTime:0.0156s ]
SQL: SELECT * FROM `mxh_message` WHERE `id` = 2 LIMIT 1   [ RunTime:0.0156s ]

[ 2017-07-29T07:19:38+08:00 ] 127.0.0.1 /VolunteerMS/index.php/Enterprise/user/login.html
INFO: [ app_init ] --START--
INFO: Run Behavior\BuildLiteBehavior [ RunTime:0.000000s ]
INFO: [ app_init ] --END-- [ RunTime:0.000000s ]
INFO: [ app_begin ] --START--
INFO: Run Behavior\ReadHtmlCacheBehavior [ RunTime:0.000000s ]
INFO: [ app_begin ] --END-- [ RunTime:0.000000s ]
INFO: [ view_parse ] --START--
INFO: [ template_filter ] --START--
INFO: Run Behavior\ContentReplaceBehavior [ RunTime:0.000000s ]
INFO: [ template_filter ] --END-- [ RunTime:0.000000s ]
INFO: Run Behavior\ParseTemplateBehavior [ RunTime:0.015001s ]
INFO: [ view_parse ] --END-- [ RunTime:0.015001s ]
INFO: [ view_filter ] --START--
INFO: Run Behavior\WriteHtmlCacheBehavior [ RunTime:0.001000s ]
INFO: [ view_filter ] --END-- [ RunTime:0.001000s ]
INFO: [ app_end ] --START--
INFO: Run Behavior\ShowPageTraceBehavior [ RunTime:0.000000s ]
INFO: [ app_end ] --END-- [ RunTime:0.000000s ]

[ 2017-07-29T07:20:09+08:00 ] 127.0.0.1 /VolunteerMS/index.php/Enterprise/user/login.html
INFO: [ app_init ] --START--
INFO: Run Behavior\BuildLiteBehavior [ RunTime:0.000000s ]
INFO: [ app_init ] --END-- [ RunTime:0.000000s ]
INFO: [ app_begin ] --START--
INFO: Run Behavior\ReadHtmlCacheBehavior [ RunTime:0.000000s ]
INFO: [ app_begin ] --END-- [ RunTime:0.000000s ]
SQL: SHOW COLUMNS FROM `mxh_enterprise` [ RunTime:0.0120s ]
SQL: SHOW COLUMNS FROM `mxh_enterprise` [ RunTime:0.0130s ]
SQL: SELECT * FROM `mxh_enterprise` WHERE `name` = '名字无敌简单的公司' LIMIT 1   [ RunTime:0.0120s ]
SQL: select *from mxh_enterprise where name = '名字无敌简单的公司' [ RunTime:0.0110s ]
INFO: [ view_parse ] --START--
INFO: [ template_filter ] --START--
INFO: Run Behavior\ContentReplaceBehavior [ RunTime:0.000000s ]
INFO: [ template_filter ] --END-- [ RunTime:0.000000s ]
INFO: Run Behavior\ParseTemplateBehavior [ RunTime:0.004000s ]
INFO: [ view_parse ] --END-- [ RunTime:0.004000s ]
INFO: [ view_filter ] --START--
INFO: Run Behavior\WriteHtmlCacheBehavior [ RunTime:0.000000s ]
INFO: [ view_filter ] --END-- [ RunTime:0.000000s ]
INFO: [ app_end ] --START--
INFO: Run Behavior\ShowPageTraceBehavior [ RunTime:0.001000s ]
INFO: [ app_end ] --END-- [ RunTime:0.001000s ]

[ 2017-07-29T07:20:10+08:00 ] 127.0.0.1 /VolunteerMS/index.php/Enterprise/Index/index.html
INFO: [ app_init ] --START--
INFO: Run Behavior\BuildLiteBehavior [ RunTime:0.000000s ]
INFO: [ app_init ] --END-- [ RunTime:0.000000s ]
INFO: [ app_begin ] --START--
INFO: Run Behavior\ReadHtmlCacheBehavior [ RunTime:0.000000s ]
INFO: [ app_begin ] --END-- [ RunTime:0.000000s ]
INFO: [ view_parse ] --START--
INFO: [ template_filter ] --START--
INFO: Run Behavior\ContentReplaceBehavior [ RunTime:0.000000s ]
INFO: [ template_filter ] --END-- [ RunTime:0.000000s ]
INFO: Run Behavior\ParseTemplateBehavior [ RunTime:0.051003s ]
INFO: [ view_parse ] --END-- [ RunTime:0.051003s ]
INFO: [ view_filter ] --START--
INFO: Run Behavior\WriteHtmlCacheBehavior [ RunTime:0.000000s ]
INFO: [ view_filter ] --END-- [ RunTime:0.000000s ]
INFO: [ app_end ] --START--
INFO: Run Behavior\ShowPageTraceBehavior [ RunTime:0.001000s ]
INFO: [ app_end ] --END-- [ RunTime:0.001000s ]

[ 2017-07-29T07:20:10+08:00 ] 127.0.0.1 /VolunteerMS/index.php/Enterprise/Index/welcome.html
INFO: [ app_init ] --START--
INFO: Run Behavior\BuildLiteBehavior [ RunTime:0.000000s ]
INFO: [ app_init ] --END-- [ RunTime:0.001000s ]
INFO: [ app_begin ] --START--
INFO: Run Behavior\ReadHtmlCacheBehavior [ RunTime:0.000000s ]
INFO: [ app_begin ] --END-- [ RunTime:0.000000s ]
INFO: [ app_end ] --START--
INFO: Run Behavior\ShowPageTraceBehavior [ RunTime:0.000000s ]
INFO: [ app_end ] --END-- [ RunTime:0.000000s ]

[ 2017-07-29T07:20:13+08:00 ] 127.0.0.1 /VolunteerMS/index.php/Enterprise/Enterprise/showlist.html
INFO: [ app_init ] --START--
INFO: Run Behavior\BuildLiteBehavior [ RunTime:0.000000s ]
INFO: [ app_init ] --END-- [ RunTime:0.000000s ]
INFO: [ app_begin ] --START--
INFO: Run Behavior\ReadHtmlCacheBehavior [ RunTime:0.001000s ]
INFO: [ app_begin ] --END-- [ RunTime:0.001000s ]
SQL: SHOW COLUMNS FROM `mxh_message` [ RunTime:0.0110s ]
SQL: SHOW COLUMNS FROM `mxh_message` [ RunTime:0.0120s ]
SQL: SHOW COLUMNS FROM `mxh_welinst` [ RunTime:0.0120s ]
SQL: SHOW COLUMNS FROM `mxh_welinst` [ RunTime:0.0120s ]
SQL: SELECT * FROM `mxh_message` WHERE `status` = 1  [ RunTime:0.0120s ]
SQL: SELECT * FROM `mxh_welinst` WHERE `id` = 4 LIMIT 1   [ RunTime:0.0110s ]
SQL: SELECT * FROM `mxh_welinst` WHERE `id` = 4 LIMIT 1   [ RunTime:0.0120s ]
SQL: SELECT * FROM `mxh_welinst` WHERE `id` = 3 LIMIT 1   [ RunTime:0.0110s ]
SQL: SELECT * FROM `mxh_welinst` WHERE `id` = 3 LIMIT 1   [ RunTime:0.0120s ]
INFO: [ view_parse ] --START--
INFO: [ template_filter ] --START--
INFO: Run Behavior\ContentReplaceBehavior [ RunTime:0.000000s ]
INFO: [ template_filter ] --END-- [ RunTime:0.000000s ]
INFO: Run Behavior\ParseTemplateBehavior [ RunTime:0.023001s ]
INFO: [ view_parse ] --END-- [ RunTime:0.023001s ]
INFO: [ view_filter ] --START--
INFO: Run Behavior\WriteHtmlCacheBehavior [ RunTime:0.001000s ]
INFO: [ view_filter ] --END-- [ RunTime:0.001000s ]
INFO: [ app_end ] --START--
INFO: Run Behavior\ShowPageTraceBehavior [ RunTime:0.000000s ]
INFO: [ app_end ] --END-- [ RunTime:0.000000s ]

[ 2017-07-29T07:20:18+08:00 ] 127.0.0.1 /VolunteerMS/index.php/Enterprise/Enterprise/pendsuccess.html
INFO: [ app_init ] --START--
INFO: Run Behavior\BuildLiteBehavior [ RunTime:0.000000s ]
INFO: [ app_init ] --END-- [ RunTime:0.000000s ]
INFO: [ app_begin ] --START--
INFO: Run Behavior\ReadHtmlCacheBehavior [ RunTime:0.000000s ]
INFO: [ app_begin ] --END-- [ RunTime:0.000000s ]
SQL: SHOW COLUMNS FROM `mxh_welinst` [ RunTime:0.0120s ]
SQL: SHOW COLUMNS FROM `mxh_welinst` [ RunTime:0.0120s ]
SQL: SHOW COLUMNS FROM `mxh_message` [ RunTime:0.0110s ]
SQL: SHOW COLUMNS FROM `mxh_message` [ RunTime:0.0120s ]
SQL: SELECT * FROM `mxh_message` WHERE `status` = 2 AND `E_id` = 4  [ RunTime:0.0120s ]
SQL: SELECT * FROM `mxh_welinst` WHERE `id` = 1 LIMIT 1   [ RunTime:0.0110s ]
INFO: [ view_parse ] --START--
INFO: [ template_filter ] --START--
INFO: Run Behavior\ContentReplaceBehavior [ RunTime:0.000000s ]
INFO: [ template_filter ] --END-- [ RunTime:0.000000s ]
INFO: Run Behavior\ParseTemplateBehavior [ RunTime:0.016001s ]
INFO: [ view_parse ] --END-- [ RunTime:0.016001s ]
INFO: [ view_filter ] --START--
INFO: Run Behavior\WriteHtmlCacheBehavior [ RunTime:0.001000s ]
INFO: [ view_filter ] --END-- [ RunTime:0.001000s ]
INFO: [ app_end ] --START--
INFO: Run Behavior\ShowPageTraceBehavior [ RunTime:0.000000s ]
INFO: [ app_end ] --END-- [ RunTime:0.000000s ]

[ 2017-07-29T07:20:22+08:00 ] 127.0.0.1 /VolunteerMS/index.php/Enterprise/Enterprise/servicelist.html
INFO: [ app_init ] --START--
INFO: Run Behavior\BuildLiteBehavior [ RunTime:0.000000s ]
INFO: [ app_init ] --END-- [ RunTime:0.001000s ]
INFO: [ app_begin ] --START--
INFO: Run Behavior\ReadHtmlCacheBehavior [ RunTime:0.001001s ]
INFO: [ app_begin ] --END-- [ RunTime:0.001001s ]
SQL: SHOW COLUMNS FROM `mxh_message` [ RunTime:0.0130s ]
SQL: SHOW COLUMNS FROM `mxh_message` [ RunTime:0.0130s ]
SQL: SHOW COLUMNS FROM `mxh_welinst` [ RunTime:0.0120s ]
SQL: SHOW COLUMNS FROM `mxh_welinst` [ RunTime:0.0120s ]
SQL: SELECT * FROM `mxh_message` WHERE `status` = 1  [ RunTime:0.0120s ]
SQL: SELECT * FROM `mxh_message` WHERE `id` IN ('4','5')  [ RunTime:0.0130s ]
SQL: SELECT * FROM `mxh_welinst` WHERE `id` = 4 LIMIT 1   [ RunTime:0.0120s ]
SQL: SELECT * FROM `mxh_welinst` WHERE `id` = 3 LIMIT 1   [ RunTime:0.0120s ]
INFO: [ view_parse ] --START--
INFO: [ template_filter ] --START--
INFO: Run Behavior\ContentReplaceBehavior [ RunTime:0.000000s ]
INFO: [ template_filter ] --END-- [ RunTime:0.000000s ]
INFO: Run Behavior\ParseTemplateBehavior [ RunTime:0.035002s ]
INFO: [ view_parse ] --END-- [ RunTime:0.036003s ]
INFO: [ view_filter ] --START--
INFO: Run Behavior\WriteHtmlCacheBehavior [ RunTime:0.000000s ]
INFO: [ view_filter ] --END-- [ RunTime:0.000000s ]
INFO: [ app_end ] --START--
INFO: Run Behavior\ShowPageTraceBehavior [ RunTime:0.000000s ]
INFO: [ app_end ] --END-- [ RunTime:0.000000s ]

[ 2017-07-29T07:20:35+08:00 ] 127.0.0.1 /VolunteerMS/index.php/Enterprise/enterprise/welinfo.html?id=4
INFO: [ app_init ] --START--
INFO: Run Behavior\BuildLiteBehavior [ RunTime:0.000000s ]
INFO: [ app_init ] --END-- [ RunTime:0.000000s ]
INFO: [ app_begin ] --START--
INFO: Run Behavior\ReadHtmlCacheBehavior [ RunTime:0.000000s ]
INFO: [ app_begin ] --END-- [ RunTime:0.000000s ]
SQL: SHOW COLUMNS FROM `mxh_message` [ RunTime:0.0156s ]
SQL: SHOW COLUMNS FROM `mxh_message` [ RunTime:0.0156s ]
SQL: SELECT * FROM `mxh_message` WHERE `id` = 4 LIMIT 1   [ RunTime:0.0166s ]

[ 2017-07-29T07:21:26+08:00 ] 127.0.0.1 /VolunteerMS/index.php/Enterprise/Index/index.html
INFO: [ app_init ] --START--
INFO: Run Behavior\BuildLiteBehavior [ RunTime:0.000000s ]
INFO: [ app_init ] --END-- [ RunTime:0.000000s ]
INFO: [ app_begin ] --START--
INFO: Run Behavior\ReadHtmlCacheBehavior [ RunTime:0.000000s ]
INFO: [ app_begin ] --END-- [ RunTime:0.000000s ]
INFO: [ view_parse ] --START--
INFO: [ template_filter ] --START--
INFO: Run Behavior\ContentReplaceBehavior [ RunTime:0.001000s ]
INFO: [ template_filter ] --END-- [ RunTime:0.001000s ]
INFO: Run Behavior\ParseTemplateBehavior [ RunTime:0.005000s ]
INFO: [ view_parse ] --END-- [ RunTime:0.005000s ]
INFO: [ view_filter ] --START--
INFO: Run Behavior\WriteHtmlCacheBehavior [ RunTime:0.001000s ]
INFO: [ view_filter ] --END-- [ RunTime:0.001000s ]
INFO: [ app_end ] --START--
INFO: Run Behavior\ShowPageTraceBehavior [ RunTime:0.000000s ]
INFO: [ app_end ] --END-- [ RunTime:0.000000s ]

[ 2017-07-29T07:21:27+08:00 ] 127.0.0.1 /VolunteerMS/index.php/Enterprise/Index/welcome.html
INFO: [ app_init ] --START--
INFO: Run Behavior\BuildLiteBehavior [ RunTime:0.000000s ]
INFO: [ app_init ] --END-- [ RunTime:0.001000s ]
INFO: [ app_begin ] --START--
INFO: Run Behavior\ReadHtmlCacheBehavior [ RunTime:0.001000s ]
INFO: [ app_begin ] --END-- [ RunTime:0.001000s ]
INFO: [ app_end ] --START--
INFO: Run Behavior\ShowPageTraceBehavior [ RunTime:0.000000s ]
INFO: [ app_end ] --END-- [ RunTime:0.000000s ]

[ 2017-07-29T07:21:28+08:00 ] 127.0.0.1 /VolunteerMS/index.php/Enterprise/Enterprise/servicelist.html
INFO: [ app_init ] --START--
INFO: Run Behavior\BuildLiteBehavior [ RunTime:0.000000s ]
INFO: [ app_init ] --END-- [ RunTime:0.000000s ]
INFO: [ app_begin ] --START--
INFO: Run Behavior\ReadHtmlCacheBehavior [ RunTime:0.000000s ]
INFO: [ app_begin ] --END-- [ RunTime:0.000000s ]
SQL: SHOW COLUMNS FROM `mxh_message` [ RunTime:0.0120s ]
SQL: SHOW COLUMNS FROM `mxh_message` [ RunTime:0.0120s ]
SQL: SHOW COLUMNS FROM `mxh_welinst` [ RunTime:0.0130s ]
SQL: SHOW COLUMNS FROM `mxh_welinst` [ RunTime:0.0130s ]
SQL: SELECT * FROM `mxh_message` WHERE `status` = 1  [ RunTime:0.0120s ]
SQL: SELECT * FROM `mxh_message` WHERE `id` IN ('4','5')  [ RunTime:0.0130s ]
SQL: SELECT * FROM `mxh_welinst` WHERE `id` = 4 LIMIT 1   [ RunTime:0.0120s ]
SQL: SELECT * FROM `mxh_welinst` WHERE `id` = 3 LIMIT 1   [ RunTime:0.0120s ]
INFO: [ view_parse ] --START--
INFO: [ template_filter ] --START--
INFO: Run Behavior\ContentReplaceBehavior [ RunTime:0.000000s ]
INFO: [ template_filter ] --END-- [ RunTime:0.000000s ]
INFO: Run Behavior\ParseTemplateBehavior [ RunTime:0.006000s ]
INFO: [ view_parse ] --END-- [ RunTime:0.006000s ]
INFO: [ view_filter ] --START--
INFO: Run Behavior\WriteHtmlCacheBehavior [ RunTime:0.000000s ]
INFO: [ view_filter ] --END-- [ RunTime:0.000000s ]
INFO: [ app_end ] --START--
INFO: Run Behavior\ShowPageTraceBehavior [ RunTime:0.000000s ]
INFO: [ app_end ] --END-- [ RunTime:0.000000s ]

[ 2017-07-29T07:21:33+08:00 ] 127.0.0.1 /VolunteerMS/index.php/Enterprise/Enterprise/servicelist.html
INFO: [ app_init ] --START--
INFO: Run Behavior\BuildLiteBehavior [ RunTime:0.000000s ]
INFO: [ app_init ] --END-- [ RunTime:0.000000s ]
INFO: [ app_begin ] --START--
INFO: Run Behavior\ReadHtmlCacheBehavior [ RunTime:0.000000s ]
INFO: [ app_begin ] --END-- [ RunTime:0.000000s ]
SQL: SHOW COLUMNS FROM `mxh_message` [ RunTime:0.0130s ]
SQL: SHOW COLUMNS FROM `mxh_message` [ RunTime:0.0130s ]
SQL: SHOW COLUMNS FROM `mxh_welinst` [ RunTime:0.0130s ]
SQL: SHOW COLUMNS FROM `mxh_welinst` [ RunTime:0.0130s ]
SQL: SELECT * FROM `mxh_message` WHERE `status` = 1  [ RunTime:0.0130s ]
SQL: SELECT * FROM `mxh_message` WHERE `id` IN ('4','5')  [ RunTime:0.0130s ]
SQL: SELECT * FROM `mxh_welinst` WHERE `id` = 4 LIMIT 1   [ RunTime:0.0130s ]
SQL: SELECT * FROM `mxh_welinst` WHERE `id` = 3 LIMIT 1   [ RunTime:0.0130s ]
INFO: [ view_parse ] --START--
INFO: [ template_filter ] --START--
INFO: Run Behavior\ContentReplaceBehavior [ RunTime:0.000000s ]
INFO: [ template_filter ] --END-- [ RunTime:0.000000s ]
INFO: Run Behavior\ParseTemplateBehavior [ RunTime:0.005001s ]
INFO: [ view_parse ] --END-- [ RunTime:0.005001s ]
INFO: [ view_filter ] --START--
INFO: Run Behavior\WriteHtmlCacheBehavior [ RunTime:0.000000s ]
INFO: [ view_filter ] --END-- [ RunTime:0.000000s ]
INFO: [ app_end ] --START--
INFO: Run Behavior\ShowPageTraceBehavior [ RunTime:0.001000s ]
INFO: [ app_end ] --END-- [ RunTime:0.001000s ]

[ 2017-07-29T07:21:44+08:00 ] 127.0.0.1 /VolunteerMS/index.php/Enterprise/Enterprise/showlist.html
INFO: [ app_init ] --START--
INFO: Run Behavior\BuildLiteBehavior [ RunTime:0.000000s ]
INFO: [ app_init ] --END-- [ RunTime:0.000000s ]
INFO: [ app_begin ] --START--
INFO: Run Behavior\ReadHtmlCacheBehavior [ RunTime:0.000000s ]
INFO: [ app_begin ] --END-- [ RunTime:0.000000s ]
SQL: SHOW COLUMNS FROM `mxh_message` [ RunTime:0.0130s ]
SQL: SHOW COLUMNS FROM `mxh_message` [ RunTime:0.0140s ]
SQL: SHOW COLUMNS FROM `mxh_welinst` [ RunTime:0.0130s ]
SQL: SHOW COLUMNS FROM `mxh_welinst` [ RunTime:0.0130s ]
SQL: SELECT * FROM `mxh_message` WHERE `status` = 1  [ RunTime:0.0120s ]
SQL: SELECT * FROM `mxh_welinst` WHERE `id` = 4 LIMIT 1   [ RunTime:0.0120s ]
SQL: SELECT * FROM `mxh_welinst` WHERE `id` = 4 LIMIT 1   [ RunTime:0.0120s ]
SQL: SELECT * FROM `mxh_welinst` WHERE `id` = 3 LIMIT 1   [ RunTime:0.0120s ]
SQL: SELECT * FROM `mxh_welinst` WHERE `id` = 3 LIMIT 1   [ RunTime:0.0120s ]
INFO: [ view_parse ] --START--
INFO: [ template_filter ] --START--
INFO: Run Behavior\ContentReplaceBehavior [ RunTime:0.000000s ]
INFO: [ template_filter ] --END-- [ RunTime:0.000000s ]
INFO: Run Behavior\ParseTemplateBehavior [ RunTime:0.006000s ]
INFO: [ view_parse ] --END-- [ RunTime:0.006000s ]
INFO: [ view_filter ] --START--
INFO: Run Behavior\WriteHtmlCacheBehavior [ RunTime:0.000000s ]
INFO: [ view_filter ] --END-- [ RunTime:0.000000s ]
INFO: [ app_end ] --START--
INFO: Run Behavior\ShowPageTraceBehavior [ RunTime:0.000000s ]
INFO: [ app_end ] --END-- [ RunTime:0.000000s ]

[ 2017-07-29T07:21:54+08:00 ] 127.0.0.1 /VolunteerMS/index.php/Enterprise/Enterprise/showlist.html
INFO: [ app_init ] --START--
INFO: Run Behavior\BuildLiteBehavior [ RunTime:0.000000s ]
INFO: [ app_init ] --END-- [ RunTime:0.000000s ]
INFO: [ app_begin ] --START--
INFO: Run Behavior\ReadHtmlCacheBehavior [ RunTime:0.000000s ]
INFO: [ app_begin ] --END-- [ RunTime:0.000000s ]
SQL: SHOW COLUMNS FROM `mxh_message` [ RunTime:0.0130s ]
SQL: SHOW COLUMNS FROM `mxh_message` [ RunTime:0.0130s ]
SQL: SHOW COLUMNS FROM `mxh_welinst` [ RunTime:0.0130s ]
SQL: SHOW COLUMNS FROM `mxh_welinst` [ RunTime:0.0140s ]
SQL: SELECT * FROM `mxh_message` WHERE `status` = 1  [ RunTime:0.0130s ]
SQL: SELECT * FROM `mxh_welinst` WHERE `id` = 1 LIMIT 1   [ RunTime:0.0130s ]
SQL: SELECT * FROM `mxh_welinst` WHERE `id` = 4 LIMIT 1   [ RunTime:0.0130s ]
SQL: SELECT * FROM `mxh_welinst` WHERE `id` = 4 LIMIT 1   [ RunTime:0.0130s ]
SQL: SELECT * FROM `mxh_welinst` WHERE `id` = 3 LIMIT 1   [ RunTime:0.0160s ]
SQL: SELECT * FROM `mxh_welinst` WHERE `id` = 3 LIMIT 1   [ RunTime:0.0130s ]
INFO: [ view_parse ] --START--
INFO: [ template_filter ] --START--
INFO: Run Behavior\ContentReplaceBehavior [ RunTime:0.000000s ]
INFO: [ template_filter ] --END-- [ RunTime:0.000000s ]
INFO: Run Behavior\ParseTemplateBehavior [ RunTime:0.009001s ]
INFO: [ view_parse ] --END-- [ RunTime:0.009001s ]
INFO: [ view_filter ] --START--
INFO: Run Behavior\WriteHtmlCacheBehavior [ RunTime:0.001000s ]
INFO: [ view_filter ] --END-- [ RunTime:0.001000s ]
INFO: [ app_end ] --START--
INFO: Run Behavior\ShowPageTraceBehavior [ RunTime:0.000000s ]
INFO: [ app_end ] --END-- [ RunTime:0.000000s ]

[ 2017-07-29T07:21:57+08:00 ] 127.0.0.1 /VolunteerMS/index.php/Enterprise/Enterprise/servicelist.html
INFO: [ app_init ] --START--
INFO: Run Behavior\BuildLiteBehavior [ RunTime:0.000000s ]
INFO: [ app_init ] --END-- [ RunTime:0.000000s ]
INFO: [ app_begin ] --START--
INFO: Run Behavior\ReadHtmlCacheBehavior [ RunTime:0.000000s ]
INFO: [ app_begin ] --END-- [ RunTime:0.000000s ]
SQL: SHOW COLUMNS FROM `mxh_message` [ RunTime:0.0130s ]
SQL: SHOW COLUMNS FROM `mxh_message` [ RunTime:0.0130s ]
SQL: SHOW COLUMNS FROM `mxh_welinst` [ RunTime:0.0130s ]
SQL: SHOW COLUMNS FROM `mxh_welinst` [ RunTime:0.0130s ]
SQL: SELECT * FROM `mxh_message` WHERE `status` = 1  [ RunTime:0.0120s ]
SQL: SELECT * FROM `mxh_message` WHERE `id` IN ('2','4','5')  [ RunTime:0.0130s ]
SQL: SELECT * FROM `mxh_welinst` WHERE `id` = 1 LIMIT 1   [ RunTime:0.0140s ]
SQL: SELECT * FROM `mxh_welinst` WHERE `id` = 4 LIMIT 1   [ RunTime:0.0130s ]
SQL: SELECT * FROM `mxh_welinst` WHERE `id` = 3 LIMIT 1   [ RunTime:0.0130s ]
INFO: [ view_parse ] --START--
INFO: [ template_filter ] --START--
INFO: Run Behavior\ContentReplaceBehavior [ RunTime:0.000000s ]
INFO: [ template_filter ] --END-- [ RunTime:0.000000s ]
INFO: Run Behavior\ParseTemplateBehavior [ RunTime:0.005000s ]
INFO: [ view_parse ] --END-- [ RunTime:0.005000s ]
INFO: [ view_filter ] --START--
INFO: Run Behavior\WriteHtmlCacheBehavior [ RunTime:0.000000s ]
INFO: [ view_filter ] --END-- [ RunTime:0.000000s ]
INFO: [ app_end ] --START--
INFO: Run Behavior\ShowPageTraceBehavior [ RunTime:0.000000s ]
INFO: [ app_end ] --END-- [ RunTime:0.000000s ]

[ 2017-07-29T07:22:13+08:00 ] 127.0.0.1 /VolunteerMS/index.php/Enterprise/Enterprise/pendsuccess.html
INFO: [ app_init ] --START--
INFO: Run Behavior\BuildLiteBehavior [ RunTime:0.000000s ]
INFO: [ app_init ] --END-- [ RunTime:0.000000s ]
INFO: [ app_begin ] --START--
INFO: Run Behavior\ReadHtmlCacheBehavior [ RunTime:0.001000s ]
INFO: [ app_begin ] --END-- [ RunTime:0.001000s ]
SQL: SHOW COLUMNS FROM `mxh_welinst` [ RunTime:0.0130s ]
SQL: SHOW COLUMNS FROM `mxh_welinst` [ RunTime:0.0130s ]
SQL: SHOW COLUMNS FROM `mxh_message` [ RunTime:0.0130s ]
SQL: SHOW COLUMNS FROM `mxh_message` [ RunTime:0.0130s ]
SQL: SELECT * FROM `mxh_message` WHERE `status` = 2 AND `E_id` = 4  [ RunTime:0.0130s ]
SQL: SELECT * FROM `mxh_welinst` WHERE `id` = 1 LIMIT 1   [ RunTime:0.0120s ]
INFO: [ view_parse ] --START--
INFO: [ template_filter ] --START--
INFO: Run Behavior\ContentReplaceBehavior [ RunTime:0.000000s ]
INFO: [ template_filter ] --END-- [ RunTime:0.000000s ]
INFO: Run Behavior\ParseTemplateBehavior [ RunTime:0.006001s ]
INFO: [ view_parse ] --END-- [ RunTime:0.006001s ]
INFO: [ view_filter ] --START--
INFO: Run Behavior\WriteHtmlCacheBehavior [ RunTime:0.001000s ]
INFO: [ view_filter ] --END-- [ RunTime:0.001000s ]
INFO: [ app_end ] --START--
INFO: Run Behavior\ShowPageTraceBehavior [ RunTime:0.000000s ]
INFO: [ app_end ] --END-- [ RunTime:0.000000s ]

[ 2017-07-29T07:22:14+08:00 ] 127.0.0.1 /VolunteerMS/index.php/Enterprise/Enterprise/servicelist.html
INFO: [ app_init ] --START--
INFO: Run Behavior\BuildLiteBehavior [ RunTime:0.000000s ]
INFO: [ app_init ] --END-- [ RunTime:0.000000s ]
INFO: [ app_begin ] --START--
INFO: Run Behavior\ReadHtmlCacheBehavior [ RunTime:0.001000s ]
INFO: [ app_begin ] --END-- [ RunTime:0.001000s ]
SQL: SHOW COLUMNS FROM `mxh_message` [ RunTime:0.0130s ]
SQL: SHOW COLUMNS FROM `mxh_message` [ RunTime:0.0140s ]
SQL: SHOW COLUMNS FROM `mxh_welinst` [ RunTime:0.0130s ]
SQL: SHOW COLUMNS FROM `mxh_welinst` [ RunTime:0.0130s ]
SQL: SELECT * FROM `mxh_message` WHERE `status` = 1  [ RunTime:0.0130s ]
SQL: SELECT * FROM `mxh_message` WHERE `id` IN ('4','5')  [ RunTime:0.0130s ]
SQL: SELECT * FROM `mxh_welinst` WHERE `id` = 4 LIMIT 1   [ RunTime:0.0120s ]
SQL: SELECT * FROM `mxh_welinst` WHERE `id` = 3 LIMIT 1   [ RunTime:0.0120s ]
INFO: [ view_parse ] --START--
INFO: [ template_filter ] --START--
INFO: Run Behavior\ContentReplaceBehavior [ RunTime:0.000000s ]
INFO: [ template_filter ] --END-- [ RunTime:0.000000s ]
INFO: Run Behavior\ParseTemplateBehavior [ RunTime:0.005001s ]
INFO: [ view_parse ] --END-- [ RunTime:0.006001s ]
INFO: [ view_filter ] --START--
INFO: Run Behavior\WriteHtmlCacheBehavior [ RunTime:0.000000s ]
INFO: [ view_filter ] --END-- [ RunTime:0.000000s ]
INFO: [ app_end ] --START--
INFO: Run Behavior\ShowPageTraceBehavior [ RunTime:0.001000s ]
INFO: [ app_end ] --END-- [ RunTime:0.001000s ]

[ 2017-07-29T07:24:47+08:00 ] 127.0.0.1 /VolunteerMS/index.php/Enterprise/Index/index.html
INFO: [ app_init ] --START--
INFO: Run Behavior\BuildLiteBehavior [ RunTime:0.000000s ]
INFO: [ app_init ] --END-- [ RunTime:0.000000s ]
INFO: [ app_begin ] --START--
INFO: Run Behavior\ReadHtmlCacheBehavior [ RunTime:0.000000s ]
INFO: [ app_begin ] --END-- [ RunTime:0.000000s ]
INFO: [ view_parse ] --START--
INFO: [ template_filter ] --START--
INFO: Run Behavior\ContentReplaceBehavior [ RunTime:0.000000s ]
INFO: [ template_filter ] --END-- [ RunTime:0.000000s ]
INFO: Run Behavior\ParseTemplateBehavior [ RunTime:0.005000s ]
INFO: [ view_parse ] --END-- [ RunTime:0.005000s ]
INFO: [ view_filter ] --START--
INFO: Run Behavior\WriteHtmlCacheBehavior [ RunTime:0.000000s ]
INFO: [ view_filter ] --END-- [ RunTime:0.000000s ]
INFO: [ app_end ] --START--
INFO: Run Behavior\ShowPageTraceBehavior [ RunTime:0.001000s ]
INFO: [ app_end ] --END-- [ RunTime:0.001000s ]

[ 2017-07-29T07:24:47+08:00 ] 127.0.0.1 /VolunteerMS/index.php/Enterprise/Index/welcome.html
INFO: [ app_init ] --START--
INFO: Run Behavior\BuildLiteBehavior [ RunTime:0.000000s ]
INFO: [ app_init ] --END-- [ RunTime:0.000000s ]
INFO: [ app_begin ] --START--
INFO: Run Behavior\ReadHtmlCacheBehavior [ RunTime:0.001000s ]
INFO: [ app_begin ] --END-- [ RunTime:0.001000s ]
INFO: [ app_end ] --START--
INFO: Run Behavior\ShowPageTraceBehavior [ RunTime:0.001000s ]
INFO: [ app_end ] --END-- [ RunTime:0.001000s ]

[ 2017-07-29T07:24:49+08:00 ] 127.0.0.1 /VolunteerMS/index.php/Enterprise/Enterprise/servicelist.html
INFO: [ app_init ] --START--
INFO: Run Behavior\BuildLiteBehavior [ RunTime:0.000000s ]
INFO: [ app_init ] --END-- [ RunTime:0.001000s ]
INFO: [ app_begin ] --START--
INFO: Run Behavior\ReadHtmlCacheBehavior [ RunTime:0.000000s ]
INFO: [ app_begin ] --END-- [ RunTime:0.001000s ]
SQL: SHOW COLUMNS FROM `mxh_message` [ RunTime:0.0120s ]
SQL: SHOW COLUMNS FROM `mxh_message` [ RunTime:0.0120s ]
SQL: SHOW COLUMNS FROM `mxh_welinst` [ RunTime:0.0120s ]
SQL: SHOW COLUMNS FROM `mxh_welinst` [ RunTime:0.0130s ]
SQL: SELECT * FROM `mxh_message` WHERE `status` = 1  [ RunTime:0.0120s ]
SQL: SELECT * FROM `mxh_message` WHERE `id` IN ('4','5')  [ RunTime:0.0120s ]
SQL: SELECT * FROM `mxh_welinst` WHERE `id` = 4 LIMIT 1   [ RunTime:0.0120s ]
SQL: SELECT * FROM `mxh_welinst` WHERE `id` = 3 LIMIT 1   [ RunTime:0.0120s ]
INFO: [ view_parse ] --START--
INFO: [ template_filter ] --START--
INFO: Run Behavior\ContentReplaceBehavior [ RunTime:0.000000s ]
INFO: [ template_filter ] --END-- [ RunTime:0.000000s ]
INFO: Run Behavior\ParseTemplateBehavior [ RunTime:0.005000s ]
INFO: [ view_parse ] --END-- [ RunTime:0.005000s ]
INFO: [ view_filter ] --START--
INFO: Run Behavior\WriteHtmlCacheBehavior [ RunTime:0.000000s ]
INFO: [ view_filter ] --END-- [ RunTime:0.000000s ]
INFO: [ app_end ] --START--
INFO: Run Behavior\ShowPageTraceBehavior [ RunTime:0.001000s ]
INFO: [ app_end ] --END-- [ RunTime:0.001000s ]

[ 2017-07-29T07:24:51+08:00 ] 127.0.0.1 /VolunteerMS/index.php/Enterprise/Enterprise/pendsuccess.html
INFO: [ app_init ] --START--
INFO: Run Behavior\BuildLiteBehavior [ RunTime:0.000000s ]
INFO: [ app_init ] --END-- [ RunTime:0.000000s ]
INFO: [ app_begin ] --START--
INFO: Run Behavior\ReadHtmlCacheBehavior [ RunTime:0.000000s ]
INFO: [ app_begin ] --END-- [ RunTime:0.000000s ]
SQL: SHOW COLUMNS FROM `mxh_welinst` [ RunTime:0.0120s ]
SQL: SHOW COLUMNS FROM `mxh_welinst` [ RunTime:0.0130s ]
SQL: SHOW COLUMNS FROM `mxh_message` [ RunTime:0.0130s ]
SQL: SHOW COLUMNS FROM `mxh_message` [ RunTime:0.0130s ]
SQL: SELECT * FROM `mxh_message` WHERE `status` = 2 AND `E_id` = 4  [ RunTime:0.0120s ]
SQL: SELECT * FROM `mxh_welinst` WHERE `id` = 1 LIMIT 1   [ RunTime:0.0120s ]
INFO: [ view_parse ] --START--
INFO: [ template_filter ] --START--
INFO: Run Behavior\ContentReplaceBehavior [ RunTime:0.000000s ]
INFO: [ template_filter ] --END-- [ RunTime:0.000000s ]
INFO: Run Behavior\ParseTemplateBehavior [ RunTime:0.005000s ]
INFO: [ view_parse ] --END-- [ RunTime:0.005000s ]
INFO: [ view_filter ] --START--
INFO: Run Behavior\WriteHtmlCacheBehavior [ RunTime:0.001000s ]
INFO: [ view_filter ] --END-- [ RunTime:0.001000s ]
INFO: [ app_end ] --START--
INFO: Run Behavior\ShowPageTraceBehavior [ RunTime:0.000000s ]
INFO: [ app_end ] --END-- [ RunTime:0.000000s ]

[ 2017-07-29T07:25:00+08:00 ] 127.0.0.1 /VolunteerMS/index.php/Enterprise/User/logout.html
INFO: [ app_init ] --START--
INFO: Run Behavior\BuildLiteBehavior [ RunTime:0.000000s ]
INFO: [ app_init ] --END-- [ RunTime:0.000000s ]
INFO: [ app_begin ] --START--
INFO: Run Behavior\ReadHtmlCacheBehavior [ RunTime:0.000000s ]
INFO: [ app_begin ] --END-- [ RunTime:0.000000s ]

[ 2017-07-29T07:25:00+08:00 ] 127.0.0.1 /VolunteerMS/index.php/Enterprise/User/login.html
INFO: [ app_init ] --START--
INFO: Run Behavior\BuildLiteBehavior [ RunTime:0.000000s ]
INFO: [ app_init ] --END-- [ RunTime:0.000000s ]
INFO: [ app_begin ] --START--
INFO: Run Behavior\ReadHtmlCacheBehavior [ RunTime:0.000000s ]
INFO: [ app_begin ] --END-- [ RunTime:0.000000s ]
INFO: [ view_parse ] --START--
INFO: [ template_filter ] --START--
INFO: Run Behavior\ContentReplaceBehavior [ RunTime:0.000000s ]
INFO: [ template_filter ] --END-- [ RunTime:0.000000s ]
INFO: Run Behavior\ParseTemplateBehavior [ RunTime:0.003001s ]
INFO: [ view_parse ] --END-- [ RunTime:0.003001s ]
INFO: [ view_filter ] --START--
INFO: Run Behavior\WriteHtmlCacheBehavior [ RunTime:0.000000s ]
INFO: [ view_filter ] --END-- [ RunTime:0.000000s ]
INFO: [ app_end ] --START--
INFO: Run Behavior\ShowPageTraceBehavior [ RunTime:0.001000s ]
INFO: [ app_end ] --END-- [ RunTime:0.001000s ]

[ 2017-07-29T07:26:27+08:00 ] 127.0.0.1 /VolunteerMS/index.php/Enterprise/enterprise/welinfo.html?id=3
INFO: [ app_init ] --START--
INFO: Run Behavior\BuildLiteBehavior [ RunTime:0.000000s ]
INFO: [ app_init ] --END-- [ RunTime:0.000000s ]
INFO: [ app_begin ] --START--
INFO: Run Behavior\ReadHtmlCacheBehavior [ RunTime:0.000000s ]
INFO: [ app_begin ] --END-- [ RunTime:0.000000s ]
SQL: SHOW COLUMNS FROM `mxh_message` [ RunTime:0.0156s ]
SQL: SHOW COLUMNS FROM `mxh_message` [ RunTime:0.0156s ]
SQL: SELECT * FROM `mxh_message` WHERE `id` = 3 LIMIT 1   [ RunTime:0.0156s ]

[ 2017-07-29T07:26:30+08:00 ] 127.0.0.1 /VolunteerMS/index.php/Enterprise/enterprise/welinfo.html?id=4
INFO: [ app_init ] --START--
INFO: Run Behavior\BuildLiteBehavior [ RunTime:0.000000s ]
INFO: [ app_init ] --END-- [ RunTime:0.000000s ]
INFO: [ app_begin ] --START--
INFO: Run Behavior\ReadHtmlCacheBehavior [ RunTime:0.000000s ]
INFO: [ app_begin ] --END-- [ RunTime:0.000000s ]
SQL: SHOW COLUMNS FROM `mxh_message` [ RunTime:0.0156s ]
SQL: SHOW COLUMNS FROM `mxh_message` [ RunTime:0.0156s ]
SQL: SELECT * FROM `mxh_message` WHERE `id` = 4 LIMIT 1   [ RunTime:0.0156s ]

[ 2017-07-29T08:26:18+08:00 ] 127.0.0.1 /VolunteerMS/index.php/Enterprise/Index/index.html
INFO: [ app_init ] --START--
INFO: Run Behavior\BuildLiteBehavior [ RunTime:0.000061s ]
INFO: [ app_init ] --END-- [ RunTime:0.000926s ]
INFO: [ app_begin ] --START--
INFO: Run Behavior\ReadHtmlCacheBehavior [ RunTime:0.001019s ]
INFO: [ app_begin ] --END-- [ RunTime:0.001319s ]
INFO: [ view_parse ] --START--
INFO: [ template_filter ] --START--
INFO: Run Behavior\ContentReplaceBehavior [ RunTime:0.000163s ]
INFO: [ template_filter ] --END-- [ RunTime:0.000454s ]
INFO: Run Behavior\ParseTemplateBehavior [ RunTime:0.197978s ]
INFO: [ view_parse ] --END-- [ RunTime:0.198300s ]
INFO: [ view_filter ] --START--
INFO: Run Behavior\WriteHtmlCacheBehavior [ RunTime:0.000909s ]
INFO: [ view_filter ] --END-- [ RunTime:0.001190s ]

[ 2017-07-29T08:56:27+08:00 ] 127.0.0.1 /VolunteerMS/index.php/Enterprise/Index/index.html
INFO: [ app_init ] --START--
INFO: Run Behavior\BuildLiteBehavior [ RunTime:0.000063s ]
INFO: [ app_init ] --END-- [ RunTime:0.014959s ]
INFO: [ app_begin ] --START--
INFO: Run Behavior\ReadHtmlCacheBehavior [ RunTime:0.001460s ]
INFO: [ app_begin ] --END-- [ RunTime:0.001854s ]
INFO: [ view_parse ] --START--
INFO: [ template_filter ] --START--
INFO: Run Behavior\ContentReplaceBehavior [ RunTime:0.000198s ]
INFO: [ template_filter ] --END-- [ RunTime:0.000496s ]
INFO: Run Behavior\ParseTemplateBehavior [ RunTime:0.067396s ]
INFO: [ view_parse ] --END-- [ RunTime:0.067749s ]
INFO: [ view_filter ] --START--
INFO: Run Behavior\WriteHtmlCacheBehavior [ RunTime:0.005742s ]
INFO: [ view_filter ] --END-- [ RunTime:0.006042s ]

[ 2017-07-29T08:56:52+08:00 ] 127.0.0.1 /VolunteerMS/index.php/Enterprise/Index/index.html
INFO: [ app_init ] --START--
INFO: Run Behavior\BuildLiteBehavior [ RunTime:0.000101s ]
INFO: [ app_init ] --END-- [ RunTime:0.002100s ]
INFO: [ app_begin ] --START--
INFO: Run Behavior\ReadHtmlCacheBehavior [ RunTime:0.002085s ]
INFO: [ app_begin ] --END-- [ RunTime:0.002441s ]
INFO: [ view_parse ] --START--
INFO: [ template_filter ] --START--
INFO: Run Behavior\ContentReplaceBehavior [ RunTime:0.000173s ]
INFO: [ template_filter ] --END-- [ RunTime:0.000521s ]
INFO: Run Behavior\ParseTemplateBehavior [ RunTime:0.024542s ]
INFO: [ view_parse ] --END-- [ RunTime:0.024873s ]
INFO: [ view_filter ] --START--
INFO: Run Behavior\WriteHtmlCacheBehavior [ RunTime:0.000602s ]
INFO: [ view_filter ] --END-- [ RunTime:0.000879s ]

[ 2017-07-29T08:57:45+08:00 ] 127.0.0.1 /VolunteerMS/index.php/Enterprise/Index/index.html
INFO: [ app_init ] --START--
INFO: Run Behavior\BuildLiteBehavior [ RunTime:0.000948s ]
INFO: [ app_init ] --END-- [ RunTime:0.002007s ]
INFO: [ app_begin ] --START--
INFO: Run Behavior\ReadHtmlCacheBehavior [ RunTime:0.002593s ]
INFO: [ app_begin ] --END-- [ RunTime:0.002957s ]
INFO: [ view_parse ] --START--
INFO: [ template_filter ] --START--
INFO: Run Behavior\ContentReplaceBehavior [ RunTime:0.000206s ]
INFO: [ template_filter ] --END-- [ RunTime:0.001381s ]
INFO: Run Behavior\ParseTemplateBehavior [ RunTime:0.101573s ]
INFO: [ view_parse ] --END-- [ RunTime:0.101926s ]
INFO: [ view_filter ] --START--
INFO: Run Behavior\WriteHtmlCacheBehavior [ RunTime:0.000719s ]
INFO: [ view_filter ] --END-- [ RunTime:0.000994s ]

[ 2017-07-29T08:57:48+08:00 ] 127.0.0.1 /VolunteerMS/index.php/Enterprise/Index/user/login
INFO: [ app_init ] --START--
INFO: Run Behavior\BuildLiteBehavior [ RunTime:0.000058s ]
INFO: [ app_init ] --END-- [ RunTime:0.000894s ]
INFO: [ app_begin ] --START--
INFO: Run Behavior\ReadHtmlCacheBehavior [ RunTime:0.001216s ]
INFO: [ app_begin ] --END-- [ RunTime:0.001522s ]
ERR: 非法操作:user

[ 2017-07-29T08:58:15+08:00 ] 127.0.0.1 /VolunteerMS/index.php/Enterprise/Index/index.html
INFO: [ app_init ] --START--
INFO: Run Behavior\BuildLiteBehavior [ RunTime:0.000064s ]
INFO: [ app_init ] --END-- [ RunTime:0.070387s ]
INFO: [ app_begin ] --START--
INFO: Run Behavior\ReadHtmlCacheBehavior [ RunTime:0.017592s ]
INFO: [ app_begin ] --END-- [ RunTime:0.017918s ]
INFO: [ view_parse ] --START--
INFO: [ template_filter ] --START--
INFO: Run Behavior\ContentReplaceBehavior [ RunTime:0.010525s ]
INFO: [ template_filter ] --END-- [ RunTime:0.010879s ]
INFO: Run Behavior\ParseTemplateBehavior [ RunTime:0.113300s ]
INFO: [ view_parse ] --END-- [ RunTime:0.113628s ]
INFO: [ view_filter ] --START--
INFO: Run Behavior\WriteHtmlCacheBehavior [ RunTime:0.014228s ]
INFO: [ view_filter ] --END-- [ RunTime:0.014655s ]

[ 2017-07-29T08:58:18+08:00 ] 127.0.0.1 /VolunteerMS/index.php/Enterprise/Index/User/user/login
INFO: [ app_init ] --START--
INFO: Run Behavior\BuildLiteBehavior [ RunTime:0.000059s ]
INFO: [ app_init ] --END-- [ RunTime:0.001008s ]
INFO: [ app_begin ] --START--
INFO: Run Behavior\ReadHtmlCacheBehavior [ RunTime:0.003137s ]
INFO: [ app_begin ] --END-- [ RunTime:0.014369s ]
ERR: 非法操作:User

[ 2017-07-29T08:58:47+08:00 ] 127.0.0.1 /VolunteerMS/index.php/Enterprise/Index/index.html
INFO: [ app_init ] --START--
INFO: Run Behavior\BuildLiteBehavior [ RunTime:0.000495s ]
INFO: [ app_init ] --END-- [ RunTime:0.037179s ]
INFO: [ app_begin ] --START--
INFO: Run Behavior\ReadHtmlCacheBehavior [ RunTime:0.012555s ]
INFO: [ app_begin ] --END-- [ RunTime:0.012882s ]
INFO: [ view_parse ] --START--
INFO: [ template_filter ] --START--
INFO: Run Behavior\ContentReplaceBehavior [ RunTime:0.009559s ]
INFO: [ template_filter ] --END-- [ RunTime:0.009936s ]
INFO: Run Behavior\ParseTemplateBehavior [ RunTime:0.114214s ]
INFO: [ view_parse ] --END-- [ RunTime:0.114525s ]
INFO: [ view_filter ] --START--
INFO: Run Behavior\WriteHtmlCacheBehavior [ RunTime:0.008745s ]
INFO: [ view_filter ] --END-- [ RunTime:0.009144s ]

[ 2017-07-29T08:58:51+08:00 ] 127.0.0.1 /VolunteerMS/index.php/Enterprise/user/login.html
INFO: [ app_init ] --START--
INFO: Run Behavior\BuildLiteBehavior [ RunTime:0.000062s ]
INFO: [ app_init ] --END-- [ RunTime:0.004039s ]
INFO: [ app_begin ] --START--
INFO: Run Behavior\ReadHtmlCacheBehavior [ RunTime:0.002340s ]
INFO: [ app_begin ] --END-- [ RunTime:0.002650s ]
INFO: [ view_parse ] --START--
INFO: [ template_filter ] --START--
INFO: Run Behavior\ContentReplaceBehavior [ RunTime:0.000186s ]
INFO: [ template_filter ] --END-- [ RunTime:0.000529s ]
INFO: Run Behavior\ParseTemplateBehavior [ RunTime:0.106380s ]
INFO: [ view_parse ] --END-- [ RunTime:0.106736s ]
INFO: [ view_filter ] --START--
INFO: Run Behavior\WriteHtmlCacheBehavior [ RunTime:0.010423s ]
INFO: [ view_filter ] --END-- [ RunTime:0.010733s ]
INFO: [ app_end ] --START--
INFO: Run Behavior\ShowPageTraceBehavior [ RunTime:0.005977s ]
INFO: [ app_end ] --END-- [ RunTime:0.006281s ]

[ 2017-07-29T09:00:19+08:00 ] 127.0.0.1 /VolunteerMS/index.php/Enterprise/user/login.html
INFO: [ app_init ] --START--
INFO: Run Behavior\BuildLiteBehavior [ RunTime:0.000104s ]
INFO: [ app_init ] --END-- [ RunTime:0.035211s ]
INFO: [ app_begin ] --START--
INFO: Run Behavior\ReadHtmlCacheBehavior [ RunTime:0.010238s ]
INFO: [ app_begin ] --END-- [ RunTime:0.011527s ]
INFO: [ view_parse ] --START--
INFO: [ template_filter ] --START--
INFO: Run Behavior\ContentReplaceBehavior [ RunTime:0.013776s ]
INFO: [ template_filter ] --END-- [ RunTime:0.019518s ]
INFO: Run Behavior\ParseTemplateBehavior [ RunTime:0.188914s ]
INFO: [ view_parse ] --END-- [ RunTime:0.189274s ]
INFO: [ view_filter ] --START--
INFO: Run Behavior\WriteHtmlCacheBehavior [ RunTime:0.012062s ]
INFO: [ view_filter ] --END-- [ RunTime:0.012359s ]
INFO: [ app_end ] --START--
INFO: Run Behavior\ShowPageTraceBehavior [ RunTime:0.004096s ]
INFO: [ app_end ] --END-- [ RunTime:0.010479s ]

[ 2017-07-29T09:00:22+08:00 ] 127.0.0.1 /VolunteerMS/index.php/Enterprise/User/register.html
INFO: [ app_init ] --START--
INFO: Run Behavior\BuildLiteBehavior [ RunTime:0.000069s ]
INFO: [ app_init ] --END-- [ RunTime:0.001145s ]
INFO: [ app_begin ] --START--
INFO: Run Behavior\ReadHtmlCacheBehavior [ RunTime:0.001960s ]
INFO: [ app_begin ] --END-- [ RunTime:0.002268s ]
INFO: [ view_parse ] --START--
INFO: [ template_filter ] --START--
INFO: Run Behavior\ContentReplaceBehavior [ RunTime:0.000236s ]
INFO: [ template_filter ] --END-- [ RunTime:0.000537s ]
INFO: Run Behavior\ParseTemplateBehavior [ RunTime:0.163250s ]
INFO: [ view_parse ] --END-- [ RunTime:0.163645s ]
INFO: [ view_filter ] --START--
INFO: Run Behavior\WriteHtmlCacheBehavior [ RunTime:0.000593s ]
INFO: [ view_filter ] --END-- [ RunTime:0.000861s ]
INFO: [ app_end ] --START--
INFO: Run Behavior\ShowPageTraceBehavior [ RunTime:0.001158s ]
INFO: [ app_end ] --END-- [ RunTime:0.001439s ]

[ 2017-07-29T09:00:54+08:00 ] 127.0.0.1 /VolunteerMS/index.php/Enterprise/User/register.html
INFO: [ app_init ] --START--
INFO: Run Behavior\BuildLiteBehavior [ RunTime:0.000064s ]
INFO: [ app_init ] --END-- [ RunTime:0.013295s ]
INFO: [ app_begin ] --START--
INFO: Run Behavior\ReadHtmlCacheBehavior [ RunTime:0.001216s ]
INFO: [ app_begin ] --END-- [ RunTime:0.001529s ]
NOTIC: [2] call_user_func() expects parameter 1 to be a valid callback, no array or string given E:\wamp64\www\volunteer\ThinkPHP\Library\Think\Upload.class.php 第 168 行.
SQL: SHOW COLUMNS FROM `mxh_enterprise` [ RunTime:0.0147s ]
SQL: SHOW COLUMNS FROM `mxh_enterprise` [ RunTime:0.0140s ]
SQL: SELECT * FROM `mxh_enterprise` WHERE `name` = '7-29-2' LIMIT 1   [ RunTime:0.0140s ]
SQL: SHOW COLUMNS FROM `mxh_enterprise` [ RunTime:0.0141s ]
SQL: INSERT INTO `mxh_enterprise` (`license`,`name`,`password`,`code`,`property`,`location`,`legal_representative`,`create_time`) VALUES ('/Public/upload/license/2017-07-29/597bde45955f9.jpg','7-29-2','85a917ec16f9406e793b6c03183cf152','34763','SOE','sad','asd','1501290053') [ RunTime:0.0159s ]
SQL: select name,password,property,location,legal_representative from mxh_enterprise where id =6 [ RunTime:0.0134s ]
INFO: [ view_parse ] --START--
INFO: [ template_filter ] --START--
INFO: Run Behavior\ContentReplaceBehavior [ RunTime:0.000162s ]
INFO: [ template_filter ] --END-- [ RunTime:0.000459s ]
INFO: Run Behavior\ParseTemplateBehavior [ RunTime:0.073300s ]
INFO: [ view_parse ] --END-- [ RunTime:0.073607s ]
INFO: [ view_filter ] --START--
INFO: Run Behavior\WriteHtmlCacheBehavior [ RunTime:0.009640s ]
INFO: [ view_filter ] --END-- [ RunTime:0.009929s ]
INFO: [ app_end ] --START--
INFO: Run Behavior\ShowPageTraceBehavior [ RunTime:0.002174s ]
INFO: [ app_end ] --END-- [ RunTime:0.002531s ]

[ 2017-07-29T09:00:55+08:00 ] 127.0.0.1 /VolunteerMS/index.php/Enterprise/User/login.html
INFO: [ app_init ] --START--
INFO: Run Behavior\BuildLiteBehavior [ RunTime:0.000057s ]
INFO: [ app_init ] --END-- [ RunTime:0.001208s ]
INFO: [ app_begin ] --START--
INFO: Run Behavior\ReadHtmlCacheBehavior [ RunTime:0.001800s ]
INFO: [ app_begin ] --END-- [ RunTime:0.002092s ]
INFO: [ view_parse ] --START--
INFO: [ template_filter ] --START--
INFO: Run Behavior\ContentReplaceBehavior [ RunTime:0.000194s ]
INFO: [ template_filter ] --END-- [ RunTime:0.000493s ]
INFO: Run Behavior\ParseTemplateBehavior [ RunTime:0.081975s ]
INFO: [ view_parse ] --END-- [ RunTime:0.082316s ]
INFO: [ view_filter ] --START--
INFO: Run Behavior\WriteHtmlCacheBehavior [ RunTime:0.001813s ]
INFO: [ view_filter ] --END-- [ RunTime:0.002101s ]
INFO: [ app_end ] --START--
INFO: Run Behavior\ShowPageTraceBehavior [ RunTime:0.002162s ]
INFO: [ app_end ] --END-- [ RunTime:0.002561s ]

[ 2017-07-29T09:00:58+08:00 ] 127.0.0.1 /VolunteerMS/index.php/Enterprise/User/login.html
INFO: [ app_init ] --START--
INFO: Run Behavior\BuildLiteBehavior [ RunTime:0.000063s ]
INFO: [ app_init ] --END-- [ RunTime:0.001261s ]
INFO: [ app_begin ] --START--
INFO: Run Behavior\ReadHtmlCacheBehavior [ RunTime:0.005218s ]
INFO: [ app_begin ] --END-- [ RunTime:0.005525s ]
SQL: SHOW COLUMNS FROM `mxh_enterprise` [ RunTime:0.0137s ]
SQL: SHOW COLUMNS FROM `mxh_enterprise` [ RunTime:0.0138s ]
SQL: SELECT * FROM `mxh_enterprise` WHERE `name` = '7-29-2' LIMIT 1   [ RunTime:0.0138s ]
SQL: select *from mxh_enterprise where name = '7-29-2' [ RunTime:0.0134s ]
INFO: [ view_parse ] --START--
INFO: [ template_filter ] --START--
INFO: Run Behavior\ContentReplaceBehavior [ RunTime:0.000163s ]
INFO: [ template_filter ] --END-- [ RunTime:0.000457s ]
INFO: Run Behavior\ParseTemplateBehavior [ RunTime:0.024211s ]
INFO: [ view_parse ] --END-- [ RunTime:0.024551s ]
INFO: [ view_filter ] --START--
INFO: Run Behavior\WriteHtmlCacheBehavior [ RunTime:0.002735s ]
INFO: [ view_filter ] --END-- [ RunTime:0.003028s ]
INFO: [ app_end ] --START--
INFO: Run Behavior\ShowPageTraceBehavior [ RunTime:0.002017s ]
INFO: [ app_end ] --END-- [ RunTime:0.002317s ]

[ 2017-07-29T09:00:59+08:00 ] 127.0.0.1 /VolunteerMS/index.php/Enterprise/Index/index.html
INFO: [ app_init ] --START--
INFO: Run Behavior\BuildLiteBehavior [ RunTime:0.000058s ]
INFO: [ app_init ] --END-- [ RunTime:0.001166s ]
INFO: [ app_begin ] --START--
INFO: Run Behavior\ReadHtmlCacheBehavior [ RunTime:0.001779s ]
INFO: [ app_begin ] --END-- [ RunTime:0.002068s ]
INFO: [ view_parse ] --START--
INFO: [ template_filter ] --START--
INFO: Run Behavior\ContentReplaceBehavior [ RunTime:0.000292s ]
INFO: [ template_filter ] --END-- [ RunTime:0.000588s ]
INFO: Run Behavior\ParseTemplateBehavior [ RunTime:0.305951s ]
INFO: [ view_parse ] --END-- [ RunTime:0.306268s ]
INFO: [ view_filter ] --START--
INFO: Run Behavior\WriteHtmlCacheBehavior [ RunTime:0.001665s ]
INFO: [ view_filter ] --END-- [ RunTime:0.001941s ]
INFO: [ app_end ] --START--
INFO: Run Behavior\ShowPageTraceBehavior [ RunTime:0.007128s ]
INFO: [ app_end ] --END-- [ RunTime:0.035027s ]

[ 2017-07-29T09:00:59+08:00 ] 127.0.0.1 /VolunteerMS/index.php/Enterprise/Index/welcome.html
INFO: [ app_init ] --START--
INFO: Run Behavior\BuildLiteBehavior [ RunTime:0.000062s ]
INFO: [ app_init ] --END-- [ RunTime:0.001349s ]
INFO: [ app_begin ] --START--
INFO: Run Behavior\ReadHtmlCacheBehavior [ RunTime:0.001205s ]
INFO: [ app_begin ] --END-- [ RunTime:0.001513s ]
INFO: [ app_end ] --START--
INFO: Run Behavior\ShowPageTraceBehavior [ RunTime:0.002701s ]
INFO: [ app_end ] --END-- [ RunTime:0.003073s ]

[ 2017-07-29T09:01:19+08:00 ] 127.0.0.1 /VolunteerMS/index.php/Enterprise/Enterprise/showlist.html
INFO: [ app_init ] --START--
INFO: Run Behavior\BuildLiteBehavior [ RunTime:0.000059s ]
INFO: [ app_init ] --END-- [ RunTime:0.001103s ]
INFO: [ app_begin ] --START--
INFO: Run Behavior\ReadHtmlCacheBehavior [ RunTime:0.001518s ]
INFO: [ app_begin ] --END-- [ RunTime:0.002292s ]
SQL: SHOW COLUMNS FROM `mxh_message` [ RunTime:0.0171s ]
SQL: SHOW COLUMNS FROM `mxh_message` [ RunTime:0.0130s ]
SQL: SHOW COLUMNS FROM `mxh_welinst` [ RunTime:0.0130s ]
SQL: SHOW COLUMNS FROM `mxh_welinst` [ RunTime:0.0139s ]
SQL: SELECT * FROM `mxh_message` WHERE `status` = 1  [ RunTime:0.0130s ]
SQL: SELECT * FROM `mxh_welinst` WHERE `id` = 4 LIMIT 1   [ RunTime:0.0181s ]
SQL: SELECT * FROM `mxh_welinst` WHERE `id` = 3 LIMIT 1   [ RunTime:0.0131s ]
SQL: SELECT * FROM `mxh_welinst` WHERE `id` = 3 LIMIT 1   [ RunTime:0.0131s ]
SQL: SELECT * FROM `mxh_welinst` WHERE `id` = 7 LIMIT 1   [ RunTime:0.0196s ]
INFO: [ view_parse ] --START--
INFO: [ template_filter ] --START--
INFO: Run Behavior\ContentReplaceBehavior [ RunTime:0.000253s ]
INFO: [ template_filter ] --END-- [ RunTime:0.000560s ]
INFO: Run Behavior\ParseTemplateBehavior [ RunTime:0.165982s ]
INFO: [ view_parse ] --END-- [ RunTime:0.166298s ]
INFO: [ view_filter ] --START--
INFO: Run Behavior\WriteHtmlCacheBehavior [ RunTime:0.000901s ]
INFO: [ view_filter ] --END-- [ RunTime:0.001869s ]
INFO: [ app_end ] --START--
INFO: Run Behavior\ShowPageTraceBehavior [ RunTime:0.031400s ]
INFO: [ app_end ] --END-- [ RunTime:0.032104s ]

[ 2017-07-29T09:01:23+08:00 ] 127.0.0.1 /VolunteerMS/index.php/Enterprise/enterprise/app/mes_id/7/ent_id/6.html
INFO: [ app_init ] --START--
INFO: Run Behavior\BuildLiteBehavior [ RunTime:0.000060s ]
INFO: [ app_init ] --END-- [ RunTime:0.000968s ]
INFO: [ app_begin ] --START--
INFO: Run Behavior\ReadHtmlCacheBehavior [ RunTime:0.001001s ]
INFO: [ app_begin ] --END-- [ RunTime:0.001310s ]
SQL: SHOW COLUMNS FROM `mxh_message` [ RunTime:0.0137s ]
SQL: SHOW COLUMNS FROM `mxh_message` [ RunTime:0.0140s ]
SQL: SELECT * FROM `mxh_message` WHERE `status` = 1 AND `id` = 7 LIMIT 1   [ RunTime:0.0134s ]
SQL: UPDATE `mxh_message` SET `App_ids`='6' WHERE `id` = 7 [ RunTime:0.0144s ]
INFO: [ view_parse ] --START--
INFO: [ template_filter ] --START--
INFO: Run Behavior\ContentReplaceBehavior [ RunTime:0.000160s ]
INFO: [ template_filter ] --END-- [ RunTime:0.000454s ]
INFO: Run Behavior\ParseTemplateBehavior [ RunTime:0.022640s ]
INFO: [ view_parse ] --END-- [ RunTime:0.022984s ]
INFO: [ view_filter ] --START--
INFO: Run Behavior\WriteHtmlCacheBehavior [ RunTime:0.001182s ]
INFO: [ view_filter ] --END-- [ RunTime:0.001575s ]
INFO: [ app_end ] --START--
INFO: Run Behavior\ShowPageTraceBehavior [ RunTime:0.001060s ]
INFO: [ app_end ] --END-- [ RunTime:0.001353s ]

[ 2017-07-29T09:01:25+08:00 ] 127.0.0.1 /VolunteerMS/index.php/Enterprise/Enterprise/showlist.html
INFO: [ app_init ] --START--
INFO: Run Behavior\BuildLiteBehavior [ RunTime:0.000059s ]
INFO: [ app_init ] --END-- [ RunTime:0.001144s ]
INFO: [ app_begin ] --START--
INFO: Run Behavior\ReadHtmlCacheBehavior [ RunTime:0.001294s ]
INFO: [ app_begin ] --END-- [ RunTime:0.001630s ]
SQL: SHOW COLUMNS FROM `mxh_message` [ RunTime:0.0135s ]
SQL: SHOW COLUMNS FROM `mxh_message` [ RunTime:0.0135s ]
SQL: SHOW COLUMNS FROM `mxh_welinst` [ RunTime:0.0135s ]
SQL: SHOW COLUMNS FROM `mxh_welinst` [ RunTime:0.0138s ]
SQL: SELECT * FROM `mxh_message` WHERE `status` = 1  [ RunTime:0.0133s ]
SQL: SELECT * FROM `mxh_welinst` WHERE `id` = 4 LIMIT 1   [ RunTime:0.0157s ]
SQL: SELECT * FROM `mxh_welinst` WHERE `id` = 3 LIMIT 1   [ RunTime:0.0132s ]
SQL: SELECT * FROM `mxh_welinst` WHERE `id` = 3 LIMIT 1   [ RunTime:0.0131s ]
SQL: SELECT * FROM `mxh_welinst` WHERE `id` = 7 LIMIT 1   [ RunTime:0.0131s ]
INFO: [ view_parse ] --START--
INFO: [ template_filter ] --START--
INFO: Run Behavior\ContentReplaceBehavior [ RunTime:0.000245s ]
INFO: [ template_filter ] --END-- [ RunTime:0.000550s ]
INFO: Run Behavior\ParseTemplateBehavior [ RunTime:0.039024s ]
INFO: [ view_parse ] --END-- [ RunTime:0.039346s ]
INFO: [ view_filter ] --START--
INFO: Run Behavior\WriteHtmlCacheBehavior [ RunTime:0.002985s ]
INFO: [ view_filter ] --END-- [ RunTime:0.003280s ]
INFO: [ app_end ] --START--
INFO: Run Behavior\ShowPageTraceBehavior [ RunTime:0.002202s ]
INFO: [ app_end ] --END-- [ RunTime:0.002873s ]

[ 2017-07-29T09:01:28+08:00 ] 127.0.0.1 /VolunteerMS/index.php/Enterprise/Enterprise/servicelist.html
INFO: [ app_init ] --START--
INFO: Run Behavior\BuildLiteBehavior [ RunTime:0.000061s ]
INFO: [ app_init ] --END-- [ RunTime:0.001327s ]
INFO: [ app_begin ] --START--
INFO: Run Behavior\ReadHtmlCacheBehavior [ RunTime:0.001021s ]
INFO: [ app_begin ] --END-- [ RunTime:0.001326s ]
SQL: SHOW COLUMNS FROM `mxh_message` [ RunTime:0.9124s ]
SQL: SHOW COLUMNS FROM `mxh_message` [ RunTime:0.0152s ]
SQL: SHOW COLUMNS FROM `mxh_welinst` [ RunTime:0.3119s ]
SQL: SHOW COLUMNS FROM `mxh_welinst` [ RunTime:0.0126s ]
SQL: SELECT * FROM `mxh_message` WHERE `status` = 1  [ RunTime:0.0120s ]
SQL: SELECT * FROM `mxh_message` WHERE `id` IN ('7')  [ RunTime:0.0119s ]
SQL: SELECT * FROM `mxh_welinst` WHERE `id` = 7 LIMIT 1   [ RunTime:0.0122s ]
INFO: [ view_parse ] --START--
INFO: [ template_filter ] --START--
INFO: Run Behavior\ContentReplaceBehavior [ RunTime:0.000239s ]
INFO: [ template_filter ] --END-- [ RunTime:0.000527s ]
INFO: Run Behavior\ParseTemplateBehavior [ RunTime:0.199590s ]
INFO: [ view_parse ] --END-- [ RunTime:0.199899s ]
INFO: [ view_filter ] --START--
INFO: Run Behavior\WriteHtmlCacheBehavior [ RunTime:0.000807s ]
INFO: [ view_filter ] --END-- [ RunTime:0.001077s ]
INFO: [ app_end ] --START--
INFO: Run Behavior\ShowPageTraceBehavior [ RunTime:0.000899s ]
INFO: [ app_end ] --END-- [ RunTime:0.001992s ]

[ 2017-07-29T09:01:30+08:00 ] 127.0.0.1 /VolunteerMS/index.php/Enterprise/Enterprise/pendsuccess.html
INFO: [ app_init ] --START--
INFO: Run Behavior\BuildLiteBehavior [ RunTime:0.000058s ]
INFO: [ app_init ] --END-- [ RunTime:0.000891s ]
INFO: [ app_begin ] --START--
INFO: Run Behavior\ReadHtmlCacheBehavior [ RunTime:0.001299s ]
INFO: [ app_begin ] --END-- [ RunTime:0.001970s ]
SQL: SHOW COLUMNS FROM `mxh_welinst` [ RunTime:0.0140s ]
SQL: SHOW COLUMNS FROM `mxh_welinst` [ RunTime:0.0132s ]
SQL: SHOW COLUMNS FROM `mxh_message` [ RunTime:0.0141s ]
SQL: SHOW COLUMNS FROM `mxh_message` [ RunTime:0.0131s ]
SQL: SELECT * FROM `mxh_message` WHERE `status` = 2 AND `E_id` = 6  [ RunTime:0.0129s ]
INFO: [ view_parse ] --START--
INFO: [ template_filter ] --START--
INFO: Run Behavior\ContentReplaceBehavior [ RunTime:0.000266s ]
INFO: [ template_filter ] --END-- [ RunTime:0.000562s ]
INFO: Run Behavior\ParseTemplateBehavior [ RunTime:0.044523s ]
INFO: [ view_parse ] --END-- [ RunTime:0.044846s ]
INFO: [ view_filter ] --START--
INFO: Run Behavior\WriteHtmlCacheBehavior [ RunTime:0.000856s ]
INFO: [ view_filter ] --END-- [ RunTime:0.001134s ]
INFO: [ app_end ] --START--
INFO: Run Behavior\ShowPageTraceBehavior [ RunTime:0.001268s ]
INFO: [ app_end ] --END-- [ RunTime:0.001619s ]

[ 2017-07-29T09:01:51+08:00 ] 127.0.0.1 /VolunteerMS/index.php/Enterprise/Enterprise/pendsuccess.html
INFO: [ app_init ] --START--
INFO: Run Behavior\BuildLiteBehavior [ RunTime:0.000061s ]
INFO: [ app_init ] --END-- [ RunTime:0.001067s ]
INFO: [ app_begin ] --START--
INFO: Run Behavior\ReadHtmlCacheBehavior [ RunTime:0.001281s ]
INFO: [ app_begin ] --END-- [ RunTime:0.001618s ]
SQL: SHOW COLUMNS FROM `mxh_welinst` [ RunTime:0.0138s ]
SQL: SHOW COLUMNS FROM `mxh_welinst` [ RunTime:0.3150s ]
SQL: SHOW COLUMNS FROM `mxh_message` [ RunTime:0.0137s ]
SQL: SHOW COLUMNS FROM `mxh_message` [ RunTime:0.0136s ]
SQL: SELECT * FROM `mxh_message` WHERE `status` = 2 AND `E_id` = 6  [ RunTime:0.0143s ]
SQL: SELECT * FROM `mxh_welinst` WHERE `id` = 7 LIMIT 1   [ RunTime:0.0133s ]
INFO: [ view_parse ] --START--
INFO: [ template_filter ] --START--
INFO: Run Behavior\ContentReplaceBehavior [ RunTime:0.000239s ]
INFO: [ template_filter ] --END-- [ RunTime:0.000526s ]
INFO: Run Behavior\ParseTemplateBehavior [ RunTime:0.033770s ]
INFO: [ view_parse ] --END-- [ RunTime:0.034154s ]
INFO: [ view_filter ] --START--
INFO: Run Behavior\WriteHtmlCacheBehavior [ RunTime:0.001000s ]
INFO: [ view_filter ] --END-- [ RunTime:0.001283s ]
INFO: [ app_end ] --START--
INFO: Run Behavior\ShowPageTraceBehavior [ RunTime:0.001023s ]
INFO: [ app_end ] --END-- [ RunTime:0.001309s ]

[ 2017-07-29T09:01:52+08:00 ] 127.0.0.1 /VolunteerMS/index.php/Enterprise/Enterprise/servicelist.html
INFO: [ app_init ] --START--
INFO: Run Behavior\BuildLiteBehavior [ RunTime:0.000058s ]
INFO: [ app_init ] --END-- [ RunTime:0.000891s ]
INFO: [ app_begin ] --START--
INFO: Run Behavior\ReadHtmlCacheBehavior [ RunTime:0.000945s ]
INFO: [ app_begin ] --END-- [ RunTime:0.001227s ]
SQL: SHOW COLUMNS FROM `mxh_message` [ RunTime:0.0125s ]
SQL: SHOW COLUMNS FROM `mxh_message` [ RunTime:0.0125s ]
SQL: SHOW COLUMNS FROM `mxh_welinst` [ RunTime:0.0132s ]
SQL: SHOW COLUMNS FROM `mxh_welinst` [ RunTime:0.0131s ]
SQL: SELECT * FROM `mxh_message` WHERE `status` = 1  [ RunTime:0.0129s ]
NOTIC: [2] Invalid argument supplied for foreach() E:\wamp64\www\volunteer\VolunteerMS\Enterprise\Controller\EnterpriseController.class.php 第 51 行.
INFO: [ view_parse ] --START--
INFO: [ template_filter ] --START--
INFO: Run Behavior\ContentReplaceBehavior [ RunTime:0.000249s ]
INFO: [ template_filter ] --END-- [ RunTime:0.000553s ]
INFO: Run Behavior\ParseTemplateBehavior [ RunTime:0.039963s ]
INFO: [ view_parse ] --END-- [ RunTime:0.040277s ]
INFO: [ view_filter ] --START--
INFO: Run Behavior\WriteHtmlCacheBehavior [ RunTime:0.000809s ]
INFO: [ view_filter ] --END-- [ RunTime:0.001084s ]
INFO: [ app_end ] --START--
INFO: Run Behavior\ShowPageTraceBehavior [ RunTime:0.000970s ]
INFO: [ app_end ] --END-- [ RunTime:0.001252s ]

[ 2017-07-29T09:01:55+08:00 ] 127.0.0.1 /VolunteerMS/index.php/Enterprise/Enterprise/showlist.html
INFO: [ app_init ] --START--
INFO: Run Behavior\BuildLiteBehavior [ RunTime:0.000058s ]
INFO: [ app_init ] --END-- [ RunTime:0.000947s ]
INFO: [ app_begin ] --START--
INFO: Run Behavior\ReadHtmlCacheBehavior [ RunTime:0.001258s ]
INFO: [ app_begin ] --END-- [ RunTime:0.001627s ]
SQL: SHOW COLUMNS FROM `mxh_message` [ RunTime:0.0148s ]
SQL: SHOW COLUMNS FROM `mxh_message` [ RunTime:0.0130s ]
SQL: SHOW COLUMNS FROM `mxh_welinst` [ RunTime:0.0131s ]
SQL: SHOW COLUMNS FROM `mxh_welinst` [ RunTime:0.0140s ]
SQL: SELECT * FROM `mxh_message` WHERE `status` = 1  [ RunTime:0.0178s ]
SQL: SELECT * FROM `mxh_welinst` WHERE `id` = 4 LIMIT 1   [ RunTime:0.0188s ]
SQL: SELECT * FROM `mxh_welinst` WHERE `id` = 3 LIMIT 1   [ RunTime:0.0151s ]
SQL: SELECT * FROM `mxh_welinst` WHERE `id` = 3 LIMIT 1   [ RunTime:0.0192s ]
INFO: [ view_parse ] --START--
INFO: [ template_filter ] --START--
INFO: Run Behavior\ContentReplaceBehavior [ RunTime:0.000262s ]
INFO: [ template_filter ] --END-- [ RunTime:0.000585s ]
INFO: Run Behavior\ParseTemplateBehavior [ RunTime:0.267181s ]
INFO: [ view_parse ] --END-- [ RunTime:0.267486s ]
INFO: [ view_filter ] --START--
INFO: Run Behavior\WriteHtmlCacheBehavior [ RunTime:0.001473s ]
INFO: [ view_filter ] --END-- [ RunTime:0.001760s ]
INFO: [ app_end ] --START--
INFO: Run Behavior\ShowPageTraceBehavior [ RunTime:0.001099s ]
INFO: [ app_end ] --END-- [ RunTime:0.001424s ]

[ 2017-07-29T09:04:21+08:00 ] 127.0.0.1 /VolunteerMS/index.php/Enterprise/Enterprise/pendsuccess.html
INFO: [ app_init ] --START--
INFO: Run Behavior\BuildLiteBehavior [ RunTime:0.000063s ]
INFO: [ app_init ] --END-- [ RunTime:0.012611s ]
INFO: [ app_begin ] --START--
INFO: Run Behavior\ReadHtmlCacheBehavior [ RunTime:0.004723s ]
INFO: [ app_begin ] --END-- [ RunTime:0.005048s ]
SQL: SHOW COLUMNS FROM `mxh_welinst` [ RunTime:0.0137s ]
SQL: SHOW COLUMNS FROM `mxh_welinst` [ RunTime:0.0139s ]
SQL: SHOW COLUMNS FROM `mxh_message` [ RunTime:0.0145s ]
SQL: SHOW COLUMNS FROM `mxh_message` [ RunTime:0.0135s ]
SQL: SELECT * FROM `mxh_message` WHERE `status` = 2 AND `E_id` = 6  [ RunTime:0.0131s ]
SQL: SELECT * FROM `mxh_welinst` WHERE `id` = 7 LIMIT 1   [ RunTime:0.0131s ]
INFO: [ view_parse ] --START--
INFO: [ template_filter ] --START--
INFO: Run Behavior\ContentReplaceBehavior [ RunTime:0.000297s ]
INFO: [ template_filter ] --END-- [ RunTime:0.000702s ]
INFO: Run Behavior\ParseTemplateBehavior [ RunTime:0.111400s ]
INFO: [ view_parse ] --END-- [ RunTime:0.111717s ]
INFO: [ view_filter ] --START--
INFO: Run Behavior\WriteHtmlCacheBehavior [ RunTime:0.001554s ]
INFO: [ view_filter ] --END-- [ RunTime:0.001842s ]
INFO: [ app_end ] --START--
INFO: Run Behavior\ShowPageTraceBehavior [ RunTime:0.001946s ]
INFO: [ app_end ] --END-- [ RunTime:0.003060s ]

[ 2017-07-29T09:04:23+08:00 ] 127.0.0.1 /VolunteerMS/index.php/Enterprise/enterprise/welinfo.html?id=7
INFO: [ app_init ] --START--
INFO: Run Behavior\BuildLiteBehavior [ RunTime:0.000060s ]
INFO: [ app_init ] --END-- [ RunTime:0.001021s ]
INFO: [ app_begin ] --START--
INFO: Run Behavior\ReadHtmlCacheBehavior [ RunTime:0.001490s ]
INFO: [ app_begin ] --END-- [ RunTime:0.001980s ]
SQL: SHOW COLUMNS FROM `mxh_message` [ RunTime:0.0127s ]
SQL: SHOW COLUMNS FROM `mxh_message` [ RunTime:0.0132s ]
SQL: SELECT * FROM `mxh_message` WHERE `id` = 7 LIMIT 1   [ RunTime:0.0130s ]

[ 2017-07-29T09:05:13+08:00 ] 127.0.0.1 /VolunteerMS/index.php/Enterprise/user/login.html
INFO: [ app_init ] --START--
INFO: Run Behavior\BuildLiteBehavior [ RunTime:0.000061s ]
INFO: [ app_init ] --END-- [ RunTime:0.001241s ]
INFO: [ app_begin ] --START--
INFO: Run Behavior\ReadHtmlCacheBehavior [ RunTime:0.004066s ]
INFO: [ app_begin ] --END-- [ RunTime:0.004376s ]
INFO: [ view_parse ] --START--
INFO: [ template_filter ] --START--
INFO: Run Behavior\ContentReplaceBehavior [ RunTime:0.000202s ]
INFO: [ template_filter ] --END-- [ RunTime:0.000594s ]
INFO: Run Behavior\ParseTemplateBehavior [ RunTime:0.102844s ]
INFO: [ view_parse ] --END-- [ RunTime:0.103415s ]
INFO: [ view_filter ] --START--
INFO: Run Behavior\WriteHtmlCacheBehavior [ RunTime:0.001006s ]
INFO: [ view_filter ] --END-- [ RunTime:0.001521s ]
INFO: [ app_end ] --START--
INFO: Run Behavior\ShowPageTraceBehavior [ RunTime:0.002574s ]
INFO: [ app_end ] --END-- [ RunTime:0.002880s ]

[ 2017-07-29T09:05:16+08:00 ] 127.0.0.1 /VolunteerMS/index.php/Enterprise/User/register.html
INFO: [ app_init ] --START--
INFO: Run Behavior\BuildLiteBehavior [ RunTime:0.000059s ]
INFO: [ app_init ] --END-- [ RunTime:0.001071s ]
INFO: [ app_begin ] --START--
INFO: Run Behavior\ReadHtmlCacheBehavior [ RunTime:0.001868s ]
INFO: [ app_begin ] --END-- [ RunTime:0.002194s ]
INFO: [ view_parse ] --START--
INFO: [ template_filter ] --START--
INFO: Run Behavior\ContentReplaceBehavior [ RunTime:0.000240s ]
INFO: [ template_filter ] --END-- [ RunTime:0.000542s ]
INFO: Run Behavior\ParseTemplateBehavior [ RunTime:0.227569s ]
INFO: [ view_parse ] --END-- [ RunTime:0.227949s ]
INFO: [ view_filter ] --START--
INFO: Run Behavior\WriteHtmlCacheBehavior [ RunTime:0.001720s ]
INFO: [ view_filter ] --END-- [ RunTime:0.002010s ]
INFO: [ app_end ] --START--
INFO: Run Behavior\ShowPageTraceBehavior [ RunTime:0.002555s ]
INFO: [ app_end ] --END-- [ RunTime:0.002945s ]

[ 2017-07-29T09:40:12+08:00 ] 127.0.0.1 /VolunteerMS/index.php/Enterprise/enterprise/welinfo.html?id=8
INFO: [ app_init ] --START--
INFO: Run Behavior\BuildLiteBehavior [ RunTime:0.000064s ]
INFO: [ app_init ] --END-- [ RunTime:0.001080s ]
INFO: [ app_begin ] --START--
INFO: Run Behavior\ReadHtmlCacheBehavior [ RunTime:0.001352s ]
INFO: [ app_begin ] --END-- [ RunTime:0.001646s ]
SQL: SHOW COLUMNS FROM `mxh_message` [ RunTime:0.0162s ]
SQL: SHOW COLUMNS FROM `mxh_message` [ RunTime:0.0152s ]
SQL: SELECT * FROM `mxh_message` WHERE `id` = 8 LIMIT 1   [ RunTime:0.0129s ]

[ 2017-07-29T09:40:37+08:00 ] 127.0.0.1 /VolunteerMS/index.php/Enterprise/user/login.html
INFO: [ app_init ] --START--
INFO: Run Behavior\BuildLiteBehavior [ RunTime:0.000063s ]
INFO: [ app_init ] --END-- [ RunTime:0.001208s ]
INFO: [ app_begin ] --START--
INFO: Run Behavior\ReadHtmlCacheBehavior [ RunTime:0.000983s ]
INFO: [ app_begin ] --END-- [ RunTime:0.001275s ]
INFO: [ view_parse ] --START--
INFO: [ template_filter ] --START--
INFO: Run Behavior\ContentReplaceBehavior [ RunTime:0.000191s ]
INFO: [ template_filter ] --END-- [ RunTime:0.000959s ]
INFO: Run Behavior\ParseTemplateBehavior [ RunTime:0.091742s ]
INFO: [ view_parse ] --END-- [ RunTime:0.092062s ]
INFO: [ view_filter ] --START--
INFO: Run Behavior\WriteHtmlCacheBehavior [ RunTime:0.000549s ]
INFO: [ view_filter ] --END-- [ RunTime:0.000821s ]
INFO: [ app_end ] --START--
INFO: Run Behavior\ShowPageTraceBehavior [ RunTime:0.000914s ]
INFO: [ app_end ] --END-- [ RunTime:0.001191s ]

[ 2017-07-29T09:40:45+08:00 ] 127.0.0.1 /VolunteerMS/index.php/Enterprise/User/register.html
INFO: [ app_init ] --START--
INFO: Run Behavior\BuildLiteBehavior [ RunTime:0.000057s ]
INFO: [ app_init ] --END-- [ RunTime:0.000888s ]
INFO: [ app_begin ] --START--
INFO: Run Behavior\ReadHtmlCacheBehavior [ RunTime:0.001118s ]
INFO: [ app_begin ] --END-- [ RunTime:0.001524s ]
INFO: [ view_parse ] --START--
INFO: [ template_filter ] --START--
INFO: Run Behavior\ContentReplaceBehavior [ RunTime:0.000190s ]
INFO: [ template_filter ] --END-- [ RunTime:0.000525s ]
INFO: Run Behavior\ParseTemplateBehavior [ RunTime:0.069114s ]
INFO: [ view_parse ] --END-- [ RunTime:0.069538s ]
INFO: [ view_filter ] --START--
INFO: Run Behavior\WriteHtmlCacheBehavior [ RunTime:0.001161s ]
INFO: [ view_filter ] --END-- [ RunTime:0.001462s ]
INFO: [ app_end ] --START--
INFO: Run Behavior\ShowPageTraceBehavior [ RunTime:0.000960s ]
INFO: [ app_end ] --END-- [ RunTime:0.001237s ]

[ 2017-07-29T09:41:14+08:00 ] 127.0.0.1 /VolunteerMS/index.php/Enterprise/user/login.html
INFO: [ app_init ] --START--
INFO: Run Behavior\BuildLiteBehavior [ RunTime:0.000059s ]
INFO: [ app_init ] --END-- [ RunTime:0.000895s ]
INFO: [ app_begin ] --START--
INFO: Run Behavior\ReadHtmlCacheBehavior [ RunTime:0.000874s ]
INFO: [ app_begin ] --END-- [ RunTime:0.001160s ]
SQL: SHOW COLUMNS FROM `mxh_enterprise` [ RunTime:0.0168s ]
SQL: SHOW COLUMNS FROM `mxh_enterprise` [ RunTime:0.0144s ]
SQL: SELECT * FROM `mxh_enterprise` WHERE `name` = '7-29-1' LIMIT 1   [ RunTime:0.0165s ]
INFO: [ view_parse ] --START--
INFO: [ template_filter ] --START--
INFO: Run Behavior\ContentReplaceBehavior [ RunTime:0.000294s ]
INFO: [ template_filter ] --END-- [ RunTime:0.000850s ]
INFO: Run Behavior\ParseTemplateBehavior [ RunTime:0.041075s ]
INFO: [ view_parse ] --END-- [ RunTime:0.042718s ]
INFO: [ view_filter ] --START--
INFO: Run Behavior\WriteHtmlCacheBehavior [ RunTime:0.000812s ]
INFO: [ view_filter ] --END-- [ RunTime:0.001148s ]

[ 2017-07-29T09:41:17+08:00 ] 127.0.0.1 /VolunteerMS/index.php/Enterprise/User/login.html
INFO: [ app_init ] --START--
INFO: Run Behavior\BuildLiteBehavior [ RunTime:0.000067s ]
INFO: [ app_init ] --END-- [ RunTime:0.001357s ]
INFO: [ app_begin ] --START--
INFO: Run Behavior\ReadHtmlCacheBehavior [ RunTime:0.001057s ]
INFO: [ app_begin ] --END-- [ RunTime:0.001368s ]
INFO: [ view_parse ] --START--
INFO: [ template_filter ] --START--
INFO: Run Behavior\ContentReplaceBehavior [ RunTime:0.000196s ]
INFO: [ template_filter ] --END-- [ RunTime:0.000513s ]
INFO: Run Behavior\ParseTemplateBehavior [ RunTime:0.018270s ]
INFO: [ view_parse ] --END-- [ RunTime:0.018607s ]
INFO: [ view_filter ] --START--
INFO: Run Behavior\WriteHtmlCacheBehavior [ RunTime:0.000552s ]
INFO: [ view_filter ] --END-- [ RunTime:0.000841s ]
INFO: [ app_end ] --START--
INFO: Run Behavior\ShowPageTraceBehavior [ RunTime:0.000984s ]
INFO: [ app_end ] --END-- [ RunTime:0.001283s ]

[ 2017-07-29T09:41:30+08:00 ] 127.0.0.1 /VolunteerMS/index.php/Enterprise/User/login.html
INFO: [ app_init ] --START--
INFO: Run Behavior\BuildLiteBehavior [ RunTime:0.000058s ]
INFO: [ app_init ] --END-- [ RunTime:0.000867s ]
INFO: [ app_begin ] --START--
INFO: Run Behavior\ReadHtmlCacheBehavior [ RunTime:0.002319s ]
INFO: [ app_begin ] --END-- [ RunTime:0.002916s ]
SQL: SHOW COLUMNS FROM `mxh_enterprise` [ RunTime:0.0139s ]
SQL: SHOW COLUMNS FROM `mxh_enterprise` [ RunTime:0.0309s ]
SQL: SELECT * FROM `mxh_enterprise` WHERE `name` = '7-29-2' LIMIT 1   [ RunTime:0.0132s ]
SQL: select *from mxh_enterprise where name = '7-29-2' [ RunTime:0.0136s ]
INFO: [ view_parse ] --START--
INFO: [ template_filter ] --START--
INFO: Run Behavior\ContentReplaceBehavior [ RunTime:0.000158s ]
INFO: [ template_filter ] --END-- [ RunTime:0.000456s ]
INFO: Run Behavior\ParseTemplateBehavior [ RunTime:0.016757s ]
INFO: [ view_parse ] --END-- [ RunTime:0.017184s ]
INFO: [ view_filter ] --START--
INFO: Run Behavior\WriteHtmlCacheBehavior [ RunTime:0.000527s ]
INFO: [ view_filter ] --END-- [ RunTime:0.000813s ]
INFO: [ app_end ] --START--
INFO: Run Behavior\ShowPageTraceBehavior [ RunTime:0.001625s ]
INFO: [ app_end ] --END-- [ RunTime:0.002912s ]

[ 2017-07-29T09:41:31+08:00 ] 127.0.0.1 /VolunteerMS/index.php/Enterprise/Index/index.html
INFO: [ app_init ] --START--
INFO: Run Behavior\BuildLiteBehavior [ RunTime:0.000071s ]
INFO: [ app_init ] --END-- [ RunTime:0.001032s ]
INFO: [ app_begin ] --START--
INFO: Run Behavior\ReadHtmlCacheBehavior [ RunTime:0.001147s ]
INFO: [ app_begin ] --END-- [ RunTime:0.001668s ]
INFO: [ view_parse ] --START--
INFO: [ template_filter ] --START--
INFO: Run Behavior\ContentReplaceBehavior [ RunTime:0.000328s ]
INFO: [ template_filter ] --END-- [ RunTime:0.000673s ]
INFO: Run Behavior\ParseTemplateBehavior [ RunTime:0.158474s ]
INFO: [ view_parse ] --END-- [ RunTime:0.158944s ]
INFO: [ view_filter ] --START--
INFO: Run Behavior\WriteHtmlCacheBehavior [ RunTime:0.000659s ]
INFO: [ view_filter ] --END-- [ RunTime:0.000972s ]
INFO: [ app_end ] --START--
INFO: Run Behavior\ShowPageTraceBehavior [ RunTime:0.005501s ]
INFO: [ app_end ] --END-- [ RunTime:0.006738s ]

[ 2017-07-29T09:41:31+08:00 ] 127.0.0.1 /VolunteerMS/index.php/Enterprise/Index/welcome.html
INFO: [ app_init ] --START--
INFO: Run Behavior\BuildLiteBehavior [ RunTime:0.000069s ]
INFO: [ app_init ] --END-- [ RunTime:0.001044s ]
INFO: [ app_begin ] --START--
INFO: Run Behavior\ReadHtmlCacheBehavior [ RunTime:0.001469s ]
INFO: [ app_begin ] --END-- [ RunTime:0.001882s ]
INFO: [ app_end ] --START--
INFO: Run Behavior\ShowPageTraceBehavior [ RunTime:0.001484s ]
INFO: [ app_end ] --END-- [ RunTime:0.001874s ]

[ 2017-07-29T09:41:34+08:00 ] 127.0.0.1 /VolunteerMS/index.php/Enterprise/Enterprise/showlist.html
INFO: [ app_init ] --START--
INFO: Run Behavior\BuildLiteBehavior [ RunTime:0.000059s ]
INFO: [ app_init ] --END-- [ RunTime:0.000876s ]
INFO: [ app_begin ] --START--
INFO: Run Behavior\ReadHtmlCacheBehavior [ RunTime:0.001063s ]
INFO: [ app_begin ] --END-- [ RunTime:0.001396s ]
SQL: SHOW COLUMNS FROM `mxh_message` [ RunTime:0.0145s ]
SQL: SHOW COLUMNS FROM `mxh_message` [ RunTime:0.0165s ]
SQL: SHOW COLUMNS FROM `mxh_welinst` [ RunTime:0.0148s ]
SQL: SHOW COLUMNS FROM `mxh_welinst` [ RunTime:0.0205s ]
SQL: SELECT * FROM `mxh_message` WHERE `status` = 1  [ RunTime:0.0169s ]
SQL: SELECT * FROM `mxh_welinst` WHERE `id` = 4 LIMIT 1   [ RunTime:0.0180s ]
SQL: SELECT * FROM `mxh_welinst` WHERE `id` = 3 LIMIT 1   [ RunTime:0.0193s ]
SQL: SELECT * FROM `mxh_welinst` WHERE `id` = 3 LIMIT 1   [ RunTime:0.0178s ]
SQL: SELECT * FROM `mxh_welinst` WHERE `id` = 8 LIMIT 1   [ RunTime:0.0158s ]
INFO: [ view_parse ] --START--
INFO: [ template_filter ] --START--
INFO: Run Behavior\ContentReplaceBehavior [ RunTime:0.000603s ]
INFO: [ template_filter ] --END-- [ RunTime:0.001538s ]
INFO: Run Behavior\ParseTemplateBehavior [ RunTime:0.281265s ]
INFO: [ view_parse ] --END-- [ RunTime:0.281833s ]
INFO: [ view_filter ] --START--
INFO: Run Behavior\WriteHtmlCacheBehavior [ RunTime:0.001527s ]
INFO: [ view_filter ] --END-- [ RunTime:0.002032s ]
INFO: [ app_end ] --START--
INFO: Run Behavior\ShowPageTraceBehavior [ RunTime:0.020889s ]
INFO: [ app_end ] --END-- [ RunTime:0.021551s ]

[ 2017-07-29T09:41:38+08:00 ] 127.0.0.1 /VolunteerMS/index.php/Enterprise/enterprise/app/mes_id/8/ent_id/6.html
INFO: [ app_init ] --START--
INFO: Run Behavior\BuildLiteBehavior [ RunTime:0.000058s ]
INFO: [ app_init ] --END-- [ RunTime:0.000878s ]
INFO: [ app_begin ] --START--
INFO: Run Behavior\ReadHtmlCacheBehavior [ RunTime:0.000949s ]
INFO: [ app_begin ] --END-- [ RunTime:0.001246s ]
SQL: SHOW COLUMNS FROM `mxh_message` [ RunTime:0.0138s ]
SQL: SHOW COLUMNS FROM `mxh_message` [ RunTime:0.0152s ]
SQL: SELECT * FROM `mxh_message` WHERE `status` = 1 AND `id` = 8 LIMIT 1   [ RunTime:0.0144s ]
SQL: UPDATE `mxh_message` SET `App_ids`='6' WHERE `id` = 8 [ RunTime:0.0150s ]
INFO: [ view_parse ] --START--
INFO: [ template_filter ] --START--
INFO: Run Behavior\ContentReplaceBehavior [ RunTime:0.000298s ]
INFO: [ template_filter ] --END-- [ RunTime:0.000857s ]
INFO: Run Behavior\ParseTemplateBehavior [ RunTime:0.035064s ]
INFO: [ view_parse ] --END-- [ RunTime:0.035746s ]
INFO: [ view_filter ] --START--
INFO: Run Behavior\WriteHtmlCacheBehavior [ RunTime:0.001091s ]
INFO: [ view_filter ] --END-- [ RunTime:0.001459s ]
INFO: [ app_end ] --START--
INFO: Run Behavior\ShowPageTraceBehavior [ RunTime:0.002043s ]
INFO: [ app_end ] --END-- [ RunTime:0.002448s ]

[ 2017-07-29T09:41:39+08:00 ] 127.0.0.1 /VolunteerMS/index.php/Enterprise/Enterprise/showlist.html
INFO: [ app_init ] --START--
INFO: Run Behavior\BuildLiteBehavior [ RunTime:0.000069s ]
INFO: [ app_init ] --END-- [ RunTime:0.001108s ]
INFO: [ app_begin ] --START--
INFO: Run Behavior\ReadHtmlCacheBehavior [ RunTime:0.001111s ]
INFO: [ app_begin ] --END-- [ RunTime:0.001453s ]
SQL: SHOW COLUMNS FROM `mxh_message` [ RunTime:0.0144s ]
SQL: SHOW COLUMNS FROM `mxh_message` [ RunTime:0.0182s ]
SQL: SHOW COLUMNS FROM `mxh_welinst` [ RunTime:0.0142s ]
SQL: SHOW COLUMNS FROM `mxh_welinst` [ RunTime:0.0144s ]
SQL: SELECT * FROM `mxh_message` WHERE `status` = 1  [ RunTime:0.0153s ]
SQL: SELECT * FROM `mxh_welinst` WHERE `id` = 4 LIMIT 1   [ RunTime:0.0177s ]
SQL: SELECT * FROM `mxh_welinst` WHERE `id` = 3 LIMIT 1   [ RunTime:0.0201s ]
SQL: SELECT * FROM `mxh_welinst` WHERE `id` = 3 LIMIT 1   [ RunTime:0.0139s ]
SQL: SELECT * FROM `mxh_welinst` WHERE `id` = 8 LIMIT 1   [ RunTime:0.0139s ]
INFO: [ view_parse ] --START--
INFO: [ template_filter ] --START--
INFO: Run Behavior\ContentReplaceBehavior [ RunTime:0.000457s ]
INFO: [ template_filter ] --END-- [ RunTime:0.001020s ]
INFO: Run Behavior\ParseTemplateBehavior [ RunTime:0.059261s ]
INFO: [ view_parse ] --END-- [ RunTime:0.059832s ]
INFO: [ view_filter ] --START--
INFO: Run Behavior\WriteHtmlCacheBehavior [ RunTime:0.001466s ]
INFO: [ view_filter ] --END-- [ RunTime:0.002021s ]
INFO: [ app_end ] --START--
INFO: Run Behavior\ShowPageTraceBehavior [ RunTime:0.002986s ]
INFO: [ app_end ] --END-- [ RunTime:0.004235s ]

[ 2017-07-29T09:41:40+08:00 ] 127.0.0.1 /VolunteerMS/index.php/Enterprise/enterprise/app/mes_id/8/ent_id/6.html
INFO: [ app_init ] --START--
INFO: Run Behavior\BuildLiteBehavior [ RunTime:0.000059s ]
INFO: [ app_init ] --END-- [ RunTime:0.000898s ]
INFO: [ app_begin ] --START--
INFO: Run Behavior\ReadHtmlCacheBehavior [ RunTime:0.001359s ]
INFO: [ app_begin ] --END-- [ RunTime:0.001787s ]
SQL: SHOW COLUMNS FROM `mxh_message` [ RunTime:0.0130s ]
SQL: SHOW COLUMNS FROM `mxh_message` [ RunTime:0.0131s ]
SQL: SELECT * FROM `mxh_message` WHERE `status` = 1 AND `id` = 8 LIMIT 1   [ RunTime:0.0131s ]
INFO: [ view_parse ] --START--
INFO: [ template_filter ] --START--
INFO: Run Behavior\ContentReplaceBehavior [ RunTime:0.000167s ]
INFO: [ template_filter ] --END-- [ RunTime:0.000484s ]
INFO: Run Behavior\ParseTemplateBehavior [ RunTime:0.017737s ]
INFO: [ view_parse ] --END-- [ RunTime:0.018100s ]
INFO: [ view_filter ] --START--
INFO: Run Behavior\WriteHtmlCacheBehavior [ RunTime:0.000797s ]
INFO: [ view_filter ] --END-- [ RunTime:0.001409s ]

[ 2017-07-29T09:41:44+08:00 ] 127.0.0.1 /VolunteerMS/index.php/Enterprise/Enterprise/servicelist.html
INFO: [ app_init ] --START--
INFO: Run Behavior\BuildLiteBehavior [ RunTime:0.000060s ]
INFO: [ app_init ] --END-- [ RunTime:0.000905s ]
INFO: [ app_begin ] --START--
INFO: Run Behavior\ReadHtmlCacheBehavior [ RunTime:0.001233s ]
INFO: [ app_begin ] --END-- [ RunTime:0.001610s ]
SQL: SHOW COLUMNS FROM `mxh_message` [ RunTime:0.0166s ]
SQL: SHOW COLUMNS FROM `mxh_message` [ RunTime:0.0173s ]
SQL: SHOW COLUMNS FROM `mxh_welinst` [ RunTime:0.0140s ]
SQL: SHOW COLUMNS FROM `mxh_welinst` [ RunTime:0.0141s ]
SQL: SELECT * FROM `mxh_message` WHERE `status` = 1  [ RunTime:0.0164s ]
SQL: SELECT * FROM `mxh_message` WHERE `id` IN ('8')  [ RunTime:0.0175s ]
SQL: SELECT * FROM `mxh_welinst` WHERE `id` = 8 LIMIT 1   [ RunTime:0.0139s ]
INFO: [ view_parse ] --START--
INFO: [ template_filter ] --START--
INFO: Run Behavior\ContentReplaceBehavior [ RunTime:0.000343s ]
INFO: [ template_filter ] --END-- [ RunTime:0.000698s ]
INFO: Run Behavior\ParseTemplateBehavior [ RunTime:0.160446s ]
INFO: [ view_parse ] --END-- [ RunTime:0.160756s ]
INFO: [ view_filter ] --START--
INFO: Run Behavior\WriteHtmlCacheBehavior [ RunTime:0.000787s ]
INFO: [ view_filter ] --END-- [ RunTime:0.001058s ]
INFO: [ app_end ] --START--
INFO: Run Behavior\ShowPageTraceBehavior [ RunTime:0.002628s ]
INFO: [ app_end ] --END-- [ RunTime:0.003025s ]

[ 2017-07-29T09:42:25+08:00 ] 127.0.0.1 /VolunteerMS/index.php/Enterprise/Enterprise/pendsuccess.html
INFO: [ app_init ] --START--
INFO: Run Behavior\BuildLiteBehavior [ RunTime:0.000061s ]
INFO: [ app_init ] --END-- [ RunTime:0.000943s ]
INFO: [ app_begin ] --START--
INFO: Run Behavior\ReadHtmlCacheBehavior [ RunTime:0.001171s ]
INFO: [ app_begin ] --END-- [ RunTime:0.001469s ]
SQL: SHOW COLUMNS FROM `mxh_welinst` [ RunTime:0.0130s ]
SQL: SHOW COLUMNS FROM `mxh_welinst` [ RunTime:0.0131s ]
SQL: SHOW COLUMNS FROM `mxh_message` [ RunTime:0.0153s ]
SQL: SHOW COLUMNS FROM `mxh_message` [ RunTime:0.0130s ]
SQL: SELECT * FROM `mxh_message` WHERE `status` = 2 AND `E_id` = 6  [ RunTime:0.0132s ]
SQL: SELECT * FROM `mxh_welinst` WHERE `id` = 7 LIMIT 1   [ RunTime:0.0126s ]
SQL: SELECT * FROM `mxh_welinst` WHERE `id` = 8 LIMIT 1   [ RunTime:0.0123s ]
INFO: [ view_parse ] --START--
INFO: [ template_filter ] --START--
INFO: Run Behavior\ContentReplaceBehavior [ RunTime:0.000240s ]
INFO: [ template_filter ] --END-- [ RunTime:0.000531s ]
INFO: Run Behavior\ParseTemplateBehavior [ RunTime:0.172360s ]
INFO: [ view_parse ] --END-- [ RunTime:0.172677s ]
INFO: [ view_filter ] --START--
INFO: Run Behavior\WriteHtmlCacheBehavior [ RunTime:0.000789s ]
INFO: [ view_filter ] --END-- [ RunTime:0.001059s ]
INFO: [ app_end ] --START--
INFO: Run Behavior\ShowPageTraceBehavior [ RunTime:0.002419s ]
INFO: [ app_end ] --END-- [ RunTime:0.002751s ]

[ 2017-07-29T09:42:28+08:00 ] 127.0.0.1 /VolunteerMS/index.php/Enterprise/enterprise/welinfo.html?id=8
INFO: [ app_init ] --START--
INFO: Run Behavior\BuildLiteBehavior [ RunTime:0.000063s ]
INFO: [ app_init ] --END-- [ RunTime:0.000946s ]
INFO: [ app_begin ] --START--
INFO: Run Behavior\ReadHtmlCacheBehavior [ RunTime:0.000932s ]
INFO: [ app_begin ] --END-- [ RunTime:0.001166s ]
SQL: SHOW COLUMNS FROM `mxh_message` [ RunTime:0.0151s ]
SQL: SHOW COLUMNS FROM `mxh_message` [ RunTime:0.0139s ]
SQL: SELECT * FROM `mxh_message` WHERE `id` = 8 LIMIT 1   [ RunTime:0.0139s ]

