[ 2017-08-13T17:05:08+08:00 ] 127.0.0.1 /VolunteerMS/index.php/Enterprise/enterprise/welinfo.html?id=9
INFO: [ app_init ] --START--
INFO: Run Behavior\BuildLiteBehavior [ RunTime:0.000000s ]
INFO: [ app_init ] --END-- [ RunTime:0.000000s ]
INFO: [ app_begin ] --START--
INFO: Run Behavior\ReadHtmlCacheBehavior [ RunTime:0.001000s ]
INFO: [ app_begin ] --END-- [ RunTime:0.001000s ]
SQL: SHOW COLUMNS FROM `mxh_message` [ RunTime:0.0156s ]
SQL: SHOW COLUMNS FROM `mxh_message` [ RunTime:0.0156s ]
SQL: SELECT * FROM `mxh_message` WHERE `id` = 9 LIMIT 1   [ RunTime:0.0000s ]

[ 2017-08-13T17:06:26+08:00 ] 127.0.0.1 /VolunteerMS/index.php/Enterprise/user/login.html
INFO: [ app_init ] --START--
INFO: Run Behavior\BuildLiteBehavior [ RunTime:0.000000s ]
INFO: [ app_init ] --END-- [ RunTime:0.000000s ]
INFO: [ app_begin ] --START--
INFO: Run Behavior\ReadHtmlCacheBehavior [ RunTime:0.000000s ]
INFO: [ app_begin ] --END-- [ RunTime:0.001000s ]
INFO: [ view_parse ] --START--
INFO: [ template_filter ] --START--
INFO: Run Behavior\ContentReplaceBehavior [ RunTime:0.000000s ]
INFO: [ template_filter ] --END-- [ RunTime:0.000000s ]
INFO: Run Behavior\ParseTemplateBehavior [ RunTime:0.007000s ]
INFO: [ view_parse ] --END-- [ RunTime:0.007000s ]
INFO: [ view_filter ] --START--
INFO: Run Behavior\WriteHtmlCacheBehavior [ RunTime:0.000000s ]
INFO: [ view_filter ] --END-- [ RunTime:0.000000s ]
INFO: [ app_end ] --START--
INFO: Run Behavior\ShowPageTraceBehavior [ RunTime:0.001000s ]
INFO: [ app_end ] --END-- [ RunTime:0.001000s ]

[ 2017-08-13T17:06:27+08:00 ] 127.0.0.1 /VolunteerMS/index.php/Enterprise/user/login.html
INFO: [ app_init ] --START--
INFO: Run Behavior\BuildLiteBehavior [ RunTime:0.000000s ]
INFO: [ app_init ] --END-- [ RunTime:0.001000s ]
INFO: [ app_begin ] --START--
INFO: Run Behavior\ReadHtmlCacheBehavior [ RunTime:0.000000s ]
INFO: [ app_begin ] --END-- [ RunTime:0.000000s ]
SQL: SHOW COLUMNS FROM `mxh_enterprise` [ RunTime:0.0130s ]
SQL: SHOW COLUMNS FROM `mxh_enterprise` [ RunTime:0.0130s ]
SQL: SELECT * FROM `mxh_enterprise` WHERE `name` = '江宁福利机构' LIMIT 1   [ RunTime:0.0120s ]
INFO: [ view_parse ] --START--
INFO: [ template_filter ] --START--
INFO: Run Behavior\ContentReplaceBehavior [ RunTime:0.000000s ]
INFO: [ template_filter ] --END-- [ RunTime:0.000000s ]
INFO: Run Behavior\ParseTemplateBehavior [ RunTime:0.003000s ]
INFO: [ view_parse ] --END-- [ RunTime:0.003000s ]
INFO: [ view_filter ] --START--
INFO: Run Behavior\WriteHtmlCacheBehavior [ RunTime:0.001000s ]
INFO: [ view_filter ] --END-- [ RunTime:0.001000s ]

[ 2017-08-13T17:06:31+08:00 ] 127.0.0.1 /VolunteerMS/index.php/Enterprise/User/login.html
INFO: [ app_init ] --START--
INFO: Run Behavior\BuildLiteBehavior [ RunTime:0.000000s ]
INFO: [ app_init ] --END-- [ RunTime:0.001000s ]
INFO: [ app_begin ] --START--
INFO: Run Behavior\ReadHtmlCacheBehavior [ RunTime:0.002000s ]
INFO: [ app_begin ] --END-- [ RunTime:0.002000s ]
INFO: [ view_parse ] --START--
INFO: [ template_filter ] --START--
INFO: Run Behavior\ContentReplaceBehavior [ RunTime:0.001000s ]
INFO: [ template_filter ] --END-- [ RunTime:0.001000s ]
INFO: Run Behavior\ParseTemplateBehavior [ RunTime:0.007000s ]
INFO: [ view_parse ] --END-- [ RunTime:0.007000s ]
INFO: [ view_filter ] --START--
INFO: Run Behavior\WriteHtmlCacheBehavior [ RunTime:0.000000s ]
INFO: [ view_filter ] --END-- [ RunTime:0.000000s ]
INFO: [ app_end ] --START--
INFO: Run Behavior\ShowPageTraceBehavior [ RunTime:0.000000s ]
INFO: [ app_end ] --END-- [ RunTime:0.000000s ]

[ 2017-08-13T17:06:56+08:00 ] 127.0.0.1 /VolunteerMS/index.php/Enterprise/User/login.html
INFO: [ app_init ] --START--
INFO: Run Behavior\BuildLiteBehavior [ RunTime:0.000000s ]
INFO: [ app_init ] --END-- [ RunTime:0.001000s ]
INFO: [ app_begin ] --START--
INFO: Run Behavior\ReadHtmlCacheBehavior [ RunTime:0.001000s ]
INFO: [ app_begin ] --END-- [ RunTime:0.001000s ]
SQL: SHOW COLUMNS FROM `mxh_enterprise` [ RunTime:0.0130s ]
SQL: SHOW COLUMNS FROM `mxh_enterprise` [ RunTime:0.0140s ]
SQL: SELECT * FROM `mxh_enterprise` WHERE `name` = '7-29-2' LIMIT 1   [ RunTime:0.0130s ]
SQL: select *from mxh_enterprise where name = '7-29-2' [ RunTime:0.0130s ]
INFO: [ view_parse ] --START--
INFO: [ template_filter ] --START--
INFO: Run Behavior\ContentReplaceBehavior [ RunTime:0.000000s ]
INFO: [ template_filter ] --END-- [ RunTime:0.001000s ]
INFO: Run Behavior\ParseTemplateBehavior [ RunTime:0.012000s ]
INFO: [ view_parse ] --END-- [ RunTime:0.012000s ]
INFO: [ view_filter ] --START--
INFO: Run Behavior\WriteHtmlCacheBehavior [ RunTime:0.001000s ]
INFO: [ view_filter ] --END-- [ RunTime:0.001000s ]
INFO: [ app_end ] --START--
INFO: Run Behavior\ShowPageTraceBehavior [ RunTime:0.001000s ]
INFO: [ app_end ] --END-- [ RunTime:0.001000s ]

[ 2017-08-13T17:06:57+08:00 ] 127.0.0.1 /VolunteerMS/index.php/Enterprise/Index/index.html
INFO: [ app_init ] --START--
INFO: Run Behavior\BuildLiteBehavior [ RunTime:0.000000s ]
INFO: [ app_init ] --END-- [ RunTime:0.001000s ]
INFO: [ app_begin ] --START--
INFO: Run Behavior\ReadHtmlCacheBehavior [ RunTime:0.000000s ]
INFO: [ app_begin ] --END-- [ RunTime:0.000000s ]
INFO: [ view_parse ] --START--
INFO: [ template_filter ] --START--
INFO: Run Behavior\ContentReplaceBehavior [ RunTime:0.000000s ]
INFO: [ template_filter ] --END-- [ RunTime:0.000000s ]
INFO: Run Behavior\ParseTemplateBehavior [ RunTime:0.013000s ]
INFO: [ view_parse ] --END-- [ RunTime:0.013000s ]
INFO: [ view_filter ] --START--
INFO: Run Behavior\WriteHtmlCacheBehavior [ RunTime:0.001000s ]
INFO: [ view_filter ] --END-- [ RunTime:0.001000s ]
INFO: [ app_end ] --START--
INFO: Run Behavior\ShowPageTraceBehavior [ RunTime:0.001000s ]
INFO: [ app_end ] --END-- [ RunTime:0.001000s ]

[ 2017-08-13T17:06:57+08:00 ] 127.0.0.1 /VolunteerMS/index.php/Enterprise/Index/welcome.html
INFO: [ app_init ] --START--
INFO: Run Behavior\BuildLiteBehavior [ RunTime:0.000000s ]
INFO: [ app_init ] --END-- [ RunTime:0.000000s ]
INFO: [ app_begin ] --START--
INFO: Run Behavior\ReadHtmlCacheBehavior [ RunTime:0.000000s ]
INFO: [ app_begin ] --END-- [ RunTime:0.000000s ]
INFO: [ app_end ] --START--
INFO: Run Behavior\ShowPageTraceBehavior [ RunTime:0.000000s ]
INFO: [ app_end ] --END-- [ RunTime:0.000000s ]

[ 2017-08-13T17:07:24+08:00 ] 127.0.0.1 /VolunteerMS/index.php/Enterprise/Enterprise/showlist.html
INFO: [ app_init ] --START--
INFO: Run Behavior\BuildLiteBehavior [ RunTime:0.000000s ]
INFO: [ app_init ] --END-- [ RunTime:0.001000s ]
INFO: [ app_begin ] --START--
INFO: Run Behavior\ReadHtmlCacheBehavior [ RunTime:0.001000s ]
INFO: [ app_begin ] --END-- [ RunTime:0.001000s ]
SQL: SHOW COLUMNS FROM `mxh_message` [ RunTime:0.0130s ]
SQL: SHOW COLUMNS FROM `mxh_message` [ RunTime:0.0130s ]
SQL: SHOW COLUMNS FROM `mxh_welinst` [ RunTime:0.0120s ]
SQL: SHOW COLUMNS FROM `mxh_welinst` [ RunTime:0.0130s ]
SQL: SELECT * FROM `mxh_message` WHERE `status` = 1  [ RunTime:0.0130s ]
SQL: SELECT * FROM `mxh_welinst` WHERE `id` = 4 LIMIT 1   [ RunTime:0.0120s ]
SQL: SELECT * FROM `mxh_welinst` WHERE `id` = 3 LIMIT 1   [ RunTime:0.0120s ]
SQL: SELECT * FROM `mxh_welinst` WHERE `id` = 6 LIMIT 1   [ RunTime:0.0120s ]
INFO: [ view_parse ] --START--
INFO: [ template_filter ] --START--
INFO: Run Behavior\ContentReplaceBehavior [ RunTime:0.000000s ]
INFO: [ template_filter ] --END-- [ RunTime:0.000000s ]
INFO: Run Behavior\ParseTemplateBehavior [ RunTime:0.029000s ]
INFO: [ view_parse ] --END-- [ RunTime:0.029000s ]
INFO: [ view_filter ] --START--
INFO: Run Behavior\WriteHtmlCacheBehavior [ RunTime:0.001000s ]
INFO: [ view_filter ] --END-- [ RunTime:0.001000s ]
INFO: [ app_end ] --START--
INFO: Run Behavior\ShowPageTraceBehavior [ RunTime:0.001000s ]
INFO: [ app_end ] --END-- [ RunTime:0.001000s ]

[ 2017-08-13T17:07:29+08:00 ] 127.0.0.1 /VolunteerMS/index.php/Enterprise/enterprise/app/mes_id/10/ent_id/6.html
INFO: [ app_init ] --START--
INFO: Run Behavior\BuildLiteBehavior [ RunTime:0.000000s ]
INFO: [ app_init ] --END-- [ RunTime:0.000000s ]
INFO: [ app_begin ] --START--
INFO: Run Behavior\ReadHtmlCacheBehavior [ RunTime:0.000000s ]
INFO: [ app_begin ] --END-- [ RunTime:0.000000s ]
SQL: SHOW COLUMNS FROM `mxh_message` [ RunTime:0.0130s ]
SQL: SHOW COLUMNS FROM `mxh_message` [ RunTime:0.0130s ]
SQL: SELECT * FROM `mxh_message` WHERE `status` = 1 AND `id` = 10 LIMIT 1   [ RunTime:0.0130s ]
SQL: UPDATE `mxh_message` SET `App_ids`='6' WHERE `id` = 10 [ RunTime:0.0220s ]
INFO: [ view_parse ] --START--
INFO: [ template_filter ] --START--
INFO: Run Behavior\ContentReplaceBehavior [ RunTime:0.000000s ]
INFO: [ template_filter ] --END-- [ RunTime:0.000000s ]
INFO: Run Behavior\ParseTemplateBehavior [ RunTime:0.013000s ]
INFO: [ view_parse ] --END-- [ RunTime:0.013000s ]
INFO: [ view_filter ] --START--
INFO: Run Behavior\WriteHtmlCacheBehavior [ RunTime:0.001000s ]
INFO: [ view_filter ] --END-- [ RunTime:0.001000s ]
INFO: [ app_end ] --START--
INFO: Run Behavior\ShowPageTraceBehavior [ RunTime:0.002000s ]
INFO: [ app_end ] --END-- [ RunTime:0.002000s ]

[ 2017-08-13T17:07:30+08:00 ] 127.0.0.1 /VolunteerMS/index.php/Enterprise/Enterprise/showlist.html
INFO: [ app_init ] --START--
INFO: Run Behavior\BuildLiteBehavior [ RunTime:0.000000s ]
INFO: [ app_init ] --END-- [ RunTime:0.000000s ]
INFO: [ app_begin ] --START--
INFO: Run Behavior\ReadHtmlCacheBehavior [ RunTime:0.001000s ]
INFO: [ app_begin ] --END-- [ RunTime:0.001000s ]
SQL: SHOW COLUMNS FROM `mxh_message` [ RunTime:0.0120s ]
SQL: SHOW COLUMNS FROM `mxh_message` [ RunTime:0.0120s ]
SQL: SHOW COLUMNS FROM `mxh_welinst` [ RunTime:0.0120s ]
SQL: SHOW COLUMNS FROM `mxh_welinst` [ RunTime:0.0130s ]
SQL: SELECT * FROM `mxh_message` WHERE `status` = 1  [ RunTime:0.0130s ]
SQL: SELECT * FROM `mxh_welinst` WHERE `id` = 4 LIMIT 1   [ RunTime:0.0120s ]
SQL: SELECT * FROM `mxh_welinst` WHERE `id` = 3 LIMIT 1   [ RunTime:0.0120s ]
SQL: SELECT * FROM `mxh_welinst` WHERE `id` = 6 LIMIT 1   [ RunTime:0.0120s ]
INFO: [ view_parse ] --START--
INFO: [ template_filter ] --START--
INFO: Run Behavior\ContentReplaceBehavior [ RunTime:0.000000s ]
INFO: [ template_filter ] --END-- [ RunTime:0.000000s ]
INFO: Run Behavior\ParseTemplateBehavior [ RunTime:0.011000s ]
INFO: [ view_parse ] --END-- [ RunTime:0.011000s ]
INFO: [ view_filter ] --START--
INFO: Run Behavior\WriteHtmlCacheBehavior [ RunTime:0.001000s ]
INFO: [ view_filter ] --END-- [ RunTime:0.001000s ]
INFO: [ app_end ] --START--
INFO: Run Behavior\ShowPageTraceBehavior [ RunTime:0.001000s ]
INFO: [ app_end ] --END-- [ RunTime:0.001000s ]

[ 2017-08-13T17:07:31+08:00 ] 127.0.0.1 /VolunteerMS/index.php/Enterprise/Enterprise/servicelist.html
INFO: [ app_init ] --START--
INFO: Run Behavior\BuildLiteBehavior [ RunTime:0.000000s ]
INFO: [ app_init ] --END-- [ RunTime:0.000000s ]
INFO: [ app_begin ] --START--
INFO: Run Behavior\ReadHtmlCacheBehavior [ RunTime:0.001000s ]
INFO: [ app_begin ] --END-- [ RunTime:0.001000s ]
SQL: SHOW COLUMNS FROM `mxh_message` [ RunTime:0.0120s ]
SQL: SHOW COLUMNS FROM `mxh_message` [ RunTime:0.0130s ]
SQL: SHOW COLUMNS FROM `mxh_welinst` [ RunTime:0.0130s ]
SQL: SHOW COLUMNS FROM `mxh_welinst` [ RunTime:0.0130s ]
SQL: SELECT * FROM `mxh_message` WHERE `status` = 1  [ RunTime:0.0120s ]
SQL: SELECT * FROM `mxh_message` WHERE `id` IN ('10')  [ RunTime:0.0130s ]
SQL: SELECT * FROM `mxh_welinst` WHERE `id` = 6 LIMIT 1   [ RunTime:0.0120s ]
INFO: [ view_parse ] --START--
INFO: [ template_filter ] --START--
INFO: Run Behavior\ContentReplaceBehavior [ RunTime:0.000000s ]
INFO: [ template_filter ] --END-- [ RunTime:0.001000s ]
INFO: Run Behavior\ParseTemplateBehavior [ RunTime:0.014000s ]
INFO: [ view_parse ] --END-- [ RunTime:0.014000s ]
INFO: [ view_filter ] --START--
INFO: Run Behavior\WriteHtmlCacheBehavior [ RunTime:0.000000s ]
INFO: [ view_filter ] --END-- [ RunTime:0.000000s ]
INFO: [ app_end ] --START--
INFO: Run Behavior\ShowPageTraceBehavior [ RunTime:0.001000s ]
INFO: [ app_end ] --END-- [ RunTime:0.001000s ]

[ 2017-08-13T17:07:35+08:00 ] 127.0.0.1 /VolunteerMS/index.php/Enterprise/Enterprise/pendsuccess.html
INFO: [ app_init ] --START--
INFO: Run Behavior\BuildLiteBehavior [ RunTime:0.000000s ]
INFO: [ app_init ] --END-- [ RunTime:0.001000s ]
INFO: [ app_begin ] --START--
INFO: Run Behavior\ReadHtmlCacheBehavior [ RunTime:0.001000s ]
INFO: [ app_begin ] --END-- [ RunTime:0.001000s ]
SQL: SHOW COLUMNS FROM `mxh_welinst` [ RunTime:0.0130s ]
SQL: SHOW COLUMNS FROM `mxh_welinst` [ RunTime:0.0130s ]
SQL: SHOW COLUMNS FROM `mxh_message` [ RunTime:0.0120s ]
SQL: SHOW COLUMNS FROM `mxh_message` [ RunTime:0.0120s ]
SQL: SELECT * FROM `mxh_message` WHERE `status` = 2 AND `E_id` = 6  [ RunTime:0.0130s ]
SQL: SELECT * FROM `mxh_welinst` WHERE `id` = 7 LIMIT 1   [ RunTime:0.0120s ]
SQL: SELECT * FROM `mxh_welinst` WHERE `id` = 8 LIMIT 1   [ RunTime:0.0120s ]
INFO: [ view_parse ] --START--
INFO: [ template_filter ] --START--
INFO: Run Behavior\ContentReplaceBehavior [ RunTime:0.000000s ]
INFO: [ template_filter ] --END-- [ RunTime:0.000000s ]
INFO: Run Behavior\ParseTemplateBehavior [ RunTime:0.018000s ]
INFO: [ view_parse ] --END-- [ RunTime:0.018000s ]
INFO: [ view_filter ] --START--
INFO: Run Behavior\WriteHtmlCacheBehavior [ RunTime:0.001000s ]
INFO: [ view_filter ] --END-- [ RunTime:0.001000s ]
INFO: [ app_end ] --START--
INFO: Run Behavior\ShowPageTraceBehavior [ RunTime:0.001000s ]
INFO: [ app_end ] --END-- [ RunTime:0.001000s ]

[ 2017-08-13T17:07:37+08:00 ] 127.0.0.1 /VolunteerMS/index.php/Enterprise/Enterprise/servicelist.html
INFO: [ app_init ] --START--
INFO: Run Behavior\BuildLiteBehavior [ RunTime:0.000000s ]
INFO: [ app_init ] --END-- [ RunTime:0.001000s ]
INFO: [ app_begin ] --START--
INFO: Run Behavior\ReadHtmlCacheBehavior [ RunTime:0.001000s ]
INFO: [ app_begin ] --END-- [ RunTime:0.001000s ]
SQL: SHOW COLUMNS FROM `mxh_message` [ RunTime:0.0130s ]
SQL: SHOW COLUMNS FROM `mxh_message` [ RunTime:0.0130s ]
SQL: SHOW COLUMNS FROM `mxh_welinst` [ RunTime:0.0130s ]
SQL: SHOW COLUMNS FROM `mxh_welinst` [ RunTime:0.0130s ]
SQL: SELECT * FROM `mxh_message` WHERE `status` = 1  [ RunTime:0.0120s ]
SQL: SELECT * FROM `mxh_message` WHERE `id` IN ('10')  [ RunTime:0.0120s ]
SQL: SELECT * FROM `mxh_welinst` WHERE `id` = 6 LIMIT 1   [ RunTime:0.0130s ]
INFO: [ view_parse ] --START--
INFO: [ template_filter ] --START--
INFO: Run Behavior\ContentReplaceBehavior [ RunTime:0.000000s ]
INFO: [ template_filter ] --END-- [ RunTime:0.000000s ]
INFO: Run Behavior\ParseTemplateBehavior [ RunTime:0.021000s ]
INFO: [ view_parse ] --END-- [ RunTime:0.021000s ]
INFO: [ view_filter ] --START--
INFO: Run Behavior\WriteHtmlCacheBehavior [ RunTime:0.001000s ]
INFO: [ view_filter ] --END-- [ RunTime:0.001000s ]
INFO: [ app_end ] --START--
INFO: Run Behavior\ShowPageTraceBehavior [ RunTime:0.001000s ]
INFO: [ app_end ] --END-- [ RunTime:0.001000s ]

[ 2017-08-13T17:07:40+08:00 ] 127.0.0.1 /VolunteerMS/index.php/Enterprise/Enterprise/servicelist.html
INFO: [ app_init ] --START--
INFO: Run Behavior\BuildLiteBehavior [ RunTime:0.000000s ]
INFO: [ app_init ] --END-- [ RunTime:0.001000s ]
INFO: [ app_begin ] --START--
INFO: Run Behavior\ReadHtmlCacheBehavior [ RunTime:0.001000s ]
INFO: [ app_begin ] --END-- [ RunTime:0.001000s ]
SQL: SHOW COLUMNS FROM `mxh_message` [ RunTime:0.0130s ]
SQL: SHOW COLUMNS FROM `mxh_message` [ RunTime:0.0130s ]
SQL: SHOW COLUMNS FROM `mxh_welinst` [ RunTime:0.0120s ]
SQL: SHOW COLUMNS FROM `mxh_welinst` [ RunTime:0.0130s ]
SQL: SELECT * FROM `mxh_message` WHERE `status` = 1  [ RunTime:0.0130s ]
SQL: SELECT * FROM `mxh_message` WHERE `id` IN ('10')  [ RunTime:0.0130s ]
SQL: SELECT * FROM `mxh_welinst` WHERE `id` = 6 LIMIT 1   [ RunTime:0.0120s ]
INFO: [ view_parse ] --START--
INFO: [ template_filter ] --START--
INFO: Run Behavior\ContentReplaceBehavior [ RunTime:0.001000s ]
INFO: [ template_filter ] --END-- [ RunTime:0.001000s ]
INFO: Run Behavior\ParseTemplateBehavior [ RunTime:0.018000s ]
INFO: [ view_parse ] --END-- [ RunTime:0.019000s ]
INFO: [ view_filter ] --START--
INFO: Run Behavior\WriteHtmlCacheBehavior [ RunTime:0.000000s ]
INFO: [ view_filter ] --END-- [ RunTime:0.001000s ]
INFO: [ app_end ] --START--
INFO: Run Behavior\ShowPageTraceBehavior [ RunTime:0.001000s ]
INFO: [ app_end ] --END-- [ RunTime:0.001000s ]

[ 2017-08-13T17:07:43+08:00 ] 127.0.0.1 /VolunteerMS/index.php/Enterprise/Enterprise/servicelist.html
INFO: [ app_init ] --START--
INFO: Run Behavior\BuildLiteBehavior [ RunTime:0.000000s ]
INFO: [ app_init ] --END-- [ RunTime:0.001000s ]
INFO: [ app_begin ] --START--
INFO: Run Behavior\ReadHtmlCacheBehavior [ RunTime:0.001000s ]
INFO: [ app_begin ] --END-- [ RunTime:0.001000s ]
SQL: SHOW COLUMNS FROM `mxh_message` [ RunTime:0.0130s ]
SQL: SHOW COLUMNS FROM `mxh_message` [ RunTime:0.0130s ]
SQL: SHOW COLUMNS FROM `mxh_welinst` [ RunTime:0.0130s ]
SQL: SHOW COLUMNS FROM `mxh_welinst` [ RunTime:0.0130s ]
SQL: SELECT * FROM `mxh_message` WHERE `status` = 1  [ RunTime:0.0130s ]
SQL: SELECT * FROM `mxh_message` WHERE `id` IN ('10')  [ RunTime:0.0120s ]
SQL: SELECT * FROM `mxh_welinst` WHERE `id` = 6 LIMIT 1   [ RunTime:0.0150s ]
INFO: [ view_parse ] --START--
INFO: [ template_filter ] --START--
INFO: Run Behavior\ContentReplaceBehavior [ RunTime:0.000000s ]
INFO: [ template_filter ] --END-- [ RunTime:0.000000s ]
INFO: Run Behavior\ParseTemplateBehavior [ RunTime:0.013000s ]
INFO: [ view_parse ] --END-- [ RunTime:0.013000s ]
INFO: [ view_filter ] --START--
INFO: Run Behavior\WriteHtmlCacheBehavior [ RunTime:0.001000s ]
INFO: [ view_filter ] --END-- [ RunTime:0.001000s ]
INFO: [ app_end ] --START--
INFO: Run Behavior\ShowPageTraceBehavior [ RunTime:0.001000s ]
INFO: [ app_end ] --END-- [ RunTime:0.001000s ]

[ 2017-08-13T17:07:44+08:00 ] 127.0.0.1 /VolunteerMS/index.php/Enterprise/Enterprise/pendsuccess.html
INFO: [ app_init ] --START--
INFO: Run Behavior\BuildLiteBehavior [ RunTime:0.000000s ]
INFO: [ app_init ] --END-- [ RunTime:0.001000s ]
INFO: [ app_begin ] --START--
INFO: Run Behavior\ReadHtmlCacheBehavior [ RunTime:0.001000s ]
INFO: [ app_begin ] --END-- [ RunTime:0.001000s ]
SQL: SHOW COLUMNS FROM `mxh_welinst` [ RunTime:0.0130s ]
SQL: SHOW COLUMNS FROM `mxh_welinst` [ RunTime:0.0140s ]
SQL: SHOW COLUMNS FROM `mxh_message` [ RunTime:0.0140s ]
SQL: SHOW COLUMNS FROM `mxh_message` [ RunTime:0.0130s ]
SQL: SELECT * FROM `mxh_message` WHERE `status` = 2 AND `E_id` = 6  [ RunTime:0.0130s ]
SQL: SELECT * FROM `mxh_welinst` WHERE `id` = 7 LIMIT 1   [ RunTime:0.0130s ]
SQL: SELECT * FROM `mxh_welinst` WHERE `id` = 8 LIMIT 1   [ RunTime:0.0130s ]
INFO: [ view_parse ] --START--
INFO: [ template_filter ] --START--
INFO: Run Behavior\ContentReplaceBehavior [ RunTime:0.000000s ]
INFO: [ template_filter ] --END-- [ RunTime:0.000000s ]
INFO: Run Behavior\ParseTemplateBehavior [ RunTime:0.018000s ]
INFO: [ view_parse ] --END-- [ RunTime:0.018000s ]
INFO: [ view_filter ] --START--
INFO: Run Behavior\WriteHtmlCacheBehavior [ RunTime:0.001000s ]
INFO: [ view_filter ] --END-- [ RunTime:0.001000s ]
INFO: [ app_end ] --START--
INFO: Run Behavior\ShowPageTraceBehavior [ RunTime:0.001000s ]
INFO: [ app_end ] --END-- [ RunTime:0.001000s ]

[ 2017-08-13T17:07:48+08:00 ] 127.0.0.1 /VolunteerMS/index.php/Enterprise/Enterprise/servicelist.html
INFO: [ app_init ] --START--
INFO: Run Behavior\BuildLiteBehavior [ RunTime:0.000000s ]
INFO: [ app_init ] --END-- [ RunTime:0.001000s ]
INFO: [ app_begin ] --START--
INFO: Run Behavior\ReadHtmlCacheBehavior [ RunTime:0.001000s ]
INFO: [ app_begin ] --END-- [ RunTime:0.001000s ]
SQL: SHOW COLUMNS FROM `mxh_message` [ RunTime:0.0130s ]
SQL: SHOW COLUMNS FROM `mxh_message` [ RunTime:0.0120s ]
SQL: SHOW COLUMNS FROM `mxh_welinst` [ RunTime:0.0120s ]
SQL: SHOW COLUMNS FROM `mxh_welinst` [ RunTime:0.0120s ]
SQL: SELECT * FROM `mxh_message` WHERE `status` = 1  [ RunTime:0.0120s ]
SQL: SELECT * FROM `mxh_message` WHERE `id` IN ('10')  [ RunTime:0.0120s ]
SQL: SELECT * FROM `mxh_welinst` WHERE `id` = 6 LIMIT 1   [ RunTime:0.0120s ]
INFO: [ view_parse ] --START--
INFO: [ template_filter ] --START--
INFO: Run Behavior\ContentReplaceBehavior [ RunTime:0.001000s ]
INFO: [ template_filter ] --END-- [ RunTime:0.001000s ]
INFO: Run Behavior\ParseTemplateBehavior [ RunTime:0.021000s ]
INFO: [ view_parse ] --END-- [ RunTime:0.021000s ]
INFO: [ view_filter ] --START--
INFO: Run Behavior\WriteHtmlCacheBehavior [ RunTime:0.001000s ]
INFO: [ view_filter ] --END-- [ RunTime:0.001000s ]
INFO: [ app_end ] --START--
INFO: Run Behavior\ShowPageTraceBehavior [ RunTime:0.002000s ]
INFO: [ app_end ] --END-- [ RunTime:0.002000s ]

[ 2017-08-13T17:08:28+08:00 ] 127.0.0.1 /VolunteerMS/index.php/Enterprise/Enterprise/showlist.html
INFO: [ app_init ] --START--
INFO: Run Behavior\BuildLiteBehavior [ RunTime:0.000000s ]
INFO: [ app_init ] --END-- [ RunTime:0.001000s ]
INFO: [ app_begin ] --START--
INFO: Run Behavior\ReadHtmlCacheBehavior [ RunTime:0.001000s ]
INFO: [ app_begin ] --END-- [ RunTime:0.001000s ]
SQL: SHOW COLUMNS FROM `mxh_message` [ RunTime:0.0120s ]
SQL: SHOW COLUMNS FROM `mxh_message` [ RunTime:0.0130s ]
SQL: SHOW COLUMNS FROM `mxh_welinst` [ RunTime:0.0130s ]
SQL: SHOW COLUMNS FROM `mxh_welinst` [ RunTime:0.0130s ]
SQL: SELECT * FROM `mxh_message` WHERE `status` = 1  [ RunTime:0.0120s ]
SQL: SELECT * FROM `mxh_welinst` WHERE `id` = 4 LIMIT 1   [ RunTime:0.0120s ]
SQL: SELECT * FROM `mxh_welinst` WHERE `id` = 3 LIMIT 1   [ RunTime:0.0120s ]
SQL: SELECT * FROM `mxh_welinst` WHERE `id` = 6 LIMIT 1   [ RunTime:0.0120s ]
INFO: [ view_parse ] --START--
INFO: [ template_filter ] --START--
INFO: Run Behavior\ContentReplaceBehavior [ RunTime:0.000000s ]
INFO: [ template_filter ] --END-- [ RunTime:0.001000s ]
INFO: Run Behavior\ParseTemplateBehavior [ RunTime:0.017000s ]
INFO: [ view_parse ] --END-- [ RunTime:0.017000s ]
INFO: [ view_filter ] --START--
INFO: Run Behavior\WriteHtmlCacheBehavior [ RunTime:0.001000s ]
INFO: [ view_filter ] --END-- [ RunTime:0.001000s ]
INFO: [ app_end ] --START--
INFO: Run Behavior\ShowPageTraceBehavior [ RunTime:0.001000s ]
INFO: [ app_end ] --END-- [ RunTime:0.002000s ]

[ 2017-08-13T17:08:31+08:00 ] 127.0.0.1 /VolunteerMS/index.php/Enterprise/Enterprise/finish.html
INFO: [ app_init ] --START--
INFO: Run Behavior\BuildLiteBehavior [ RunTime:0.000000s ]
INFO: [ app_init ] --END-- [ RunTime:0.000000s ]
INFO: [ app_begin ] --START--
INFO: Run Behavior\ReadHtmlCacheBehavior [ RunTime:0.000000s ]
INFO: [ app_begin ] --END-- [ RunTime:0.000000s ]
INFO: [ view_parse ] --START--
INFO: [ template_filter ] --START--
INFO: Run Behavior\ContentReplaceBehavior [ RunTime:0.000000s ]
INFO: [ template_filter ] --END-- [ RunTime:0.000000s ]
INFO: Run Behavior\ParseTemplateBehavior [ RunTime:0.010000s ]
INFO: [ view_parse ] --END-- [ RunTime:0.010000s ]
INFO: [ view_filter ] --START--
INFO: Run Behavior\WriteHtmlCacheBehavior [ RunTime:0.001000s ]
INFO: [ view_filter ] --END-- [ RunTime:0.001000s ]
INFO: [ app_end ] --START--
INFO: Run Behavior\ShowPageTraceBehavior [ RunTime:0.000000s ]
INFO: [ app_end ] --END-- [ RunTime:0.000000s ]

[ 2017-08-13T17:08:33+08:00 ] 127.0.0.1 /VolunteerMS/index.php/Enterprise/Enterprise/excellententerprise.html
INFO: [ app_init ] --START--
INFO: Run Behavior\BuildLiteBehavior [ RunTime:0.000000s ]
INFO: [ app_init ] --END-- [ RunTime:0.000000s ]
INFO: [ app_begin ] --START--
INFO: Run Behavior\ReadHtmlCacheBehavior [ RunTime:0.000000s ]
INFO: [ app_begin ] --END-- [ RunTime:0.000000s ]
INFO: [ view_parse ] --START--
INFO: [ template_filter ] --START--
INFO: Run Behavior\ContentReplaceBehavior [ RunTime:0.000000s ]
INFO: [ template_filter ] --END-- [ RunTime:0.000000s ]
INFO: Run Behavior\ParseTemplateBehavior [ RunTime:0.007000s ]
INFO: [ view_parse ] --END-- [ RunTime:0.007000s ]
INFO: [ view_filter ] --START--
INFO: Run Behavior\WriteHtmlCacheBehavior [ RunTime:0.001000s ]
INFO: [ view_filter ] --END-- [ RunTime:0.001000s ]
INFO: [ app_end ] --START--
INFO: Run Behavior\ShowPageTraceBehavior [ RunTime:0.001000s ]
INFO: [ app_end ] --END-- [ RunTime:0.001000s ]

[ 2017-08-13T17:08:37+08:00 ] 127.0.0.1 /VolunteerMS/index.php/Enterprise/Enterprise/servicelist.html
INFO: [ app_init ] --START--
INFO: Run Behavior\BuildLiteBehavior [ RunTime:0.000000s ]
INFO: [ app_init ] --END-- [ RunTime:0.001000s ]
INFO: [ app_begin ] --START--
INFO: Run Behavior\ReadHtmlCacheBehavior [ RunTime:0.000000s ]
INFO: [ app_begin ] --END-- [ RunTime:0.001000s ]
SQL: SHOW COLUMNS FROM `mxh_message` [ RunTime:0.0140s ]
SQL: SHOW COLUMNS FROM `mxh_message` [ RunTime:0.0130s ]
SQL: SHOW COLUMNS FROM `mxh_welinst` [ RunTime:0.0140s ]
SQL: SHOW COLUMNS FROM `mxh_welinst` [ RunTime:0.0130s ]
SQL: SELECT * FROM `mxh_message` WHERE `status` = 1  [ RunTime:0.0120s ]
SQL: SELECT * FROM `mxh_message` WHERE `id` IN ('10')  [ RunTime:0.0120s ]
SQL: SELECT * FROM `mxh_welinst` WHERE `id` = 6 LIMIT 1   [ RunTime:0.0130s ]
INFO: [ view_parse ] --START--
INFO: [ template_filter ] --START--
INFO: Run Behavior\ContentReplaceBehavior [ RunTime:0.000000s ]
INFO: [ template_filter ] --END-- [ RunTime:0.000000s ]
INFO: Run Behavior\ParseTemplateBehavior [ RunTime:0.021000s ]
INFO: [ view_parse ] --END-- [ RunTime:0.021000s ]
INFO: [ view_filter ] --START--
INFO: Run Behavior\WriteHtmlCacheBehavior [ RunTime:0.001000s ]
INFO: [ view_filter ] --END-- [ RunTime:0.001000s ]
INFO: [ app_end ] --START--
INFO: Run Behavior\ShowPageTraceBehavior [ RunTime:0.002000s ]
INFO: [ app_end ] --END-- [ RunTime:0.002000s ]

[ 2017-08-13T17:08:40+08:00 ] 127.0.0.1 /VolunteerMS/index.php/Enterprise/Enterprise/pendsuccess.html
INFO: [ app_init ] --START--
INFO: Run Behavior\BuildLiteBehavior [ RunTime:0.000000s ]
INFO: [ app_init ] --END-- [ RunTime:0.001000s ]
INFO: [ app_begin ] --START--
INFO: Run Behavior\ReadHtmlCacheBehavior [ RunTime:0.001000s ]
INFO: [ app_begin ] --END-- [ RunTime:0.001000s ]
SQL: SHOW COLUMNS FROM `mxh_welinst` [ RunTime:0.0130s ]
SQL: SHOW COLUMNS FROM `mxh_welinst` [ RunTime:0.0130s ]
SQL: SHOW COLUMNS FROM `mxh_message` [ RunTime:0.0130s ]
SQL: SHOW COLUMNS FROM `mxh_message` [ RunTime:0.0130s ]
SQL: SELECT * FROM `mxh_message` WHERE `status` = 2 AND `E_id` = 6  [ RunTime:0.0150s ]
SQL: SELECT * FROM `mxh_welinst` WHERE `id` = 7 LIMIT 1   [ RunTime:0.0120s ]
SQL: SELECT * FROM `mxh_welinst` WHERE `id` = 8 LIMIT 1   [ RunTime:0.0120s ]
INFO: [ view_parse ] --START--
INFO: [ template_filter ] --START--
INFO: Run Behavior\ContentReplaceBehavior [ RunTime:0.001000s ]
INFO: [ template_filter ] --END-- [ RunTime:0.001000s ]
INFO: Run Behavior\ParseTemplateBehavior [ RunTime:0.021000s ]
INFO: [ view_parse ] --END-- [ RunTime:0.021000s ]
INFO: [ view_filter ] --START--
INFO: Run Behavior\WriteHtmlCacheBehavior [ RunTime:0.000000s ]
INFO: [ view_filter ] --END-- [ RunTime:0.000000s ]
INFO: [ app_end ] --START--
INFO: Run Behavior\ShowPageTraceBehavior [ RunTime:0.000000s ]
INFO: [ app_end ] --END-- [ RunTime:0.000000s ]

[ 2017-08-13T17:08:43+08:00 ] 127.0.0.1 /VolunteerMS/index.php/Enterprise/Enterprise/servicelist.html
INFO: [ app_init ] --START--
INFO: Run Behavior\BuildLiteBehavior [ RunTime:0.000000s ]
INFO: [ app_init ] --END-- [ RunTime:0.001000s ]
INFO: [ app_begin ] --START--
INFO: Run Behavior\ReadHtmlCacheBehavior [ RunTime:0.001000s ]
INFO: [ app_begin ] --END-- [ RunTime:0.001000s ]
SQL: SHOW COLUMNS FROM `mxh_message` [ RunTime:0.0130s ]
SQL: SHOW COLUMNS FROM `mxh_message` [ RunTime:0.0130s ]
SQL: SHOW COLUMNS FROM `mxh_welinst` [ RunTime:0.0140s ]
SQL: SHOW COLUMNS FROM `mxh_welinst` [ RunTime:0.0130s ]
SQL: SELECT * FROM `mxh_message` WHERE `status` = 1  [ RunTime:0.0130s ]
SQL: SELECT * FROM `mxh_message` WHERE `id` IN ('10')  [ RunTime:0.0130s ]
SQL: SELECT * FROM `mxh_welinst` WHERE `id` = 6 LIMIT 1   [ RunTime:0.0130s ]
INFO: [ view_parse ] --START--
INFO: [ template_filter ] --START--
INFO: Run Behavior\ContentReplaceBehavior [ RunTime:0.000000s ]
INFO: [ template_filter ] --END-- [ RunTime:0.001000s ]
INFO: Run Behavior\ParseTemplateBehavior [ RunTime:0.020000s ]
INFO: [ view_parse ] --END-- [ RunTime:0.020000s ]
INFO: [ view_filter ] --START--
INFO: Run Behavior\WriteHtmlCacheBehavior [ RunTime:0.001000s ]
INFO: [ view_filter ] --END-- [ RunTime:0.001000s ]
INFO: [ app_end ] --START--
INFO: Run Behavior\ShowPageTraceBehavior [ RunTime:0.002000s ]
INFO: [ app_end ] --END-- [ RunTime:0.002000s ]

[ 2017-08-13T17:10:12+08:00 ] 127.0.0.1 /VolunteerMS/index.php/Enterprise/Index/index.html
INFO: [ app_init ] --START--
INFO: Run Behavior\BuildLiteBehavior [ RunTime:0.000000s ]
INFO: [ app_init ] --END-- [ RunTime:0.001000s ]
INFO: [ app_begin ] --START--
INFO: Run Behavior\ReadHtmlCacheBehavior [ RunTime:0.001000s ]
INFO: [ app_begin ] --END-- [ RunTime:0.001000s ]
INFO: [ view_parse ] --START--
INFO: [ template_filter ] --START--
INFO: Run Behavior\ContentReplaceBehavior [ RunTime:0.000000s ]
INFO: [ template_filter ] --END-- [ RunTime:0.000000s ]
INFO: Run Behavior\ParseTemplateBehavior [ RunTime:0.008000s ]
INFO: [ view_parse ] --END-- [ RunTime:0.008000s ]
INFO: [ view_filter ] --START--
INFO: Run Behavior\WriteHtmlCacheBehavior [ RunTime:0.001000s ]
INFO: [ view_filter ] --END-- [ RunTime:0.001000s ]
INFO: [ app_end ] --START--
INFO: Run Behavior\ShowPageTraceBehavior [ RunTime:0.001000s ]
INFO: [ app_end ] --END-- [ RunTime:0.001000s ]

[ 2017-08-13T17:10:12+08:00 ] 127.0.0.1 /VolunteerMS/index.php/Enterprise/Index/welcome.html
INFO: [ app_init ] --START--
INFO: Run Behavior\BuildLiteBehavior [ RunTime:0.000000s ]
INFO: [ app_init ] --END-- [ RunTime:0.001000s ]
INFO: [ app_begin ] --START--
INFO: Run Behavior\ReadHtmlCacheBehavior [ RunTime:0.000000s ]
INFO: [ app_begin ] --END-- [ RunTime:0.000000s ]
INFO: [ app_end ] --START--
INFO: Run Behavior\ShowPageTraceBehavior [ RunTime:0.000000s ]
INFO: [ app_end ] --END-- [ RunTime:0.000000s ]

[ 2017-08-13T17:10:16+08:00 ] 127.0.0.1 /VolunteerMS/index.php/Enterprise/Enterprise/servicelist.html
INFO: [ app_init ] --START--
INFO: Run Behavior\BuildLiteBehavior [ RunTime:0.000000s ]
INFO: [ app_init ] --END-- [ RunTime:0.001000s ]
INFO: [ app_begin ] --START--
INFO: Run Behavior\ReadHtmlCacheBehavior [ RunTime:0.001000s ]
INFO: [ app_begin ] --END-- [ RunTime:0.001000s ]
SQL: SHOW COLUMNS FROM `mxh_message` [ RunTime:0.0130s ]
SQL: SHOW COLUMNS FROM `mxh_message` [ RunTime:0.0120s ]
SQL: SHOW COLUMNS FROM `mxh_welinst` [ RunTime:0.0130s ]
SQL: SHOW COLUMNS FROM `mxh_welinst` [ RunTime:0.0120s ]
SQL: SELECT * FROM `mxh_message` WHERE `status` = 1  [ RunTime:0.0120s ]
SQL: SELECT * FROM `mxh_message` WHERE `id` IN ('10')  [ RunTime:0.0120s ]
SQL: SELECT * FROM `mxh_welinst` WHERE `id` = 6 LIMIT 1   [ RunTime:0.0120s ]
INFO: [ view_parse ] --START--
INFO: [ template_filter ] --START--
INFO: Run Behavior\ContentReplaceBehavior [ RunTime:0.000000s ]
INFO: [ template_filter ] --END-- [ RunTime:0.000000s ]
INFO: Run Behavior\ParseTemplateBehavior [ RunTime:0.014000s ]
INFO: [ view_parse ] --END-- [ RunTime:0.014000s ]
INFO: [ view_filter ] --START--
INFO: Run Behavior\WriteHtmlCacheBehavior [ RunTime:0.001000s ]
INFO: [ view_filter ] --END-- [ RunTime:0.001000s ]
INFO: [ app_end ] --START--
INFO: Run Behavior\ShowPageTraceBehavior [ RunTime:0.001000s ]
INFO: [ app_end ] --END-- [ RunTime:0.001000s ]

[ 2017-08-13T17:10:38+08:00 ] 127.0.0.1 /VolunteerMS/index.php/Enterprise/Index/index.html
INFO: [ app_init ] --START--
INFO: Run Behavior\BuildLiteBehavior [ RunTime:0.000000s ]
INFO: [ app_init ] --END-- [ RunTime:0.001000s ]
INFO: [ app_begin ] --START--
INFO: Run Behavior\ReadHtmlCacheBehavior [ RunTime:0.000000s ]
INFO: [ app_begin ] --END-- [ RunTime:0.000000s ]
INFO: [ view_parse ] --START--
INFO: [ template_filter ] --START--
INFO: Run Behavior\ContentReplaceBehavior [ RunTime:0.000000s ]
INFO: [ template_filter ] --END-- [ RunTime:0.000000s ]
INFO: Run Behavior\ParseTemplateBehavior [ RunTime:0.008000s ]
INFO: [ view_parse ] --END-- [ RunTime:0.008000s ]
INFO: [ view_filter ] --START--
INFO: Run Behavior\WriteHtmlCacheBehavior [ RunTime:0.000000s ]
INFO: [ view_filter ] --END-- [ RunTime:0.000000s ]
INFO: [ app_end ] --START--
INFO: Run Behavior\ShowPageTraceBehavior [ RunTime:0.001000s ]
INFO: [ app_end ] --END-- [ RunTime:0.001000s ]

[ 2017-08-13T17:10:38+08:00 ] 127.0.0.1 /VolunteerMS/index.php/Enterprise/Index/welcome.html
INFO: [ app_init ] --START--
INFO: Run Behavior\BuildLiteBehavior [ RunTime:0.000000s ]
INFO: [ app_init ] --END-- [ RunTime:0.000000s ]
INFO: [ app_begin ] --START--
INFO: Run Behavior\ReadHtmlCacheBehavior [ RunTime:0.000000s ]
INFO: [ app_begin ] --END-- [ RunTime:0.000000s ]
INFO: [ app_end ] --START--
INFO: Run Behavior\ShowPageTraceBehavior [ RunTime:0.001000s ]
INFO: [ app_end ] --END-- [ RunTime:0.001000s ]

[ 2017-08-13T17:10:40+08:00 ] 127.0.0.1 /VolunteerMS/index.php/Enterprise/Enterprise/servicelist.html
INFO: [ app_init ] --START--
INFO: Run Behavior\BuildLiteBehavior [ RunTime:0.000000s ]
INFO: [ app_init ] --END-- [ RunTime:0.001000s ]
INFO: [ app_begin ] --START--
INFO: Run Behavior\ReadHtmlCacheBehavior [ RunTime:0.001000s ]
INFO: [ app_begin ] --END-- [ RunTime:0.001000s ]
SQL: SHOW COLUMNS FROM `mxh_message` [ RunTime:0.0120s ]
SQL: SHOW COLUMNS FROM `mxh_message` [ RunTime:0.0120s ]
SQL: SHOW COLUMNS FROM `mxh_welinst` [ RunTime:0.0120s ]
SQL: SHOW COLUMNS FROM `mxh_welinst` [ RunTime:0.0120s ]
SQL: SELECT * FROM `mxh_message` WHERE `status` = 1  [ RunTime:0.0130s ]
SQL: SELECT * FROM `mxh_message` WHERE `id` IN ('10')  [ RunTime:0.0110s ]
SQL: SELECT * FROM `mxh_welinst` WHERE `id` = 6 LIMIT 1   [ RunTime:0.0110s ]
INFO: [ view_parse ] --START--
INFO: [ template_filter ] --START--
INFO: Run Behavior\ContentReplaceBehavior [ RunTime:0.000000s ]
INFO: [ template_filter ] --END-- [ RunTime:0.000000s ]
INFO: Run Behavior\ParseTemplateBehavior [ RunTime:0.014000s ]
INFO: [ view_parse ] --END-- [ RunTime:0.014000s ]
INFO: [ view_filter ] --START--
INFO: Run Behavior\WriteHtmlCacheBehavior [ RunTime:0.000000s ]
INFO: [ view_filter ] --END-- [ RunTime:0.000000s ]
INFO: [ app_end ] --START--
INFO: Run Behavior\ShowPageTraceBehavior [ RunTime:0.000000s ]
INFO: [ app_end ] --END-- [ RunTime:0.001000s ]

[ 2017-08-13T17:10:56+08:00 ] 127.0.0.1 /VolunteerMS/index.php/Enterprise/Enterprise/servicelist.html
INFO: [ app_init ] --START--
INFO: Run Behavior\BuildLiteBehavior [ RunTime:0.000000s ]
INFO: [ app_init ] --END-- [ RunTime:0.001000s ]
INFO: [ app_begin ] --START--
INFO: Run Behavior\ReadHtmlCacheBehavior [ RunTime:0.001000s ]
INFO: [ app_begin ] --END-- [ RunTime:0.001000s ]
SQL: SHOW COLUMNS FROM `mxh_message` [ RunTime:0.0120s ]
SQL: SHOW COLUMNS FROM `mxh_message` [ RunTime:0.0130s ]
SQL: SHOW COLUMNS FROM `mxh_welinst` [ RunTime:0.0130s ]
SQL: SHOW COLUMNS FROM `mxh_welinst` [ RunTime:0.0130s ]
SQL: SELECT * FROM `mxh_message` WHERE `status` = 1  [ RunTime:0.0120s ]
NOTIC: [2] Invalid argument supplied for foreach() D:\lxj\volunteer-master\VolunteerMS\Enterprise\Controller\EnterpriseController.class.php 第 51 行.
INFO: [ view_parse ] --START--
INFO: [ template_filter ] --START--
INFO: Run Behavior\ContentReplaceBehavior [ RunTime:0.001000s ]
INFO: [ template_filter ] --END-- [ RunTime:0.001000s ]
INFO: Run Behavior\ParseTemplateBehavior [ RunTime:0.022000s ]
INFO: [ view_parse ] --END-- [ RunTime:0.022000s ]
INFO: [ view_filter ] --START--
INFO: Run Behavior\WriteHtmlCacheBehavior [ RunTime:0.001000s ]
INFO: [ view_filter ] --END-- [ RunTime:0.001000s ]
INFO: [ app_end ] --START--
INFO: Run Behavior\ShowPageTraceBehavior [ RunTime:0.002000s ]
INFO: [ app_end ] --END-- [ RunTime:0.002000s ]

[ 2017-08-13T17:10:57+08:00 ] 127.0.0.1 /VolunteerMS/index.php/Enterprise/Enterprise/pendsuccess.html
INFO: [ app_init ] --START--
INFO: Run Behavior\BuildLiteBehavior [ RunTime:0.000000s ]
INFO: [ app_init ] --END-- [ RunTime:0.000000s ]
INFO: [ app_begin ] --START--
INFO: Run Behavior\ReadHtmlCacheBehavior [ RunTime:0.001000s ]
INFO: [ app_begin ] --END-- [ RunTime:0.001000s ]
SQL: SHOW COLUMNS FROM `mxh_welinst` [ RunTime:0.0140s ]
SQL: SHOW COLUMNS FROM `mxh_welinst` [ RunTime:0.0500s ]
SQL: SHOW COLUMNS FROM `mxh_message` [ RunTime:0.0140s ]
SQL: SHOW COLUMNS FROM `mxh_message` [ RunTime:0.0130s ]
SQL: SELECT * FROM `mxh_message` WHERE `status` = 2 AND `E_id` = 6  [ RunTime:0.0130s ]
SQL: SELECT * FROM `mxh_welinst` WHERE `id` = 7 LIMIT 1   [ RunTime:0.0130s ]
SQL: SELECT * FROM `mxh_welinst` WHERE `id` = 8 LIMIT 1   [ RunTime:0.0130s ]
SQL: SELECT * FROM `mxh_welinst` WHERE `id` = 6 LIMIT 1   [ RunTime:0.0130s ]
INFO: [ view_parse ] --START--
INFO: [ template_filter ] --START--
INFO: Run Behavior\ContentReplaceBehavior [ RunTime:0.001000s ]
INFO: [ template_filter ] --END-- [ RunTime:0.001000s ]
INFO: Run Behavior\ParseTemplateBehavior [ RunTime:0.020000s ]
INFO: [ view_parse ] --END-- [ RunTime:0.021000s ]
INFO: [ view_filter ] --START--
INFO: Run Behavior\WriteHtmlCacheBehavior [ RunTime:0.001000s ]
INFO: [ view_filter ] --END-- [ RunTime:0.001000s ]
INFO: [ app_end ] --START--
INFO: Run Behavior\ShowPageTraceBehavior [ RunTime:0.001000s ]
INFO: [ app_end ] --END-- [ RunTime:0.001000s ]

[ 2017-08-13T17:11:19+08:00 ] 127.0.0.1 /VolunteerMS/index.php/Enterprise/Enterprise/finish.html
INFO: [ app_init ] --START--
INFO: Run Behavior\BuildLiteBehavior [ RunTime:0.000000s ]
INFO: [ app_init ] --END-- [ RunTime:0.001000s ]
INFO: [ app_begin ] --START--
INFO: Run Behavior\ReadHtmlCacheBehavior [ RunTime:0.001000s ]
INFO: [ app_begin ] --END-- [ RunTime:0.001000s ]
INFO: [ view_parse ] --START--
INFO: [ template_filter ] --START--
INFO: Run Behavior\ContentReplaceBehavior [ RunTime:0.000000s ]
INFO: [ template_filter ] --END-- [ RunTime:0.000000s ]
INFO: Run Behavior\ParseTemplateBehavior [ RunTime:0.008000s ]
INFO: [ view_parse ] --END-- [ RunTime:0.008000s ]
INFO: [ view_filter ] --START--
INFO: Run Behavior\WriteHtmlCacheBehavior [ RunTime:0.000000s ]
INFO: [ view_filter ] --END-- [ RunTime:0.000000s ]
INFO: [ app_end ] --START--
INFO: Run Behavior\ShowPageTraceBehavior [ RunTime:0.001000s ]
INFO: [ app_end ] --END-- [ RunTime:0.001000s ]

[ 2017-08-13T17:11:26+08:00 ] 127.0.0.1 /VolunteerMS/index.php/Enterprise/Enterprise/excellententerprise.html
INFO: [ app_init ] --START--
INFO: Run Behavior\BuildLiteBehavior [ RunTime:0.000000s ]
INFO: [ app_init ] --END-- [ RunTime:0.000000s ]
INFO: [ app_begin ] --START--
INFO: Run Behavior\ReadHtmlCacheBehavior [ RunTime:0.000000s ]
INFO: [ app_begin ] --END-- [ RunTime:0.000000s ]
INFO: [ view_parse ] --START--
INFO: [ template_filter ] --START--
INFO: Run Behavior\ContentReplaceBehavior [ RunTime:0.000000s ]
INFO: [ template_filter ] --END-- [ RunTime:0.000000s ]
INFO: Run Behavior\ParseTemplateBehavior [ RunTime:0.009000s ]
INFO: [ view_parse ] --END-- [ RunTime:0.009000s ]
INFO: [ view_filter ] --START--
INFO: Run Behavior\WriteHtmlCacheBehavior [ RunTime:0.000000s ]
INFO: [ view_filter ] --END-- [ RunTime:0.000000s ]
INFO: [ app_end ] --START--
INFO: Run Behavior\ShowPageTraceBehavior [ RunTime:0.001000s ]
INFO: [ app_end ] --END-- [ RunTime:0.001000s ]

[ 2017-08-13T17:11:27+08:00 ] 127.0.0.1 /VolunteerMS/index.php/Enterprise/Enterprise/finish.html
INFO: [ app_init ] --START--
INFO: Run Behavior\BuildLiteBehavior [ RunTime:0.000000s ]
INFO: [ app_init ] --END-- [ RunTime:0.000000s ]
INFO: [ app_begin ] --START--
INFO: Run Behavior\ReadHtmlCacheBehavior [ RunTime:0.001000s ]
INFO: [ app_begin ] --END-- [ RunTime:0.001000s ]
INFO: [ view_parse ] --START--
INFO: [ template_filter ] --START--
INFO: Run Behavior\ContentReplaceBehavior [ RunTime:0.000000s ]
INFO: [ template_filter ] --END-- [ RunTime:0.000000s ]
INFO: Run Behavior\ParseTemplateBehavior [ RunTime:0.007000s ]
INFO: [ view_parse ] --END-- [ RunTime:0.007000s ]
INFO: [ view_filter ] --START--
INFO: Run Behavior\WriteHtmlCacheBehavior [ RunTime:0.000000s ]
INFO: [ view_filter ] --END-- [ RunTime:0.000000s ]
INFO: [ app_end ] --START--
INFO: Run Behavior\ShowPageTraceBehavior [ RunTime:0.001000s ]
INFO: [ app_end ] --END-- [ RunTime:0.001000s ]

[ 2017-08-13T18:19:39+08:00 ] 127.0.0.1 /VolunteerMS/index.php/Enterprise/Enterprise/showlist.html
INFO: [ app_init ] --START--
INFO: Run Behavior\BuildLiteBehavior [ RunTime:0.000000s ]
INFO: [ app_init ] --END-- [ RunTime:0.000000s ]
INFO: [ app_begin ] --START--
INFO: Run Behavior\ReadHtmlCacheBehavior [ RunTime:0.000000s ]
INFO: [ app_begin ] --END-- [ RunTime:0.000000s ]
SQL: SHOW COLUMNS FROM `mxh_message` [ RunTime:0.0120s ]
SQL: SHOW COLUMNS FROM `mxh_message` [ RunTime:0.0120s ]
SQL: SHOW COLUMNS FROM `mxh_welinst` [ RunTime:0.0120s ]
SQL: SHOW COLUMNS FROM `mxh_welinst` [ RunTime:0.0120s ]
SQL: SELECT * FROM `mxh_message` WHERE `status` = 1  [ RunTime:0.0130s ]
SQL: SELECT * FROM `mxh_welinst` WHERE `id` = 4 LIMIT 1   [ RunTime:0.0120s ]
SQL: SELECT * FROM `mxh_welinst` WHERE `id` = 3 LIMIT 1   [ RunTime:0.0120s ]
SQL: SELECT * FROM `mxh_welinst` WHERE `id` = 6 LIMIT 1   [ RunTime:0.0120s ]
INFO: [ view_parse ] --START--
INFO: [ template_filter ] --START--
INFO: Run Behavior\ContentReplaceBehavior [ RunTime:0.000000s ]
INFO: [ template_filter ] --END-- [ RunTime:0.000000s ]
INFO: Run Behavior\ParseTemplateBehavior [ RunTime:0.019000s ]
INFO: [ view_parse ] --END-- [ RunTime:0.019000s ]
INFO: [ view_filter ] --START--
INFO: Run Behavior\WriteHtmlCacheBehavior [ RunTime:0.000000s ]
INFO: [ view_filter ] --END-- [ RunTime:0.001000s ]
INFO: [ app_end ] --START--
INFO: Run Behavior\ShowPageTraceBehavior [ RunTime:0.001000s ]
INFO: [ app_end ] --END-- [ RunTime:0.001000s ]

[ 2017-08-13T18:19:42+08:00 ] 127.0.0.1 /VolunteerMS/index.php/Enterprise/enterprise/app/mes_id/11/ent_id/6.html
INFO: [ app_init ] --START--
INFO: Run Behavior\BuildLiteBehavior [ RunTime:0.000000s ]
INFO: [ app_init ] --END-- [ RunTime:0.000000s ]
INFO: [ app_begin ] --START--
INFO: Run Behavior\ReadHtmlCacheBehavior [ RunTime:0.001000s ]
INFO: [ app_begin ] --END-- [ RunTime:0.001000s ]
SQL: SHOW COLUMNS FROM `mxh_message` [ RunTime:0.0120s ]
SQL: SHOW COLUMNS FROM `mxh_message` [ RunTime:0.0110s ]
SQL: SELECT * FROM `mxh_message` WHERE `status` = 1 AND `id` = 11 LIMIT 1   [ RunTime:0.0110s ]
SQL: UPDATE `mxh_message` SET `App_ids`='6' WHERE `id` = 11 [ RunTime:0.0160s ]
INFO: [ view_parse ] --START--
INFO: [ template_filter ] --START--
INFO: Run Behavior\ContentReplaceBehavior [ RunTime:0.001000s ]
INFO: [ template_filter ] --END-- [ RunTime:0.001000s ]
INFO: Run Behavior\ParseTemplateBehavior [ RunTime:0.013000s ]
INFO: [ view_parse ] --END-- [ RunTime:0.013000s ]
INFO: [ view_filter ] --START--
INFO: Run Behavior\WriteHtmlCacheBehavior [ RunTime:0.001000s ]
INFO: [ view_filter ] --END-- [ RunTime:0.001000s ]
INFO: [ app_end ] --START--
INFO: Run Behavior\ShowPageTraceBehavior [ RunTime:0.002000s ]
INFO: [ app_end ] --END-- [ RunTime:0.002000s ]

[ 2017-08-13T18:19:43+08:00 ] 127.0.0.1 /VolunteerMS/index.php/Enterprise/Enterprise/showlist.html
INFO: [ app_init ] --START--
INFO: Run Behavior\BuildLiteBehavior [ RunTime:0.000000s ]
INFO: [ app_init ] --END-- [ RunTime:0.001000s ]
INFO: [ app_begin ] --START--
INFO: Run Behavior\ReadHtmlCacheBehavior [ RunTime:0.001000s ]
INFO: [ app_begin ] --END-- [ RunTime:0.001000s ]
SQL: SHOW COLUMNS FROM `mxh_message` [ RunTime:0.0130s ]
SQL: SHOW COLUMNS FROM `mxh_message` [ RunTime:0.0130s ]
SQL: SHOW COLUMNS FROM `mxh_welinst` [ RunTime:0.0130s ]
SQL: SHOW COLUMNS FROM `mxh_welinst` [ RunTime:0.0130s ]
SQL: SELECT * FROM `mxh_message` WHERE `status` = 1  [ RunTime:0.0130s ]
SQL: SELECT * FROM `mxh_welinst` WHERE `id` = 4 LIMIT 1   [ RunTime:0.0130s ]
SQL: SELECT * FROM `mxh_welinst` WHERE `id` = 3 LIMIT 1   [ RunTime:0.0130s ]
SQL: SELECT * FROM `mxh_welinst` WHERE `id` = 6 LIMIT 1   [ RunTime:0.0130s ]
INFO: [ view_parse ] --START--
INFO: [ template_filter ] --START--
INFO: Run Behavior\ContentReplaceBehavior [ RunTime:0.000000s ]
INFO: [ template_filter ] --END-- [ RunTime:0.000000s ]
INFO: Run Behavior\ParseTemplateBehavior [ RunTime:0.020000s ]
INFO: [ view_parse ] --END-- [ RunTime:0.020000s ]
INFO: [ view_filter ] --START--
INFO: Run Behavior\WriteHtmlCacheBehavior [ RunTime:0.000000s ]
INFO: [ view_filter ] --END-- [ RunTime:0.000000s ]
INFO: [ app_end ] --START--
INFO: Run Behavior\ShowPageTraceBehavior [ RunTime:0.001000s ]
INFO: [ app_end ] --END-- [ RunTime:0.001000s ]

[ 2017-08-13T19:16:38+08:00 ] 127.0.0.1 /VolunteerMS/index.php/Enterprise/enterprise/app/mes_id/11/ent_id/6.html
INFO: [ app_init ] --START--
INFO: Run Behavior\BuildLiteBehavior [ RunTime:0.000000s ]
INFO: [ app_init ] --END-- [ RunTime:0.000000s ]
INFO: [ app_begin ] --START--
INFO: Run Behavior\ReadHtmlCacheBehavior [ RunTime:0.000000s ]
INFO: [ app_begin ] --END-- [ RunTime:0.000000s ]
SQL: SHOW COLUMNS FROM `mxh_message` [ RunTime:0.0120s ]
SQL: SHOW COLUMNS FROM `mxh_message` [ RunTime:0.0120s ]
SQL: SELECT * FROM `mxh_message` WHERE `status` = 1 AND `id` = 11 LIMIT 1   [ RunTime:0.0120s ]
SQL: UPDATE `mxh_message` SET `App_ids`='6' WHERE `id` = 11 [ RunTime:0.0130s ]
INFO: [ view_parse ] --START--
INFO: [ template_filter ] --START--
INFO: Run Behavior\ContentReplaceBehavior [ RunTime:0.001000s ]
INFO: [ template_filter ] --END-- [ RunTime:0.001000s ]
INFO: Run Behavior\ParseTemplateBehavior [ RunTime:0.015000s ]
INFO: [ view_parse ] --END-- [ RunTime:0.015000s ]
INFO: [ view_filter ] --START--
INFO: Run Behavior\WriteHtmlCacheBehavior [ RunTime:0.000000s ]
INFO: [ view_filter ] --END-- [ RunTime:0.000000s ]

[ 2017-08-13T19:16:44+08:00 ] 127.0.0.1 /VolunteerMS/index.php/Enterprise/Index/index.html
INFO: [ app_init ] --START--
INFO: Run Behavior\BuildLiteBehavior [ RunTime:0.000000s ]
INFO: [ app_init ] --END-- [ RunTime:0.001000s ]
INFO: [ app_begin ] --START--
INFO: Run Behavior\ReadHtmlCacheBehavior [ RunTime:0.001000s ]
INFO: [ app_begin ] --END-- [ RunTime:0.001000s ]
INFO: [ view_parse ] --START--
INFO: [ template_filter ] --START--
INFO: Run Behavior\ContentReplaceBehavior [ RunTime:0.000000s ]
INFO: [ template_filter ] --END-- [ RunTime:0.000000s ]
INFO: Run Behavior\ParseTemplateBehavior [ RunTime:0.007000s ]
INFO: [ view_parse ] --END-- [ RunTime:0.007000s ]
INFO: [ view_filter ] --START--
INFO: Run Behavior\WriteHtmlCacheBehavior [ RunTime:0.001000s ]
INFO: [ view_filter ] --END-- [ RunTime:0.001000s ]
INFO: [ app_end ] --START--
INFO: Run Behavior\ShowPageTraceBehavior [ RunTime:0.000000s ]
INFO: [ app_end ] --END-- [ RunTime:0.000000s ]

[ 2017-08-13T19:16:44+08:00 ] 127.0.0.1 /VolunteerMS/index.php/Enterprise/Index/welcome.html
INFO: [ app_init ] --START--
INFO: Run Behavior\BuildLiteBehavior [ RunTime:0.000000s ]
INFO: [ app_init ] --END-- [ RunTime:0.001000s ]
INFO: [ app_begin ] --START--
INFO: Run Behavior\ReadHtmlCacheBehavior [ RunTime:0.000000s ]
INFO: [ app_begin ] --END-- [ RunTime:0.000000s ]
INFO: [ app_end ] --START--
INFO: Run Behavior\ShowPageTraceBehavior [ RunTime:0.001000s ]
INFO: [ app_end ] --END-- [ RunTime:0.001000s ]

[ 2017-08-13T19:16:47+08:00 ] 127.0.0.1 /VolunteerMS/index.php/Enterprise/Enterprise/pendsuccess.html
INFO: [ app_init ] --START--
INFO: Run Behavior\BuildLiteBehavior [ RunTime:0.000000s ]
INFO: [ app_init ] --END-- [ RunTime:0.000000s ]
INFO: [ app_begin ] --START--
INFO: Run Behavior\ReadHtmlCacheBehavior [ RunTime:0.000000s ]
INFO: [ app_begin ] --END-- [ RunTime:0.000000s ]
SQL: SHOW COLUMNS FROM `mxh_welinst` [ RunTime:0.0130s ]
SQL: SHOW COLUMNS FROM `mxh_welinst` [ RunTime:0.0130s ]
SQL: SHOW COLUMNS FROM `mxh_message` [ RunTime:0.0130s ]
SQL: SHOW COLUMNS FROM `mxh_message` [ RunTime:0.0130s ]
SQL: SELECT * FROM `mxh_message` WHERE `status` = 2 AND `E_id` = 6  [ RunTime:0.0130s ]
SQL: SELECT * FROM `mxh_welinst` WHERE `id` = 7 LIMIT 1   [ RunTime:0.0130s ]
SQL: SELECT * FROM `mxh_welinst` WHERE `id` = 8 LIMIT 1   [ RunTime:0.0130s ]
SQL: SELECT * FROM `mxh_welinst` WHERE `id` = 6 LIMIT 1   [ RunTime:0.0130s ]
SQL: SELECT * FROM `mxh_welinst` WHERE `id` = 6 LIMIT 1   [ RunTime:0.0130s ]
INFO: [ view_parse ] --START--
INFO: [ template_filter ] --START--
INFO: Run Behavior\ContentReplaceBehavior [ RunTime:0.000000s ]
INFO: [ template_filter ] --END-- [ RunTime:0.000000s ]
INFO: Run Behavior\ParseTemplateBehavior [ RunTime:0.021000s ]
INFO: [ view_parse ] --END-- [ RunTime:0.021000s ]
INFO: [ view_filter ] --START--
INFO: Run Behavior\WriteHtmlCacheBehavior [ RunTime:0.001000s ]
INFO: [ view_filter ] --END-- [ RunTime:0.001000s ]
INFO: [ app_end ] --START--
INFO: Run Behavior\ShowPageTraceBehavior [ RunTime:0.002000s ]
INFO: [ app_end ] --END-- [ RunTime:0.002000s ]

[ 2017-08-13T19:16:48+08:00 ] 127.0.0.1 /VolunteerMS/index.php/Enterprise/Enterprise/showlist.html
INFO: [ app_init ] --START--
INFO: Run Behavior\BuildLiteBehavior [ RunTime:0.000000s ]
INFO: [ app_init ] --END-- [ RunTime:0.000000s ]
INFO: [ app_begin ] --START--
INFO: Run Behavior\ReadHtmlCacheBehavior [ RunTime:0.001000s ]
INFO: [ app_begin ] --END-- [ RunTime:0.001000s ]
SQL: SHOW COLUMNS FROM `mxh_message` [ RunTime:0.0120s ]
SQL: SHOW COLUMNS FROM `mxh_message` [ RunTime:0.0130s ]
SQL: SHOW COLUMNS FROM `mxh_welinst` [ RunTime:0.0130s ]
SQL: SHOW COLUMNS FROM `mxh_welinst` [ RunTime:0.0130s ]
SQL: SELECT * FROM `mxh_message` WHERE `status` = 1  [ RunTime:0.0130s ]
SQL: SELECT * FROM `mxh_welinst` WHERE `id` = 4 LIMIT 1   [ RunTime:0.0120s ]
SQL: SELECT * FROM `mxh_welinst` WHERE `id` = 3 LIMIT 1   [ RunTime:0.0120s ]
SQL: SELECT * FROM `mxh_welinst` WHERE `id` = 6 LIMIT 1   [ RunTime:0.0130s ]
INFO: [ view_parse ] --START--
INFO: [ template_filter ] --START--
INFO: Run Behavior\ContentReplaceBehavior [ RunTime:0.000000s ]
INFO: [ template_filter ] --END-- [ RunTime:0.000000s ]
INFO: Run Behavior\ParseTemplateBehavior [ RunTime:0.023000s ]
INFO: [ view_parse ] --END-- [ RunTime:0.023000s ]
INFO: [ view_filter ] --START--
INFO: Run Behavior\WriteHtmlCacheBehavior [ RunTime:0.001000s ]
INFO: [ view_filter ] --END-- [ RunTime:0.001000s ]
INFO: [ app_end ] --START--
INFO: Run Behavior\ShowPageTraceBehavior [ RunTime:0.002000s ]
INFO: [ app_end ] --END-- [ RunTime:0.002000s ]

[ 2017-08-13T19:16:50+08:00 ] 127.0.0.1 /VolunteerMS/index.php/Enterprise/enterprise/app/mes_id/12/ent_id/6.html
INFO: [ app_init ] --START--
INFO: Run Behavior\BuildLiteBehavior [ RunTime:0.000000s ]
INFO: [ app_init ] --END-- [ RunTime:0.001000s ]
INFO: [ app_begin ] --START--
INFO: Run Behavior\ReadHtmlCacheBehavior [ RunTime:0.001000s ]
INFO: [ app_begin ] --END-- [ RunTime:0.001000s ]
SQL: SHOW COLUMNS FROM `mxh_message` [ RunTime:0.0130s ]
SQL: SHOW COLUMNS FROM `mxh_message` [ RunTime:0.0120s ]
SQL: SELECT * FROM `mxh_message` WHERE `status` = 1 AND `id` = 12 LIMIT 1   [ RunTime:0.0120s ]
SQL: UPDATE `mxh_message` SET `App_ids`='6' WHERE `id` = 12 [ RunTime:0.0170s ]
INFO: [ view_parse ] --START--
INFO: [ template_filter ] --START--
INFO: Run Behavior\ContentReplaceBehavior [ RunTime:0.000000s ]
INFO: [ template_filter ] --END-- [ RunTime:0.000000s ]
INFO: Run Behavior\ParseTemplateBehavior [ RunTime:0.010000s ]
INFO: [ view_parse ] --END-- [ RunTime:0.010000s ]
INFO: [ view_filter ] --START--
INFO: Run Behavior\WriteHtmlCacheBehavior [ RunTime:0.001000s ]
INFO: [ view_filter ] --END-- [ RunTime:0.001000s ]
INFO: [ app_end ] --START--
INFO: Run Behavior\ShowPageTraceBehavior [ RunTime:0.001000s ]
INFO: [ app_end ] --END-- [ RunTime:0.001000s ]

[ 2017-08-13T19:16:52+08:00 ] 127.0.0.1 /VolunteerMS/index.php/Enterprise/Enterprise/showlist.html
INFO: [ app_init ] --START--
INFO: Run Behavior\BuildLiteBehavior [ RunTime:0.000000s ]
INFO: [ app_init ] --END-- [ RunTime:0.001000s ]
INFO: [ app_begin ] --START--
INFO: Run Behavior\ReadHtmlCacheBehavior [ RunTime:0.001000s ]
INFO: [ app_begin ] --END-- [ RunTime:0.001000s ]
SQL: SHOW COLUMNS FROM `mxh_message` [ RunTime:0.0130s ]
SQL: SHOW COLUMNS FROM `mxh_message` [ RunTime:0.0130s ]
SQL: SHOW COLUMNS FROM `mxh_welinst` [ RunTime:0.0130s ]
SQL: SHOW COLUMNS FROM `mxh_welinst` [ RunTime:0.0140s ]
SQL: SELECT * FROM `mxh_message` WHERE `status` = 1  [ RunTime:0.0130s ]
SQL: SELECT * FROM `mxh_welinst` WHERE `id` = 4 LIMIT 1   [ RunTime:0.0130s ]
SQL: SELECT * FROM `mxh_welinst` WHERE `id` = 3 LIMIT 1   [ RunTime:0.0130s ]
SQL: SELECT * FROM `mxh_welinst` WHERE `id` = 6 LIMIT 1   [ RunTime:0.0130s ]
INFO: [ view_parse ] --START--
INFO: [ template_filter ] --START--
INFO: Run Behavior\ContentReplaceBehavior [ RunTime:0.000000s ]
INFO: [ template_filter ] --END-- [ RunTime:0.000000s ]
INFO: Run Behavior\ParseTemplateBehavior [ RunTime:0.021000s ]
INFO: [ view_parse ] --END-- [ RunTime:0.021000s ]
INFO: [ view_filter ] --START--
INFO: Run Behavior\WriteHtmlCacheBehavior [ RunTime:0.001000s ]
INFO: [ view_filter ] --END-- [ RunTime:0.001000s ]
INFO: [ app_end ] --START--
INFO: Run Behavior\ShowPageTraceBehavior [ RunTime:0.001000s ]
INFO: [ app_end ] --END-- [ RunTime:0.001000s ]

[ 2017-08-13T20:25:46+08:00 ] 127.0.0.1 /VolunteerMS/index.php/Enterprise/enterprise/welinfo.html?id=11
INFO: [ app_init ] --START--
INFO: Run Behavior\BuildLiteBehavior [ RunTime:0.000000s ]
INFO: [ app_init ] --END-- [ RunTime:0.000000s ]
INFO: [ app_begin ] --START--
INFO: Run Behavior\ReadHtmlCacheBehavior [ RunTime:0.001000s ]
INFO: [ app_begin ] --END-- [ RunTime:0.001000s ]
SQL: SHOW COLUMNS FROM `mxh_message` [ RunTime:0.0000s ]
SQL: SHOW COLUMNS FROM `mxh_message` [ RunTime:0.0156s ]
SQL: SELECT * FROM `mxh_message` WHERE `id` = 11 LIMIT 1   [ RunTime:0.0156s ]

[ 2017-08-13T20:37:51+08:00 ] 127.0.0.1 /VolunteerMS/index.php/Enterprise/Enterprise/finish.html
INFO: [ app_init ] --START--
INFO: Run Behavior\BuildLiteBehavior [ RunTime:0.000000s ]
INFO: [ app_init ] --END-- [ RunTime:0.000000s ]
INFO: [ app_begin ] --START--
INFO: Run Behavior\ReadHtmlCacheBehavior [ RunTime:0.001000s ]
INFO: [ app_begin ] --END-- [ RunTime:0.001000s ]
INFO: [ view_parse ] --START--
INFO: [ template_filter ] --START--
INFO: Run Behavior\ContentReplaceBehavior [ RunTime:0.000000s ]
INFO: [ template_filter ] --END-- [ RunTime:0.000000s ]
NOTIC: [8] Undefined variable: info D:\lxj\volunteer-master\VolunteerMS\Runtime\Cache\Enterprise\4850c226659c61cc21f3951f43e0857c.php 第 45 行.
INFO: Run Behavior\ParseTemplateBehavior [ RunTime:0.008000s ]
INFO: [ view_parse ] --END-- [ RunTime:0.009000s ]
INFO: [ view_filter ] --START--
INFO: Run Behavior\WriteHtmlCacheBehavior [ RunTime:0.000000s ]
INFO: [ view_filter ] --END-- [ RunTime:0.000000s ]
INFO: [ app_end ] --START--
INFO: Run Behavior\ShowPageTraceBehavior [ RunTime:0.001000s ]
INFO: [ app_end ] --END-- [ RunTime:0.001000s ]

[ 2017-08-13T20:38:33+08:00 ] 127.0.0.1 /VolunteerMS/index.php/Enterprise/Enterprise/finish.html
INFO: [ app_init ] --START--
INFO: Run Behavior\BuildLiteBehavior [ RunTime:0.000000s ]
INFO: [ app_init ] --END-- [ RunTime:0.001000s ]
INFO: [ app_begin ] --START--
INFO: Run Behavior\ReadHtmlCacheBehavior [ RunTime:0.001000s ]
INFO: [ app_begin ] --END-- [ RunTime:0.001000s ]
INFO: [ view_parse ] --START--
INFO: [ template_filter ] --START--
INFO: Run Behavior\ContentReplaceBehavior [ RunTime:0.000000s ]
INFO: [ template_filter ] --END-- [ RunTime:0.000000s ]
NOTIC: [8] Undefined variable: info D:\lxj\volunteer-master\VolunteerMS\Runtime\Cache\Enterprise\4850c226659c61cc21f3951f43e0857c.php 第 45 行.
INFO: Run Behavior\ParseTemplateBehavior [ RunTime:0.007000s ]
INFO: [ view_parse ] --END-- [ RunTime:0.007000s ]
INFO: [ view_filter ] --START--
INFO: Run Behavior\WriteHtmlCacheBehavior [ RunTime:0.000000s ]
INFO: [ view_filter ] --END-- [ RunTime:0.000000s ]
INFO: [ app_end ] --START--
INFO: Run Behavior\ShowPageTraceBehavior [ RunTime:0.001000s ]
INFO: [ app_end ] --END-- [ RunTime:0.001000s ]

[ 2017-08-13T20:39:31+08:00 ] 127.0.0.1 /VolunteerMS/index.php/Enterprise/Enterprise/finish.html
INFO: [ app_init ] --START--
INFO: Run Behavior\BuildLiteBehavior [ RunTime:0.000000s ]
INFO: [ app_init ] --END-- [ RunTime:0.000000s ]
INFO: [ app_begin ] --START--
INFO: Run Behavior\ReadHtmlCacheBehavior [ RunTime:0.000000s ]
INFO: [ app_begin ] --END-- [ RunTime:0.000000s ]
SQL: SHOW COLUMNS FROM `mxh_comment` [ RunTime:0.0130s ]
SQL: select A.star as star , A.content as co_content ,B.content as ac_content,B.title,C.`name` as ent_name,D.name as wel_name ,B.id from mxh_comment A left join mxh_message B on A.message_id = B.id left join mxh_enterprise C on B.E_id=C.id left join mxh_welinst D on B.W_id = D.id where A.status = 2 and B.E_id = 6 [ RunTime:0.0130s ]
INFO: [ view_parse ] --START--
INFO: [ template_filter ] --START--
INFO: Run Behavior\ContentReplaceBehavior [ RunTime:0.000000s ]
INFO: [ template_filter ] --END-- [ RunTime:0.000000s ]
INFO: Run Behavior\ParseTemplateBehavior [ RunTime:0.022000s ]
INFO: [ view_parse ] --END-- [ RunTime:0.022000s ]
INFO: [ view_filter ] --START--
INFO: Run Behavior\WriteHtmlCacheBehavior [ RunTime:0.001000s ]
INFO: [ view_filter ] --END-- [ RunTime:0.001000s ]
INFO: [ app_end ] --START--
INFO: Run Behavior\ShowPageTraceBehavior [ RunTime:0.002000s ]
INFO: [ app_end ] --END-- [ RunTime:0.002000s ]

[ 2017-08-13T20:39:32+08:00 ] 127.0.0.1 /VolunteerMS/index.php/Enterprise/enterprise/welinfo.html?id=11
INFO: [ app_init ] --START--
INFO: Run Behavior\BuildLiteBehavior [ RunTime:0.000000s ]
INFO: [ app_init ] --END-- [ RunTime:0.000000s ]
INFO: [ app_begin ] --START--
INFO: Run Behavior\ReadHtmlCacheBehavior [ RunTime:0.000000s ]
INFO: [ app_begin ] --END-- [ RunTime:0.000000s ]
SQL: SHOW COLUMNS FROM `mxh_message` [ RunTime:0.0000s ]
SQL: SHOW COLUMNS FROM `mxh_message` [ RunTime:0.0000s ]
SQL: SELECT * FROM `mxh_message` WHERE `id` = 11 LIMIT 1   [ RunTime:0.0156s ]

[ 2017-08-13T20:39:37+08:00 ] 127.0.0.1 /VolunteerMS/index.php/Enterprise/Enterprise/export.html
INFO: [ app_init ] --START--
INFO: Run Behavior\BuildLiteBehavior [ RunTime:0.000000s ]
INFO: [ app_init ] --END-- [ RunTime:0.000000s ]
INFO: [ app_begin ] --START--
INFO: Run Behavior\ReadHtmlCacheBehavior [ RunTime:0.000000s ]
INFO: [ app_begin ] --END-- [ RunTime:0.000000s ]
SQL: SHOW COLUMNS FROM `mxh_comment` [ RunTime:0.0120s ]
SQL: select A.star as star , A.content as co_content ,B.content as ac_content,B.title,C.`name` as ent_name,D.name as wel_name ,B.id from mxh_comment A left join mxh_message B on A.message_id = B.id left join mxh_enterprise C on B.E_id=C.id left join mxh_welinst D on B.W_id = D.id where A.status = 2 and B.E_id = 6 [ RunTime:0.0120s ]

[ 2017-08-13T21:18:21+08:00 ] 127.0.0.1 /VolunteerMS/index.php/Enterprise/Enterprise/finish.html
INFO: [ app_init ] --START--
INFO: Run Behavior\BuildLiteBehavior [ RunTime:0.000000s ]
INFO: [ app_init ] --END-- [ RunTime:0.000000s ]
INFO: [ app_begin ] --START--
INFO: Run Behavior\ReadHtmlCacheBehavior [ RunTime:0.000000s ]
INFO: [ app_begin ] --END-- [ RunTime:0.000000s ]
SQL: SHOW COLUMNS FROM `mxh_comment` [ RunTime:0.0130s ]
SQL: select A.star as star , A.content as co_content ,B.content as ac_content,B.title,C.`name` as ent_name,D.name as wel_name ,B.id from mxh_comment A left join mxh_message B on A.message_id = B.id left join mxh_enterprise C on B.E_id=C.id left join mxh_welinst D on B.W_id = D.id where A.status = 2 and B.E_id = 6 [ RunTime:0.0120s ]
INFO: [ view_parse ] --START--
INFO: [ template_filter ] --START--
INFO: Run Behavior\ContentReplaceBehavior [ RunTime:0.000000s ]
INFO: [ template_filter ] --END-- [ RunTime:0.000000s ]
INFO: Run Behavior\ParseTemplateBehavior [ RunTime:0.018000s ]
INFO: [ view_parse ] --END-- [ RunTime:0.018000s ]
INFO: [ view_filter ] --START--
INFO: Run Behavior\WriteHtmlCacheBehavior [ RunTime:0.001000s ]
INFO: [ view_filter ] --END-- [ RunTime:0.001000s ]
INFO: [ app_end ] --START--
INFO: Run Behavior\ShowPageTraceBehavior [ RunTime:0.001000s ]
INFO: [ app_end ] --END-- [ RunTime:0.001000s ]

[ 2017-08-13T21:30:27+08:00 ] 127.0.0.1 /VolunteerMS/index.php/Enterprise/Enterprise/export.html
INFO: [ app_init ] --START--
INFO: Run Behavior\BuildLiteBehavior [ RunTime:0.000000s ]
INFO: [ app_init ] --END-- [ RunTime:0.000000s ]
INFO: [ app_begin ] --START--
INFO: Run Behavior\ReadHtmlCacheBehavior [ RunTime:0.000000s ]
INFO: [ app_begin ] --END-- [ RunTime:0.000000s ]
SQL: SHOW COLUMNS FROM `mxh_comment` [ RunTime:0.0130s ]
SQL: select A.star as star , A.content as co_content ,B.content as ac_content,B.title,C.`name` as ent_name,D.name as wel_name ,B.id from mxh_comment A left join mxh_message B on A.message_id = B.id left join mxh_enterprise C on B.E_id=C.id left join mxh_welinst D on B.W_id = D.id where A.status = 2 and B.E_id = 6 [ RunTime:0.0120s ]

[ 2017-08-13T23:08:44+08:00 ] 127.0.0.1 /VolunteerMS/index.php/Enterprise/Enterprise/showlist.html
INFO: [ app_init ] --START--
INFO: Run Behavior\BuildLiteBehavior [ RunTime:0.000000s ]
INFO: [ app_init ] --END-- [ RunTime:0.000000s ]
INFO: [ app_begin ] --START--
INFO: Run Behavior\ReadHtmlCacheBehavior [ RunTime:0.000000s ]
INFO: [ app_begin ] --END-- [ RunTime:0.000000s ]
SQL: SHOW COLUMNS FROM `mxh_message` [ RunTime:0.0120s ]
SQL: SHOW COLUMNS FROM `mxh_message` [ RunTime:0.0130s ]
SQL: SHOW COLUMNS FROM `mxh_welinst` [ RunTime:0.0130s ]
SQL: SHOW COLUMNS FROM `mxh_welinst` [ RunTime:0.0130s ]
SQL: SELECT * FROM `mxh_message` WHERE `status` = 1  [ RunTime:0.0120s ]
SQL: SELECT * FROM `mxh_welinst` WHERE `id` = 4 LIMIT 1   [ RunTime:0.0120s ]
SQL: SELECT * FROM `mxh_welinst` WHERE `id` = 3 LIMIT 1   [ RunTime:0.0120s ]
INFO: [ view_parse ] --START--
INFO: [ template_filter ] --START--
INFO: Run Behavior\ContentReplaceBehavior [ RunTime:0.000000s ]
INFO: [ template_filter ] --END-- [ RunTime:0.001000s ]
INFO: Run Behavior\ParseTemplateBehavior [ RunTime:0.021000s ]
INFO: [ view_parse ] --END-- [ RunTime:0.021000s ]
INFO: [ view_filter ] --START--
INFO: Run Behavior\WriteHtmlCacheBehavior [ RunTime:0.001000s ]
INFO: [ view_filter ] --END-- [ RunTime:0.001000s ]
INFO: [ app_end ] --START--
INFO: Run Behavior\ShowPageTraceBehavior [ RunTime:0.001000s ]
INFO: [ app_end ] --END-- [ RunTime:0.001000s ]

[ 2017-08-13T23:08:49+08:00 ] 127.0.0.1 /VolunteerMS/index.php/Enterprise/enterprise/app/mes_id/3/ent_id/6.html
INFO: [ app_init ] --START--
INFO: Run Behavior\BuildLiteBehavior [ RunTime:0.000000s ]
INFO: [ app_init ] --END-- [ RunTime:0.001000s ]
INFO: [ app_begin ] --START--
INFO: Run Behavior\ReadHtmlCacheBehavior [ RunTime:0.002000s ]
INFO: [ app_begin ] --END-- [ RunTime:0.002000s ]
SQL: SHOW COLUMNS FROM `mxh_message` [ RunTime:0.0120s ]
SQL: SHOW COLUMNS FROM `mxh_message` [ RunTime:0.0130s ]
SQL: SELECT * FROM `mxh_message` WHERE `status` = 1 AND `id` = 3 LIMIT 1   [ RunTime:0.0120s ]
SQL: UPDATE `mxh_message` SET `App_ids`='3,6' WHERE `id` = 3 [ RunTime:0.0140s ]
INFO: [ view_parse ] --START--
INFO: [ template_filter ] --START--
INFO: Run Behavior\ContentReplaceBehavior [ RunTime:0.000000s ]
INFO: [ template_filter ] --END-- [ RunTime:0.000000s ]
INFO: Run Behavior\ParseTemplateBehavior [ RunTime:0.007000s ]
INFO: [ view_parse ] --END-- [ RunTime:0.007000s ]
INFO: [ view_filter ] --START--
INFO: Run Behavior\WriteHtmlCacheBehavior [ RunTime:0.001000s ]
INFO: [ view_filter ] --END-- [ RunTime:0.001000s ]
INFO: [ app_end ] --START--
INFO: Run Behavior\ShowPageTraceBehavior [ RunTime:0.001000s ]
INFO: [ app_end ] --END-- [ RunTime:0.001000s ]

[ 2017-08-13T23:08:51+08:00 ] 127.0.0.1 /VolunteerMS/index.php/Enterprise/Enterprise/showlist.html
INFO: [ app_init ] --START--
INFO: Run Behavior\BuildLiteBehavior [ RunTime:0.000000s ]
INFO: [ app_init ] --END-- [ RunTime:0.001000s ]
INFO: [ app_begin ] --START--
INFO: Run Behavior\ReadHtmlCacheBehavior [ RunTime:0.001000s ]
INFO: [ app_begin ] --END-- [ RunTime:0.001000s ]
SQL: SHOW COLUMNS FROM `mxh_message` [ RunTime:0.0130s ]
SQL: SHOW COLUMNS FROM `mxh_message` [ RunTime:0.0140s ]
SQL: SHOW COLUMNS FROM `mxh_welinst` [ RunTime:0.0140s ]
SQL: SHOW COLUMNS FROM `mxh_welinst` [ RunTime:0.0130s ]
SQL: SELECT * FROM `mxh_message` WHERE `status` = 1  [ RunTime:0.0130s ]
SQL: SELECT * FROM `mxh_welinst` WHERE `id` = 4 LIMIT 1   [ RunTime:0.0130s ]
SQL: SELECT * FROM `mxh_welinst` WHERE `id` = 3 LIMIT 1   [ RunTime:0.0130s ]
INFO: [ view_parse ] --START--
INFO: [ template_filter ] --START--
INFO: Run Behavior\ContentReplaceBehavior [ RunTime:0.001000s ]
INFO: [ template_filter ] --END-- [ RunTime:0.001000s ]
INFO: Run Behavior\ParseTemplateBehavior [ RunTime:0.021000s ]
INFO: [ view_parse ] --END-- [ RunTime:0.021000s ]
INFO: [ view_filter ] --START--
INFO: Run Behavior\WriteHtmlCacheBehavior [ RunTime:0.001000s ]
INFO: [ view_filter ] --END-- [ RunTime:0.001000s ]
INFO: [ app_end ] --START--
INFO: Run Behavior\ShowPageTraceBehavior [ RunTime:0.001000s ]
INFO: [ app_end ] --END-- [ RunTime:0.001000s ]

[ 2017-08-13T23:09:20+08:00 ] 127.0.0.1 /VolunteerMS/index.php/Enterprise/Enterprise/finish.html
INFO: [ app_init ] --START--
INFO: Run Behavior\BuildLiteBehavior [ RunTime:0.000000s ]
INFO: [ app_init ] --END-- [ RunTime:0.001000s ]
INFO: [ app_begin ] --START--
INFO: Run Behavior\ReadHtmlCacheBehavior [ RunTime:0.001000s ]
INFO: [ app_begin ] --END-- [ RunTime:0.001000s ]
SQL: SHOW COLUMNS FROM `mxh_comment` [ RunTime:0.0120s ]
SQL: select A.star as star , A.content as co_content ,B.content as ac_content,B.title,C.`name` as ent_name,D.name as wel_name ,B.id from mxh_comment A left join mxh_message B on A.message_id = B.id left join mxh_enterprise C on B.E_id=C.id left join mxh_welinst D on B.W_id = D.id where A.status = 2 and B.E_id = 6 [ RunTime:0.0130s ]
INFO: [ view_parse ] --START--
INFO: [ template_filter ] --START--
INFO: Run Behavior\ContentReplaceBehavior [ RunTime:0.000000s ]
INFO: [ template_filter ] --END-- [ RunTime:0.001000s ]
INFO: Run Behavior\ParseTemplateBehavior [ RunTime:0.020000s ]
INFO: [ view_parse ] --END-- [ RunTime:0.020000s ]
INFO: [ view_filter ] --START--
INFO: Run Behavior\WriteHtmlCacheBehavior [ RunTime:0.001000s ]
INFO: [ view_filter ] --END-- [ RunTime:0.001000s ]
INFO: [ app_end ] --START--
INFO: Run Behavior\ShowPageTraceBehavior [ RunTime:0.001000s ]
INFO: [ app_end ] --END-- [ RunTime:0.001000s ]

[ 2017-08-13T23:09:26+08:00 ] 127.0.0.1 /VolunteerMS/index.php/Enterprise/Enterprise/servicelist.html
INFO: [ app_init ] --START--
INFO: Run Behavior\BuildLiteBehavior [ RunTime:0.000000s ]
INFO: [ app_init ] --END-- [ RunTime:0.001000s ]
INFO: [ app_begin ] --START--
INFO: Run Behavior\ReadHtmlCacheBehavior [ RunTime:0.000000s ]
INFO: [ app_begin ] --END-- [ RunTime:0.002000s ]
SQL: SHOW COLUMNS FROM `mxh_message` [ RunTime:0.0130s ]
SQL: SHOW COLUMNS FROM `mxh_message` [ RunTime:0.0120s ]
SQL: SHOW COLUMNS FROM `mxh_welinst` [ RunTime:0.0130s ]
SQL: SHOW COLUMNS FROM `mxh_welinst` [ RunTime:0.0120s ]
SQL: SELECT * FROM `mxh_message` WHERE `status` = 1  [ RunTime:0.0120s ]
SQL: SELECT * FROM `mxh_message` WHERE `id` IN ('3')  [ RunTime:0.0120s ]
SQL: SELECT * FROM `mxh_welinst` WHERE `id` = 4 LIMIT 1   [ RunTime:0.0120s ]
INFO: [ view_parse ] --START--
INFO: [ template_filter ] --START--
INFO: Run Behavior\ContentReplaceBehavior [ RunTime:0.000000s ]
INFO: [ template_filter ] --END-- [ RunTime:0.000000s ]
INFO: Run Behavior\ParseTemplateBehavior [ RunTime:0.017000s ]
INFO: [ view_parse ] --END-- [ RunTime:0.017000s ]
INFO: [ view_filter ] --START--
INFO: Run Behavior\WriteHtmlCacheBehavior [ RunTime:0.001000s ]
INFO: [ view_filter ] --END-- [ RunTime:0.001000s ]
INFO: [ app_end ] --START--
INFO: Run Behavior\ShowPageTraceBehavior [ RunTime:0.001000s ]
INFO: [ app_end ] --END-- [ RunTime:0.002000s ]

[ 2017-08-13T23:09:28+08:00 ] 127.0.0.1 /VolunteerMS/index.php/Enterprise/Enterprise/pendsuccess.html
INFO: [ app_init ] --START--
INFO: Run Behavior\BuildLiteBehavior [ RunTime:0.000000s ]
INFO: [ app_init ] --END-- [ RunTime:0.000000s ]
INFO: [ app_begin ] --START--
INFO: Run Behavior\ReadHtmlCacheBehavior [ RunTime:0.000000s ]
INFO: [ app_begin ] --END-- [ RunTime:0.000000s ]
SQL: SHOW COLUMNS FROM `mxh_welinst` [ RunTime:0.0140s ]
SQL: SHOW COLUMNS FROM `mxh_welinst` [ RunTime:0.0130s ]
SQL: SHOW COLUMNS FROM `mxh_message` [ RunTime:0.0130s ]
SQL: SHOW COLUMNS FROM `mxh_message` [ RunTime:0.0130s ]
SQL: SELECT * FROM `mxh_message` WHERE `status` = 2 AND `E_id` = 6  [ RunTime:0.0140s ]
SQL: SELECT * FROM `mxh_welinst` WHERE `id` = 7 LIMIT 1   [ RunTime:0.0120s ]
SQL: SELECT * FROM `mxh_welinst` WHERE `id` = 8 LIMIT 1   [ RunTime:0.0120s ]
SQL: SELECT * FROM `mxh_welinst` WHERE `id` = 6 LIMIT 1   [ RunTime:0.0120s ]
SQL: SELECT * FROM `mxh_welinst` WHERE `id` = 6 LIMIT 1   [ RunTime:0.0120s ]
SQL: SELECT * FROM `mxh_welinst` WHERE `id` = 6 LIMIT 1   [ RunTime:0.0130s ]
INFO: [ view_parse ] --START--
INFO: [ template_filter ] --START--
INFO: Run Behavior\ContentReplaceBehavior [ RunTime:0.000000s ]
INFO: [ template_filter ] --END-- [ RunTime:0.000000s ]
INFO: Run Behavior\ParseTemplateBehavior [ RunTime:0.011000s ]
INFO: [ view_parse ] --END-- [ RunTime:0.011000s ]
INFO: [ view_filter ] --START--
INFO: Run Behavior\WriteHtmlCacheBehavior [ RunTime:0.001000s ]
INFO: [ view_filter ] --END-- [ RunTime:0.001000s ]
INFO: [ app_end ] --START--
INFO: Run Behavior\ShowPageTraceBehavior [ RunTime:0.001000s ]
INFO: [ app_end ] --END-- [ RunTime:0.001000s ]

[ 2017-08-13T23:09:31+08:00 ] 127.0.0.1 /VolunteerMS/index.php/Enterprise/Enterprise/servicelist.html
INFO: [ app_init ] --START--
INFO: Run Behavior\BuildLiteBehavior [ RunTime:0.000000s ]
INFO: [ app_init ] --END-- [ RunTime:0.000000s ]
INFO: [ app_begin ] --START--
INFO: Run Behavior\ReadHtmlCacheBehavior [ RunTime:0.001000s ]
INFO: [ app_begin ] --END-- [ RunTime:0.001000s ]
SQL: SHOW COLUMNS FROM `mxh_message` [ RunTime:0.0170s ]
SQL: SHOW COLUMNS FROM `mxh_message` [ RunTime:0.0130s ]
SQL: SHOW COLUMNS FROM `mxh_welinst` [ RunTime:0.0140s ]
SQL: SHOW COLUMNS FROM `mxh_welinst` [ RunTime:0.0130s ]
SQL: SELECT * FROM `mxh_message` WHERE `status` = 1  [ RunTime:0.0130s ]
SQL: SELECT * FROM `mxh_message` WHERE `id` IN ('3')  [ RunTime:0.0130s ]
SQL: SELECT * FROM `mxh_welinst` WHERE `id` = 4 LIMIT 1   [ RunTime:0.0120s ]
INFO: [ view_parse ] --START--
INFO: [ template_filter ] --START--
INFO: Run Behavior\ContentReplaceBehavior [ RunTime:0.000000s ]
INFO: [ template_filter ] --END-- [ RunTime:0.000000s ]
INFO: Run Behavior\ParseTemplateBehavior [ RunTime:0.020000s ]
INFO: [ view_parse ] --END-- [ RunTime:0.020000s ]
INFO: [ view_filter ] --START--
INFO: Run Behavior\WriteHtmlCacheBehavior [ RunTime:0.000000s ]
INFO: [ view_filter ] --END-- [ RunTime:0.000000s ]
INFO: [ app_end ] --START--
INFO: Run Behavior\ShowPageTraceBehavior [ RunTime:0.001000s ]
INFO: [ app_end ] --END-- [ RunTime:0.001000s ]

[ 2017-08-13T23:09:35+08:00 ] 127.0.0.1 /VolunteerMS/index.php/Enterprise/Enterprise/pendsuccess.html
INFO: [ app_init ] --START--
INFO: Run Behavior\BuildLiteBehavior [ RunTime:0.000000s ]
INFO: [ app_init ] --END-- [ RunTime:0.000000s ]
INFO: [ app_begin ] --START--
INFO: Run Behavior\ReadHtmlCacheBehavior [ RunTime:0.000000s ]
INFO: [ app_begin ] --END-- [ RunTime:0.000000s ]
SQL: SHOW COLUMNS FROM `mxh_welinst` [ RunTime:0.0130s ]
SQL: SHOW COLUMNS FROM `mxh_welinst` [ RunTime:0.0120s ]
SQL: SHOW COLUMNS FROM `mxh_message` [ RunTime:0.0120s ]
SQL: SHOW COLUMNS FROM `mxh_message` [ RunTime:0.0120s ]
SQL: SELECT * FROM `mxh_message` WHERE `status` = 2 AND `E_id` = 6  [ RunTime:0.0120s ]
SQL: SELECT * FROM `mxh_welinst` WHERE `id` = 7 LIMIT 1   [ RunTime:0.0120s ]
SQL: SELECT * FROM `mxh_welinst` WHERE `id` = 8 LIMIT 1   [ RunTime:0.0110s ]
SQL: SELECT * FROM `mxh_welinst` WHERE `id` = 6 LIMIT 1   [ RunTime:0.0120s ]
SQL: SELECT * FROM `mxh_welinst` WHERE `id` = 6 LIMIT 1   [ RunTime:0.0120s ]
SQL: SELECT * FROM `mxh_welinst` WHERE `id` = 6 LIMIT 1   [ RunTime:0.0120s ]
INFO: [ view_parse ] --START--
INFO: [ template_filter ] --START--
INFO: Run Behavior\ContentReplaceBehavior [ RunTime:0.000000s ]
INFO: [ template_filter ] --END-- [ RunTime:0.000000s ]
INFO: Run Behavior\ParseTemplateBehavior [ RunTime:0.020000s ]
INFO: [ view_parse ] --END-- [ RunTime:0.020000s ]
INFO: [ view_filter ] --START--
INFO: Run Behavior\WriteHtmlCacheBehavior [ RunTime:0.001000s ]
INFO: [ view_filter ] --END-- [ RunTime:0.001000s ]
INFO: [ app_end ] --START--
INFO: Run Behavior\ShowPageTraceBehavior [ RunTime:0.001000s ]
INFO: [ app_end ] --END-- [ RunTime:0.001000s ]

[ 2017-08-13T23:09:37+08:00 ] 127.0.0.1 /VolunteerMS/index.php/Enterprise/Enterprise/servicelist.html
INFO: [ app_init ] --START--
INFO: Run Behavior\BuildLiteBehavior [ RunTime:0.000000s ]
INFO: [ app_init ] --END-- [ RunTime:0.000000s ]
INFO: [ app_begin ] --START--
INFO: Run Behavior\ReadHtmlCacheBehavior [ RunTime:0.001000s ]
INFO: [ app_begin ] --END-- [ RunTime:0.001000s ]
SQL: SHOW COLUMNS FROM `mxh_message` [ RunTime:0.0130s ]
SQL: SHOW COLUMNS FROM `mxh_message` [ RunTime:0.0140s ]
SQL: SHOW COLUMNS FROM `mxh_welinst` [ RunTime:0.0130s ]
SQL: SHOW COLUMNS FROM `mxh_welinst` [ RunTime:0.0130s ]
SQL: SELECT * FROM `mxh_message` WHERE `status` = 1  [ RunTime:0.0130s ]
SQL: SELECT * FROM `mxh_message` WHERE `id` IN ('3')  [ RunTime:0.0130s ]
SQL: SELECT * FROM `mxh_welinst` WHERE `id` = 4 LIMIT 1   [ RunTime:0.0130s ]
INFO: [ view_parse ] --START--
INFO: [ template_filter ] --START--
INFO: Run Behavior\ContentReplaceBehavior [ RunTime:0.000000s ]
INFO: [ template_filter ] --END-- [ RunTime:0.000000s ]
INFO: Run Behavior\ParseTemplateBehavior [ RunTime:0.017000s ]
INFO: [ view_parse ] --END-- [ RunTime:0.017000s ]
INFO: [ view_filter ] --START--
INFO: Run Behavior\WriteHtmlCacheBehavior [ RunTime:0.000000s ]
INFO: [ view_filter ] --END-- [ RunTime:0.000000s ]
INFO: [ app_end ] --START--
INFO: Run Behavior\ShowPageTraceBehavior [ RunTime:0.001000s ]
INFO: [ app_end ] --END-- [ RunTime:0.001000s ]

[ 2017-08-13T23:09:39+08:00 ] 127.0.0.1 /VolunteerMS/index.php/Enterprise/Enterprise/showlist.html
INFO: [ app_init ] --START--
INFO: Run Behavior\BuildLiteBehavior [ RunTime:0.000000s ]
INFO: [ app_init ] --END-- [ RunTime:0.001000s ]
INFO: [ app_begin ] --START--
INFO: Run Behavior\ReadHtmlCacheBehavior [ RunTime:0.001000s ]
INFO: [ app_begin ] --END-- [ RunTime:0.001000s ]
SQL: SHOW COLUMNS FROM `mxh_message` [ RunTime:0.0130s ]
SQL: SHOW COLUMNS FROM `mxh_message` [ RunTime:0.0140s ]
SQL: SHOW COLUMNS FROM `mxh_welinst` [ RunTime:0.0130s ]
SQL: SHOW COLUMNS FROM `mxh_welinst` [ RunTime:0.0130s ]
SQL: SELECT * FROM `mxh_message` WHERE `status` = 1  [ RunTime:0.0130s ]
SQL: SELECT * FROM `mxh_welinst` WHERE `id` = 4 LIMIT 1   [ RunTime:0.0130s ]
SQL: SELECT * FROM `mxh_welinst` WHERE `id` = 3 LIMIT 1   [ RunTime:0.0140s ]
INFO: [ view_parse ] --START--
INFO: [ template_filter ] --START--
INFO: Run Behavior\ContentReplaceBehavior [ RunTime:0.001000s ]
INFO: [ template_filter ] --END-- [ RunTime:0.001000s ]
INFO: Run Behavior\ParseTemplateBehavior [ RunTime:0.021000s ]
INFO: [ view_parse ] --END-- [ RunTime:0.021000s ]
INFO: [ view_filter ] --START--
INFO: Run Behavior\WriteHtmlCacheBehavior [ RunTime:0.001000s ]
INFO: [ view_filter ] --END-- [ RunTime:0.001000s ]
INFO: [ app_end ] --START--
INFO: Run Behavior\ShowPageTraceBehavior [ RunTime:0.001000s ]
INFO: [ app_end ] --END-- [ RunTime:0.001000s ]

[ 2017-08-13T23:09:42+08:00 ] 127.0.0.1 /VolunteerMS/index.php/Enterprise/Enterprise/showlist.html
INFO: [ app_init ] --START--
INFO: Run Behavior\BuildLiteBehavior [ RunTime:0.000000s ]
INFO: [ app_init ] --END-- [ RunTime:0.000000s ]
INFO: [ app_begin ] --START--
INFO: Run Behavior\ReadHtmlCacheBehavior [ RunTime:0.002000s ]
INFO: [ app_begin ] --END-- [ RunTime:0.002000s ]
SQL: SHOW COLUMNS FROM `mxh_message` [ RunTime:0.0130s ]
SQL: SHOW COLUMNS FROM `mxh_message` [ RunTime:0.0130s ]
SQL: SHOW COLUMNS FROM `mxh_welinst` [ RunTime:0.0140s ]
SQL: SHOW COLUMNS FROM `mxh_welinst` [ RunTime:0.0140s ]
SQL: SELECT * FROM `mxh_message` WHERE `status` = 1  [ RunTime:0.0130s ]
SQL: SELECT * FROM `mxh_welinst` WHERE `id` = 4 LIMIT 1   [ RunTime:0.0120s ]
SQL: SELECT * FROM `mxh_welinst` WHERE `id` = 3 LIMIT 1   [ RunTime:0.0130s ]
INFO: [ view_parse ] --START--
INFO: [ template_filter ] --START--
INFO: Run Behavior\ContentReplaceBehavior [ RunTime:0.000000s ]
INFO: [ template_filter ] --END-- [ RunTime:0.000000s ]
INFO: Run Behavior\ParseTemplateBehavior [ RunTime:0.017000s ]
INFO: [ view_parse ] --END-- [ RunTime:0.017000s ]
INFO: [ view_filter ] --START--
INFO: Run Behavior\WriteHtmlCacheBehavior [ RunTime:0.001000s ]
INFO: [ view_filter ] --END-- [ RunTime:0.001000s ]
INFO: [ app_end ] --START--
INFO: Run Behavior\ShowPageTraceBehavior [ RunTime:0.001000s ]
INFO: [ app_end ] --END-- [ RunTime:0.001000s ]

[ 2017-08-13T23:09:44+08:00 ] 127.0.0.1 /VolunteerMS/index.php/Enterprise/Enterprise/servicelist.html
INFO: [ app_init ] --START--
INFO: Run Behavior\BuildLiteBehavior [ RunTime:0.000000s ]
INFO: [ app_init ] --END-- [ RunTime:0.000000s ]
INFO: [ app_begin ] --START--
INFO: Run Behavior\ReadHtmlCacheBehavior [ RunTime:0.000000s ]
INFO: [ app_begin ] --END-- [ RunTime:0.000000s ]
SQL: SHOW COLUMNS FROM `mxh_message` [ RunTime:0.0120s ]
SQL: SHOW COLUMNS FROM `mxh_message` [ RunTime:0.0120s ]
SQL: SHOW COLUMNS FROM `mxh_welinst` [ RunTime:0.0130s ]
SQL: SHOW COLUMNS FROM `mxh_welinst` [ RunTime:0.0120s ]
SQL: SELECT * FROM `mxh_message` WHERE `status` = 1  [ RunTime:0.0120s ]
SQL: SELECT * FROM `mxh_message` WHERE `id` IN ('3')  [ RunTime:0.0120s ]
SQL: SELECT * FROM `mxh_welinst` WHERE `id` = 4 LIMIT 1   [ RunTime:0.0120s ]
INFO: [ view_parse ] --START--
INFO: [ template_filter ] --START--
INFO: Run Behavior\ContentReplaceBehavior [ RunTime:0.000000s ]
INFO: [ template_filter ] --END-- [ RunTime:0.000000s ]
INFO: Run Behavior\ParseTemplateBehavior [ RunTime:0.021000s ]
INFO: [ view_parse ] --END-- [ RunTime:0.021000s ]
INFO: [ view_filter ] --START--
INFO: Run Behavior\WriteHtmlCacheBehavior [ RunTime:0.001000s ]
INFO: [ view_filter ] --END-- [ RunTime:0.001000s ]
INFO: [ app_end ] --START--
INFO: Run Behavior\ShowPageTraceBehavior [ RunTime:0.001000s ]
INFO: [ app_end ] --END-- [ RunTime:0.001000s ]

[ 2017-08-13T23:09:45+08:00 ] 127.0.0.1 /VolunteerMS/index.php/Enterprise/Enterprise/pendsuccess.html
INFO: [ app_init ] --START--
INFO: Run Behavior\BuildLiteBehavior [ RunTime:0.000000s ]
INFO: [ app_init ] --END-- [ RunTime:0.000000s ]
INFO: [ app_begin ] --START--
INFO: Run Behavior\ReadHtmlCacheBehavior [ RunTime:0.001000s ]
INFO: [ app_begin ] --END-- [ RunTime:0.001000s ]
SQL: SHOW COLUMNS FROM `mxh_welinst` [ RunTime:0.0130s ]
SQL: SHOW COLUMNS FROM `mxh_welinst` [ RunTime:0.0140s ]
SQL: SHOW COLUMNS FROM `mxh_message` [ RunTime:0.0140s ]
SQL: SHOW COLUMNS FROM `mxh_message` [ RunTime:0.0130s ]
SQL: SELECT * FROM `mxh_message` WHERE `status` = 2 AND `E_id` = 6  [ RunTime:0.0130s ]
SQL: SELECT * FROM `mxh_welinst` WHERE `id` = 7 LIMIT 1   [ RunTime:0.0120s ]
SQL: SELECT * FROM `mxh_welinst` WHERE `id` = 8 LIMIT 1   [ RunTime:0.0120s ]
SQL: SELECT * FROM `mxh_welinst` WHERE `id` = 6 LIMIT 1   [ RunTime:0.0130s ]
SQL: SELECT * FROM `mxh_welinst` WHERE `id` = 6 LIMIT 1   [ RunTime:0.0120s ]
SQL: SELECT * FROM `mxh_welinst` WHERE `id` = 6 LIMIT 1   [ RunTime:0.0120s ]
INFO: [ view_parse ] --START--
INFO: [ template_filter ] --START--
INFO: Run Behavior\ContentReplaceBehavior [ RunTime:0.000000s ]
INFO: [ template_filter ] --END-- [ RunTime:0.000000s ]
INFO: Run Behavior\ParseTemplateBehavior [ RunTime:0.021000s ]
INFO: [ view_parse ] --END-- [ RunTime:0.021000s ]
INFO: [ view_filter ] --START--
INFO: Run Behavior\WriteHtmlCacheBehavior [ RunTime:0.001000s ]
INFO: [ view_filter ] --END-- [ RunTime:0.001000s ]
INFO: [ app_end ] --START--
INFO: Run Behavior\ShowPageTraceBehavior [ RunTime:0.001000s ]
INFO: [ app_end ] --END-- [ RunTime:0.001000s ]

[ 2017-08-13T23:09:55+08:00 ] 127.0.0.1 /VolunteerMS/index.php/Enterprise/Enterprise/pendsuccess.html
INFO: [ app_init ] --START--
INFO: Run Behavior\BuildLiteBehavior [ RunTime:0.000000s ]
INFO: [ app_init ] --END-- [ RunTime:0.000000s ]
INFO: [ app_begin ] --START--
INFO: Run Behavior\ReadHtmlCacheBehavior [ RunTime:0.002000s ]
INFO: [ app_begin ] --END-- [ RunTime:0.002000s ]
SQL: SHOW COLUMNS FROM `mxh_welinst` [ RunTime:0.0140s ]
SQL: SHOW COLUMNS FROM `mxh_welinst` [ RunTime:0.0130s ]
SQL: SHOW COLUMNS FROM `mxh_message` [ RunTime:0.0130s ]
SQL: SHOW COLUMNS FROM `mxh_message` [ RunTime:0.0130s ]
SQL: SELECT * FROM `mxh_message` WHERE `status` = 2 AND `E_id` = 6  [ RunTime:0.0130s ]
SQL: SELECT * FROM `mxh_welinst` WHERE `id` = 7 LIMIT 1   [ RunTime:0.0120s ]
SQL: SELECT * FROM `mxh_welinst` WHERE `id` = 8 LIMIT 1   [ RunTime:0.0120s ]
SQL: SELECT * FROM `mxh_welinst` WHERE `id` = 6 LIMIT 1   [ RunTime:0.0130s ]
SQL: SELECT * FROM `mxh_welinst` WHERE `id` = 6 LIMIT 1   [ RunTime:0.0130s ]
SQL: SELECT * FROM `mxh_welinst` WHERE `id` = 6 LIMIT 1   [ RunTime:0.0130s ]
INFO: [ view_parse ] --START--
INFO: [ template_filter ] --START--
INFO: Run Behavior\ContentReplaceBehavior [ RunTime:0.000000s ]
INFO: [ template_filter ] --END-- [ RunTime:0.000000s ]
INFO: Run Behavior\ParseTemplateBehavior [ RunTime:0.017000s ]
INFO: [ view_parse ] --END-- [ RunTime:0.017000s ]
INFO: [ view_filter ] --START--
INFO: Run Behavior\WriteHtmlCacheBehavior [ RunTime:0.001000s ]
INFO: [ view_filter ] --END-- [ RunTime:0.001000s ]
INFO: [ app_end ] --START--
INFO: Run Behavior\ShowPageTraceBehavior [ RunTime:0.001000s ]
INFO: [ app_end ] --END-- [ RunTime:0.001000s ]

[ 2017-08-13T23:10:29+08:00 ] 127.0.0.1 /VolunteerMS/index.php/Enterprise/Enterprise/showlist.html
INFO: [ app_init ] --START--
INFO: Run Behavior\BuildLiteBehavior [ RunTime:0.000000s ]
INFO: [ app_init ] --END-- [ RunTime:0.000000s ]
INFO: [ app_begin ] --START--
INFO: Run Behavior\ReadHtmlCacheBehavior [ RunTime:0.000000s ]
INFO: [ app_begin ] --END-- [ RunTime:0.000000s ]
SQL: SHOW COLUMNS FROM `mxh_message` [ RunTime:0.0120s ]
SQL: SHOW COLUMNS FROM `mxh_message` [ RunTime:0.0130s ]
SQL: SHOW COLUMNS FROM `mxh_welinst` [ RunTime:0.0130s ]
SQL: SHOW COLUMNS FROM `mxh_welinst` [ RunTime:0.0120s ]
SQL: SELECT * FROM `mxh_message` WHERE `status` = 1  [ RunTime:0.0120s ]
SQL: SELECT * FROM `mxh_welinst` WHERE `id` = 4 LIMIT 1   [ RunTime:0.0120s ]
SQL: SELECT * FROM `mxh_welinst` WHERE `id` = 3 LIMIT 1   [ RunTime:0.0130s ]
INFO: [ view_parse ] --START--
INFO: [ template_filter ] --START--
INFO: Run Behavior\ContentReplaceBehavior [ RunTime:0.000000s ]
INFO: [ template_filter ] --END-- [ RunTime:0.000000s ]
INFO: Run Behavior\ParseTemplateBehavior [ RunTime:0.022000s ]
INFO: [ view_parse ] --END-- [ RunTime:0.022000s ]
INFO: [ view_filter ] --START--
INFO: Run Behavior\WriteHtmlCacheBehavior [ RunTime:0.001000s ]
INFO: [ view_filter ] --END-- [ RunTime:0.001000s ]
INFO: [ app_end ] --START--
INFO: Run Behavior\ShowPageTraceBehavior [ RunTime:0.002000s ]
INFO: [ app_end ] --END-- [ RunTime:0.002000s ]

