[ 2017-07-21T16:16:09+08:00 ] 127.0.0.1 /VolunteerMS/index.php/Enterprise/User/register
INFO: [ app_init ] --START--
INFO: Run Behavior\BuildLiteBehavior [ RunTime:0.000000s ]
INFO: [ app_init ] --END-- [ RunTime:0.001000s ]
INFO: [ app_begin ] --START--
INFO: Run Behavior\ReadHtmlCacheBehavior [ RunTime:0.000000s ]
INFO: [ app_begin ] --END-- [ RunTime:0.000000s ]
SQL: SHOW COLUMNS FROM `mxh_enterprice` [ RunTime:0.0790s ]
SQL: SHOW COLUMNS FROM `mxh_enterprice` [ RunTime:0.0020s ]
SQL: INSERT INTO `mxh_enterprice` (`name`,`code`) VALUES ('name','1213445') [ RunTime:0.1330s ]
INFO: [ app_end ] --START--
INFO: Run Behavior\ShowPageTraceBehavior [ RunTime:0.000000s ]
INFO: [ app_end ] --END-- [ RunTime:0.000000s ]

[ 2017-07-21T16:16:31+08:00 ] 127.0.0.1 /VolunteerMS/index.php/Enterprise/User/register
INFO: [ app_init ] --START--
INFO: Run Behavior\BuildLiteBehavior [ RunTime:0.000000s ]
INFO: [ app_init ] --END-- [ RunTime:0.000000s ]
INFO: [ app_begin ] --START--
INFO: Run Behavior\ReadHtmlCacheBehavior [ RunTime:0.001000s ]
INFO: [ app_begin ] --END-- [ RunTime:0.001000s ]
SQL: SHOW COLUMNS FROM `mxh_enterprice` [ RunTime:0.0020s ]
SQL: SHOW COLUMNS FROM `mxh_enterprice` [ RunTime:0.0020s ]
SQL: INSERT INTO `mxh_enterprice` (`name`,`code`) VALUES ('name','1213445') [ RunTime:0.0370s ]
INFO: [ app_end ] --START--
INFO: Run Behavior\ShowPageTraceBehavior [ RunTime:0.000000s ]
INFO: [ app_end ] --END-- [ RunTime:0.000000s ]

[ 2017-07-21T16:17:27+08:00 ] 127.0.0.1 /VolunteerMS/index.php/Enterprise/User/register
INFO: [ app_init ] --START--
INFO: Run Behavior\BuildLiteBehavior [ RunTime:0.000000s ]
INFO: [ app_init ] --END-- [ RunTime:0.000000s ]
INFO: [ app_begin ] --START--
INFO: Run Behavior\ReadHtmlCacheBehavior [ RunTime:0.000000s ]
INFO: [ app_begin ] --END-- [ RunTime:0.000000s ]
SQL: SHOW COLUMNS FROM `mxh_enterprice` [ RunTime:0.0020s ]
SQL: SHOW COLUMNS FROM `mxh_enterprice` [ RunTime:0.0010s ]
SQL: INSERT INTO `mxh_enterprice` (`name`,`code`) VALUES ('name','1213445') [ RunTime:0.0630s ]
INFO: [ view_parse ] --START--
INFO: [ template_filter ] --START--
INFO: Run Behavior\ContentReplaceBehavior [ RunTime:0.010000s ]
INFO: [ template_filter ] --END-- [ RunTime:0.010000s ]
INFO: Run Behavior\ParseTemplateBehavior [ RunTime:0.089005s ]
INFO: [ view_parse ] --END-- [ RunTime:0.089005s ]
INFO: [ view_filter ] --START--
INFO: Run Behavior\WriteHtmlCacheBehavior [ RunTime:0.000000s ]
INFO: [ view_filter ] --END-- [ RunTime:0.001000s ]
INFO: [ app_end ] --START--
INFO: Run Behavior\ShowPageTraceBehavior [ RunTime:0.000000s ]
INFO: [ app_end ] --END-- [ RunTime:0.000000s ]

[ 2017-07-21T16:17:27+08:00 ] 127.0.0.1 /VolunteerMS/index.php/Enterprise/css/zui.css
INFO: [ app_init ] --START--
INFO: Run Behavior\BuildLiteBehavior [ RunTime:0.000000s ]
INFO: [ app_init ] --END-- [ RunTime:0.001000s ]
INFO: [ app_begin ] --START--
INFO: Run Behavior\ReadHtmlCacheBehavior [ RunTime:0.000000s ]
INFO: [ app_begin ] --END-- [ RunTime:0.000000s ]
ERR: 无法加载控制器:Css

[ 2017-07-21T16:17:27+08:00 ] 127.0.0.1 /VolunteerMS/index.php/Enterprise/css/all.css
INFO: [ app_init ] --START--
INFO: Run Behavior\BuildLiteBehavior [ RunTime:0.000000s ]
INFO: [ app_init ] --END-- [ RunTime:0.000000s ]
INFO: [ app_begin ] --START--
INFO: Run Behavior\ReadHtmlCacheBehavior [ RunTime:0.000000s ]
INFO: [ app_begin ] --END-- [ RunTime:0.000000s ]
ERR: 无法加载控制器:Css

[ 2017-07-21T16:17:27+08:00 ] 127.0.0.1 /VolunteerMS/index.php/Enterprise/js/all.js
INFO: [ app_init ] --START--
INFO: Run Behavior\BuildLiteBehavior [ RunTime:0.000000s ]
INFO: [ app_init ] --END-- [ RunTime:0.001000s ]
INFO: [ app_begin ] --START--
INFO: Run Behavior\ReadHtmlCacheBehavior [ RunTime:0.000000s ]
INFO: [ app_begin ] --END-- [ RunTime:0.000000s ]
ERR: 无法加载控制器:Js

[ 2017-07-21T16:17:27+08:00 ] 127.0.0.1 /VolunteerMS/index.php/Enterprise/js/zui.js
INFO: [ app_init ] --START--
INFO: Run Behavior\BuildLiteBehavior [ RunTime:0.000000s ]
INFO: [ app_init ] --END-- [ RunTime:0.000000s ]
INFO: [ app_begin ] --START--
INFO: Run Behavior\ReadHtmlCacheBehavior [ RunTime:0.000000s ]
INFO: [ app_begin ] --END-- [ RunTime:0.000000s ]
ERR: 无法加载控制器:Js

[ 2017-07-21T16:17:28+08:00 ] 127.0.0.1 /VolunteerMS/index.php/Enterprise/js/jquery-3.1.1.js
INFO: [ app_init ] --START--
INFO: Run Behavior\BuildLiteBehavior [ RunTime:0.000000s ]
INFO: [ app_init ] --END-- [ RunTime:0.000000s ]
INFO: [ app_begin ] --START--
INFO: Run Behavior\ReadHtmlCacheBehavior [ RunTime:0.000000s ]
INFO: [ app_begin ] --END-- [ RunTime:0.000000s ]
ERR: 无法加载控制器:Js

[ 2017-07-21T16:17:28+08:00 ] 127.0.0.1 /VolunteerMS/index.php/Enterprise/img/heart.png
INFO: [ app_init ] --START--
INFO: Run Behavior\BuildLiteBehavior [ RunTime:0.000000s ]
INFO: [ app_init ] --END-- [ RunTime:0.000000s ]

[ 2017-07-21T16:17:28+08:00 ] 127.0.0.1 /VolunteerMS/index.php/Enterprise/js/zui.js
INFO: [ app_init ] --START--
INFO: Run Behavior\BuildLiteBehavior [ RunTime:0.000000s ]
INFO: [ app_init ] --END-- [ RunTime:0.000000s ]
INFO: [ app_begin ] --START--
INFO: Run Behavior\ReadHtmlCacheBehavior [ RunTime:0.000000s ]
INFO: [ app_begin ] --END-- [ RunTime:0.000000s ]
ERR: 无法加载控制器:Js

[ 2017-07-21T16:17:28+08:00 ] 127.0.0.1 /VolunteerMS/index.php/Enterprise/js/all.js
INFO: [ app_init ] --START--
INFO: Run Behavior\BuildLiteBehavior [ RunTime:0.000000s ]
INFO: [ app_init ] --END-- [ RunTime:0.000000s ]
INFO: [ app_begin ] --START--
INFO: Run Behavior\ReadHtmlCacheBehavior [ RunTime:0.001000s ]
INFO: [ app_begin ] --END-- [ RunTime:0.001000s ]
ERR: 无法加载控制器:Js

[ 2017-07-21T16:17:28+08:00 ] 127.0.0.1 /VolunteerMS/index.php/Enterprise/img/heart.png
INFO: [ app_init ] --START--
INFO: Run Behavior\BuildLiteBehavior [ RunTime:0.000000s ]
INFO: [ app_init ] --END-- [ RunTime:0.000000s ]

[ 2017-07-21T16:17:28+08:00 ] 127.0.0.1 /VolunteerMS/index.php/Enterprise/img/login_body.jpg
INFO: [ app_init ] --START--
INFO: Run Behavior\BuildLiteBehavior [ RunTime:0.000000s ]
INFO: [ app_init ] --END-- [ RunTime:0.000000s ]

[ 2017-07-21T16:21:29+08:00 ] 127.0.0.1 /VolunteerMS/index.php/Enterprise/User/register
INFO: [ app_init ] --START--
INFO: Run Behavior\BuildLiteBehavior [ RunTime:0.000000s ]
INFO: [ app_init ] --END-- [ RunTime:0.000000s ]
INFO: [ app_begin ] --START--
INFO: Run Behavior\ReadHtmlCacheBehavior [ RunTime:0.000000s ]
INFO: [ app_begin ] --END-- [ RunTime:0.000000s ]
SQL: SHOW COLUMNS FROM `mxh_enterprice` [ RunTime:0.0020s ]
SQL: SHOW COLUMNS FROM `mxh_enterprice` [ RunTime:0.0020s ]
SQL: INSERT INTO `mxh_enterprice` (`name`,`code`) VALUES ('name','1213445') [ RunTime:0.0400s ]
INFO: [ view_parse ] --START--
INFO: [ template_filter ] --START--
INFO: Run Behavior\ContentReplaceBehavior [ RunTime:0.000000s ]
INFO: [ template_filter ] --END-- [ RunTime:0.000000s ]
NOTIC: [8] Use of undefined constant ENTERPRISE_JS_URL - assumed 'ENTERPRISE_JS_URL' D:\mxh\volunteerms\VolunteerMS\Runtime\Cache\Enterprise\15ac69b2529d2160de5e7f2bee5a7082.php 第 6 行.
NOTIC: [8] Use of undefined constant ENTERPRISE_JS_URL - assumed 'ENTERPRISE_JS_URL' D:\mxh\volunteerms\VolunteerMS\Runtime\Cache\Enterprise\15ac69b2529d2160de5e7f2bee5a7082.php 第 7 行.
NOTIC: [8] Use of undefined constant ENTERPRISE_JS_URL - assumed 'ENTERPRISE_JS_URL' D:\mxh\volunteerms\VolunteerMS\Runtime\Cache\Enterprise\15ac69b2529d2160de5e7f2bee5a7082.php 第 8 行.
NOTIC: [8] Use of undefined constant ENTERPRISE_JS_URL - assumed 'ENTERPRISE_JS_URL' D:\mxh\volunteerms\VolunteerMS\Runtime\Cache\Enterprise\15ac69b2529d2160de5e7f2bee5a7082.php 第 10 行.
NOTIC: [8] Use of undefined constant ENTERPRISE_JS_URL - assumed 'ENTERPRISE_JS_URL' D:\mxh\volunteerms\VolunteerMS\Runtime\Cache\Enterprise\15ac69b2529d2160de5e7f2bee5a7082.php 第 12 行.
INFO: Run Behavior\ParseTemplateBehavior [ RunTime:0.003000s ]
INFO: [ view_parse ] --END-- [ RunTime:0.003000s ]
INFO: [ view_filter ] --START--
INFO: Run Behavior\WriteHtmlCacheBehavior [ RunTime:0.000000s ]
INFO: [ view_filter ] --END-- [ RunTime:0.000000s ]
INFO: [ app_end ] --START--
INFO: Run Behavior\ShowPageTraceBehavior [ RunTime:0.000000s ]
INFO: [ app_end ] --END-- [ RunTime:0.001000s ]

[ 2017-07-21T16:21:29+08:00 ] 127.0.0.1 /VolunteerMS/index.php/Enterprise/User/ENTERPRISE_JS_URL/css/zui.css
INFO: [ app_init ] --START--
INFO: Run Behavior\BuildLiteBehavior [ RunTime:0.000000s ]
INFO: [ app_init ] --END-- [ RunTime:0.000000s ]
INFO: [ app_begin ] --START--
INFO: Run Behavior\ReadHtmlCacheBehavior [ RunTime:0.001000s ]
INFO: [ app_begin ] --END-- [ RunTime:0.001000s ]
ERR: 非法操作:ENTERPRISE_JS_URL

[ 2017-07-21T16:21:29+08:00 ] 127.0.0.1 /VolunteerMS/index.php/Enterprise/User/ENTERPRISE_JS_URL/css/all.css
INFO: [ app_init ] --START--
INFO: Run Behavior\BuildLiteBehavior [ RunTime:0.000000s ]
INFO: [ app_init ] --END-- [ RunTime:0.000000s ]
INFO: [ app_begin ] --START--
INFO: Run Behavior\ReadHtmlCacheBehavior [ RunTime:0.001000s ]
INFO: [ app_begin ] --END-- [ RunTime:0.001000s ]
ERR: 非法操作:ENTERPRISE_JS_URL

[ 2017-07-21T16:21:29+08:00 ] 127.0.0.1 /VolunteerMS/index.php/Enterprise/User/ENTERPRISE_JS_URL/js/all.js
INFO: [ app_init ] --START--
INFO: Run Behavior\BuildLiteBehavior [ RunTime:0.000000s ]
INFO: [ app_init ] --END-- [ RunTime:0.000000s ]
INFO: [ app_begin ] --START--
INFO: Run Behavior\ReadHtmlCacheBehavior [ RunTime:0.000000s ]
INFO: [ app_begin ] --END-- [ RunTime:0.000000s ]
ERR: 非法操作:ENTERPRISE_JS_URL

[ 2017-07-21T16:21:29+08:00 ] 127.0.0.1 /VolunteerMS/index.php/Enterprise/User/ENTERPRISE_JS_URL/js/zui.js
INFO: [ app_init ] --START--
INFO: Run Behavior\BuildLiteBehavior [ RunTime:0.000000s ]
INFO: [ app_init ] --END-- [ RunTime:0.001000s ]
INFO: [ app_begin ] --START--
INFO: Run Behavior\ReadHtmlCacheBehavior [ RunTime:0.000000s ]
INFO: [ app_begin ] --END-- [ RunTime:0.000000s ]
ERR: 非法操作:ENTERPRISE_JS_URL

[ 2017-07-21T16:21:29+08:00 ] 127.0.0.1 /VolunteerMS/index.php/Enterprise/User/ENTERPRISE_JS_URL/js/jquery-3.1.1.js
INFO: [ app_init ] --START--
INFO: Run Behavior\BuildLiteBehavior [ RunTime:0.000000s ]
INFO: [ app_init ] --END-- [ RunTime:0.000000s ]
INFO: [ app_begin ] --START--
INFO: Run Behavior\ReadHtmlCacheBehavior [ RunTime:0.000000s ]
INFO: [ app_begin ] --END-- [ RunTime:0.000000s ]
ERR: 非法操作:ENTERPRISE_JS_URL

[ 2017-07-21T16:21:29+08:00 ] 127.0.0.1 /VolunteerMS/index.php/Enterprise/img/heart.png
INFO: [ app_init ] --START--
INFO: Run Behavior\BuildLiteBehavior [ RunTime:0.000000s ]
INFO: [ app_init ] --END-- [ RunTime:0.000000s ]

[ 2017-07-21T16:21:29+08:00 ] 127.0.0.1 /VolunteerMS/index.php/Enterprise/User/ENTERPRISE_JS_URL/js/zui.js
INFO: [ app_init ] --START--
INFO: Run Behavior\BuildLiteBehavior [ RunTime:0.000000s ]
INFO: [ app_init ] --END-- [ RunTime:0.000000s ]
INFO: [ app_begin ] --START--
INFO: Run Behavior\ReadHtmlCacheBehavior [ RunTime:0.001000s ]
INFO: [ app_begin ] --END-- [ RunTime:0.001000s ]
ERR: 非法操作:ENTERPRISE_JS_URL

[ 2017-07-21T16:21:29+08:00 ] 127.0.0.1 /VolunteerMS/index.php/Enterprise/User/ENTERPRISE_JS_URL/js/all.js
INFO: [ app_init ] --START--
INFO: Run Behavior\BuildLiteBehavior [ RunTime:0.000000s ]
INFO: [ app_init ] --END-- [ RunTime:0.000000s ]
INFO: [ app_begin ] --START--
INFO: Run Behavior\ReadHtmlCacheBehavior [ RunTime:0.000000s ]
INFO: [ app_begin ] --END-- [ RunTime:0.000000s ]
ERR: 非法操作:ENTERPRISE_JS_URL

[ 2017-07-21T16:21:29+08:00 ] 127.0.0.1 /VolunteerMS/index.php/Enterprise/img/heart.png
INFO: [ app_init ] --START--
INFO: Run Behavior\BuildLiteBehavior [ RunTime:0.000000s ]
INFO: [ app_init ] --END-- [ RunTime:0.000000s ]

[ 2017-07-21T16:21:29+08:00 ] 127.0.0.1 /VolunteerMS/index.php/Enterprise/img/login_body.jpg
INFO: [ app_init ] --START--
INFO: Run Behavior\BuildLiteBehavior [ RunTime:0.000000s ]
INFO: [ app_init ] --END-- [ RunTime:0.000000s ]

[ 2017-07-21T16:21:34+08:00 ] 127.0.0.1 /VolunteerMS/index.php/Enterprise/User/register
INFO: [ app_init ] --START--
INFO: Run Behavior\BuildLiteBehavior [ RunTime:0.000000s ]
INFO: [ app_init ] --END-- [ RunTime:0.000000s ]
INFO: [ app_begin ] --START--
INFO: Run Behavior\ReadHtmlCacheBehavior [ RunTime:0.000000s ]
INFO: [ app_begin ] --END-- [ RunTime:0.000000s ]
SQL: SHOW COLUMNS FROM `mxh_enterprice` [ RunTime:0.0020s ]
SQL: SHOW COLUMNS FROM `mxh_enterprice` [ RunTime:0.0020s ]
SQL: INSERT INTO `mxh_enterprice` (`name`,`code`) VALUES ('name','1213445') [ RunTime:0.0340s ]
INFO: [ view_parse ] --START--
INFO: [ template_filter ] --START--
INFO: Run Behavior\ContentReplaceBehavior [ RunTime:0.000000s ]
INFO: [ template_filter ] --END-- [ RunTime:0.000000s ]
NOTIC: [8] Use of undefined constant ENTERPRISE_JS_URL - assumed 'ENTERPRISE_JS_URL' D:\mxh\volunteerms\VolunteerMS\Runtime\Cache\Enterprise\15ac69b2529d2160de5e7f2bee5a7082.php 第 6 行.
NOTIC: [8] Use of undefined constant ENTERPRISE_JS_URL - assumed 'ENTERPRISE_JS_URL' D:\mxh\volunteerms\VolunteerMS\Runtime\Cache\Enterprise\15ac69b2529d2160de5e7f2bee5a7082.php 第 7 行.
NOTIC: [8] Use of undefined constant ENTERPRISE_JS_URL - assumed 'ENTERPRISE_JS_URL' D:\mxh\volunteerms\VolunteerMS\Runtime\Cache\Enterprise\15ac69b2529d2160de5e7f2bee5a7082.php 第 8 行.
NOTIC: [8] Use of undefined constant ENTERPRISE_JS_URL - assumed 'ENTERPRISE_JS_URL' D:\mxh\volunteerms\VolunteerMS\Runtime\Cache\Enterprise\15ac69b2529d2160de5e7f2bee5a7082.php 第 10 行.
NOTIC: [8] Use of undefined constant ENTERPRISE_JS_URL - assumed 'ENTERPRISE_JS_URL' D:\mxh\volunteerms\VolunteerMS\Runtime\Cache\Enterprise\15ac69b2529d2160de5e7f2bee5a7082.php 第 12 行.
INFO: Run Behavior\ParseTemplateBehavior [ RunTime:0.003001s ]
INFO: [ view_parse ] --END-- [ RunTime:0.003001s ]
INFO: [ view_filter ] --START--
INFO: Run Behavior\WriteHtmlCacheBehavior [ RunTime:0.001000s ]
INFO: [ view_filter ] --END-- [ RunTime:0.001000s ]
INFO: [ app_end ] --START--
INFO: Run Behavior\ShowPageTraceBehavior [ RunTime:0.000000s ]
INFO: [ app_end ] --END-- [ RunTime:0.000000s ]

[ 2017-07-21T16:21:34+08:00 ] 127.0.0.1 /VolunteerMS/index.php/Enterprise/User/ENTERPRISE_JS_URL/css/zui.css
INFO: [ app_init ] --START--
INFO: Run Behavior\BuildLiteBehavior [ RunTime:0.000000s ]
INFO: [ app_init ] --END-- [ RunTime:0.001000s ]
INFO: [ app_begin ] --START--
INFO: Run Behavior\ReadHtmlCacheBehavior [ RunTime:0.000000s ]
INFO: [ app_begin ] --END-- [ RunTime:0.000000s ]
ERR: 非法操作:ENTERPRISE_JS_URL

[ 2017-07-21T16:21:34+08:00 ] 127.0.0.1 /VolunteerMS/index.php/Enterprise/User/ENTERPRISE_JS_URL/css/all.css
INFO: [ app_init ] --START--
INFO: Run Behavior\BuildLiteBehavior [ RunTime:0.000000s ]
INFO: [ app_init ] --END-- [ RunTime:0.000000s ]
INFO: [ app_begin ] --START--
INFO: Run Behavior\ReadHtmlCacheBehavior [ RunTime:0.001000s ]
INFO: [ app_begin ] --END-- [ RunTime:0.001000s ]
ERR: 非法操作:ENTERPRISE_JS_URL

[ 2017-07-21T16:21:34+08:00 ] 127.0.0.1 /VolunteerMS/index.php/Enterprise/User/ENTERPRISE_JS_URL/js/jquery-3.1.1.js
INFO: [ app_init ] --START--
INFO: Run Behavior\BuildLiteBehavior [ RunTime:0.001000s ]
INFO: [ app_init ] --END-- [ RunTime:0.001000s ]
INFO: [ app_begin ] --START--
INFO: Run Behavior\ReadHtmlCacheBehavior [ RunTime:0.000000s ]
INFO: [ app_begin ] --END-- [ RunTime:0.000000s ]
ERR: 非法操作:ENTERPRISE_JS_URL

[ 2017-07-21T16:21:34+08:00 ] 127.0.0.1 /VolunteerMS/index.php/Enterprise/User/ENTERPRISE_JS_URL/js/zui.js
INFO: [ app_init ] --START--
INFO: Run Behavior\BuildLiteBehavior [ RunTime:0.000000s ]
INFO: [ app_init ] --END-- [ RunTime:0.000000s ]
INFO: [ app_begin ] --START--
INFO: Run Behavior\ReadHtmlCacheBehavior [ RunTime:0.000000s ]
INFO: [ app_begin ] --END-- [ RunTime:0.000000s ]
ERR: 非法操作:ENTERPRISE_JS_URL

[ 2017-07-21T16:21:34+08:00 ] 127.0.0.1 /VolunteerMS/index.php/Enterprise/User/ENTERPRISE_JS_URL/js/all.js
INFO: [ app_init ] --START--
INFO: Run Behavior\BuildLiteBehavior [ RunTime:0.000000s ]
INFO: [ app_init ] --END-- [ RunTime:0.000000s ]
INFO: [ app_begin ] --START--
INFO: Run Behavior\ReadHtmlCacheBehavior [ RunTime:0.001000s ]
INFO: [ app_begin ] --END-- [ RunTime:0.001000s ]
ERR: 非法操作:ENTERPRISE_JS_URL

[ 2017-07-21T16:21:34+08:00 ] 127.0.0.1 /VolunteerMS/index.php/Enterprise/img/heart.png
INFO: [ app_init ] --START--
INFO: Run Behavior\BuildLiteBehavior [ RunTime:0.000000s ]
INFO: [ app_init ] --END-- [ RunTime:0.001001s ]

[ 2017-07-21T16:21:34+08:00 ] 127.0.0.1 /VolunteerMS/index.php/Enterprise/img/login_body.jpg
INFO: [ app_init ] --START--
INFO: Run Behavior\BuildLiteBehavior [ RunTime:0.000000s ]
INFO: [ app_init ] --END-- [ RunTime:0.000000s ]

[ 2017-07-21T16:24:57+08:00 ] 127.0.0.1 /VolunteerMS/index.php/Enterprise/User/register
INFO: [ app_init ] --START--
INFO: Run Behavior\BuildLiteBehavior [ RunTime:0.000000s ]
INFO: [ app_init ] --END-- [ RunTime:0.000000s ]
INFO: [ app_begin ] --START--
INFO: Run Behavior\ReadHtmlCacheBehavior [ RunTime:0.001000s ]
INFO: [ app_begin ] --END-- [ RunTime:0.001000s ]
SQL: SHOW COLUMNS FROM `mxh_enterprice` [ RunTime:0.0020s ]
SQL: SHOW COLUMNS FROM `mxh_enterprice` [ RunTime:0.0010s ]
SQL: INSERT INTO `mxh_enterprice` (`name`,`code`) VALUES ('name','1213445') [ RunTime:0.0530s ]
INFO: [ view_parse ] --START--
INFO: [ template_filter ] --START--
INFO: Run Behavior\ContentReplaceBehavior [ RunTime:0.000000s ]
INFO: [ template_filter ] --END-- [ RunTime:0.000000s ]
NOTIC: [8] Use of undefined constant ENTERPRISE_JS_URL - assumed 'ENTERPRISE_JS_URL' D:\mxh\volunteerms\VolunteerMS\Runtime\Cache\Enterprise\15ac69b2529d2160de5e7f2bee5a7082.php 第 6 行.
NOTIC: [8] Use of undefined constant ENTERPRISE_JS_URL - assumed 'ENTERPRISE_JS_URL' D:\mxh\volunteerms\VolunteerMS\Runtime\Cache\Enterprise\15ac69b2529d2160de5e7f2bee5a7082.php 第 7 行.
NOTIC: [8] Use of undefined constant ENTERPRISE_JS_URL - assumed 'ENTERPRISE_JS_URL' D:\mxh\volunteerms\VolunteerMS\Runtime\Cache\Enterprise\15ac69b2529d2160de5e7f2bee5a7082.php 第 8 行.
NOTIC: [8] Use of undefined constant ENTERPRISE_JS_URL - assumed 'ENTERPRISE_JS_URL' D:\mxh\volunteerms\VolunteerMS\Runtime\Cache\Enterprise\15ac69b2529d2160de5e7f2bee5a7082.php 第 10 行.
NOTIC: [8] Use of undefined constant ENTERPRISE_JS_URL - assumed 'ENTERPRISE_JS_URL' D:\mxh\volunteerms\VolunteerMS\Runtime\Cache\Enterprise\15ac69b2529d2160de5e7f2bee5a7082.php 第 12 行.
INFO: Run Behavior\ParseTemplateBehavior [ RunTime:0.004000s ]
INFO: [ view_parse ] --END-- [ RunTime:0.004000s ]
INFO: [ view_filter ] --START--
INFO: Run Behavior\WriteHtmlCacheBehavior [ RunTime:0.000000s ]
INFO: [ view_filter ] --END-- [ RunTime:0.000000s ]
INFO: [ app_end ] --START--
INFO: Run Behavior\ShowPageTraceBehavior [ RunTime:0.000000s ]
INFO: [ app_end ] --END-- [ RunTime:0.000000s ]

[ 2017-07-21T16:24:57+08:00 ] 127.0.0.1 /VolunteerMS/index.php/Enterprise/User/ENTERPRISE_JS_URL/css/zui.css
INFO: [ app_init ] --START--
INFO: Run Behavior\BuildLiteBehavior [ RunTime:0.000000s ]
INFO: [ app_init ] --END-- [ RunTime:0.000000s ]
INFO: [ app_begin ] --START--
INFO: Run Behavior\ReadHtmlCacheBehavior [ RunTime:0.000000s ]
INFO: [ app_begin ] --END-- [ RunTime:0.000000s ]
ERR: 非法操作:ENTERPRISE_JS_URL

[ 2017-07-21T16:24:57+08:00 ] 127.0.0.1 /VolunteerMS/index.php/Enterprise/User/ENTERPRISE_JS_URL/css/all.css
INFO: [ app_init ] --START--
INFO: Run Behavior\BuildLiteBehavior [ RunTime:0.000000s ]
INFO: [ app_init ] --END-- [ RunTime:0.000000s ]
INFO: [ app_begin ] --START--
INFO: Run Behavior\ReadHtmlCacheBehavior [ RunTime:0.000000s ]
INFO: [ app_begin ] --END-- [ RunTime:0.000000s ]
ERR: 非法操作:ENTERPRISE_JS_URL

[ 2017-07-21T16:24:57+08:00 ] 127.0.0.1 /VolunteerMS/index.php/Enterprise/User/ENTERPRISE_JS_URL/js/jquery-3.1.1.js
INFO: [ app_init ] --START--
INFO: Run Behavior\BuildLiteBehavior [ RunTime:0.000000s ]
INFO: [ app_init ] --END-- [ RunTime:0.000000s ]
INFO: [ app_begin ] --START--
INFO: Run Behavior\ReadHtmlCacheBehavior [ RunTime:0.000000s ]
INFO: [ app_begin ] --END-- [ RunTime:0.000000s ]
ERR: 非法操作:ENTERPRISE_JS_URL

[ 2017-07-21T16:24:57+08:00 ] 127.0.0.1 /VolunteerMS/index.php/Enterprise/User/ENTERPRISE_JS_URL/js/zui.js
INFO: [ app_init ] --START--
INFO: Run Behavior\BuildLiteBehavior [ RunTime:0.000000s ]
INFO: [ app_init ] --END-- [ RunTime:0.000000s ]
INFO: [ app_begin ] --START--
INFO: Run Behavior\ReadHtmlCacheBehavior [ RunTime:0.000000s ]
INFO: [ app_begin ] --END-- [ RunTime:0.000000s ]
ERR: 非法操作:ENTERPRISE_JS_URL

[ 2017-07-21T16:24:57+08:00 ] 127.0.0.1 /VolunteerMS/index.php/Enterprise/User/ENTERPRISE_JS_URL/js/all.js
INFO: [ app_init ] --START--
INFO: Run Behavior\BuildLiteBehavior [ RunTime:0.000000s ]
INFO: [ app_init ] --END-- [ RunTime:0.001000s ]
INFO: [ app_begin ] --START--
INFO: Run Behavior\ReadHtmlCacheBehavior [ RunTime:0.000000s ]
INFO: [ app_begin ] --END-- [ RunTime:0.000000s ]
ERR: 非法操作:ENTERPRISE_JS_URL

[ 2017-07-21T16:24:57+08:00 ] 127.0.0.1 /VolunteerMS/index.php/Enterprise/img/heart.png
INFO: [ app_init ] --START--
INFO: Run Behavior\BuildLiteBehavior [ RunTime:0.000000s ]
INFO: [ app_init ] --END-- [ RunTime:0.000000s ]

[ 2017-07-21T16:24:57+08:00 ] 127.0.0.1 /VolunteerMS/index.php/Enterprise/img/login_body.jpg
INFO: [ app_init ] --START--
INFO: Run Behavior\BuildLiteBehavior [ RunTime:0.000000s ]
INFO: [ app_init ] --END-- [ RunTime:0.001000s ]

[ 2017-07-21T16:24:59+08:00 ] 127.0.0.1 /VolunteerMS/index.php/Enterprise/User/ENTERPRISE_JS_URL/css/zui.css
INFO: [ app_init ] --START--
INFO: Run Behavior\BuildLiteBehavior [ RunTime:0.000000s ]
INFO: [ app_init ] --END-- [ RunTime:0.000000s ]
INFO: [ app_begin ] --START--
INFO: Run Behavior\ReadHtmlCacheBehavior [ RunTime:0.001000s ]
INFO: [ app_begin ] --END-- [ RunTime:0.001000s ]
ERR: 非法操作:ENTERPRISE_JS_URL

[ 2017-07-21T16:24:59+08:00 ] 127.0.0.1 /VolunteerMS/index.php/Enterprise/User/ENTERPRISE_JS_URL/css/all.css
INFO: [ app_init ] --START--
INFO: Run Behavior\BuildLiteBehavior [ RunTime:0.000000s ]
INFO: [ app_init ] --END-- [ RunTime:0.000000s ]
INFO: [ app_begin ] --START--
INFO: Run Behavior\ReadHtmlCacheBehavior [ RunTime:0.000000s ]
INFO: [ app_begin ] --END-- [ RunTime:0.000000s ]
ERR: 非法操作:ENTERPRISE_JS_URL

[ 2017-07-21T16:25:29+08:00 ] 127.0.0.1 /VolunteerMS/index.php/Enterprise/User/register
INFO: [ app_init ] --START--
INFO: Run Behavior\BuildLiteBehavior [ RunTime:0.000000s ]
INFO: [ app_init ] --END-- [ RunTime:0.000000s ]
INFO: [ app_begin ] --START--
INFO: Run Behavior\ReadHtmlCacheBehavior [ RunTime:0.000000s ]
INFO: [ app_begin ] --END-- [ RunTime:0.000000s ]
SQL: SHOW COLUMNS FROM `mxh_enterprice` [ RunTime:0.0020s ]
SQL: SHOW COLUMNS FROM `mxh_enterprice` [ RunTime:0.0020s ]
SQL: INSERT INTO `mxh_enterprice` (`name`,`code`) VALUES ('name','1213445') [ RunTime:0.0420s ]
INFO: [ view_parse ] --START--
INFO: [ template_filter ] --START--
INFO: Run Behavior\ContentReplaceBehavior [ RunTime:0.000000s ]
INFO: [ template_filter ] --END-- [ RunTime:0.000000s ]
NOTIC: [8] Use of undefined constant ENTERPRISE_JS_URL - assumed 'ENTERPRISE_JS_URL' D:\mxh\volunteerms\VolunteerMS\Runtime\Cache\Enterprise\15ac69b2529d2160de5e7f2bee5a7082.php 第 6 行.
NOTIC: [8] Use of undefined constant ENTERPRISE_JS_URL - assumed 'ENTERPRISE_JS_URL' D:\mxh\volunteerms\VolunteerMS\Runtime\Cache\Enterprise\15ac69b2529d2160de5e7f2bee5a7082.php 第 7 行.
NOTIC: [8] Use of undefined constant ENTERPRISE_JS_URL - assumed 'ENTERPRISE_JS_URL' D:\mxh\volunteerms\VolunteerMS\Runtime\Cache\Enterprise\15ac69b2529d2160de5e7f2bee5a7082.php 第 8 行.
NOTIC: [8] Use of undefined constant ENTERPRISE_JS_URL - assumed 'ENTERPRISE_JS_URL' D:\mxh\volunteerms\VolunteerMS\Runtime\Cache\Enterprise\15ac69b2529d2160de5e7f2bee5a7082.php 第 10 行.
NOTIC: [8] Use of undefined constant ENTERPRISE_JS_URL - assumed 'ENTERPRISE_JS_URL' D:\mxh\volunteerms\VolunteerMS\Runtime\Cache\Enterprise\15ac69b2529d2160de5e7f2bee5a7082.php 第 12 行.
INFO: Run Behavior\ParseTemplateBehavior [ RunTime:0.004001s ]
INFO: [ view_parse ] --END-- [ RunTime:0.004001s ]
INFO: [ view_filter ] --START--
INFO: Run Behavior\WriteHtmlCacheBehavior [ RunTime:0.000000s ]
INFO: [ view_filter ] --END-- [ RunTime:0.000000s ]
INFO: [ app_end ] --START--
INFO: Run Behavior\ShowPageTraceBehavior [ RunTime:0.000000s ]
INFO: [ app_end ] --END-- [ RunTime:0.000000s ]

[ 2017-07-21T16:25:29+08:00 ] 127.0.0.1 /VolunteerMS/index.php/Enterprise/User/ENTERPRISE_JS_URL/css/zui.css
INFO: [ app_init ] --START--
INFO: Run Behavior\BuildLiteBehavior [ RunTime:0.000000s ]
INFO: [ app_init ] --END-- [ RunTime:0.000000s ]
INFO: [ app_begin ] --START--
INFO: Run Behavior\ReadHtmlCacheBehavior [ RunTime:0.001000s ]
INFO: [ app_begin ] --END-- [ RunTime:0.001000s ]
ERR: 非法操作:ENTERPRISE_JS_URL

[ 2017-07-21T16:25:29+08:00 ] 127.0.0.1 /VolunteerMS/index.php/Enterprise/User/ENTERPRISE_JS_URL/css/all.css
INFO: [ app_init ] --START--
INFO: Run Behavior\BuildLiteBehavior [ RunTime:0.000000s ]
INFO: [ app_init ] --END-- [ RunTime:0.000000s ]
INFO: [ app_begin ] --START--
INFO: Run Behavior\ReadHtmlCacheBehavior [ RunTime:0.000000s ]
INFO: [ app_begin ] --END-- [ RunTime:0.000000s ]
ERR: 非法操作:ENTERPRISE_JS_URL

[ 2017-07-21T16:25:29+08:00 ] 127.0.0.1 /VolunteerMS/index.php/Enterprise/User/ENTERPRISE_JS_URL/js/jquery-3.1.1.js
INFO: [ app_init ] --START--
INFO: Run Behavior\BuildLiteBehavior [ RunTime:0.000000s ]
INFO: [ app_init ] --END-- [ RunTime:0.000000s ]
INFO: [ app_begin ] --START--
INFO: Run Behavior\ReadHtmlCacheBehavior [ RunTime:0.001000s ]
INFO: [ app_begin ] --END-- [ RunTime:0.001000s ]
ERR: 非法操作:ENTERPRISE_JS_URL

[ 2017-07-21T16:25:29+08:00 ] 127.0.0.1 /VolunteerMS/index.php/Enterprise/User/ENTERPRISE_JS_URL/js/zui.js
INFO: [ app_init ] --START--
INFO: Run Behavior\BuildLiteBehavior [ RunTime:0.000000s ]
INFO: [ app_init ] --END-- [ RunTime:0.000000s ]
INFO: [ app_begin ] --START--
INFO: Run Behavior\ReadHtmlCacheBehavior [ RunTime:0.000000s ]
INFO: [ app_begin ] --END-- [ RunTime:0.000000s ]
ERR: 非法操作:ENTERPRISE_JS_URL

[ 2017-07-21T16:25:29+08:00 ] 127.0.0.1 /VolunteerMS/index.php/Enterprise/User/ENTERPRISE_JS_URL/js/all.js
INFO: [ app_init ] --START--
INFO: Run Behavior\BuildLiteBehavior [ RunTime:0.000000s ]
INFO: [ app_init ] --END-- [ RunTime:0.001000s ]
INFO: [ app_begin ] --START--
INFO: Run Behavior\ReadHtmlCacheBehavior [ RunTime:0.000000s ]
INFO: [ app_begin ] --END-- [ RunTime:0.000000s ]
ERR: 非法操作:ENTERPRISE_JS_URL

[ 2017-07-21T16:25:29+08:00 ] 127.0.0.1 /VolunteerMS/index.php/Enterprise/img/heart.png
INFO: [ app_init ] --START--
INFO: Run Behavior\BuildLiteBehavior [ RunTime:0.000000s ]
INFO: [ app_init ] --END-- [ RunTime:0.000000s ]

[ 2017-07-21T16:25:29+08:00 ] 127.0.0.1 /VolunteerMS/index.php/Enterprise/img/login_body.jpg
INFO: [ app_init ] --START--
INFO: Run Behavior\BuildLiteBehavior [ RunTime:0.000000s ]
INFO: [ app_init ] --END-- [ RunTime:0.001000s ]

[ 2017-07-21T16:28:29+08:00 ] 127.0.0.1 /VolunteerMS/index.php/Enterprise/User/register
INFO: [ app_init ] --START--
INFO: Run Behavior\BuildLiteBehavior [ RunTime:0.000000s ]
INFO: [ app_init ] --END-- [ RunTime:0.000000s ]
INFO: [ app_begin ] --START--
INFO: Run Behavior\ReadHtmlCacheBehavior [ RunTime:0.000000s ]
INFO: [ app_begin ] --END-- [ RunTime:0.000000s ]
SQL: SHOW COLUMNS FROM `mxh_enterprice` [ RunTime:0.0020s ]
SQL: SHOW COLUMNS FROM `mxh_enterprice` [ RunTime:0.0010s ]
SQL: INSERT INTO `mxh_enterprice` (`name`,`code`) VALUES ('name','1213445') [ RunTime:0.0440s ]
INFO: [ view_parse ] --START--
INFO: [ template_filter ] --START--
INFO: Run Behavior\ContentReplaceBehavior [ RunTime:0.000000s ]
INFO: [ template_filter ] --END-- [ RunTime:0.000000s ]
NOTIC: [8] Use of undefined constant ENTERPRISE_JS_URL - assumed 'ENTERPRISE_JS_URL' D:\mxh\volunteerms\VolunteerMS\Runtime\Cache\Enterprise\15ac69b2529d2160de5e7f2bee5a7082.php 第 6 行.
NOTIC: [8] Use of undefined constant ENTERPRISE_JS_URL - assumed 'ENTERPRISE_JS_URL' D:\mxh\volunteerms\VolunteerMS\Runtime\Cache\Enterprise\15ac69b2529d2160de5e7f2bee5a7082.php 第 7 行.
NOTIC: [8] Use of undefined constant ENTERPRISE_JS_URL - assumed 'ENTERPRISE_JS_URL' D:\mxh\volunteerms\VolunteerMS\Runtime\Cache\Enterprise\15ac69b2529d2160de5e7f2bee5a7082.php 第 8 行.
NOTIC: [8] Use of undefined constant ENTERPRISE_JS_URL - assumed 'ENTERPRISE_JS_URL' D:\mxh\volunteerms\VolunteerMS\Runtime\Cache\Enterprise\15ac69b2529d2160de5e7f2bee5a7082.php 第 10 行.
NOTIC: [8] Use of undefined constant ENTERPRISE_JS_URL - assumed 'ENTERPRISE_JS_URL' D:\mxh\volunteerms\VolunteerMS\Runtime\Cache\Enterprise\15ac69b2529d2160de5e7f2bee5a7082.php 第 12 行.
INFO: Run Behavior\ParseTemplateBehavior [ RunTime:0.003001s ]
INFO: [ view_parse ] --END-- [ RunTime:0.003001s ]
INFO: [ view_filter ] --START--
INFO: Run Behavior\WriteHtmlCacheBehavior [ RunTime:0.000000s ]
INFO: [ view_filter ] --END-- [ RunTime:0.000000s ]
INFO: [ app_end ] --START--
INFO: Run Behavior\ShowPageTraceBehavior [ RunTime:0.001000s ]
INFO: [ app_end ] --END-- [ RunTime:0.001000s ]

[ 2017-07-21T16:28:29+08:00 ] 127.0.0.1 /VolunteerMS/index.php/Enterprise/User/ENTERPRISE_JS_URL/css/zui.css
INFO: [ app_init ] --START--
INFO: Run Behavior\BuildLiteBehavior [ RunTime:0.000000s ]
INFO: [ app_init ] --END-- [ RunTime:0.000000s ]
INFO: [ app_begin ] --START--
INFO: Run Behavior\ReadHtmlCacheBehavior [ RunTime:0.000000s ]
INFO: [ app_begin ] --END-- [ RunTime:0.000000s ]
ERR: 非法操作:ENTERPRISE_JS_URL

[ 2017-07-21T16:28:29+08:00 ] 127.0.0.1 /VolunteerMS/index.php/Enterprise/User/ENTERPRISE_JS_URL/css/all.css
INFO: [ app_init ] --START--
INFO: Run Behavior\BuildLiteBehavior [ RunTime:0.000000s ]
INFO: [ app_init ] --END-- [ RunTime:0.000000s ]
INFO: [ app_begin ] --START--
INFO: Run Behavior\ReadHtmlCacheBehavior [ RunTime:0.000000s ]
INFO: [ app_begin ] --END-- [ RunTime:0.000000s ]
ERR: 非法操作:ENTERPRISE_JS_URL

[ 2017-07-21T16:28:29+08:00 ] 127.0.0.1 /VolunteerMS/index.php/Enterprise/User/ENTERPRISE_JS_URL/js/jquery-3.1.1.js
INFO: [ app_init ] --START--
INFO: Run Behavior\BuildLiteBehavior [ RunTime:0.000000s ]
INFO: [ app_init ] --END-- [ RunTime:0.000000s ]
INFO: [ app_begin ] --START--
INFO: Run Behavior\ReadHtmlCacheBehavior [ RunTime:0.000000s ]
INFO: [ app_begin ] --END-- [ RunTime:0.000000s ]
ERR: 非法操作:ENTERPRISE_JS_URL

[ 2017-07-21T16:28:29+08:00 ] 127.0.0.1 /VolunteerMS/index.php/Enterprise/User/ENTERPRISE_JS_URL/js/zui.js
INFO: [ app_init ] --START--
INFO: Run Behavior\BuildLiteBehavior [ RunTime:0.000000s ]
INFO: [ app_init ] --END-- [ RunTime:0.000000s ]
INFO: [ app_begin ] --START--
INFO: Run Behavior\ReadHtmlCacheBehavior [ RunTime:0.001000s ]
INFO: [ app_begin ] --END-- [ RunTime:0.001000s ]
ERR: 非法操作:ENTERPRISE_JS_URL

[ 2017-07-21T16:28:29+08:00 ] 127.0.0.1 /VolunteerMS/index.php/Enterprise/User/ENTERPRISE_JS_URL/js/all.js
INFO: [ app_init ] --START--
INFO: Run Behavior\BuildLiteBehavior [ RunTime:0.000000s ]
INFO: [ app_init ] --END-- [ RunTime:0.000000s ]
INFO: [ app_begin ] --START--
INFO: Run Behavior\ReadHtmlCacheBehavior [ RunTime:0.000000s ]
INFO: [ app_begin ] --END-- [ RunTime:0.000000s ]
ERR: 非法操作:ENTERPRISE_JS_URL

[ 2017-07-21T16:28:29+08:00 ] 127.0.0.1 /VolunteerMS/index.php/Enterprise/img/heart.png
INFO: [ app_init ] --START--
INFO: Run Behavior\BuildLiteBehavior [ RunTime:0.000000s ]
INFO: [ app_init ] --END-- [ RunTime:0.000000s ]

[ 2017-07-21T16:28:30+08:00 ] 127.0.0.1 /VolunteerMS/index.php/Enterprise/img/login_body.jpg
INFO: [ app_init ] --START--
INFO: Run Behavior\BuildLiteBehavior [ RunTime:0.000000s ]
INFO: [ app_init ] --END-- [ RunTime:0.000000s ]

[ 2017-07-21T16:28:33+08:00 ] 127.0.0.1 /VolunteerMS/index.php/Enterprise/User/register
INFO: [ app_init ] --START--
INFO: Run Behavior\BuildLiteBehavior [ RunTime:0.000000s ]
INFO: [ app_init ] --END-- [ RunTime:0.000000s ]
INFO: [ app_begin ] --START--
INFO: Run Behavior\ReadHtmlCacheBehavior [ RunTime:0.000000s ]
INFO: [ app_begin ] --END-- [ RunTime:0.000000s ]
SQL: SHOW COLUMNS FROM `mxh_enterprice` [ RunTime:0.0020s ]
SQL: SHOW COLUMNS FROM `mxh_enterprice` [ RunTime:0.0020s ]
SQL: INSERT INTO `mxh_enterprice` (`name`,`code`) VALUES ('name','1213445') [ RunTime:0.0480s ]
INFO: [ view_parse ] --START--
INFO: [ template_filter ] --START--
INFO: Run Behavior\ContentReplaceBehavior [ RunTime:0.000000s ]
INFO: [ template_filter ] --END-- [ RunTime:0.000000s ]
NOTIC: [8] Use of undefined constant ENTERPRISE_JS_URL - assumed 'ENTERPRISE_JS_URL' D:\mxh\volunteerms\VolunteerMS\Runtime\Cache\Enterprise\15ac69b2529d2160de5e7f2bee5a7082.php 第 6 行.
NOTIC: [8] Use of undefined constant ENTERPRISE_JS_URL - assumed 'ENTERPRISE_JS_URL' D:\mxh\volunteerms\VolunteerMS\Runtime\Cache\Enterprise\15ac69b2529d2160de5e7f2bee5a7082.php 第 7 行.
NOTIC: [8] Use of undefined constant ENTERPRISE_JS_URL - assumed 'ENTERPRISE_JS_URL' D:\mxh\volunteerms\VolunteerMS\Runtime\Cache\Enterprise\15ac69b2529d2160de5e7f2bee5a7082.php 第 8 行.
NOTIC: [8] Use of undefined constant ENTERPRISE_JS_URL - assumed 'ENTERPRISE_JS_URL' D:\mxh\volunteerms\VolunteerMS\Runtime\Cache\Enterprise\15ac69b2529d2160de5e7f2bee5a7082.php 第 10 行.
NOTIC: [8] Use of undefined constant ENTERPRISE_JS_URL - assumed 'ENTERPRISE_JS_URL' D:\mxh\volunteerms\VolunteerMS\Runtime\Cache\Enterprise\15ac69b2529d2160de5e7f2bee5a7082.php 第 12 行.
INFO: Run Behavior\ParseTemplateBehavior [ RunTime:0.003000s ]
INFO: [ view_parse ] --END-- [ RunTime:0.003000s ]
INFO: [ view_filter ] --START--
INFO: Run Behavior\WriteHtmlCacheBehavior [ RunTime:0.000000s ]
INFO: [ view_filter ] --END-- [ RunTime:0.000000s ]
INFO: [ app_end ] --START--
INFO: Run Behavior\ShowPageTraceBehavior [ RunTime:0.000000s ]
INFO: [ app_end ] --END-- [ RunTime:0.000000s ]

[ 2017-07-21T16:28:33+08:00 ] 127.0.0.1 /VolunteerMS/index.php/Enterprise/User/ENTERPRISE_JS_URL/css/zui.css
INFO: [ app_init ] --START--
INFO: Run Behavior\BuildLiteBehavior [ RunTime:0.000000s ]
INFO: [ app_init ] --END-- [ RunTime:0.000000s ]
INFO: [ app_begin ] --START--
INFO: Run Behavior\ReadHtmlCacheBehavior [ RunTime:0.001000s ]
INFO: [ app_begin ] --END-- [ RunTime:0.001000s ]
ERR: 非法操作:ENTERPRISE_JS_URL

[ 2017-07-21T16:28:33+08:00 ] 127.0.0.1 /VolunteerMS/index.php/Enterprise/User/ENTERPRISE_JS_URL/css/all.css
INFO: [ app_init ] --START--
INFO: Run Behavior\BuildLiteBehavior [ RunTime:0.000000s ]
INFO: [ app_init ] --END-- [ RunTime:0.000000s ]
INFO: [ app_begin ] --START--
INFO: Run Behavior\ReadHtmlCacheBehavior [ RunTime:0.000000s ]
INFO: [ app_begin ] --END-- [ RunTime:0.000000s ]
ERR: 非法操作:ENTERPRISE_JS_URL

[ 2017-07-21T16:28:33+08:00 ] 127.0.0.1 /VolunteerMS/index.php/Enterprise/User/ENTERPRISE_JS_URL/js/jquery-3.1.1.js
INFO: [ app_init ] --START--
INFO: Run Behavior\BuildLiteBehavior [ RunTime:0.000000s ]
INFO: [ app_init ] --END-- [ RunTime:0.000000s ]
INFO: [ app_begin ] --START--
INFO: Run Behavior\ReadHtmlCacheBehavior [ RunTime:0.000000s ]
INFO: [ app_begin ] --END-- [ RunTime:0.000000s ]
ERR: 非法操作:ENTERPRISE_JS_URL

[ 2017-07-21T16:28:33+08:00 ] 127.0.0.1 /VolunteerMS/index.php/Enterprise/User/ENTERPRISE_JS_URL/js/zui.js
INFO: [ app_init ] --START--
INFO: Run Behavior\BuildLiteBehavior [ RunTime:0.000000s ]
INFO: [ app_init ] --END-- [ RunTime:0.001001s ]
INFO: [ app_begin ] --START--
INFO: Run Behavior\ReadHtmlCacheBehavior [ RunTime:0.000000s ]
INFO: [ app_begin ] --END-- [ RunTime:0.000000s ]
ERR: 非法操作:ENTERPRISE_JS_URL

[ 2017-07-21T16:28:33+08:00 ] 127.0.0.1 /VolunteerMS/index.php/Enterprise/User/ENTERPRISE_JS_URL/js/all.js
INFO: [ app_init ] --START--
INFO: Run Behavior\BuildLiteBehavior [ RunTime:0.000000s ]
INFO: [ app_init ] --END-- [ RunTime:0.000000s ]
INFO: [ app_begin ] --START--
INFO: Run Behavior\ReadHtmlCacheBehavior [ RunTime:0.001000s ]
INFO: [ app_begin ] --END-- [ RunTime:0.001000s ]
ERR: 非法操作:ENTERPRISE_JS_URL

[ 2017-07-21T16:28:33+08:00 ] 127.0.0.1 /VolunteerMS/index.php/Enterprise/img/heart.png
INFO: [ app_init ] --START--
INFO: Run Behavior\BuildLiteBehavior [ RunTime:0.000000s ]
INFO: [ app_init ] --END-- [ RunTime:0.000000s ]

[ 2017-07-21T16:28:33+08:00 ] 127.0.0.1 /VolunteerMS/index.php/Enterprise/img/login_body.jpg
INFO: [ app_init ] --START--
INFO: Run Behavior\BuildLiteBehavior [ RunTime:0.000000s ]
INFO: [ app_init ] --END-- [ RunTime:0.001000s ]

[ 2017-07-21T16:28:34+08:00 ] 127.0.0.1 /VolunteerMS/index.php/Enterprise/User/ENTERPRISE_JS_URL/css/zui.css
INFO: [ app_init ] --START--
INFO: Run Behavior\BuildLiteBehavior [ RunTime:0.000000s ]
INFO: [ app_init ] --END-- [ RunTime:0.001000s ]
INFO: [ app_begin ] --START--
INFO: Run Behavior\ReadHtmlCacheBehavior [ RunTime:0.000000s ]
INFO: [ app_begin ] --END-- [ RunTime:0.000000s ]
ERR: 非法操作:ENTERPRISE_JS_URL

[ 2017-07-21T16:28:34+08:00 ] 127.0.0.1 /VolunteerMS/index.php/Enterprise/User/ENTERPRISE_JS_URL/css/all.css
INFO: [ app_init ] --START--
INFO: Run Behavior\BuildLiteBehavior [ RunTime:0.000000s ]
INFO: [ app_init ] --END-- [ RunTime:0.000000s ]
INFO: [ app_begin ] --START--
INFO: Run Behavior\ReadHtmlCacheBehavior [ RunTime:0.000000s ]
INFO: [ app_begin ] --END-- [ RunTime:0.001000s ]
ERR: 非法操作:ENTERPRISE_JS_URL

[ 2017-07-21T16:32:41+08:00 ] 127.0.0.1 /VolunteerMS/index.php/Enterprise/User/register
INFO: [ app_init ] --START--
INFO: Run Behavior\BuildLiteBehavior [ RunTime:0.000000s ]
INFO: [ app_init ] --END-- [ RunTime:0.000000s ]
INFO: [ app_begin ] --START--
INFO: Run Behavior\ReadHtmlCacheBehavior [ RunTime:0.000000s ]
INFO: [ app_begin ] --END-- [ RunTime:0.000000s ]
SQL: SHOW COLUMNS FROM `mxh_enterprice` [ RunTime:0.0020s ]
SQL: SHOW COLUMNS FROM `mxh_enterprice` [ RunTime:0.0020s ]
SQL: INSERT INTO `mxh_enterprice` (`name`,`code`) VALUES ('name','1213445') [ RunTime:0.0650s ]
INFO: [ view_parse ] --START--
INFO: [ template_filter ] --START--
INFO: Run Behavior\ContentReplaceBehavior [ RunTime:0.000000s ]
INFO: [ template_filter ] --END-- [ RunTime:0.000000s ]
NOTIC: [8] Use of undefined constant ENTERPRISE_CSS_URL - assumed 'ENTERPRISE_CSS_URL' D:\mxh\volunteerms\VolunteerMS\Runtime\Cache\Enterprise\15ac69b2529d2160de5e7f2bee5a7082.php 第 6 行.
NOTIC: [8] Use of undefined constant ENTERPRISE_CSS_URL - assumed 'ENTERPRISE_CSS_URL' D:\mxh\volunteerms\VolunteerMS\Runtime\Cache\Enterprise\15ac69b2529d2160de5e7f2bee5a7082.php 第 7 行.
NOTIC: [8] Use of undefined constant ENTERPRISE_JS_URL - assumed 'ENTERPRISE_JS_URL' D:\mxh\volunteerms\VolunteerMS\Runtime\Cache\Enterprise\15ac69b2529d2160de5e7f2bee5a7082.php 第 8 行.
NOTIC: [8] Use of undefined constant ENTERPRISE_JS_URL - assumed 'ENTERPRISE_JS_URL' D:\mxh\volunteerms\VolunteerMS\Runtime\Cache\Enterprise\15ac69b2529d2160de5e7f2bee5a7082.php 第 9 行.
NOTIC: [8] Use of undefined constant ENTERPRISE_JS_URL - assumed 'ENTERPRISE_JS_URL' D:\mxh\volunteerms\VolunteerMS\Runtime\Cache\Enterprise\15ac69b2529d2160de5e7f2bee5a7082.php 第 10 行.
INFO: Run Behavior\ParseTemplateBehavior [ RunTime:0.004000s ]
INFO: [ view_parse ] --END-- [ RunTime:0.004000s ]
INFO: [ view_filter ] --START--
INFO: Run Behavior\WriteHtmlCacheBehavior [ RunTime:0.000000s ]
INFO: [ view_filter ] --END-- [ RunTime:0.000000s ]
INFO: [ app_end ] --START--
INFO: Run Behavior\ShowPageTraceBehavior [ RunTime:0.000000s ]
INFO: [ app_end ] --END-- [ RunTime:0.000000s ]

[ 2017-07-21T16:32:41+08:00 ] 127.0.0.1 /VolunteerMS/index.php/Enterprise/User/ENTERPRISE_CSS_URL/css/zui.css
INFO: [ app_init ] --START--
INFO: Run Behavior\BuildLiteBehavior [ RunTime:0.000000s ]
INFO: [ app_init ] --END-- [ RunTime:0.000000s ]
INFO: [ app_begin ] --START--
INFO: Run Behavior\ReadHtmlCacheBehavior [ RunTime:0.000000s ]
INFO: [ app_begin ] --END-- [ RunTime:0.000000s ]
ERR: 非法操作:ENTERPRISE_CSS_URL

[ 2017-07-21T16:32:41+08:00 ] 127.0.0.1 /VolunteerMS/index.php/Enterprise/User/ENTERPRISE_CSS_URL/css/all.css
INFO: [ app_init ] --START--
INFO: Run Behavior\BuildLiteBehavior [ RunTime:0.000000s ]
INFO: [ app_init ] --END-- [ RunTime:0.000000s ]
INFO: [ app_begin ] --START--
INFO: Run Behavior\ReadHtmlCacheBehavior [ RunTime:0.001000s ]
INFO: [ app_begin ] --END-- [ RunTime:0.001000s ]
ERR: 非法操作:ENTERPRISE_CSS_URL

[ 2017-07-21T16:32:41+08:00 ] 127.0.0.1 /VolunteerMS/index.php/Enterprise/User/ENTERPRISE_JS_URL/js/zui.js
INFO: [ app_init ] --START--
INFO: Run Behavior\BuildLiteBehavior [ RunTime:0.000000s ]
INFO: [ app_init ] --END-- [ RunTime:0.000000s ]
INFO: [ app_begin ] --START--
INFO: Run Behavior\ReadHtmlCacheBehavior [ RunTime:0.000000s ]
INFO: [ app_begin ] --END-- [ RunTime:0.000000s ]
ERR: 非法操作:ENTERPRISE_JS_URL

[ 2017-07-21T16:32:41+08:00 ] 127.0.0.1 /VolunteerMS/index.php/Enterprise/User/ENTERPRISE_JS_URL/js/jquery-3.1.1.js
INFO: [ app_init ] --START--
INFO: Run Behavior\BuildLiteBehavior [ RunTime:0.000000s ]
INFO: [ app_init ] --END-- [ RunTime:0.000000s ]
INFO: [ app_begin ] --START--
INFO: Run Behavior\ReadHtmlCacheBehavior [ RunTime:0.000000s ]
INFO: [ app_begin ] --END-- [ RunTime:0.000000s ]
ERR: 非法操作:ENTERPRISE_JS_URL

[ 2017-07-21T16:32:41+08:00 ] 127.0.0.1 /VolunteerMS/index.php/Enterprise/User/ENTERPRISE_JS_URL/js/all.js
INFO: [ app_init ] --START--
INFO: Run Behavior\BuildLiteBehavior [ RunTime:0.000000s ]
INFO: [ app_init ] --END-- [ RunTime:0.000000s ]
INFO: [ app_begin ] --START--
INFO: Run Behavior\ReadHtmlCacheBehavior [ RunTime:0.000000s ]
INFO: [ app_begin ] --END-- [ RunTime:0.000000s ]
ERR: 非法操作:ENTERPRISE_JS_URL

[ 2017-07-21T16:32:41+08:00 ] 127.0.0.1 /VolunteerMS/index.php/Enterprise/img/heart.png
INFO: [ app_init ] --START--
INFO: Run Behavior\BuildLiteBehavior [ RunTime:0.000000s ]
INFO: [ app_init ] --END-- [ RunTime:0.000000s ]

[ 2017-07-21T16:32:41+08:00 ] 127.0.0.1 /VolunteerMS/index.php/Enterprise/User/ENTERPRISE_JS_URL/js/zui.js
INFO: [ app_init ] --START--
INFO: Run Behavior\BuildLiteBehavior [ RunTime:0.000000s ]
INFO: [ app_init ] --END-- [ RunTime:0.000000s ]
INFO: [ app_begin ] --START--
INFO: Run Behavior\ReadHtmlCacheBehavior [ RunTime:0.001000s ]
INFO: [ app_begin ] --END-- [ RunTime:0.001000s ]
ERR: 非法操作:ENTERPRISE_JS_URL

[ 2017-07-21T16:32:41+08:00 ] 127.0.0.1 /VolunteerMS/index.php/Enterprise/User/ENTERPRISE_JS_URL/js/all.js
INFO: [ app_init ] --START--
INFO: Run Behavior\BuildLiteBehavior [ RunTime:0.000000s ]
INFO: [ app_init ] --END-- [ RunTime:0.001000s ]
INFO: [ app_begin ] --START--
INFO: Run Behavior\ReadHtmlCacheBehavior [ RunTime:0.000000s ]
INFO: [ app_begin ] --END-- [ RunTime:0.000000s ]
ERR: 非法操作:ENTERPRISE_JS_URL

[ 2017-07-21T16:32:41+08:00 ] 127.0.0.1 /VolunteerMS/index.php/Enterprise/img/heart.png
INFO: [ app_init ] --START--
INFO: Run Behavior\BuildLiteBehavior [ RunTime:0.000000s ]
INFO: [ app_init ] --END-- [ RunTime:0.000000s ]

[ 2017-07-21T16:32:41+08:00 ] 127.0.0.1 /VolunteerMS/index.php/Enterprise/img/login_body.jpg
INFO: [ app_init ] --START--
INFO: Run Behavior\BuildLiteBehavior [ RunTime:0.000000s ]
INFO: [ app_init ] --END-- [ RunTime:0.000000s ]

[ 2017-07-21T16:32:45+08:00 ] 127.0.0.1 /VolunteerMS/index.php/Enterprise/User/ENTERPRISE_CSS_URL/css/zui.css
INFO: [ app_init ] --START--
INFO: Run Behavior\BuildLiteBehavior [ RunTime:0.000000s ]
INFO: [ app_init ] --END-- [ RunTime:0.000000s ]
INFO: [ app_begin ] --START--
INFO: Run Behavior\ReadHtmlCacheBehavior [ RunTime:0.000000s ]
INFO: [ app_begin ] --END-- [ RunTime:0.000000s ]
ERR: 非法操作:ENTERPRISE_CSS_URL

[ 2017-07-21T16:32:45+08:00 ] 127.0.0.1 /VolunteerMS/index.php/Enterprise/User/ENTERPRISE_CSS_URL/css/all.css
INFO: [ app_init ] --START--
INFO: Run Behavior\BuildLiteBehavior [ RunTime:0.000000s ]
INFO: [ app_init ] --END-- [ RunTime:0.000000s ]
INFO: [ app_begin ] --START--
INFO: Run Behavior\ReadHtmlCacheBehavior [ RunTime:0.000000s ]
INFO: [ app_begin ] --END-- [ RunTime:0.000000s ]
ERR: 非法操作:ENTERPRISE_CSS_URL

[ 2017-07-21T16:34:06+08:00 ] 127.0.0.1 /VolunteerMS/index.php/Enterprise/User/register
INFO: [ app_init ] --START--
INFO: Run Behavior\BuildLiteBehavior [ RunTime:0.000000s ]
INFO: [ app_init ] --END-- [ RunTime:0.000000s ]
INFO: [ app_begin ] --START--
INFO: Run Behavior\ReadHtmlCacheBehavior [ RunTime:0.000000s ]
INFO: [ app_begin ] --END-- [ RunTime:0.000000s ]
SQL: SHOW COLUMNS FROM `mxh_enterprice` [ RunTime:0.0030s ]
SQL: SHOW COLUMNS FROM `mxh_enterprice` [ RunTime:0.0020s ]
SQL: INSERT INTO `mxh_enterprice` (`name`,`code`) VALUES ('name','1213445') [ RunTime:0.0410s ]
INFO: [ view_parse ] --START--
INFO: [ template_filter ] --START--
INFO: Run Behavior\ContentReplaceBehavior [ RunTime:0.000000s ]
INFO: [ template_filter ] --END-- [ RunTime:0.000000s ]
NOTIC: [8] Use of undefined constant ENTERPRISE_CSS_URL - assumed 'ENTERPRISE_CSS_URL' D:\mxh\volunteerms\VolunteerMS\Runtime\Cache\Enterprise\15ac69b2529d2160de5e7f2bee5a7082.php 第 6 行.
NOTIC: [8] Use of undefined constant ENTERPRISE_CSS_URL - assumed 'ENTERPRISE_CSS_URL' D:\mxh\volunteerms\VolunteerMS\Runtime\Cache\Enterprise\15ac69b2529d2160de5e7f2bee5a7082.php 第 7 行.
NOTIC: [8] Use of undefined constant ENTERPRISE_JS_URL - assumed 'ENTERPRISE_JS_URL' D:\mxh\volunteerms\VolunteerMS\Runtime\Cache\Enterprise\15ac69b2529d2160de5e7f2bee5a7082.php 第 8 行.
NOTIC: [8] Use of undefined constant ENTERPRISE_JS_URL - assumed 'ENTERPRISE_JS_URL' D:\mxh\volunteerms\VolunteerMS\Runtime\Cache\Enterprise\15ac69b2529d2160de5e7f2bee5a7082.php 第 9 行.
NOTIC: [8] Use of undefined constant ENTERPRISE_JS_URL - assumed 'ENTERPRISE_JS_URL' D:\mxh\volunteerms\VolunteerMS\Runtime\Cache\Enterprise\15ac69b2529d2160de5e7f2bee5a7082.php 第 10 行.
INFO: Run Behavior\ParseTemplateBehavior [ RunTime:0.003000s ]
INFO: [ view_parse ] --END-- [ RunTime:0.003000s ]
INFO: [ view_filter ] --START--
INFO: Run Behavior\WriteHtmlCacheBehavior [ RunTime:0.001000s ]
INFO: [ view_filter ] --END-- [ RunTime:0.001000s ]
INFO: [ app_end ] --START--
INFO: Run Behavior\ShowPageTraceBehavior [ RunTime:0.000000s ]
INFO: [ app_end ] --END-- [ RunTime:0.000000s ]

[ 2017-07-21T16:34:06+08:00 ] 127.0.0.1 /VolunteerMS/index.php/Enterprise/User/ENTERPRISE_CSS_URL/zui.css
INFO: [ app_init ] --START--
INFO: Run Behavior\BuildLiteBehavior [ RunTime:0.000000s ]
INFO: [ app_init ] --END-- [ RunTime:0.001000s ]
INFO: [ app_begin ] --START--
INFO: Run Behavior\ReadHtmlCacheBehavior [ RunTime:0.000000s ]
INFO: [ app_begin ] --END-- [ RunTime:0.000000s ]
ERR: 非法操作:ENTERPRISE_CSS_URL

[ 2017-07-21T16:34:06+08:00 ] 127.0.0.1 /VolunteerMS/index.php/Enterprise/User/ENTERPRISE_CSS_URL/all.css
INFO: [ app_init ] --START--
INFO: Run Behavior\BuildLiteBehavior [ RunTime:0.000000s ]
INFO: [ app_init ] --END-- [ RunTime:0.001000s ]
INFO: [ app_begin ] --START--
INFO: Run Behavior\ReadHtmlCacheBehavior [ RunTime:0.000000s ]
INFO: [ app_begin ] --END-- [ RunTime:0.000000s ]
ERR: 非法操作:ENTERPRISE_CSS_URL

[ 2017-07-21T16:34:06+08:00 ] 127.0.0.1 /VolunteerMS/index.php/Enterprise/User/ENTERPRISE_JS_URL/jquery-3.1.1.js
INFO: [ app_init ] --START--
INFO: Run Behavior\BuildLiteBehavior [ RunTime:0.000000s ]
INFO: [ app_init ] --END-- [ RunTime:0.001000s ]
INFO: [ app_begin ] --START--
INFO: Run Behavior\ReadHtmlCacheBehavior [ RunTime:0.000000s ]
INFO: [ app_begin ] --END-- [ RunTime:0.000000s ]
ERR: 非法操作:ENTERPRISE_JS_URL

[ 2017-07-21T16:34:06+08:00 ] 127.0.0.1 /VolunteerMS/index.php/Enterprise/User/ENTERPRISE_JS_URL/zui.js
INFO: [ app_init ] --START--
INFO: Run Behavior\BuildLiteBehavior [ RunTime:0.000000s ]
INFO: [ app_init ] --END-- [ RunTime:0.001000s ]
INFO: [ app_begin ] --START--
INFO: Run Behavior\ReadHtmlCacheBehavior [ RunTime:0.001000s ]
INFO: [ app_begin ] --END-- [ RunTime:0.001000s ]
ERR: 非法操作:ENTERPRISE_JS_URL

[ 2017-07-21T16:34:06+08:00 ] 127.0.0.1 /VolunteerMS/index.php/Enterprise/User/ENTERPRISE_JS_URL/all.js
INFO: [ app_init ] --START--
INFO: Run Behavior\BuildLiteBehavior [ RunTime:0.000000s ]
INFO: [ app_init ] --END-- [ RunTime:0.000000s ]
INFO: [ app_begin ] --START--
INFO: Run Behavior\ReadHtmlCacheBehavior [ RunTime:0.000000s ]
INFO: [ app_begin ] --END-- [ RunTime:0.000000s ]
ERR: 非法操作:ENTERPRISE_JS_URL

[ 2017-07-21T16:34:06+08:00 ] 127.0.0.1 /VolunteerMS/index.php/Enterprise/img/heart.png
INFO: [ app_init ] --START--
INFO: Run Behavior\BuildLiteBehavior [ RunTime:0.000000s ]
INFO: [ app_init ] --END-- [ RunTime:0.000000s ]

[ 2017-07-21T16:34:06+08:00 ] 127.0.0.1 /VolunteerMS/index.php/Enterprise/img/login_body.jpg
INFO: [ app_init ] --START--
INFO: Run Behavior\BuildLiteBehavior [ RunTime:0.000000s ]
INFO: [ app_init ] --END-- [ RunTime:0.000000s ]

[ 2017-07-21T16:37:11+08:00 ] 127.0.0.1 /VolunteerMS/index.php/Enterprise/User/register
INFO: [ app_init ] --START--
INFO: Run Behavior\BuildLiteBehavior [ RunTime:0.000000s ]
INFO: [ app_init ] --END-- [ RunTime:0.001000s ]
INFO: [ app_begin ] --START--
INFO: Run Behavior\ReadHtmlCacheBehavior [ RunTime:0.000000s ]
INFO: [ app_begin ] --END-- [ RunTime:0.000000s ]
SQL: SHOW COLUMNS FROM `mxh_enterprice` [ RunTime:0.0020s ]
SQL: SHOW COLUMNS FROM `mxh_enterprice` [ RunTime:0.0020s ]
SQL: INSERT INTO `mxh_enterprice` (`name`,`code`) VALUES ('name','1213445') [ RunTime:0.0570s ]
INFO: [ view_parse ] --START--
INFO: [ template_filter ] --START--
INFO: Run Behavior\ContentReplaceBehavior [ RunTime:0.000000s ]
INFO: [ template_filter ] --END-- [ RunTime:0.000000s ]
INFO: Run Behavior\ParseTemplateBehavior [ RunTime:0.003000s ]
INFO: [ view_parse ] --END-- [ RunTime:0.003000s ]
INFO: [ view_filter ] --START--
INFO: Run Behavior\WriteHtmlCacheBehavior [ RunTime:0.001000s ]
INFO: [ view_filter ] --END-- [ RunTime:0.001000s ]
INFO: [ app_end ] --START--
INFO: Run Behavior\ShowPageTraceBehavior [ RunTime:0.000000s ]
INFO: [ app_end ] --END-- [ RunTime:0.000000s ]

[ 2017-07-21T16:37:12+08:00 ] 127.0.0.1 /VolunteerMS/index.php/Enterprise/img/heart.png
INFO: [ app_init ] --START--
INFO: Run Behavior\BuildLiteBehavior [ RunTime:0.000000s ]
INFO: [ app_init ] --END-- [ RunTime:0.001000s ]

[ 2017-07-21T16:37:12+08:00 ] 127.0.0.1 /VolunteerMS/index.php/Enterprise/img/login_body.jpg
INFO: [ app_init ] --START--
INFO: Run Behavior\BuildLiteBehavior [ RunTime:0.000000s ]
INFO: [ app_init ] --END-- [ RunTime:0.000000s ]

[ 2017-07-21T16:37:43+08:00 ] 127.0.0.1 /VolunteerMS/index.php/Enterprise/User/register
INFO: [ app_init ] --START--
INFO: Run Behavior\BuildLiteBehavior [ RunTime:0.000000s ]
INFO: [ app_init ] --END-- [ RunTime:0.000000s ]
INFO: [ app_begin ] --START--
INFO: Run Behavior\ReadHtmlCacheBehavior [ RunTime:0.000000s ]
INFO: [ app_begin ] --END-- [ RunTime:0.000000s ]
SQL: SHOW COLUMNS FROM `mxh_enterprice` [ RunTime:0.0020s ]
SQL: SHOW COLUMNS FROM `mxh_enterprice` [ RunTime:0.0020s ]
SQL: INSERT INTO `mxh_enterprice` (`name`,`code`) VALUES ('name','1213445') [ RunTime:0.0390s ]
INFO: [ view_parse ] --START--
INFO: [ template_filter ] --START--
INFO: Run Behavior\ContentReplaceBehavior [ RunTime:0.000000s ]
INFO: [ template_filter ] --END-- [ RunTime:0.000000s ]
INFO: Run Behavior\ParseTemplateBehavior [ RunTime:0.003001s ]
INFO: [ view_parse ] --END-- [ RunTime:0.003001s ]
INFO: [ view_filter ] --START--
INFO: Run Behavior\WriteHtmlCacheBehavior [ RunTime:0.001000s ]
INFO: [ view_filter ] --END-- [ RunTime:0.001000s ]
INFO: [ app_end ] --START--
INFO: Run Behavior\ShowPageTraceBehavior [ RunTime:0.000000s ]
INFO: [ app_end ] --END-- [ RunTime:0.000000s ]

[ 2017-07-21T16:37:43+08:00 ] 127.0.0.1 /VolunteerMS/index.php/Enterprise/img/heart.png
INFO: [ app_init ] --START--
INFO: Run Behavior\BuildLiteBehavior [ RunTime:0.000000s ]
INFO: [ app_init ] --END-- [ RunTime:0.001000s ]

[ 2017-07-21T16:37:43+08:00 ] 127.0.0.1 /VolunteerMS/index.php/Enterprise/img/heart.png
INFO: [ app_init ] --START--
INFO: Run Behavior\BuildLiteBehavior [ RunTime:0.000000s ]
INFO: [ app_init ] --END-- [ RunTime:0.000000s ]

[ 2017-07-21T16:38:46+08:00 ] 127.0.0.1 /VolunteerMS/index.php/Enterprise/User/register
INFO: [ app_init ] --START--
INFO: Run Behavior\BuildLiteBehavior [ RunTime:0.000000s ]
INFO: [ app_init ] --END-- [ RunTime:0.000000s ]
INFO: [ app_begin ] --START--
INFO: Run Behavior\ReadHtmlCacheBehavior [ RunTime:0.000000s ]
INFO: [ app_begin ] --END-- [ RunTime:0.000000s ]
SQL: SHOW COLUMNS FROM `mxh_enterprice` [ RunTime:0.0220s ]
SQL: SHOW COLUMNS FROM `mxh_enterprice` [ RunTime:0.0020s ]
SQL: INSERT INTO `mxh_enterprice` (`name`,`code`) VALUES ('name','1213445') [ RunTime:0.0860s ]
INFO: [ view_parse ] --START--
INFO: [ template_filter ] --START--
INFO: Run Behavior\ContentReplaceBehavior [ RunTime:0.000000s ]
INFO: [ template_filter ] --END-- [ RunTime:0.000000s ]
INFO: Run Behavior\ParseTemplateBehavior [ RunTime:0.003000s ]
INFO: [ view_parse ] --END-- [ RunTime:0.004000s ]
INFO: [ view_filter ] --START--
INFO: Run Behavior\WriteHtmlCacheBehavior [ RunTime:0.000000s ]
INFO: [ view_filter ] --END-- [ RunTime:0.000000s ]
INFO: [ app_end ] --START--
INFO: Run Behavior\ShowPageTraceBehavior [ RunTime:0.000000s ]
INFO: [ app_end ] --END-- [ RunTime:0.000000s ]

[ 2017-07-21T16:58:20+08:00 ] 127.0.0.1 /VolunteerMS/index.php/Enterprise/User/register
INFO: [ app_init ] --START--
INFO: Run Behavior\BuildLiteBehavior [ RunTime:0.000000s ]
INFO: [ app_init ] --END-- [ RunTime:0.000000s ]
INFO: [ app_begin ] --START--
INFO: Run Behavior\ReadHtmlCacheBehavior [ RunTime:0.000000s ]
INFO: [ app_begin ] --END-- [ RunTime:0.000000s ]
SQL: SHOW COLUMNS FROM `mxh_enterprice` [ RunTime:0.0020s ]
SQL: SHOW COLUMNS FROM `mxh_enterprice` [ RunTime:0.0030s ]
SQL: INSERT INTO `mxh_enterprice` (`name`,`code`) VALUES ('name','1213445') [ RunTime:0.0670s ]
INFO: [ app_end ] --START--
INFO: Run Behavior\ShowPageTraceBehavior [ RunTime:0.000000s ]
INFO: [ app_end ] --END-- [ RunTime:0.000000s ]

[ 2017-07-21T16:58:55+08:00 ] 127.0.0.1 /VolunteerMS/index.php/Enterprise/User/login
INFO: [ app_init ] --START--
INFO: Run Behavior\BuildLiteBehavior [ RunTime:0.000000s ]
INFO: [ app_init ] --END-- [ RunTime:0.000000s ]
INFO: [ app_begin ] --START--
INFO: Run Behavior\ReadHtmlCacheBehavior [ RunTime:0.000000s ]
INFO: [ app_begin ] --END-- [ RunTime:0.000000s ]
INFO: [ app_end ] --START--
INFO: Run Behavior\ShowPageTraceBehavior [ RunTime:0.000000s ]
INFO: [ app_end ] --END-- [ RunTime:0.001000s ]

[ 2017-07-21T16:58:59+08:00 ] 127.0.0.1 /VolunteerMS/index.php/Enterprise/User/login
INFO: [ app_init ] --START--
INFO: Run Behavior\BuildLiteBehavior [ RunTime:0.000000s ]
INFO: [ app_init ] --END-- [ RunTime:0.000000s ]
INFO: [ app_begin ] --START--
INFO: Run Behavior\ReadHtmlCacheBehavior [ RunTime:0.000000s ]
INFO: [ app_begin ] --END-- [ RunTime:0.000000s ]
INFO: [ app_end ] --START--
INFO: Run Behavior\ShowPageTraceBehavior [ RunTime:0.000000s ]
INFO: [ app_end ] --END-- [ RunTime:0.000000s ]

[ 2017-07-21T16:59:04+08:00 ] 127.0.0.1 /VolunteerMS/index.php/Enterprise/User/login
INFO: [ app_init ] --START--
INFO: Run Behavior\BuildLiteBehavior [ RunTime:0.000000s ]
INFO: [ app_init ] --END-- [ RunTime:0.000000s ]
INFO: [ app_begin ] --START--
INFO: Run Behavior\ReadHtmlCacheBehavior [ RunTime:0.000000s ]
INFO: [ app_begin ] --END-- [ RunTime:0.000000s ]
INFO: [ app_end ] --START--
INFO: Run Behavior\ShowPageTraceBehavior [ RunTime:0.000000s ]
INFO: [ app_end ] --END-- [ RunTime:0.000000s ]

[ 2017-07-21T16:59:06+08:00 ] 127.0.0.1 /VolunteerMS/index.php/Enterprise/User/login
INFO: [ app_init ] --START--
INFO: Run Behavior\BuildLiteBehavior [ RunTime:0.000000s ]
INFO: [ app_init ] --END-- [ RunTime:0.000000s ]
INFO: [ app_begin ] --START--
INFO: Run Behavior\ReadHtmlCacheBehavior [ RunTime:0.000000s ]
INFO: [ app_begin ] --END-- [ RunTime:0.000000s ]
INFO: [ app_end ] --START--
INFO: Run Behavior\ShowPageTraceBehavior [ RunTime:0.000000s ]
INFO: [ app_end ] --END-- [ RunTime:0.000000s ]

[ 2017-07-21T16:59:27+08:00 ] 127.0.0.1 /VolunteerMS/index.php/Enterprise/User/login
INFO: [ app_init ] --START--
INFO: Run Behavior\BuildLiteBehavior [ RunTime:0.000000s ]
INFO: [ app_init ] --END-- [ RunTime:0.000000s ]
INFO: [ app_begin ] --START--
INFO: Run Behavior\ReadHtmlCacheBehavior [ RunTime:0.000000s ]
INFO: [ app_begin ] --END-- [ RunTime:0.000000s ]
INFO: [ app_end ] --START--
INFO: Run Behavior\ShowPageTraceBehavior [ RunTime:0.000000s ]
INFO: [ app_end ] --END-- [ RunTime:0.000000s ]

[ 2017-07-21T16:59:29+08:00 ] 127.0.0.1 /VolunteerMS/index.php/Enterprise/User/login
INFO: [ app_init ] --START--
INFO: Run Behavior\BuildLiteBehavior [ RunTime:0.000000s ]
INFO: [ app_init ] --END-- [ RunTime:0.000000s ]
INFO: [ app_begin ] --START--
INFO: Run Behavior\ReadHtmlCacheBehavior [ RunTime:0.001000s ]
INFO: [ app_begin ] --END-- [ RunTime:0.001000s ]
INFO: [ app_end ] --START--
INFO: Run Behavior\ShowPageTraceBehavior [ RunTime:0.000000s ]
INFO: [ app_end ] --END-- [ RunTime:0.000000s ]

[ 2017-07-21T16:59:29+08:00 ] 127.0.0.1 /VolunteerMS/index.php/Enterprise/User/login
INFO: [ app_init ] --START--
INFO: Run Behavior\BuildLiteBehavior [ RunTime:0.000000s ]
INFO: [ app_init ] --END-- [ RunTime:0.001000s ]
INFO: [ app_begin ] --START--
INFO: Run Behavior\ReadHtmlCacheBehavior [ RunTime:0.000000s ]
INFO: [ app_begin ] --END-- [ RunTime:0.000000s ]
INFO: [ app_end ] --START--
INFO: Run Behavior\ShowPageTraceBehavior [ RunTime:0.000000s ]
INFO: [ app_end ] --END-- [ RunTime:0.000000s ]

[ 2017-07-21T16:59:29+08:00 ] 127.0.0.1 /VolunteerMS/index.php/Enterprise/User/login
INFO: [ app_init ] --START--
INFO: Run Behavior\BuildLiteBehavior [ RunTime:0.000000s ]
INFO: [ app_init ] --END-- [ RunTime:0.000000s ]
INFO: [ app_begin ] --START--
INFO: Run Behavior\ReadHtmlCacheBehavior [ RunTime:0.000000s ]
INFO: [ app_begin ] --END-- [ RunTime:0.000000s ]
INFO: [ app_end ] --START--
INFO: Run Behavior\ShowPageTraceBehavior [ RunTime:0.000000s ]
INFO: [ app_end ] --END-- [ RunTime:0.000000s ]

[ 2017-07-21T16:59:29+08:00 ] 127.0.0.1 /VolunteerMS/index.php/Enterprise/User/login
INFO: [ app_init ] --START--
INFO: Run Behavior\BuildLiteBehavior [ RunTime:0.001001s ]
INFO: [ app_init ] --END-- [ RunTime:0.001001s ]
INFO: [ app_begin ] --START--
INFO: Run Behavior\ReadHtmlCacheBehavior [ RunTime:0.000000s ]
INFO: [ app_begin ] --END-- [ RunTime:0.000000s ]
INFO: [ app_end ] --START--
INFO: Run Behavior\ShowPageTraceBehavior [ RunTime:0.000000s ]
INFO: [ app_end ] --END-- [ RunTime:0.000000s ]

[ 2017-07-21T17:00:37+08:00 ] 127.0.0.1 /VolunteerMS/index.php/Enterprise/User/login
INFO: [ app_init ] --START--
INFO: Run Behavior\BuildLiteBehavior [ RunTime:0.000000s ]
INFO: [ app_init ] --END-- [ RunTime:0.000000s ]
INFO: [ app_begin ] --START--
INFO: Run Behavior\ReadHtmlCacheBehavior [ RunTime:0.000000s ]
INFO: [ app_begin ] --END-- [ RunTime:0.001000s ]
INFO: [ app_end ] --START--
INFO: Run Behavior\ShowPageTraceBehavior [ RunTime:0.000000s ]
INFO: [ app_end ] --END-- [ RunTime:0.000000s ]

[ 2017-07-21T17:00:41+08:00 ] 127.0.0.1 /VolunteerMS/index.php/Enterprise/User/login
INFO: [ app_init ] --START--
INFO: Run Behavior\BuildLiteBehavior [ RunTime:0.000000s ]
INFO: [ app_init ] --END-- [ RunTime:0.000000s ]
INFO: [ app_begin ] --START--
INFO: Run Behavior\ReadHtmlCacheBehavior [ RunTime:0.000000s ]
INFO: [ app_begin ] --END-- [ RunTime:0.000000s ]
INFO: [ app_end ] --START--
INFO: Run Behavior\ShowPageTraceBehavior [ RunTime:0.000000s ]
INFO: [ app_end ] --END-- [ RunTime:0.000000s ]

[ 2017-07-21T17:00:45+08:00 ] 127.0.0.1 /VolunteerMS/index.php/Enterprise/User/login
INFO: [ app_init ] --START--
INFO: Run Behavior\BuildLiteBehavior [ RunTime:0.000000s ]
INFO: [ app_init ] --END-- [ RunTime:0.000000s ]
INFO: [ app_begin ] --START--
INFO: Run Behavior\ReadHtmlCacheBehavior [ RunTime:0.000000s ]
INFO: [ app_begin ] --END-- [ RunTime:0.000000s ]
INFO: [ app_end ] --START--
INFO: Run Behavior\ShowPageTraceBehavior [ RunTime:0.000000s ]
INFO: [ app_end ] --END-- [ RunTime:0.000000s ]

[ 2017-07-21T17:00:45+08:00 ] 127.0.0.1 /VolunteerMS/index.php/Enterprise/User/login
INFO: [ app_init ] --START--
INFO: Run Behavior\BuildLiteBehavior [ RunTime:0.000000s ]
INFO: [ app_init ] --END-- [ RunTime:0.000000s ]
INFO: [ app_begin ] --START--
INFO: Run Behavior\ReadHtmlCacheBehavior [ RunTime:0.001000s ]
INFO: [ app_begin ] --END-- [ RunTime:0.001000s ]
INFO: [ app_end ] --START--
INFO: Run Behavior\ShowPageTraceBehavior [ RunTime:0.000000s ]
INFO: [ app_end ] --END-- [ RunTime:0.000000s ]

[ 2017-07-21T17:01:48+08:00 ] 127.0.0.1 /VolunteerMS/index.php/Enterprise/User/login
INFO: [ app_init ] --START--
INFO: Run Behavior\BuildLiteBehavior [ RunTime:0.000000s ]
INFO: [ app_init ] --END-- [ RunTime:0.000000s ]
INFO: [ app_begin ] --START--
INFO: Run Behavior\ReadHtmlCacheBehavior [ RunTime:0.000000s ]
INFO: [ app_begin ] --END-- [ RunTime:0.000000s ]
INFO: [ app_end ] --START--
INFO: Run Behavior\ShowPageTraceBehavior [ RunTime:0.000000s ]
INFO: [ app_end ] --END-- [ RunTime:0.000000s ]

[ 2017-07-21T17:01:49+08:00 ] 127.0.0.1 /VolunteerMS/index.php/Enterprise/User/login
INFO: [ app_init ] --START--
INFO: Run Behavior\BuildLiteBehavior [ RunTime:0.000000s ]
INFO: [ app_init ] --END-- [ RunTime:0.000000s ]
INFO: [ app_begin ] --START--
INFO: Run Behavior\ReadHtmlCacheBehavior [ RunTime:0.001000s ]
INFO: [ app_begin ] --END-- [ RunTime:0.001000s ]
INFO: [ app_end ] --START--
INFO: Run Behavior\ShowPageTraceBehavior [ RunTime:0.000000s ]
INFO: [ app_end ] --END-- [ RunTime:0.000000s ]

[ 2017-07-21T17:01:49+08:00 ] 127.0.0.1 /VolunteerMS/index.php/Enterprise/User/login
INFO: [ app_init ] --START--
INFO: Run Behavior\BuildLiteBehavior [ RunTime:0.000000s ]
INFO: [ app_init ] --END-- [ RunTime:0.001000s ]
INFO: [ app_begin ] --START--
INFO: Run Behavior\ReadHtmlCacheBehavior [ RunTime:0.001000s ]
INFO: [ app_begin ] --END-- [ RunTime:0.001000s ]
INFO: [ app_end ] --START--
INFO: Run Behavior\ShowPageTraceBehavior [ RunTime:0.000000s ]
INFO: [ app_end ] --END-- [ RunTime:0.000000s ]

[ 2017-07-21T17:01:49+08:00 ] 127.0.0.1 /VolunteerMS/index.php/Enterprise/User/login
INFO: [ app_init ] --START--
INFO: Run Behavior\BuildLiteBehavior [ RunTime:0.000000s ]
INFO: [ app_init ] --END-- [ RunTime:0.000000s ]
INFO: [ app_begin ] --START--
INFO: Run Behavior\ReadHtmlCacheBehavior [ RunTime:0.000000s ]
INFO: [ app_begin ] --END-- [ RunTime:0.000000s ]
INFO: [ app_end ] --START--
INFO: Run Behavior\ShowPageTraceBehavior [ RunTime:0.000000s ]
INFO: [ app_end ] --END-- [ RunTime:0.000000s ]

[ 2017-07-21T17:01:50+08:00 ] 127.0.0.1 /VolunteerMS/index.php/Enterprise/User/login
INFO: [ app_init ] --START--
INFO: Run Behavior\BuildLiteBehavior [ RunTime:0.000000s ]
INFO: [ app_init ] --END-- [ RunTime:0.000000s ]
INFO: [ app_begin ] --START--
INFO: Run Behavior\ReadHtmlCacheBehavior [ RunTime:0.000000s ]
INFO: [ app_begin ] --END-- [ RunTime:0.000000s ]
INFO: [ app_end ] --START--
INFO: Run Behavior\ShowPageTraceBehavior [ RunTime:0.001000s ]
INFO: [ app_end ] --END-- [ RunTime:0.001000s ]

[ 2017-07-21T17:01:50+08:00 ] 127.0.0.1 /VolunteerMS/index.php/Enterprise/User/login
INFO: [ app_init ] --START--
INFO: Run Behavior\BuildLiteBehavior [ RunTime:0.000000s ]
INFO: [ app_init ] --END-- [ RunTime:0.000000s ]
INFO: [ app_begin ] --START--
INFO: Run Behavior\ReadHtmlCacheBehavior [ RunTime:0.001000s ]
INFO: [ app_begin ] --END-- [ RunTime:0.001000s ]
INFO: [ app_end ] --START--
INFO: Run Behavior\ShowPageTraceBehavior [ RunTime:0.000000s ]
INFO: [ app_end ] --END-- [ RunTime:0.000000s ]

[ 2017-07-21T17:01:50+08:00 ] 127.0.0.1 /VolunteerMS/index.php/Enterprise/User/login
INFO: [ app_init ] --START--
INFO: Run Behavior\BuildLiteBehavior [ RunTime:0.000000s ]
INFO: [ app_init ] --END-- [ RunTime:0.000000s ]
INFO: [ app_begin ] --START--
INFO: Run Behavior\ReadHtmlCacheBehavior [ RunTime:0.000000s ]
INFO: [ app_begin ] --END-- [ RunTime:0.000000s ]
INFO: [ app_end ] --START--
INFO: Run Behavior\ShowPageTraceBehavior [ RunTime:0.000000s ]
INFO: [ app_end ] --END-- [ RunTime:0.000000s ]

[ 2017-07-21T17:03:48+08:00 ] 127.0.0.1 /VolunteerMS/index.php/Enterprise/User/login
INFO: [ app_init ] --START--
INFO: Run Behavior\BuildLiteBehavior [ RunTime:0.000000s ]
INFO: [ app_init ] --END-- [ RunTime:0.000000s ]
INFO: [ app_begin ] --START--
INFO: Run Behavior\ReadHtmlCacheBehavior [ RunTime:0.000000s ]
INFO: [ app_begin ] --END-- [ RunTime:0.000000s ]
SQL: SHOW COLUMNS FROM `mxh_enterprice` [ RunTime:0.0020s ]
SQL: SHOW COLUMNS FROM `mxh_enterprice` [ RunTime:0.0020s ]
NOTIC: [8] Undefined variable: data D:\mxh\volunteerms\VolunteerMS\Enterprise\Controller\UserController.class.php 第 141 行.
SQL: SELECT * FROM `mxh_enterprice` LIMIT 1   [ RunTime:0.0120s ]
NOTIC: [8] Undefined index: username D:\mxh\volunteerms\VolunteerMS\Enterprise\Controller\UserController.class.php 第 146 行.
NOTIC: [8] Undefined index: password D:\mxh\volunteerms\VolunteerMS\Enterprise\Controller\UserController.class.php 第 147 行.

[ 2017-07-21T17:03:50+08:00 ] 127.0.0.1 /VolunteerMS/index.php/Enterprise/User/login
INFO: [ app_init ] --START--
INFO: Run Behavior\BuildLiteBehavior [ RunTime:0.000000s ]
INFO: [ app_init ] --END-- [ RunTime:0.000000s ]
INFO: [ app_begin ] --START--
INFO: Run Behavior\ReadHtmlCacheBehavior [ RunTime:0.001001s ]
INFO: [ app_begin ] --END-- [ RunTime:0.001001s ]
SQL: SHOW COLUMNS FROM `mxh_enterprice` [ RunTime:0.0020s ]
SQL: SHOW COLUMNS FROM `mxh_enterprice` [ RunTime:0.0020s ]
NOTIC: [8] Undefined variable: data D:\mxh\volunteerms\VolunteerMS\Enterprise\Controller\UserController.class.php 第 141 行.
SQL: SELECT * FROM `mxh_enterprice` LIMIT 1   [ RunTime:0.0000s ]
NOTIC: [8] Undefined index: username D:\mxh\volunteerms\VolunteerMS\Enterprise\Controller\UserController.class.php 第 146 行.
NOTIC: [8] Undefined index: password D:\mxh\volunteerms\VolunteerMS\Enterprise\Controller\UserController.class.php 第 147 行.

[ 2017-07-21T17:03:54+08:00 ] 127.0.0.1 /VolunteerMS/index.php/Enterprise/User/login
INFO: [ app_init ] --START--
INFO: Run Behavior\BuildLiteBehavior [ RunTime:0.000000s ]
INFO: [ app_init ] --END-- [ RunTime:0.000000s ]
INFO: [ app_begin ] --START--
INFO: Run Behavior\ReadHtmlCacheBehavior [ RunTime:0.001000s ]
INFO: [ app_begin ] --END-- [ RunTime:0.001000s ]
SQL: SHOW COLUMNS FROM `mxh_enterprice` [ RunTime:0.0020s ]
SQL: SHOW COLUMNS FROM `mxh_enterprice` [ RunTime:0.0010s ]
NOTIC: [8] Undefined variable: data D:\mxh\volunteerms\VolunteerMS\Enterprise\Controller\UserController.class.php 第 141 行.
SQL: SELECT * FROM `mxh_enterprice` LIMIT 1   [ RunTime:0.0010s ]
NOTIC: [8] Undefined index: username D:\mxh\volunteerms\VolunteerMS\Enterprise\Controller\UserController.class.php 第 146 行.
NOTIC: [8] Undefined index: password D:\mxh\volunteerms\VolunteerMS\Enterprise\Controller\UserController.class.php 第 147 行.

[ 2017-07-21T17:04:37+08:00 ] 127.0.0.1 /VolunteerMS/index.php/Enterprise/User/login
INFO: [ app_init ] --START--
INFO: Run Behavior\BuildLiteBehavior [ RunTime:0.000000s ]
INFO: [ app_init ] --END-- [ RunTime:0.000000s ]
INFO: [ app_begin ] --START--
INFO: Run Behavior\ReadHtmlCacheBehavior [ RunTime:0.000000s ]
INFO: [ app_begin ] --END-- [ RunTime:0.000000s ]
INFO: [ app_end ] --START--
INFO: Run Behavior\ShowPageTraceBehavior [ RunTime:0.000000s ]
INFO: [ app_end ] --END-- [ RunTime:0.000000s ]

[ 2017-07-21T17:04:41+08:00 ] 127.0.0.1 /VolunteerMS/index.php/Enterprise/User/login
INFO: [ app_init ] --START--
INFO: Run Behavior\BuildLiteBehavior [ RunTime:0.000000s ]
INFO: [ app_init ] --END-- [ RunTime:0.001000s ]
INFO: [ app_begin ] --START--
INFO: Run Behavior\ReadHtmlCacheBehavior [ RunTime:0.000000s ]
INFO: [ app_begin ] --END-- [ RunTime:0.000000s ]
INFO: [ app_end ] --START--
INFO: Run Behavior\ShowPageTraceBehavior [ RunTime:0.001000s ]
INFO: [ app_end ] --END-- [ RunTime:0.001000s ]

[ 2017-07-21T17:04:42+08:00 ] 127.0.0.1 /VolunteerMS/index.php/Enterprise/User/login
INFO: [ app_init ] --START--
INFO: Run Behavior\BuildLiteBehavior [ RunTime:0.000000s ]
INFO: [ app_init ] --END-- [ RunTime:0.000000s ]
INFO: [ app_begin ] --START--
INFO: Run Behavior\ReadHtmlCacheBehavior [ RunTime:0.001000s ]
INFO: [ app_begin ] --END-- [ RunTime:0.001000s ]
INFO: [ app_end ] --START--
INFO: Run Behavior\ShowPageTraceBehavior [ RunTime:0.000000s ]
INFO: [ app_end ] --END-- [ RunTime:0.000000s ]

[ 2017-07-21T17:04:42+08:00 ] 127.0.0.1 /VolunteerMS/index.php/Enterprise/User/login
INFO: [ app_init ] --START--
INFO: Run Behavior\BuildLiteBehavior [ RunTime:0.000000s ]
INFO: [ app_init ] --END-- [ RunTime:0.000000s ]
INFO: [ app_begin ] --START--
INFO: Run Behavior\ReadHtmlCacheBehavior [ RunTime:0.001000s ]
INFO: [ app_begin ] --END-- [ RunTime:0.001000s ]
INFO: [ app_end ] --START--
INFO: Run Behavior\ShowPageTraceBehavior [ RunTime:0.000000s ]
INFO: [ app_end ] --END-- [ RunTime:0.000000s ]

[ 2017-07-21T17:04:42+08:00 ] 127.0.0.1 /VolunteerMS/index.php/Enterprise/User/login
INFO: [ app_init ] --START--
INFO: Run Behavior\BuildLiteBehavior [ RunTime:0.000000s ]
INFO: [ app_init ] --END-- [ RunTime:0.000000s ]
INFO: [ app_begin ] --START--
INFO: Run Behavior\ReadHtmlCacheBehavior [ RunTime:0.000000s ]
INFO: [ app_begin ] --END-- [ RunTime:0.000000s ]
INFO: [ app_end ] --START--
INFO: Run Behavior\ShowPageTraceBehavior [ RunTime:0.000000s ]
INFO: [ app_end ] --END-- [ RunTime:0.000000s ]

[ 2017-07-21T17:04:43+08:00 ] 127.0.0.1 /VolunteerMS/index.php/Enterprise/User/login
INFO: [ app_init ] --START--
INFO: Run Behavior\BuildLiteBehavior [ RunTime:0.000000s ]
INFO: [ app_init ] --END-- [ RunTime:0.000000s ]
INFO: [ app_begin ] --START--
INFO: Run Behavior\ReadHtmlCacheBehavior [ RunTime:0.000000s ]
INFO: [ app_begin ] --END-- [ RunTime:0.000000s ]
INFO: [ app_end ] --START--
INFO: Run Behavior\ShowPageTraceBehavior [ RunTime:0.000000s ]
INFO: [ app_end ] --END-- [ RunTime:0.001000s ]

[ 2017-07-21T17:05:09+08:00 ] 127.0.0.1 /VolunteerMS/index.php/Enterprise/User/login
INFO: [ app_init ] --START--
INFO: Run Behavior\BuildLiteBehavior [ RunTime:0.000000s ]
INFO: [ app_init ] --END-- [ RunTime:0.001000s ]
INFO: [ app_begin ] --START--
INFO: Run Behavior\ReadHtmlCacheBehavior [ RunTime:0.000000s ]
INFO: [ app_begin ] --END-- [ RunTime:0.000000s ]
INFO: [ app_end ] --START--
INFO: Run Behavior\ShowPageTraceBehavior [ RunTime:0.000000s ]
INFO: [ app_end ] --END-- [ RunTime:0.000000s ]

[ 2017-07-21T17:05:10+08:00 ] 127.0.0.1 /VolunteerMS/index.php/Enterprise/User/login
INFO: [ app_init ] --START--
INFO: Run Behavior\BuildLiteBehavior [ RunTime:0.000000s ]
INFO: [ app_init ] --END-- [ RunTime:0.001000s ]
INFO: [ app_begin ] --START--
INFO: Run Behavior\ReadHtmlCacheBehavior [ RunTime:0.000000s ]
INFO: [ app_begin ] --END-- [ RunTime:0.000000s ]
INFO: [ app_end ] --START--
INFO: Run Behavior\ShowPageTraceBehavior [ RunTime:0.000000s ]
INFO: [ app_end ] --END-- [ RunTime:0.000000s ]

[ 2017-07-21T17:05:23+08:00 ] 127.0.0.1 /VolunteerMS/index.php/Enterprise/User/login
INFO: [ app_init ] --START--
INFO: Run Behavior\BuildLiteBehavior [ RunTime:0.000000s ]
INFO: [ app_init ] --END-- [ RunTime:0.001000s ]
INFO: [ app_begin ] --START--
INFO: Run Behavior\ReadHtmlCacheBehavior [ RunTime:0.000000s ]
INFO: [ app_begin ] --END-- [ RunTime:0.000000s ]
INFO: [ app_end ] --START--
INFO: Run Behavior\ShowPageTraceBehavior [ RunTime:0.001000s ]
INFO: [ app_end ] --END-- [ RunTime:0.001000s ]

[ 2017-07-21T17:05:56+08:00 ] 127.0.0.1 /VolunteerMS/index.php/Enterprise/User/login
INFO: [ app_init ] --START--
INFO: Run Behavior\BuildLiteBehavior [ RunTime:0.000000s ]
INFO: [ app_init ] --END-- [ RunTime:0.000000s ]
INFO: [ app_begin ] --START--
INFO: Run Behavior\ReadHtmlCacheBehavior [ RunTime:0.000000s ]
INFO: [ app_begin ] --END-- [ RunTime:0.000000s ]
INFO: [ app_end ] --START--
INFO: Run Behavior\ShowPageTraceBehavior [ RunTime:0.001001s ]
INFO: [ app_end ] --END-- [ RunTime:0.001001s ]

[ 2017-07-21T17:06:38+08:00 ] 127.0.0.1 /VolunteerMS/index.php/Enterprise/User/login
INFO: [ app_init ] --START--
INFO: Run Behavior\BuildLiteBehavior [ RunTime:0.000000s ]
INFO: [ app_init ] --END-- [ RunTime:0.000000s ]
INFO: [ app_begin ] --START--
INFO: Run Behavior\ReadHtmlCacheBehavior [ RunTime:0.001000s ]
INFO: [ app_begin ] --END-- [ RunTime:0.001000s ]
INFO: [ app_end ] --START--
INFO: Run Behavior\ShowPageTraceBehavior [ RunTime:0.000000s ]
INFO: [ app_end ] --END-- [ RunTime:0.000000s ]

[ 2017-07-21T17:06:39+08:00 ] 127.0.0.1 /VolunteerMS/index.php/Enterprise/User/login
INFO: [ app_init ] --START--
INFO: Run Behavior\BuildLiteBehavior [ RunTime:0.000000s ]
INFO: [ app_init ] --END-- [ RunTime:0.000000s ]
INFO: [ app_begin ] --START--
INFO: Run Behavior\ReadHtmlCacheBehavior [ RunTime:0.001000s ]
INFO: [ app_begin ] --END-- [ RunTime:0.001000s ]
INFO: [ app_end ] --START--
INFO: Run Behavior\ShowPageTraceBehavior [ RunTime:0.000000s ]
INFO: [ app_end ] --END-- [ RunTime:0.000000s ]

[ 2017-07-21T17:07:37+08:00 ] 127.0.0.1 /VolunteerMS/index.php/Enterprise/User/login
INFO: [ app_init ] --START--
INFO: Run Behavior\BuildLiteBehavior [ RunTime:0.000000s ]
INFO: [ app_init ] --END-- [ RunTime:0.000000s ]
INFO: [ app_begin ] --START--
INFO: Run Behavior\ReadHtmlCacheBehavior [ RunTime:0.000000s ]
INFO: [ app_begin ] --END-- [ RunTime:0.000000s ]
INFO: [ view_parse ] --START--
INFO: [ template_filter ] --START--
INFO: Run Behavior\ContentReplaceBehavior [ RunTime:0.000000s ]
INFO: [ template_filter ] --END-- [ RunTime:0.000000s ]
INFO: Run Behavior\ParseTemplateBehavior [ RunTime:0.004000s ]
INFO: [ view_parse ] --END-- [ RunTime:0.004000s ]
INFO: [ view_filter ] --START--
INFO: Run Behavior\WriteHtmlCacheBehavior [ RunTime:0.000000s ]
INFO: [ view_filter ] --END-- [ RunTime:0.000000s ]
INFO: [ app_end ] --START--
INFO: Run Behavior\ShowPageTraceBehavior [ RunTime:0.000000s ]
INFO: [ app_end ] --END-- [ RunTime:0.000000s ]

[ 2017-07-21T17:08:06+08:00 ] 127.0.0.1 /VolunteerMS/index.php/Enterprise/User/login
INFO: [ app_init ] --START--
INFO: Run Behavior\BuildLiteBehavior [ RunTime:0.000000s ]
INFO: [ app_init ] --END-- [ RunTime:0.001000s ]
INFO: [ app_begin ] --START--
INFO: Run Behavior\ReadHtmlCacheBehavior [ RunTime:0.001000s ]
INFO: [ app_begin ] --END-- [ RunTime:0.001000s ]
INFO: [ view_parse ] --START--
INFO: [ template_filter ] --START--
INFO: Run Behavior\ContentReplaceBehavior [ RunTime:0.000000s ]
INFO: [ template_filter ] --END-- [ RunTime:0.000000s ]
INFO: Run Behavior\ParseTemplateBehavior [ RunTime:0.003000s ]
INFO: [ view_parse ] --END-- [ RunTime:0.004000s ]
INFO: [ view_filter ] --START--
INFO: Run Behavior\WriteHtmlCacheBehavior [ RunTime:0.000000s ]
INFO: [ view_filter ] --END-- [ RunTime:0.000000s ]
INFO: [ app_end ] --START--
INFO: Run Behavior\ShowPageTraceBehavior [ RunTime:0.000000s ]
INFO: [ app_end ] --END-- [ RunTime:0.000000s ]

[ 2017-07-21T17:08:06+08:00 ] 127.0.0.1 /VolunteerMS/index.php/Enterprise/User/login
INFO: [ app_init ] --START--
INFO: Run Behavior\BuildLiteBehavior [ RunTime:0.000000s ]
INFO: [ app_init ] --END-- [ RunTime:0.000000s ]
INFO: [ app_begin ] --START--
INFO: Run Behavior\ReadHtmlCacheBehavior [ RunTime:0.000000s ]
INFO: [ app_begin ] --END-- [ RunTime:0.000000s ]
INFO: [ view_parse ] --START--
INFO: [ template_filter ] --START--
INFO: Run Behavior\ContentReplaceBehavior [ RunTime:0.000000s ]
INFO: [ template_filter ] --END-- [ RunTime:0.000000s ]
INFO: Run Behavior\ParseTemplateBehavior [ RunTime:0.002000s ]
INFO: [ view_parse ] --END-- [ RunTime:0.002000s ]
INFO: [ view_filter ] --START--
INFO: Run Behavior\WriteHtmlCacheBehavior [ RunTime:0.001000s ]
INFO: [ view_filter ] --END-- [ RunTime:0.001000s ]
INFO: [ app_end ] --START--
INFO: Run Behavior\ShowPageTraceBehavior [ RunTime:0.000000s ]
INFO: [ app_end ] --END-- [ RunTime:0.000000s ]

[ 2017-07-21T17:08:07+08:00 ] 127.0.0.1 /VolunteerMS/index.php/Enterprise/User/login
INFO: [ app_init ] --START--
INFO: Run Behavior\BuildLiteBehavior [ RunTime:0.000000s ]
INFO: [ app_init ] --END-- [ RunTime:0.000000s ]
INFO: [ app_begin ] --START--
INFO: Run Behavior\ReadHtmlCacheBehavior [ RunTime:0.000000s ]
INFO: [ app_begin ] --END-- [ RunTime:0.000000s ]
INFO: [ view_parse ] --START--
INFO: [ template_filter ] --START--
INFO: Run Behavior\ContentReplaceBehavior [ RunTime:0.000000s ]
INFO: [ template_filter ] --END-- [ RunTime:0.001000s ]
INFO: Run Behavior\ParseTemplateBehavior [ RunTime:0.003000s ]
INFO: [ view_parse ] --END-- [ RunTime:0.003000s ]
INFO: [ view_filter ] --START--
INFO: Run Behavior\WriteHtmlCacheBehavior [ RunTime:0.000000s ]
INFO: [ view_filter ] --END-- [ RunTime:0.000000s ]
INFO: [ app_end ] --START--
INFO: Run Behavior\ShowPageTraceBehavior [ RunTime:0.000000s ]
INFO: [ app_end ] --END-- [ RunTime:0.000000s ]

[ 2017-07-21T17:08:07+08:00 ] 127.0.0.1 /VolunteerMS/index.php/Enterprise/User/login
INFO: [ app_init ] --START--
INFO: Run Behavior\BuildLiteBehavior [ RunTime:0.000000s ]
INFO: [ app_init ] --END-- [ RunTime:0.000000s ]
INFO: [ app_begin ] --START--
INFO: Run Behavior\ReadHtmlCacheBehavior [ RunTime:0.000000s ]
INFO: [ app_begin ] --END-- [ RunTime:0.000000s ]
INFO: [ view_parse ] --START--
INFO: [ template_filter ] --START--
INFO: Run Behavior\ContentReplaceBehavior [ RunTime:0.000000s ]
INFO: [ template_filter ] --END-- [ RunTime:0.000000s ]
INFO: Run Behavior\ParseTemplateBehavior [ RunTime:0.003001s ]
INFO: [ view_parse ] --END-- [ RunTime:0.004001s ]
INFO: [ view_filter ] --START--
INFO: Run Behavior\WriteHtmlCacheBehavior [ RunTime:0.000000s ]
INFO: [ view_filter ] --END-- [ RunTime:0.000000s ]
INFO: [ app_end ] --START--
INFO: Run Behavior\ShowPageTraceBehavior [ RunTime:0.000000s ]
INFO: [ app_end ] --END-- [ RunTime:0.000000s ]

[ 2017-07-21T17:08:20+08:00 ] 127.0.0.1 /VolunteerMS/index.php/Enterprise/User/login?username=15951916361&password=123456
INFO: [ app_init ] --START--
INFO: Run Behavior\BuildLiteBehavior [ RunTime:0.000000s ]
INFO: [ app_init ] --END-- [ RunTime:0.000000s ]
INFO: [ app_begin ] --START--
INFO: Run Behavior\ReadHtmlCacheBehavior [ RunTime:0.001000s ]
INFO: [ app_begin ] --END-- [ RunTime:0.001000s ]
INFO: [ view_parse ] --START--
INFO: [ template_filter ] --START--
INFO: Run Behavior\ContentReplaceBehavior [ RunTime:0.000000s ]
INFO: [ template_filter ] --END-- [ RunTime:0.000000s ]
INFO: Run Behavior\ParseTemplateBehavior [ RunTime:0.003000s ]
INFO: [ view_parse ] --END-- [ RunTime:0.003000s ]
INFO: [ view_filter ] --START--
INFO: Run Behavior\WriteHtmlCacheBehavior [ RunTime:0.000000s ]
INFO: [ view_filter ] --END-- [ RunTime:0.000000s ]
INFO: [ app_end ] --START--
INFO: Run Behavior\ShowPageTraceBehavior [ RunTime:0.000000s ]
INFO: [ app_end ] --END-- [ RunTime:0.000000s ]

[ 2017-07-21T17:08:26+08:00 ] 127.0.0.1 /VolunteerMS/index.php/Enterprise/User/login?username=15951916361&password=123456
INFO: [ app_init ] --START--
INFO: Run Behavior\BuildLiteBehavior [ RunTime:0.000000s ]
INFO: [ app_init ] --END-- [ RunTime:0.001000s ]
INFO: [ app_begin ] --START--
INFO: Run Behavior\ReadHtmlCacheBehavior [ RunTime:0.001000s ]
INFO: [ app_begin ] --END-- [ RunTime:0.001000s ]
INFO: [ view_parse ] --START--
INFO: [ template_filter ] --START--
INFO: Run Behavior\ContentReplaceBehavior [ RunTime:0.000000s ]
INFO: [ template_filter ] --END-- [ RunTime:0.000000s ]
INFO: Run Behavior\ParseTemplateBehavior [ RunTime:0.003000s ]
INFO: [ view_parse ] --END-- [ RunTime:0.003000s ]
INFO: [ view_filter ] --START--
INFO: Run Behavior\WriteHtmlCacheBehavior [ RunTime:0.000000s ]
INFO: [ view_filter ] --END-- [ RunTime:0.000000s ]
INFO: [ app_end ] --START--
INFO: Run Behavior\ShowPageTraceBehavior [ RunTime:0.000000s ]
INFO: [ app_end ] --END-- [ RunTime:0.001000s ]

[ 2017-07-21T17:08:35+08:00 ] 127.0.0.1 /VolunteerMS/index.php/Enterprise/User/login?username=admin&password=123456
INFO: [ app_init ] --START--
INFO: Run Behavior\BuildLiteBehavior [ RunTime:0.000000s ]
INFO: [ app_init ] --END-- [ RunTime:0.000000s ]
INFO: [ app_begin ] --START--
INFO: Run Behavior\ReadHtmlCacheBehavior [ RunTime:0.000000s ]
INFO: [ app_begin ] --END-- [ RunTime:0.000000s ]
INFO: [ view_parse ] --START--
INFO: [ template_filter ] --START--
INFO: Run Behavior\ContentReplaceBehavior [ RunTime:0.000000s ]
INFO: [ template_filter ] --END-- [ RunTime:0.000000s ]
INFO: Run Behavior\ParseTemplateBehavior [ RunTime:0.003000s ]
INFO: [ view_parse ] --END-- [ RunTime:0.003000s ]
INFO: [ view_filter ] --START--
INFO: Run Behavior\WriteHtmlCacheBehavior [ RunTime:0.001000s ]
INFO: [ view_filter ] --END-- [ RunTime:0.001000s ]
INFO: [ app_end ] --START--
INFO: Run Behavior\ShowPageTraceBehavior [ RunTime:0.000000s ]
INFO: [ app_end ] --END-- [ RunTime:0.000000s ]

[ 2017-07-21T17:08:36+08:00 ] 127.0.0.1 /VolunteerMS/index.php/Enterprise/User/login?username=&password=
INFO: [ app_init ] --START--
INFO: Run Behavior\BuildLiteBehavior [ RunTime:0.000000s ]
INFO: [ app_init ] --END-- [ RunTime:0.000000s ]
INFO: [ app_begin ] --START--
INFO: Run Behavior\ReadHtmlCacheBehavior [ RunTime:0.000000s ]
INFO: [ app_begin ] --END-- [ RunTime:0.000000s ]
INFO: [ view_parse ] --START--
INFO: [ template_filter ] --START--
INFO: Run Behavior\ContentReplaceBehavior [ RunTime:0.000000s ]
INFO: [ template_filter ] --END-- [ RunTime:0.000000s ]
INFO: Run Behavior\ParseTemplateBehavior [ RunTime:0.003000s ]
INFO: [ view_parse ] --END-- [ RunTime:0.003000s ]
INFO: [ view_filter ] --START--
INFO: Run Behavior\WriteHtmlCacheBehavior [ RunTime:0.001000s ]
INFO: [ view_filter ] --END-- [ RunTime:0.001000s ]
INFO: [ app_end ] --START--
INFO: Run Behavior\ShowPageTraceBehavior [ RunTime:0.000000s ]
INFO: [ app_end ] --END-- [ RunTime:0.000000s ]

[ 2017-07-21T17:08:37+08:00 ] 127.0.0.1 /VolunteerMS/index.php/Enterprise/User/login?username=&password=
INFO: [ app_init ] --START--
INFO: Run Behavior\BuildLiteBehavior [ RunTime:0.000000s ]
INFO: [ app_init ] --END-- [ RunTime:0.000000s ]
INFO: [ app_begin ] --START--
INFO: Run Behavior\ReadHtmlCacheBehavior [ RunTime:0.000000s ]
INFO: [ app_begin ] --END-- [ RunTime:0.000000s ]
INFO: [ view_parse ] --START--
INFO: [ template_filter ] --START--
INFO: Run Behavior\ContentReplaceBehavior [ RunTime:0.000000s ]
INFO: [ template_filter ] --END-- [ RunTime:0.000000s ]
INFO: Run Behavior\ParseTemplateBehavior [ RunTime:0.005000s ]
INFO: [ view_parse ] --END-- [ RunTime:0.005000s ]
INFO: [ view_filter ] --START--
INFO: Run Behavior\WriteHtmlCacheBehavior [ RunTime:0.000000s ]
INFO: [ view_filter ] --END-- [ RunTime:0.000000s ]
INFO: [ app_end ] --START--
INFO: Run Behavior\ShowPageTraceBehavior [ RunTime:0.000000s ]
INFO: [ app_end ] --END-- [ RunTime:0.000000s ]

